[0.027s] Invoking command in '/home/megan/magic/ros2_ws/build/range_sensor_broadcaster': AMENT_PREFIX_PATH=/home/megan/magic/ros2_ws/install/controller_manager:/home/megan/magic/ros2_ws/install/hardware_interface_testing:/home/megan/magic/ros2_ws/install/controller_interface:/home/megan/magic/ros2_ws/install/hardware_interface:/home/megan/magic/ros2_ws/install/ros2_control_test_assets:/home/megan/magic/ros2_ws/install/controller_manager_msgs:/home/megan/magic/ros2_ws/install/control_msgs:${AMENT_PREFIX_PATH} CMAKE_PREFIX_PATH=/home/megan/magic/ros2_ws/install/controller_manager:/home/megan/magic/ros2_ws/install/hardware_interface_testing:/home/megan/magic/ros2_ws/install/controller_interface:/home/megan/magic/ros2_ws/install/hardware_interface:/home/megan/magic/ros2_ws/install/ros2_control_test_assets:/home/megan/magic/ros2_ws/install/controller_manager_msgs:/home/megan/magic/ros2_ws/install/control_msgs:/opt/ros/humble LD_LIBRARY_PATH=/home/megan/magic/ros2_ws/install/controller_manager/lib:/home/megan/magic/ros2_ws/install/hardware_interface_testing/lib:/home/megan/magic/ros2_ws/install/controller_interface/lib:/home/megan/magic/ros2_ws/install/hardware_interface/lib:/home/megan/magic/ros2_ws/install/controller_manager_msgs/lib:/home/megan/magic/ros2_ws/install/control_msgs/lib:${LD_LIBRARY_PATH} PYTHONPATH=/home/megan/magic/ros2_ws/install/controller_manager/lib/python3.10/site-packages:/home/megan/magic/ros2_ws/install/controller_manager_msgs/lib/python3.10/site-packages:/home/megan/magic/ros2_ws/install/control_msgs/lib/python3.10/site-packages:${PYTHONPATH} VIRTUAL_ENV_PROMPT=(magic) /usr/bin/cmake --build /home/megan/magic/ros2_ws/build/range_sensor_broadcaster -- -j20 -l20
[0.079s] [ 18%] Built target range_sensor_broadcaster_parameters
[0.082s] [ 45%] Built target gmock
[0.105s] [ 63%] Built target range_sensor_broadcaster
[0.156s] [100%] Built target test_load_range_sensor_broadcaster
[0.156s] [100%] Built target test_range_sensor_broadcaster
[0.168s] Invoked command in '/home/megan/magic/ros2_ws/build/range_sensor_broadcaster' returned '0': AMENT_PREFIX_PATH=/home/megan/magic/ros2_ws/install/controller_manager:/home/megan/magic/ros2_ws/install/hardware_interface_testing:/home/megan/magic/ros2_ws/install/controller_interface:/home/megan/magic/ros2_ws/install/hardware_interface:/home/megan/magic/ros2_ws/install/ros2_control_test_assets:/home/megan/magic/ros2_ws/install/controller_manager_msgs:/home/megan/magic/ros2_ws/install/control_msgs:${AMENT_PREFIX_PATH} CMAKE_PREFIX_PATH=/home/megan/magic/ros2_ws/install/controller_manager:/home/megan/magic/ros2_ws/install/hardware_interface_testing:/home/megan/magic/ros2_ws/install/controller_interface:/home/megan/magic/ros2_ws/install/hardware_interface:/home/megan/magic/ros2_ws/install/ros2_control_test_assets:/home/megan/magic/ros2_ws/install/controller_manager_msgs:/home/megan/magic/ros2_ws/install/control_msgs:/opt/ros/humble LD_LIBRARY_PATH=/home/megan/magic/ros2_ws/install/controller_manager/lib:/home/megan/magic/ros2_ws/install/hardware_interface_testing/lib:/home/megan/magic/ros2_ws/install/controller_interface/lib:/home/megan/magic/ros2_ws/install/hardware_interface/lib:/home/megan/magic/ros2_ws/install/controller_manager_msgs/lib:/home/megan/magic/ros2_ws/install/control_msgs/lib:${LD_LIBRARY_PATH} PYTHONPATH=/home/megan/magic/ros2_ws/install/controller_manager/lib/python3.10/site-packages:/home/megan/magic/ros2_ws/install/controller_manager_msgs/lib/python3.10/site-packages:/home/megan/magic/ros2_ws/install/control_msgs/lib/python3.10/site-packages:${PYTHONPATH} VIRTUAL_ENV_PROMPT=(magic) /usr/bin/cmake --build /home/megan/magic/ros2_ws/build/range_sensor_broadcaster -- -j20 -l20
[0.169s] Invoking command in '/home/megan/magic/ros2_ws/build/range_sensor_broadcaster': AMENT_PREFIX_PATH=/home/megan/magic/ros2_ws/install/controller_manager:/home/megan/magic/ros2_ws/install/hardware_interface_testing:/home/megan/magic/ros2_ws/install/controller_interface:/home/megan/magic/ros2_ws/install/hardware_interface:/home/megan/magic/ros2_ws/install/ros2_control_test_assets:/home/megan/magic/ros2_ws/install/controller_manager_msgs:/home/megan/magic/ros2_ws/install/control_msgs:${AMENT_PREFIX_PATH} CMAKE_PREFIX_PATH=/home/megan/magic/ros2_ws/install/controller_manager:/home/megan/magic/ros2_ws/install/hardware_interface_testing:/home/megan/magic/ros2_ws/install/controller_interface:/home/megan/magic/ros2_ws/install/hardware_interface:/home/megan/magic/ros2_ws/install/ros2_control_test_assets:/home/megan/magic/ros2_ws/install/controller_manager_msgs:/home/megan/magic/ros2_ws/install/control_msgs:/opt/ros/humble LD_LIBRARY_PATH=/home/megan/magic/ros2_ws/install/controller_manager/lib:/home/megan/magic/ros2_ws/install/hardware_interface_testing/lib:/home/megan/magic/ros2_ws/install/controller_interface/lib:/home/megan/magic/ros2_ws/install/hardware_interface/lib:/home/megan/magic/ros2_ws/install/controller_manager_msgs/lib:/home/megan/magic/ros2_ws/install/control_msgs/lib:${LD_LIBRARY_PATH} PYTHONPATH=/home/megan/magic/ros2_ws/install/controller_manager/lib/python3.10/site-packages:/home/megan/magic/ros2_ws/install/controller_manager_msgs/lib/python3.10/site-packages:/home/megan/magic/ros2_ws/install/control_msgs/lib/python3.10/site-packages:${PYTHONPATH} VIRTUAL_ENV_PROMPT=(magic) /usr/bin/cmake --install /home/megan/magic/ros2_ws/build/range_sensor_broadcaster
[0.175s] -- Install configuration: "Release"
[0.176s] -- Up-to-date: /home/megan/magic/ros2_ws/install/range_sensor_broadcaster/include/range_sensor_broadcaster
[0.176s] -- Up-to-date: /home/megan/magic/ros2_ws/install/range_sensor_broadcaster/include/range_sensor_broadcaster/range_sensor_broadcaster_parameters.hpp
[0.176s] -- Up-to-date: /home/megan/magic/ros2_ws/install/range_sensor_broadcaster/share/range_sensor_broadcaster/range_sensor_broadcaster.xml
[0.176s] -- Up-to-date: /home/megan/magic/ros2_ws/install/range_sensor_broadcaster/include
[0.176s] -- Up-to-date: /home/megan/magic/ros2_ws/install/range_sensor_broadcaster/include/range_sensor_broadcaster
[0.176s] -- Up-to-date: /home/megan/magic/ros2_ws/install/range_sensor_broadcaster/include/range_sensor_broadcaster/range_sensor_broadcaster.hpp
[0.176s] -- Up-to-date: /home/megan/magic/ros2_ws/install/range_sensor_broadcaster/include/range_sensor_broadcaster/visibility_control.h
[0.176s] -- Up-to-date: /home/megan/magic/ros2_ws/install/range_sensor_broadcaster/lib/librange_sensor_broadcaster.so
[0.177s] -- Up-to-date: /home/megan/magic/ros2_ws/install/range_sensor_broadcaster/share/range_sensor_broadcaster/environment/library_path.sh
[0.177s] -- Up-to-date: /home/megan/magic/ros2_ws/install/range_sensor_broadcaster/share/range_sensor_broadcaster/environment/library_path.dsv
[0.177s] -- Up-to-date: /home/megan/magic/ros2_ws/install/range_sensor_broadcaster/share/ament_index/resource_index/package_run_dependencies/range_sensor_broadcaster
[0.177s] -- Up-to-date: /home/megan/magic/ros2_ws/install/range_sensor_broadcaster/share/ament_index/resource_index/parent_prefix_path/range_sensor_broadcaster
[0.177s] -- Up-to-date: /home/megan/magic/ros2_ws/install/range_sensor_broadcaster/share/range_sensor_broadcaster/environment/ament_prefix_path.sh
[0.177s] -- Up-to-date: /home/megan/magic/ros2_ws/install/range_sensor_broadcaster/share/range_sensor_broadcaster/environment/ament_prefix_path.dsv
[0.177s] -- Up-to-date: /home/megan/magic/ros2_ws/install/range_sensor_broadcaster/share/range_sensor_broadcaster/environment/path.sh
[0.177s] -- Up-to-date: /home/megan/magic/ros2_ws/install/range_sensor_broadcaster/share/range_sensor_broadcaster/environment/path.dsv
[0.177s] -- Up-to-date: /home/megan/magic/ros2_ws/install/range_sensor_broadcaster/share/range_sensor_broadcaster/local_setup.bash
[0.177s] -- Up-to-date: /home/megan/magic/ros2_ws/install/range_sensor_broadcaster/share/range_sensor_broadcaster/local_setup.sh
[0.178s] -- Up-to-date: /home/megan/magic/ros2_ws/install/range_sensor_broadcaster/share/range_sensor_broadcaster/local_setup.zsh
[0.178s] -- Up-to-date: /home/megan/magic/ros2_ws/install/range_sensor_broadcaster/share/range_sensor_broadcaster/local_setup.dsv
[0.178s] -- Installing: /home/megan/magic/ros2_ws/install/range_sensor_broadcaster/share/range_sensor_broadcaster/package.dsv
[0.178s] -- Up-to-date: /home/megan/magic/ros2_ws/install/range_sensor_broadcaster/share/ament_index/resource_index/packages/range_sensor_broadcaster
[0.178s] -- Up-to-date: /home/megan/magic/ros2_ws/install/range_sensor_broadcaster/share/ament_index/resource_index/controller_interface__pluginlib__plugin/range_sensor_broadcaster
[0.178s] -- Up-to-date: /home/megan/magic/ros2_ws/install/range_sensor_broadcaster/share/range_sensor_broadcaster/cmake/export_range_sensor_broadcasterExport.cmake
[0.178s] -- Up-to-date: /home/megan/magic/ros2_ws/install/range_sensor_broadcaster/share/range_sensor_broadcaster/cmake/export_range_sensor_broadcasterExport-release.cmake
[0.178s] -- Up-to-date: /home/megan/magic/ros2_ws/install/range_sensor_broadcaster/share/range_sensor_broadcaster/cmake/ament_cmake_export_dependencies-extras.cmake
[0.178s] -- Up-to-date: /home/megan/magic/ros2_ws/install/range_sensor_broadcaster/share/range_sensor_broadcaster/cmake/ament_cmake_export_targets-extras.cmake
[0.179s] -- Up-to-date: /home/megan/magic/ros2_ws/install/range_sensor_broadcaster/share/range_sensor_broadcaster/cmake/range_sensor_broadcasterConfig.cmake
[0.179s] -- Up-to-date: /home/megan/magic/ros2_ws/install/range_sensor_broadcaster/share/range_sensor_broadcaster/cmake/range_sensor_broadcasterConfig-version.cmake
[0.179s] -- Up-to-date: /home/megan/magic/ros2_ws/install/range_sensor_broadcaster/share/range_sensor_broadcaster/package.xml
[0.182s] Invoked command in '/home/megan/magic/ros2_ws/build/range_sensor_broadcaster' returned '0': AMENT_PREFIX_PATH=/home/megan/magic/ros2_ws/install/controller_manager:/home/megan/magic/ros2_ws/install/hardware_interface_testing:/home/megan/magic/ros2_ws/install/controller_interface:/home/megan/magic/ros2_ws/install/hardware_interface:/home/megan/magic/ros2_ws/install/ros2_control_test_assets:/home/megan/magic/ros2_ws/install/controller_manager_msgs:/home/megan/magic/ros2_ws/install/control_msgs:${AMENT_PREFIX_PATH} CMAKE_PREFIX_PATH=/home/megan/magic/ros2_ws/install/controller_manager:/home/megan/magic/ros2_ws/install/hardware_interface_testing:/home/megan/magic/ros2_ws/install/controller_interface:/home/megan/magic/ros2_ws/install/hardware_interface:/home/megan/magic/ros2_ws/install/ros2_control_test_assets:/home/megan/magic/ros2_ws/install/controller_manager_msgs:/home/megan/magic/ros2_ws/install/control_msgs:/opt/ros/humble LD_LIBRARY_PATH=/home/megan/magic/ros2_ws/install/controller_manager/lib:/home/megan/magic/ros2_ws/install/hardware_interface_testing/lib:/home/megan/magic/ros2_ws/install/controller_interface/lib:/home/megan/magic/ros2_ws/install/hardware_interface/lib:/home/megan/magic/ros2_ws/install/controller_manager_msgs/lib:/home/megan/magic/ros2_ws/install/control_msgs/lib:${LD_LIBRARY_PATH} PYTHONPATH=/home/megan/magic/ros2_ws/install/controller_manager/lib/python3.10/site-packages:/home/megan/magic/ros2_ws/install/controller_manager_msgs/lib/python3.10/site-packages:/home/megan/magic/ros2_ws/install/control_msgs/lib/python3.10/site-packages:${PYTHONPATH} VIRTUAL_ENV_PROMPT=(magic) /usr/bin/cmake --install /home/megan/magic/ros2_ws/build/range_sensor_broadcaster
