[0.008s] Invoking command in '/home/emma/Documents/GitHub/magic/build/kortex_bringup': AMENT_PREFIX_PATH=/home/emma/Documents/GitHub/magic/install/kortex_driver:/home/emma/Documents/GitHub/magic/install/kortex_description:/home/emma/Documents/GitHub/magic/install/robotiq_description:/home/emma/Documents/GitHub/magic/install/kortex_api:${AMENT_PREFIX_PATH} CMAKE_PREFIX_PATH=/home/emma/Documents/GitHub/magic/install/kortex_driver:/home/emma/Documents/GitHub/magic/install/kortex_description:/home/emma/Documents/GitHub/magic/install/robotiq_description:/home/emma/Documents/GitHub/magic/install/kortex_api:/opt/ros/humble CONDA_PROMPT_MODIFIER=(base) LD_LIBRARY_PATH=/home/emma/Documents/GitHub/magic/install/kortex_driver/lib:${LD_LIBRARY_PATH} /usr/bin/cmake /home/emma/Documents/GitHub/magic/ros2_ws/src/ros2_kortex/kortex_bringup -DCMAKE_INSTALL_PREFIX=/home/emma/Documents/GitHub/magic/install/kortex_bringup
[0.048s] -- The C compiler identification is GNU 11.4.0
[0.081s] -- The CXX compiler identification is GNU 11.4.0
[0.085s] -- Detecting C compiler ABI info
[0.138s] -- Detecting C compiler ABI info - done
[0.142s] -- Check for working C compiler: /usr/bin/cc - skipped
[0.142s] -- Detecting C compile features
[0.142s] -- Detecting C compile features - done
[0.144s] -- Detecting CXX compiler ABI info
[0.199s] -- Detecting CXX compiler ABI info - done
[0.204s] -- Check for working CXX compiler: /usr/bin/c++ - skipped
[0.204s] -- Detecting CXX compile features
[0.205s] -- Detecting CXX compile features - done
[0.207s] -- Found ament_cmake: 1.3.11 (/opt/ros/humble/share/ament_cmake/cmake)
[0.451s] -- Found Python3: /home/emma/anaconda3/bin/python3 (found version "3.12.7") found components: Interpreter 
[0.577s] -- Configuring done
[0.578s] -- Generating done
[0.579s] -- Build files have been written to: /home/emma/Documents/GitHub/magic/build/kortex_bringup
[0.583s] Invoked command in '/home/emma/Documents/GitHub/magic/build/kortex_bringup' returned '0': AMENT_PREFIX_PATH=/home/emma/Documents/GitHub/magic/install/kortex_driver:/home/emma/Documents/GitHub/magic/install/kortex_description:/home/emma/Documents/GitHub/magic/install/robotiq_description:/home/emma/Documents/GitHub/magic/install/kortex_api:${AMENT_PREFIX_PATH} CMAKE_PREFIX_PATH=/home/emma/Documents/GitHub/magic/install/kortex_driver:/home/emma/Documents/GitHub/magic/install/kortex_description:/home/emma/Documents/GitHub/magic/install/robotiq_description:/home/emma/Documents/GitHub/magic/install/kortex_api:/opt/ros/humble CONDA_PROMPT_MODIFIER=(base) LD_LIBRARY_PATH=/home/emma/Documents/GitHub/magic/install/kortex_driver/lib:${LD_LIBRARY_PATH} /usr/bin/cmake /home/emma/Documents/GitHub/magic/ros2_ws/src/ros2_kortex/kortex_bringup -DCMAKE_INSTALL_PREFIX=/home/emma/Documents/GitHub/magic/install/kortex_bringup
[0.584s] Invoking command in '/home/emma/Documents/GitHub/magic/build/kortex_bringup': AMENT_PREFIX_PATH=/home/emma/Documents/GitHub/magic/install/kortex_driver:/home/emma/Documents/GitHub/magic/install/kortex_description:/home/emma/Documents/GitHub/magic/install/robotiq_description:/home/emma/Documents/GitHub/magic/install/kortex_api:${AMENT_PREFIX_PATH} CMAKE_PREFIX_PATH=/home/emma/Documents/GitHub/magic/install/kortex_driver:/home/emma/Documents/GitHub/magic/install/kortex_description:/home/emma/Documents/GitHub/magic/install/robotiq_description:/home/emma/Documents/GitHub/magic/install/kortex_api:/opt/ros/humble CONDA_PROMPT_MODIFIER=(base) LD_LIBRARY_PATH=/home/emma/Documents/GitHub/magic/install/kortex_driver/lib:${LD_LIBRARY_PATH} /usr/bin/cmake --build /home/emma/Documents/GitHub/magic/build/kortex_bringup -- -j20 -l20
[0.615s] Invoked command in '/home/emma/Documents/GitHub/magic/build/kortex_bringup' returned '0': AMENT_PREFIX_PATH=/home/emma/Documents/GitHub/magic/install/kortex_driver:/home/emma/Documents/GitHub/magic/install/kortex_description:/home/emma/Documents/GitHub/magic/install/robotiq_description:/home/emma/Documents/GitHub/magic/install/kortex_api:${AMENT_PREFIX_PATH} CMAKE_PREFIX_PATH=/home/emma/Documents/GitHub/magic/install/kortex_driver:/home/emma/Documents/GitHub/magic/install/kortex_description:/home/emma/Documents/GitHub/magic/install/robotiq_description:/home/emma/Documents/GitHub/magic/install/kortex_api:/opt/ros/humble CONDA_PROMPT_MODIFIER=(base) LD_LIBRARY_PATH=/home/emma/Documents/GitHub/magic/install/kortex_driver/lib:${LD_LIBRARY_PATH} /usr/bin/cmake --build /home/emma/Documents/GitHub/magic/build/kortex_bringup -- -j20 -l20
[0.616s] Invoking command in '/home/emma/Documents/GitHub/magic/build/kortex_bringup': AMENT_PREFIX_PATH=/home/emma/Documents/GitHub/magic/install/kortex_driver:/home/emma/Documents/GitHub/magic/install/kortex_description:/home/emma/Documents/GitHub/magic/install/robotiq_description:/home/emma/Documents/GitHub/magic/install/kortex_api:${AMENT_PREFIX_PATH} CMAKE_PREFIX_PATH=/home/emma/Documents/GitHub/magic/install/kortex_driver:/home/emma/Documents/GitHub/magic/install/kortex_description:/home/emma/Documents/GitHub/magic/install/robotiq_description:/home/emma/Documents/GitHub/magic/install/kortex_api:/opt/ros/humble CONDA_PROMPT_MODIFIER=(base) LD_LIBRARY_PATH=/home/emma/Documents/GitHub/magic/install/kortex_driver/lib:${LD_LIBRARY_PATH} /usr/bin/cmake --install /home/emma/Documents/GitHub/magic/build/kortex_bringup
[0.621s] -- Install configuration: ""
[0.621s] -- Installing: /home/emma/Documents/GitHub/magic/install/kortex_bringup/lib/kortex_bringup/test_huge_joint_space_jump.py
[0.622s] -- Installing: /home/emma/Documents/GitHub/magic/install/kortex_bringup/share/kortex_bringup/config
[0.622s] -- Installing: /home/emma/Documents/GitHub/magic/install/kortex_bringup/share/kortex_bringup/config/test_trajectory_goal_publishers_config.yaml
[0.622s] -- Installing: /home/emma/Documents/GitHub/magic/install/kortex_bringup/share/kortex_bringup/config/servo.yaml
[0.622s] -- Installing: /home/emma/Documents/GitHub/magic/install/kortex_bringup/share/kortex_bringup/config/test_huge_joint_space_jump_config.yaml
[0.622s] -- Installing: /home/emma/Documents/GitHub/magic/install/kortex_bringup/share/kortex_bringup/launch
[0.622s] -- Installing: /home/emma/Documents/GitHub/magic/install/kortex_bringup/share/kortex_bringup/launch/gen3_lite.launch.py
[0.622s] -- Installing: /home/emma/Documents/GitHub/magic/install/kortex_bringup/share/kortex_bringup/launch/test_huge_joint_space_jump.launch.py
[0.622s] -- Installing: /home/emma/Documents/GitHub/magic/install/kortex_bringup/share/kortex_bringup/launch/kortex_control.launch.py
[0.622s] -- Installing: /home/emma/Documents/GitHub/magic/install/kortex_bringup/share/kortex_bringup/launch/kortex_sim_control.launch.py
[0.622s] -- Installing: /home/emma/Documents/GitHub/magic/install/kortex_bringup/share/kortex_bringup/launch/gen3.launch.py
[0.622s] -- Installing: /home/emma/Documents/GitHub/magic/install/kortex_bringup/share/kortex_bringup/launch/test_joint_trajectory_controller.launch.py
[0.622s] -- Installing: /home/emma/Documents/GitHub/magic/install/kortex_bringup/share/ament_index/resource_index/package_run_dependencies/kortex_bringup
[0.622s] -- Installing: /home/emma/Documents/GitHub/magic/install/kortex_bringup/share/ament_index/resource_index/parent_prefix_path/kortex_bringup
[0.622s] -- Installing: /home/emma/Documents/GitHub/magic/install/kortex_bringup/share/kortex_bringup/environment/ament_prefix_path.sh
[0.622s] -- Installing: /home/emma/Documents/GitHub/magic/install/kortex_bringup/share/kortex_bringup/environment/ament_prefix_path.dsv
[0.623s] -- Installing: /home/emma/Documents/GitHub/magic/install/kortex_bringup/share/kortex_bringup/environment/path.sh
[0.623s] -- Installing: /home/emma/Documents/GitHub/magic/install/kortex_bringup/share/kortex_bringup/environment/path.dsv
[0.623s] -- Installing: /home/emma/Documents/GitHub/magic/install/kortex_bringup/share/kortex_bringup/local_setup.bash
[0.623s] -- Installing: /home/emma/Documents/GitHub/magic/install/kortex_bringup/share/kortex_bringup/local_setup.sh
[0.623s] -- Installing: /home/emma/Documents/GitHub/magic/install/kortex_bringup/share/kortex_bringup/local_setup.zsh
[0.623s] -- Installing: /home/emma/Documents/GitHub/magic/install/kortex_bringup/share/kortex_bringup/local_setup.dsv
[0.623s] -- Installing: /home/emma/Documents/GitHub/magic/install/kortex_bringup/share/kortex_bringup/package.dsv
[0.623s] -- Installing: /home/emma/Documents/GitHub/magic/install/kortex_bringup/share/ament_index/resource_index/packages/kortex_bringup
[0.623s] -- Installing: /home/emma/Documents/GitHub/magic/install/kortex_bringup/share/kortex_bringup/cmake/kortex_bringupConfig.cmake
[0.623s] -- Installing: /home/emma/Documents/GitHub/magic/install/kortex_bringup/share/kortex_bringup/cmake/kortex_bringupConfig-version.cmake
[0.623s] -- Installing: /home/emma/Documents/GitHub/magic/install/kortex_bringup/share/kortex_bringup/package.xml
[0.624s] Invoked command in '/home/emma/Documents/GitHub/magic/build/kortex_bringup' returned '0': AMENT_PREFIX_PATH=/home/emma/Documents/GitHub/magic/install/kortex_driver:/home/emma/Documents/GitHub/magic/install/kortex_description:/home/emma/Documents/GitHub/magic/install/robotiq_description:/home/emma/Documents/GitHub/magic/install/kortex_api:${AMENT_PREFIX_PATH} CMAKE_PREFIX_PATH=/home/emma/Documents/GitHub/magic/install/kortex_driver:/home/emma/Documents/GitHub/magic/install/kortex_description:/home/emma/Documents/GitHub/magic/install/robotiq_description:/home/emma/Documents/GitHub/magic/install/kortex_api:/opt/ros/humble CONDA_PROMPT_MODIFIER=(base) LD_LIBRARY_PATH=/home/emma/Documents/GitHub/magic/install/kortex_driver/lib:${LD_LIBRARY_PATH} /usr/bin/cmake --install /home/emma/Documents/GitHub/magic/build/kortex_bringup
