[0.015s] Invoking command in '/home/emma/Documents/GitHub/magic/build/hardware_interface': AMENT_PREFIX_PATH=/home/emma/Documents/GitHub/magic/install/ros2_control_test_assets:/home/emma/Documents/GitHub/magic/install/control_msgs:${AMENT_PREFIX_PATH} CMAKE_PREFIX_PATH=/home/emma/Documents/GitHub/magic/install/ros2_control_test_assets:/home/emma/Documents/GitHub/magic/install/control_msgs:/home/emma/Documents/GitHub/install/two_arm_moveit2_config:/home/emma/Documents/GitHub/install/kortex_bringup:/home/emma/Documents/GitHub/install/kinova_gen3_lite_moveit_config:/home/emma/Documents/GitHub/install/kinova_gen3_7dof_robotiq_2f_85_moveit_config:/home/emma/Documents/GitHub/install/kinova_gen3_6dof_robotiq_2f_85_moveit_config:/home/emma/Documents/GitHub/install/kortex_description:/home/emma/Documents/GitHub/install/robotiq_description:/home/emma/Documents/GitHub/install/ros2_controllers:/home/emma/Documents/GitHub/install/velocity_controllers:/home/emma/Documents/GitHub/install/tricycle_steering_controller:/home/emma/Documents/GitHub/install/tricycle_controller:/home/emma/Documents/GitHub/install/ros2_control:/home/emma/Documents/GitHub/install/transmission_interface:/home/emma/Documents/GitHub/install/bicycle_steering_controller:/home/emma/Documents/GitHub/install/ackermann_steering_controller:/home/emma/Documents/GitHub/install/steering_controllers_library:/home/emma/Documents/GitHub/install/robotiq_hardware_tests:/home/emma/Documents/GitHub/install/robotiq_driver:/home/emma/Documents/GitHub/install/serial:/home/emma/Documents/GitHub/install/hardware_interface_testing:/home/emma/Documents/GitHub/install/controller_manager:/home/emma/Documents/GitHub/install/ros2_control_test_assets:/home/emma/Documents/GitHub/install/robotiq_controllers:/home/emma/Documents/GitHub/install/range_sensor_broadcaster:/home/emma/Documents/GitHub/install/position_controllers:/home/emma/Documents/GitHub/install/pose_broadcaster:/home/emma/Documents/GitHub/install/pid_controller:/home/emma/Documents/GitHub/install/picknik_twist_controller:/home/emma/Documents/GitHub/install/picknik_reset_fault_controller:/home/emma/Documents/GitHub/install/mecanum_drive_controller:/home/emma/Documents/GitHub/install/joint_trajectory_controller:/home/emma/Documents/GitHub/install/joint_state_broadcaster:/home/emma/Documents/GitHub/install/imu_sensor_broadcaster:/home/emma/Documents/GitHub/install/gripper_controllers:/home/emma/Documents/GitHub/install/gpio_controllers:/home/emma/Documents/GitHub/install/effort_controllers:/home/emma/Documents/GitHub/install/forward_command_controller:/home/emma/Documents/GitHub/install/force_torque_sensor_broadcaster:/home/emma/Documents/GitHub/install/diff_drive_controller:/home/emma/Documents/GitHub/install/admittance_controller:/home/emma/Documents/GitHub/install/realtime_tools:/home/emma/Documents/GitHub/install/moveit_go:/home/emma/Documents/GitHub/install/kortex_driver:/home/emma/Documents/GitHub/install/kortex_api:/home/emma/Documents/GitHub/install/joint_limits:/home/emma/Documents/GitHub/install/controller_interface:/home/emma/Documents/GitHub/install/hardware_interface:/home/emma/Documents/GitHub/install/controller_manager_msgs:/home/emma/Documents/GitHub/install/control_msgs:/home/emma/Documents/GitHub/install/rqt_joint_trajectory_controller:/home/emma/Documents/GitHub/install/rqt_controller_manager:/home/emma/Documents/GitHub/install/ros2controlcli:/home/emma/Documents/GitHub/install/ros2_controllers_test_nodes:/home/emma/Documents/GitHub/install/mujoco_ros2:/home/emma/Documents/GitHub/install/control:/opt/ros/humble CONDA_PROMPT_MODIFIER=(base) LD_LIBRARY_PATH=/home/emma/Documents/GitHub/magic/install/control_msgs/lib:${LD_LIBRARY_PATH} PYTHONPATH=/home/emma/Documents/GitHub/magic/install/control_msgs/local/lib/python3.10/dist-packages:${PYTHONPATH} /usr/bin/cmake /home/emma/Documents/GitHub/magic/ros2_ws/src/ros2_control/hardware_interface -DCMAKE_INSTALL_PREFIX=/home/emma/Documents/GitHub/magic/install/hardware_interface
[0.069s] -- The C compiler identification is GNU 11.4.0
[0.115s] -- The CXX compiler identification is GNU 11.4.0
[0.120s] -- Detecting C compiler ABI info
[0.188s] -- Detecting C compiler ABI info - done
[0.195s] -- Check for working C compiler: /usr/bin/cc - skipped
[0.195s] -- Detecting C compile features
[0.195s] -- Detecting C compile features - done
[0.197s] -- Detecting CXX compiler ABI info
[0.277s] -- Detecting CXX compiler ABI info - done
[0.282s] -- Check for working CXX compiler: /usr/bin/c++ - skipped
[0.282s] -- Detecting CXX compile features
[0.282s] -- Detecting CXX compile features - done
[0.286s] -- Found ament_cmake: 1.3.12 (/opt/ros/humble/share/ament_cmake/cmake)
[0.411s] -- Found Python3: /usr/bin/python3 (found version "3.10.12") found components: Interpreter 
[0.505s] -- Found control_msgs: 4.8.0 (/home/emma/Documents/GitHub/magic/install/control_msgs/share/control_msgs/cmake)
[0.551s] -- Found rosidl_generator_c: 3.1.6 (/opt/ros/humble/share/rosidl_generator_c/cmake)
[0.560s] -- Found rosidl_adapter: 3.1.6 (/opt/ros/humble/share/rosidl_adapter/cmake)
[0.569s] -- Found rosidl_generator_cpp: 3.1.6 (/opt/ros/humble/share/rosidl_generator_cpp/cmake)
[0.583s] -- Using all available rosidl_typesupport_c: rosidl_typesupport_fastrtps_c;rosidl_typesupport_introspection_c
[0.603s] -- Using all available rosidl_typesupport_cpp: rosidl_typesupport_fastrtps_cpp;rosidl_typesupport_introspection_cpp
[0.695s] -- Found lifecycle_msgs: 1.2.1 (/opt/ros/humble/share/lifecycle_msgs/cmake)
[0.702s] -- Found pluginlib: 5.1.0 (/opt/ros/humble/share/pluginlib/cmake)
[0.733s] -- Found rclcpp_lifecycle: 16.0.12 (/opt/ros/humble/share/rclcpp_lifecycle/cmake)
[0.776s] -- Found rmw_implementation_cmake: 6.1.2 (/opt/ros/humble/share/rmw_implementation_cmake/cmake)
[0.780s] -- Found rmw_fastrtps_cpp: 6.2.7 (/opt/ros/humble/share/rmw_fastrtps_cpp/cmake)
[0.808s] -- Found TinyXML2 via Config file: TinyXML2_DIR-NOTFOUND
[0.868s] -- Found OpenSSL: /usr/lib/x86_64-linux-gnu/libcrypto.so (found version "3.0.2")  
[0.869s] -- Found TinyXML2 via Config file: TinyXML2_DIR-NOTFOUND
[0.884s] -- Found FastRTPS: /opt/ros/humble/include  
[0.886s] -- Found TinyXML2 via Config file: TinyXML2_DIR-NOTFOUND
[0.896s] -- Found TinyXML2 via Config file: TinyXML2_DIR-NOTFOUND
[0.908s] -- Using RMW implementation 'rmw_fastrtps_cpp' as default
[0.920s] -- Looking for pthread.h
[0.994s] -- Looking for pthread.h - found
[0.994s] -- Performing Test CMAKE_HAVE_LIBC_PTHREAD
[1.070s] -- Performing Test CMAKE_HAVE_LIBC_PTHREAD - Success
[1.071s] -- Found Threads: TRUE  
[1.114s] -- Found TinyXML2 via Config file: TinyXML2_DIR-NOTFOUND
[1.130s] -- Found ament_cmake_gmock: 1.3.11 (/opt/ros/humble/share/ament_cmake_gmock/cmake)
[1.130s] -- Found ros2_control_test_assets: 2.49.0 (/home/emma/Documents/GitHub/magic/install/ros2_control_test_assets/share/ros2_control_test_assets/cmake)
[1.134s] -- Found gmock sources under '/opt/ros/humble/src/gmock_vendor': C++ tests using 'Google Mock' will be built
[1.143s] -- Found ament_cmake_gtest: 1.3.11 (/opt/ros/humble/share/ament_cmake_gtest/cmake)
[1.144s] -- Found gtest sources under '/opt/ros/humble/src/gtest_vendor': C++ tests using 'Google Test' will be built
[1.199s] -- Configuring done
[1.245s] -- Generating done
[1.258s] -- Build files have been written to: /home/emma/Documents/GitHub/magic/build/hardware_interface
[1.269s] Invoked command in '/home/emma/Documents/GitHub/magic/build/hardware_interface' returned '0': AMENT_PREFIX_PATH=/home/emma/Documents/GitHub/magic/install/ros2_control_test_assets:/home/emma/Documents/GitHub/magic/install/control_msgs:${AMENT_PREFIX_PATH} CMAKE_PREFIX_PATH=/home/emma/Documents/GitHub/magic/install/ros2_control_test_assets:/home/emma/Documents/GitHub/magic/install/control_msgs:/home/emma/Documents/GitHub/install/two_arm_moveit2_config:/home/emma/Documents/GitHub/install/kortex_bringup:/home/emma/Documents/GitHub/install/kinova_gen3_lite_moveit_config:/home/emma/Documents/GitHub/install/kinova_gen3_7dof_robotiq_2f_85_moveit_config:/home/emma/Documents/GitHub/install/kinova_gen3_6dof_robotiq_2f_85_moveit_config:/home/emma/Documents/GitHub/install/kortex_description:/home/emma/Documents/GitHub/install/robotiq_description:/home/emma/Documents/GitHub/install/ros2_controllers:/home/emma/Documents/GitHub/install/velocity_controllers:/home/emma/Documents/GitHub/install/tricycle_steering_controller:/home/emma/Documents/GitHub/install/tricycle_controller:/home/emma/Documents/GitHub/install/ros2_control:/home/emma/Documents/GitHub/install/transmission_interface:/home/emma/Documents/GitHub/install/bicycle_steering_controller:/home/emma/Documents/GitHub/install/ackermann_steering_controller:/home/emma/Documents/GitHub/install/steering_controllers_library:/home/emma/Documents/GitHub/install/robotiq_hardware_tests:/home/emma/Documents/GitHub/install/robotiq_driver:/home/emma/Documents/GitHub/install/serial:/home/emma/Documents/GitHub/install/hardware_interface_testing:/home/emma/Documents/GitHub/install/controller_manager:/home/emma/Documents/GitHub/install/ros2_control_test_assets:/home/emma/Documents/GitHub/install/robotiq_controllers:/home/emma/Documents/GitHub/install/range_sensor_broadcaster:/home/emma/Documents/GitHub/install/position_controllers:/home/emma/Documents/GitHub/install/pose_broadcaster:/home/emma/Documents/GitHub/install/pid_controller:/home/emma/Documents/GitHub/install/picknik_twist_controller:/home/emma/Documents/GitHub/install/picknik_reset_fault_controller:/home/emma/Documents/GitHub/install/mecanum_drive_controller:/home/emma/Documents/GitHub/install/joint_trajectory_controller:/home/emma/Documents/GitHub/install/joint_state_broadcaster:/home/emma/Documents/GitHub/install/imu_sensor_broadcaster:/home/emma/Documents/GitHub/install/gripper_controllers:/home/emma/Documents/GitHub/install/gpio_controllers:/home/emma/Documents/GitHub/install/effort_controllers:/home/emma/Documents/GitHub/install/forward_command_controller:/home/emma/Documents/GitHub/install/force_torque_sensor_broadcaster:/home/emma/Documents/GitHub/install/diff_drive_controller:/home/emma/Documents/GitHub/install/admittance_controller:/home/emma/Documents/GitHub/install/realtime_tools:/home/emma/Documents/GitHub/install/moveit_go:/home/emma/Documents/GitHub/install/kortex_driver:/home/emma/Documents/GitHub/install/kortex_api:/home/emma/Documents/GitHub/install/joint_limits:/home/emma/Documents/GitHub/install/controller_interface:/home/emma/Documents/GitHub/install/hardware_interface:/home/emma/Documents/GitHub/install/controller_manager_msgs:/home/emma/Documents/GitHub/install/control_msgs:/home/emma/Documents/GitHub/install/rqt_joint_trajectory_controller:/home/emma/Documents/GitHub/install/rqt_controller_manager:/home/emma/Documents/GitHub/install/ros2controlcli:/home/emma/Documents/GitHub/install/ros2_controllers_test_nodes:/home/emma/Documents/GitHub/install/mujoco_ros2:/home/emma/Documents/GitHub/install/control:/opt/ros/humble CONDA_PROMPT_MODIFIER=(base) LD_LIBRARY_PATH=/home/emma/Documents/GitHub/magic/install/control_msgs/lib:${LD_LIBRARY_PATH} PYTHONPATH=/home/emma/Documents/GitHub/magic/install/control_msgs/local/lib/python3.10/dist-packages:${PYTHONPATH} /usr/bin/cmake /home/emma/Documents/GitHub/magic/ros2_ws/src/ros2_control/hardware_interface -DCMAKE_INSTALL_PREFIX=/home/emma/Documents/GitHub/magic/install/hardware_interface
[1.271s] Invoking command in '/home/emma/Documents/GitHub/magic/build/hardware_interface': AMENT_PREFIX_PATH=/home/emma/Documents/GitHub/magic/install/ros2_control_test_assets:/home/emma/Documents/GitHub/magic/install/control_msgs:${AMENT_PREFIX_PATH} CMAKE_PREFIX_PATH=/home/emma/Documents/GitHub/magic/install/ros2_control_test_assets:/home/emma/Documents/GitHub/magic/install/control_msgs:/home/emma/Documents/GitHub/install/two_arm_moveit2_config:/home/emma/Documents/GitHub/install/kortex_bringup:/home/emma/Documents/GitHub/install/kinova_gen3_lite_moveit_config:/home/emma/Documents/GitHub/install/kinova_gen3_7dof_robotiq_2f_85_moveit_config:/home/emma/Documents/GitHub/install/kinova_gen3_6dof_robotiq_2f_85_moveit_config:/home/emma/Documents/GitHub/install/kortex_description:/home/emma/Documents/GitHub/install/robotiq_description:/home/emma/Documents/GitHub/install/ros2_controllers:/home/emma/Documents/GitHub/install/velocity_controllers:/home/emma/Documents/GitHub/install/tricycle_steering_controller:/home/emma/Documents/GitHub/install/tricycle_controller:/home/emma/Documents/GitHub/install/ros2_control:/home/emma/Documents/GitHub/install/transmission_interface:/home/emma/Documents/GitHub/install/bicycle_steering_controller:/home/emma/Documents/GitHub/install/ackermann_steering_controller:/home/emma/Documents/GitHub/install/steering_controllers_library:/home/emma/Documents/GitHub/install/robotiq_hardware_tests:/home/emma/Documents/GitHub/install/robotiq_driver:/home/emma/Documents/GitHub/install/serial:/home/emma/Documents/GitHub/install/hardware_interface_testing:/home/emma/Documents/GitHub/install/controller_manager:/home/emma/Documents/GitHub/install/ros2_control_test_assets:/home/emma/Documents/GitHub/install/robotiq_controllers:/home/emma/Documents/GitHub/install/range_sensor_broadcaster:/home/emma/Documents/GitHub/install/position_controllers:/home/emma/Documents/GitHub/install/pose_broadcaster:/home/emma/Documents/GitHub/install/pid_controller:/home/emma/Documents/GitHub/install/picknik_twist_controller:/home/emma/Documents/GitHub/install/picknik_reset_fault_controller:/home/emma/Documents/GitHub/install/mecanum_drive_controller:/home/emma/Documents/GitHub/install/joint_trajectory_controller:/home/emma/Documents/GitHub/install/joint_state_broadcaster:/home/emma/Documents/GitHub/install/imu_sensor_broadcaster:/home/emma/Documents/GitHub/install/gripper_controllers:/home/emma/Documents/GitHub/install/gpio_controllers:/home/emma/Documents/GitHub/install/effort_controllers:/home/emma/Documents/GitHub/install/forward_command_controller:/home/emma/Documents/GitHub/install/force_torque_sensor_broadcaster:/home/emma/Documents/GitHub/install/diff_drive_controller:/home/emma/Documents/GitHub/install/admittance_controller:/home/emma/Documents/GitHub/install/realtime_tools:/home/emma/Documents/GitHub/install/moveit_go:/home/emma/Documents/GitHub/install/kortex_driver:/home/emma/Documents/GitHub/install/kortex_api:/home/emma/Documents/GitHub/install/joint_limits:/home/emma/Documents/GitHub/install/controller_interface:/home/emma/Documents/GitHub/install/hardware_interface:/home/emma/Documents/GitHub/install/controller_manager_msgs:/home/emma/Documents/GitHub/install/control_msgs:/home/emma/Documents/GitHub/install/rqt_joint_trajectory_controller:/home/emma/Documents/GitHub/install/rqt_controller_manager:/home/emma/Documents/GitHub/install/ros2controlcli:/home/emma/Documents/GitHub/install/ros2_controllers_test_nodes:/home/emma/Documents/GitHub/install/mujoco_ros2:/home/emma/Documents/GitHub/install/control:/opt/ros/humble CONDA_PROMPT_MODIFIER=(base) LD_LIBRARY_PATH=/home/emma/Documents/GitHub/magic/install/control_msgs/lib:${LD_LIBRARY_PATH} PYTHONPATH=/home/emma/Documents/GitHub/magic/install/control_msgs/local/lib/python3.10/dist-packages:${PYTHONPATH} /usr/bin/cmake --build /home/emma/Documents/GitHub/magic/build/hardware_interface -- -j20 -l20
[1.334s] [  8%] [32mBuilding CXX object gmock/CMakeFiles/gmock_main.dir/src/gmock_main.cc.o[0m
[1.334s] [  8%] [34m[1mGenerating hardware_interface/version.h[0m
[1.334s] [  8%] [32mBuilding CXX object gmock/CMakeFiles/gmock.dir/opt/ros/humble/src/gtest_vendor/src/gtest-all.cc.o[0m
[1.336s] [ 11%] [32mBuilding CXX object gmock/CMakeFiles/gmock.dir/src/gmock-all.cc.o[0m
[1.352s] [ 11%] Built target ament_generate_version_header__hardware_interface
[1.379s] [ 20%] [32mBuilding CXX object CMakeFiles/hardware_interface.dir/src/lexical_casts.cpp.o[0m
[1.379s] [ 20%] [32mBuilding CXX object CMakeFiles/hardware_interface.dir/src/system.cpp.o[0m
[1.379s] [ 20%] [32mBuilding CXX object CMakeFiles/hardware_interface.dir/src/component_parser.cpp.o[0m
[1.380s] [ 22%] [32mBuilding CXX object CMakeFiles/hardware_interface.dir/src/actuator.cpp.o[0m
[1.381s] [ 25%] [32mBuilding CXX object CMakeFiles/hardware_interface.dir/src/resource_manager.cpp.o[0m
[1.381s] [ 28%] [32mBuilding CXX object CMakeFiles/hardware_interface.dir/src/sensor.cpp.o[0m
[2.428s] [ 31%] [32m[1mLinking CXX static library libgmock_main.a[0m
[2.499s] [ 31%] Built target gmock_main
[3.478s] [ 34%] [32m[1mLinking CXX static library libgmock.a[0m
[3.556s] [ 34%] Built target gmock
[3.580s] [ 37%] [32mBuilding CXX object CMakeFiles/test_macros.dir/test/test_macros.cpp.o[0m
[4.322s] [ 40%] [32m[1mLinking CXX executable test_macros[0m
[4.427s] [ 40%] Built target test_macros
[4.448s] [ 42%] [32m[1mLinking CXX shared library libhardware_interface.so[0m
[4.646s] [ 42%] Built target hardware_interface
[4.668s] [ 48%] [32mBuilding CXX object CMakeFiles/fake_components.dir/src/mock_components/fake_generic_system.cpp.o[0m
[4.668s] [ 51%] [32mBuilding CXX object CMakeFiles/test_component_interfaces.dir/test/test_component_interfaces.cpp.o[0m
[4.668s] [ 51%] [32mBuilding CXX object CMakeFiles/fake_components.dir/src/mock_components/generic_system.cpp.o[0m
[4.668s] [ 54%] [32mBuilding CXX object CMakeFiles/test_component_parser.dir/test/test_component_parser.cpp.o[0m
[4.669s] [ 57%] [32mBuilding CXX object CMakeFiles/test_generic_system.dir/test/mock_components/test_generic_system.cpp.o[0m
[4.673s] [ 60%] [32mBuilding CXX object CMakeFiles/test_inst_hardwares.dir/test/test_inst_hardwares.cpp.o[0m
[4.676s] [ 62%] [32mBuilding CXX object CMakeFiles/test_hardware_components.dir/test/test_hardware_components/test_single_joint_actuator.cpp.o[0m
[4.679s] [ 65%] [32mBuilding CXX object CMakeFiles/test_hardware_components.dir/test/test_hardware_components/test_force_torque_sensor.cpp.o[0m
[4.679s] [ 68%] [32mBuilding CXX object CMakeFiles/mock_components.dir/src/mock_components/generic_system.cpp.o[0m
[4.680s] [ 71%] [32mBuilding CXX object CMakeFiles/test_joint_handle.dir/test/test_handle.cpp.o[0m
[4.680s] [ 74%] [32mBuilding CXX object CMakeFiles/test_hardware_components.dir/test/test_hardware_components/test_two_joint_system.cpp.o[0m
[4.680s] [ 77%] [32mBuilding CXX object CMakeFiles/test_hardware_components.dir/test/test_hardware_components/test_system_with_command_modes.cpp.o[0m
[5.902s] [ 80%] [32m[1mLinking CXX executable test_inst_hardwares[0m
[6.106s] [ 82%] [32m[1mLinking CXX shared library libmock_components.so[0m
[6.234s] [ 85%] [32m[1mLinking CXX shared library libfake_components.so[0m
[6.238s] [ 85%] Built target test_inst_hardwares
[6.314s] [ 85%] Built target mock_components
[6.432s] [ 85%] Built target fake_components
[6.472s] [ 88%] [32m[1mLinking CXX shared library libtest_hardware_components.so[0m
[6.538s] [ 91%] [32m[1mLinking CXX executable test_joint_handle[0m
[6.654s] [ 91%] Built target test_hardware_components
[6.730s] [ 94%] [32m[1mLinking CXX executable test_component_interfaces[0m
[6.749s] [ 94%] Built target test_joint_handle
[6.966s] [ 94%] Built target test_component_interfaces
[7.247s] [ 97%] [32m[1mLinking CXX executable test_generic_system[0m
[7.362s] [100%] [32m[1mLinking CXX executable test_component_parser[0m
[7.466s] [100%] Built target test_generic_system
[7.586s] [100%] Built target test_component_parser
[7.599s] Invoked command in '/home/emma/Documents/GitHub/magic/build/hardware_interface' returned '0': AMENT_PREFIX_PATH=/home/emma/Documents/GitHub/magic/install/ros2_control_test_assets:/home/emma/Documents/GitHub/magic/install/control_msgs:${AMENT_PREFIX_PATH} CMAKE_PREFIX_PATH=/home/emma/Documents/GitHub/magic/install/ros2_control_test_assets:/home/emma/Documents/GitHub/magic/install/control_msgs:/home/emma/Documents/GitHub/install/two_arm_moveit2_config:/home/emma/Documents/GitHub/install/kortex_bringup:/home/emma/Documents/GitHub/install/kinova_gen3_lite_moveit_config:/home/emma/Documents/GitHub/install/kinova_gen3_7dof_robotiq_2f_85_moveit_config:/home/emma/Documents/GitHub/install/kinova_gen3_6dof_robotiq_2f_85_moveit_config:/home/emma/Documents/GitHub/install/kortex_description:/home/emma/Documents/GitHub/install/robotiq_description:/home/emma/Documents/GitHub/install/ros2_controllers:/home/emma/Documents/GitHub/install/velocity_controllers:/home/emma/Documents/GitHub/install/tricycle_steering_controller:/home/emma/Documents/GitHub/install/tricycle_controller:/home/emma/Documents/GitHub/install/ros2_control:/home/emma/Documents/GitHub/install/transmission_interface:/home/emma/Documents/GitHub/install/bicycle_steering_controller:/home/emma/Documents/GitHub/install/ackermann_steering_controller:/home/emma/Documents/GitHub/install/steering_controllers_library:/home/emma/Documents/GitHub/install/robotiq_hardware_tests:/home/emma/Documents/GitHub/install/robotiq_driver:/home/emma/Documents/GitHub/install/serial:/home/emma/Documents/GitHub/install/hardware_interface_testing:/home/emma/Documents/GitHub/install/controller_manager:/home/emma/Documents/GitHub/install/ros2_control_test_assets:/home/emma/Documents/GitHub/install/robotiq_controllers:/home/emma/Documents/GitHub/install/range_sensor_broadcaster:/home/emma/Documents/GitHub/install/position_controllers:/home/emma/Documents/GitHub/install/pose_broadcaster:/home/emma/Documents/GitHub/install/pid_controller:/home/emma/Documents/GitHub/install/picknik_twist_controller:/home/emma/Documents/GitHub/install/picknik_reset_fault_controller:/home/emma/Documents/GitHub/install/mecanum_drive_controller:/home/emma/Documents/GitHub/install/joint_trajectory_controller:/home/emma/Documents/GitHub/install/joint_state_broadcaster:/home/emma/Documents/GitHub/install/imu_sensor_broadcaster:/home/emma/Documents/GitHub/install/gripper_controllers:/home/emma/Documents/GitHub/install/gpio_controllers:/home/emma/Documents/GitHub/install/effort_controllers:/home/emma/Documents/GitHub/install/forward_command_controller:/home/emma/Documents/GitHub/install/force_torque_sensor_broadcaster:/home/emma/Documents/GitHub/install/diff_drive_controller:/home/emma/Documents/GitHub/install/admittance_controller:/home/emma/Documents/GitHub/install/realtime_tools:/home/emma/Documents/GitHub/install/moveit_go:/home/emma/Documents/GitHub/install/kortex_driver:/home/emma/Documents/GitHub/install/kortex_api:/home/emma/Documents/GitHub/install/joint_limits:/home/emma/Documents/GitHub/install/controller_interface:/home/emma/Documents/GitHub/install/hardware_interface:/home/emma/Documents/GitHub/install/controller_manager_msgs:/home/emma/Documents/GitHub/install/control_msgs:/home/emma/Documents/GitHub/install/rqt_joint_trajectory_controller:/home/emma/Documents/GitHub/install/rqt_controller_manager:/home/emma/Documents/GitHub/install/ros2controlcli:/home/emma/Documents/GitHub/install/ros2_controllers_test_nodes:/home/emma/Documents/GitHub/install/mujoco_ros2:/home/emma/Documents/GitHub/install/control:/opt/ros/humble CONDA_PROMPT_MODIFIER=(base) LD_LIBRARY_PATH=/home/emma/Documents/GitHub/magic/install/control_msgs/lib:${LD_LIBRARY_PATH} PYTHONPATH=/home/emma/Documents/GitHub/magic/install/control_msgs/local/lib/python3.10/dist-packages:${PYTHONPATH} /usr/bin/cmake --build /home/emma/Documents/GitHub/magic/build/hardware_interface -- -j20 -l20
[7.601s] Invoking command in '/home/emma/Documents/GitHub/magic/build/hardware_interface': AMENT_PREFIX_PATH=/home/emma/Documents/GitHub/magic/install/ros2_control_test_assets:/home/emma/Documents/GitHub/magic/install/control_msgs:${AMENT_PREFIX_PATH} CMAKE_PREFIX_PATH=/home/emma/Documents/GitHub/magic/install/ros2_control_test_assets:/home/emma/Documents/GitHub/magic/install/control_msgs:/home/emma/Documents/GitHub/install/two_arm_moveit2_config:/home/emma/Documents/GitHub/install/kortex_bringup:/home/emma/Documents/GitHub/install/kinova_gen3_lite_moveit_config:/home/emma/Documents/GitHub/install/kinova_gen3_7dof_robotiq_2f_85_moveit_config:/home/emma/Documents/GitHub/install/kinova_gen3_6dof_robotiq_2f_85_moveit_config:/home/emma/Documents/GitHub/install/kortex_description:/home/emma/Documents/GitHub/install/robotiq_description:/home/emma/Documents/GitHub/install/ros2_controllers:/home/emma/Documents/GitHub/install/velocity_controllers:/home/emma/Documents/GitHub/install/tricycle_steering_controller:/home/emma/Documents/GitHub/install/tricycle_controller:/home/emma/Documents/GitHub/install/ros2_control:/home/emma/Documents/GitHub/install/transmission_interface:/home/emma/Documents/GitHub/install/bicycle_steering_controller:/home/emma/Documents/GitHub/install/ackermann_steering_controller:/home/emma/Documents/GitHub/install/steering_controllers_library:/home/emma/Documents/GitHub/install/robotiq_hardware_tests:/home/emma/Documents/GitHub/install/robotiq_driver:/home/emma/Documents/GitHub/install/serial:/home/emma/Documents/GitHub/install/hardware_interface_testing:/home/emma/Documents/GitHub/install/controller_manager:/home/emma/Documents/GitHub/install/ros2_control_test_assets:/home/emma/Documents/GitHub/install/robotiq_controllers:/home/emma/Documents/GitHub/install/range_sensor_broadcaster:/home/emma/Documents/GitHub/install/position_controllers:/home/emma/Documents/GitHub/install/pose_broadcaster:/home/emma/Documents/GitHub/install/pid_controller:/home/emma/Documents/GitHub/install/picknik_twist_controller:/home/emma/Documents/GitHub/install/picknik_reset_fault_controller:/home/emma/Documents/GitHub/install/mecanum_drive_controller:/home/emma/Documents/GitHub/install/joint_trajectory_controller:/home/emma/Documents/GitHub/install/joint_state_broadcaster:/home/emma/Documents/GitHub/install/imu_sensor_broadcaster:/home/emma/Documents/GitHub/install/gripper_controllers:/home/emma/Documents/GitHub/install/gpio_controllers:/home/emma/Documents/GitHub/install/effort_controllers:/home/emma/Documents/GitHub/install/forward_command_controller:/home/emma/Documents/GitHub/install/force_torque_sensor_broadcaster:/home/emma/Documents/GitHub/install/diff_drive_controller:/home/emma/Documents/GitHub/install/admittance_controller:/home/emma/Documents/GitHub/install/realtime_tools:/home/emma/Documents/GitHub/install/moveit_go:/home/emma/Documents/GitHub/install/kortex_driver:/home/emma/Documents/GitHub/install/kortex_api:/home/emma/Documents/GitHub/install/joint_limits:/home/emma/Documents/GitHub/install/controller_interface:/home/emma/Documents/GitHub/install/hardware_interface:/home/emma/Documents/GitHub/install/controller_manager_msgs:/home/emma/Documents/GitHub/install/control_msgs:/home/emma/Documents/GitHub/install/rqt_joint_trajectory_controller:/home/emma/Documents/GitHub/install/rqt_controller_manager:/home/emma/Documents/GitHub/install/ros2controlcli:/home/emma/Documents/GitHub/install/ros2_controllers_test_nodes:/home/emma/Documents/GitHub/install/mujoco_ros2:/home/emma/Documents/GitHub/install/control:/opt/ros/humble CONDA_PROMPT_MODIFIER=(base) LD_LIBRARY_PATH=/home/emma/Documents/GitHub/magic/install/control_msgs/lib:${LD_LIBRARY_PATH} PYTHONPATH=/home/emma/Documents/GitHub/magic/install/control_msgs/local/lib/python3.10/dist-packages:${PYTHONPATH} /usr/bin/cmake --install /home/emma/Documents/GitHub/magic/build/hardware_interface
[7.607s] -- Install configuration: ""
[7.607s] -- Installing: /home/emma/Documents/GitHub/magic/install/hardware_interface/share/hardware_interface/mock_components_plugin_description.xml
[7.607s] -- Installing: /home/emma/Documents/GitHub/magic/install/hardware_interface/share/hardware_interface/fake_components_plugin_description.xml
[7.607s] -- Installing: /home/emma/Documents/GitHub/magic/install/hardware_interface/include
[7.607s] -- Installing: /home/emma/Documents/GitHub/magic/install/hardware_interface/include/hardware_interface
[7.608s] -- Installing: /home/emma/Documents/GitHub/magic/install/hardware_interface/include/hardware_interface/macros.hpp
[7.608s] -- Installing: /home/emma/Documents/GitHub/magic/install/hardware_interface/include/hardware_interface/visibility_control.h
[7.608s] -- Installing: /home/emma/Documents/GitHub/magic/install/hardware_interface/include/hardware_interface/component_parser.hpp
[7.608s] -- Installing: /home/emma/Documents/GitHub/magic/install/hardware_interface/include/hardware_interface/hardware_info.hpp
[7.608s] -- Installing: /home/emma/Documents/GitHub/magic/install/hardware_interface/include/hardware_interface/sensor.hpp
[7.608s] -- Installing: /home/emma/Documents/GitHub/magic/install/hardware_interface/include/hardware_interface/loaned_state_interface.hpp
[7.608s] -- Installing: /home/emma/Documents/GitHub/magic/install/hardware_interface/include/hardware_interface/actuator_interface.hpp
[7.608s] -- Installing: /home/emma/Documents/GitHub/magic/install/hardware_interface/include/hardware_interface/system_interface.hpp
[7.608s] -- Installing: /home/emma/Documents/GitHub/magic/install/hardware_interface/include/hardware_interface/system.hpp
[7.608s] -- Installing: /home/emma/Documents/GitHub/magic/install/hardware_interface/include/hardware_interface/resource_manager.hpp
[7.608s] -- Installing: /home/emma/Documents/GitHub/magic/install/hardware_interface/include/hardware_interface/controller_info.hpp
[7.608s] -- Installing: /home/emma/Documents/GitHub/magic/install/hardware_interface/include/hardware_interface/types
[7.609s] -- Installing: /home/emma/Documents/GitHub/magic/install/hardware_interface/include/hardware_interface/types/lifecycle_state_names.hpp
[7.609s] -- Installing: /home/emma/Documents/GitHub/magic/install/hardware_interface/include/hardware_interface/types/hardware_interface_type_values.hpp
[7.609s] -- Installing: /home/emma/Documents/GitHub/magic/install/hardware_interface/include/hardware_interface/types/hardware_interface_return_values.hpp
[7.609s] -- Installing: /home/emma/Documents/GitHub/magic/install/hardware_interface/include/hardware_interface/handle.hpp
[7.609s] -- Installing: /home/emma/Documents/GitHub/magic/install/hardware_interface/include/hardware_interface/actuator.hpp
[7.609s] -- Installing: /home/emma/Documents/GitHub/magic/install/hardware_interface/include/hardware_interface/hardware_component_info.hpp
[7.609s] -- Installing: /home/emma/Documents/GitHub/magic/install/hardware_interface/include/hardware_interface/sensor_interface.hpp
[7.609s] -- Installing: /home/emma/Documents/GitHub/magic/install/hardware_interface/include/hardware_interface/loaned_command_interface.hpp
[7.609s] -- Installing: /home/emma/Documents/GitHub/magic/install/hardware_interface/include/hardware_interface/lexical_casts.hpp
[7.609s] -- Installing: /home/emma/Documents/GitHub/magic/install/hardware_interface/include/mock_components
[7.609s] -- Installing: /home/emma/Documents/GitHub/magic/install/hardware_interface/include/mock_components/generic_system.hpp
[7.609s] -- Installing: /home/emma/Documents/GitHub/magic/install/hardware_interface/include/mock_components/visibility_control.h
[7.609s] -- Installing: /home/emma/Documents/GitHub/magic/install/hardware_interface/include/fake_components
[7.609s] -- Installing: /home/emma/Documents/GitHub/magic/install/hardware_interface/include/fake_components/generic_system.hpp
[7.609s] -- Installing: /home/emma/Documents/GitHub/magic/install/hardware_interface/include/fake_components/visibility_control.h
[7.610s] -- Installing: /home/emma/Documents/GitHub/magic/install/hardware_interface/lib/libfake_components.so
[7.610s] -- Set runtime path of "/home/emma/Documents/GitHub/magic/install/hardware_interface/lib/libfake_components.so" to ""
[7.610s] -- Installing: /home/emma/Documents/GitHub/magic/install/hardware_interface/lib/libmock_components.so
[7.610s] -- Set runtime path of "/home/emma/Documents/GitHub/magic/install/hardware_interface/lib/libmock_components.so" to ""
[7.610s] -- Installing: /home/emma/Documents/GitHub/magic/install/hardware_interface/lib/libhardware_interface.so
[7.612s] -- Set runtime path of "/home/emma/Documents/GitHub/magic/install/hardware_interface/lib/libhardware_interface.so" to ""
[7.612s] -- Installing: /home/emma/Documents/GitHub/magic/install/hardware_interface/lib/libtest_hardware_components.so
[7.612s] -- Set runtime path of "/home/emma/Documents/GitHub/magic/install/hardware_interface/lib/libtest_hardware_components.so" to ""
[7.612s] -- Installing: /home/emma/Documents/GitHub/magic/install/hardware_interface/share/hardware_interface/test/test_hardware_components/test_hardware_components.xml
[7.612s] -- Installing: /home/emma/Documents/GitHub/magic/install/hardware_interface/share/hardware_interface/environment/library_path.sh
[7.612s] -- Installing: /home/emma/Documents/GitHub/magic/install/hardware_interface/share/hardware_interface/environment/library_path.dsv
[7.612s] -- Installing: /home/emma/Documents/GitHub/magic/install/hardware_interface/share/ament_index/resource_index/package_run_dependencies/hardware_interface
[7.612s] -- Installing: /home/emma/Documents/GitHub/magic/install/hardware_interface/share/ament_index/resource_index/parent_prefix_path/hardware_interface
[7.612s] -- Installing: /home/emma/Documents/GitHub/magic/install/hardware_interface/share/hardware_interface/environment/ament_prefix_path.sh
[7.613s] -- Installing: /home/emma/Documents/GitHub/magic/install/hardware_interface/share/hardware_interface/environment/ament_prefix_path.dsv
[7.613s] -- Installing: /home/emma/Documents/GitHub/magic/install/hardware_interface/share/hardware_interface/environment/path.sh
[7.613s] -- Installing: /home/emma/Documents/GitHub/magic/install/hardware_interface/share/hardware_interface/environment/path.dsv
[7.613s] -- Installing: /home/emma/Documents/GitHub/magic/install/hardware_interface/share/hardware_interface/local_setup.bash
[7.613s] -- Installing: /home/emma/Documents/GitHub/magic/install/hardware_interface/share/hardware_interface/local_setup.sh
[7.613s] -- Installing: /home/emma/Documents/GitHub/magic/install/hardware_interface/share/hardware_interface/local_setup.zsh
[7.613s] -- Installing: /home/emma/Documents/GitHub/magic/install/hardware_interface/share/hardware_interface/local_setup.dsv
[7.613s] -- Installing: /home/emma/Documents/GitHub/magic/install/hardware_interface/share/hardware_interface/package.dsv
[7.613s] -- Installing: /home/emma/Documents/GitHub/magic/install/hardware_interface/share/ament_index/resource_index/packages/hardware_interface
[7.613s] -- Installing: /home/emma/Documents/GitHub/magic/install/hardware_interface/share/ament_index/resource_index/hardware_interface__pluginlib__plugin/hardware_interface
[7.613s] -- Installing: /home/emma/Documents/GitHub/magic/install/hardware_interface/share/hardware_interface/cmake/ament_cmake_export_include_directories-extras.cmake
[7.613s] -- Installing: /home/emma/Documents/GitHub/magic/install/hardware_interface/share/hardware_interface/cmake/ament_cmake_export_libraries-extras.cmake
[7.613s] -- Installing: /home/emma/Documents/GitHub/magic/install/hardware_interface/share/hardware_interface/cmake/ament_cmake_export_dependencies-extras.cmake
[7.613s] -- Installing: /home/emma/Documents/GitHub/magic/install/hardware_interface/share/hardware_interface/cmake/hardware_interfaceConfig.cmake
[7.613s] -- Installing: /home/emma/Documents/GitHub/magic/install/hardware_interface/share/hardware_interface/cmake/hardware_interfaceConfig-version.cmake
[7.613s] -- Installing: /home/emma/Documents/GitHub/magic/install/hardware_interface/share/hardware_interface/package.xml
[7.613s] -- Installing: /home/emma/Documents/GitHub/magic/install/hardware_interface/include/hardware_interface/hardware_interface/version.h
[7.615s] Invoked command in '/home/emma/Documents/GitHub/magic/build/hardware_interface' returned '0': AMENT_PREFIX_PATH=/home/emma/Documents/GitHub/magic/install/ros2_control_test_assets:/home/emma/Documents/GitHub/magic/install/control_msgs:${AMENT_PREFIX_PATH} CMAKE_PREFIX_PATH=/home/emma/Documents/GitHub/magic/install/ros2_control_test_assets:/home/emma/Documents/GitHub/magic/install/control_msgs:/home/emma/Documents/GitHub/install/two_arm_moveit2_config:/home/emma/Documents/GitHub/install/kortex_bringup:/home/emma/Documents/GitHub/install/kinova_gen3_lite_moveit_config:/home/emma/Documents/GitHub/install/kinova_gen3_7dof_robotiq_2f_85_moveit_config:/home/emma/Documents/GitHub/install/kinova_gen3_6dof_robotiq_2f_85_moveit_config:/home/emma/Documents/GitHub/install/kortex_description:/home/emma/Documents/GitHub/install/robotiq_description:/home/emma/Documents/GitHub/install/ros2_controllers:/home/emma/Documents/GitHub/install/velocity_controllers:/home/emma/Documents/GitHub/install/tricycle_steering_controller:/home/emma/Documents/GitHub/install/tricycle_controller:/home/emma/Documents/GitHub/install/ros2_control:/home/emma/Documents/GitHub/install/transmission_interface:/home/emma/Documents/GitHub/install/bicycle_steering_controller:/home/emma/Documents/GitHub/install/ackermann_steering_controller:/home/emma/Documents/GitHub/install/steering_controllers_library:/home/emma/Documents/GitHub/install/robotiq_hardware_tests:/home/emma/Documents/GitHub/install/robotiq_driver:/home/emma/Documents/GitHub/install/serial:/home/emma/Documents/GitHub/install/hardware_interface_testing:/home/emma/Documents/GitHub/install/controller_manager:/home/emma/Documents/GitHub/install/ros2_control_test_assets:/home/emma/Documents/GitHub/install/robotiq_controllers:/home/emma/Documents/GitHub/install/range_sensor_broadcaster:/home/emma/Documents/GitHub/install/position_controllers:/home/emma/Documents/GitHub/install/pose_broadcaster:/home/emma/Documents/GitHub/install/pid_controller:/home/emma/Documents/GitHub/install/picknik_twist_controller:/home/emma/Documents/GitHub/install/picknik_reset_fault_controller:/home/emma/Documents/GitHub/install/mecanum_drive_controller:/home/emma/Documents/GitHub/install/joint_trajectory_controller:/home/emma/Documents/GitHub/install/joint_state_broadcaster:/home/emma/Documents/GitHub/install/imu_sensor_broadcaster:/home/emma/Documents/GitHub/install/gripper_controllers:/home/emma/Documents/GitHub/install/gpio_controllers:/home/emma/Documents/GitHub/install/effort_controllers:/home/emma/Documents/GitHub/install/forward_command_controller:/home/emma/Documents/GitHub/install/force_torque_sensor_broadcaster:/home/emma/Documents/GitHub/install/diff_drive_controller:/home/emma/Documents/GitHub/install/admittance_controller:/home/emma/Documents/GitHub/install/realtime_tools:/home/emma/Documents/GitHub/install/moveit_go:/home/emma/Documents/GitHub/install/kortex_driver:/home/emma/Documents/GitHub/install/kortex_api:/home/emma/Documents/GitHub/install/joint_limits:/home/emma/Documents/GitHub/install/controller_interface:/home/emma/Documents/GitHub/install/hardware_interface:/home/emma/Documents/GitHub/install/controller_manager_msgs:/home/emma/Documents/GitHub/install/control_msgs:/home/emma/Documents/GitHub/install/rqt_joint_trajectory_controller:/home/emma/Documents/GitHub/install/rqt_controller_manager:/home/emma/Documents/GitHub/install/ros2controlcli:/home/emma/Documents/GitHub/install/ros2_controllers_test_nodes:/home/emma/Documents/GitHub/install/mujoco_ros2:/home/emma/Documents/GitHub/install/control:/opt/ros/humble CONDA_PROMPT_MODIFIER=(base) LD_LIBRARY_PATH=/home/emma/Documents/GitHub/magic/install/control_msgs/lib:${LD_LIBRARY_PATH} PYTHONPATH=/home/emma/Documents/GitHub/magic/install/control_msgs/local/lib/python3.10/dist-packages:${PYTHONPATH} /usr/bin/cmake --install /home/emma/Documents/GitHub/magic/build/hardware_interface
