[0.005s] Invoking command in '/home/megan/magic/ros2_ws/build/serial': CMAKE_PREFIX_PATH=/opt/ros/humble VIRTUAL_ENV_PROMPT=(magic) /usr/bin/cmake /home/megan/magic/ros2_ws/src/serial -DCMAKE_BUILD_TYPE=Release -DCMAKE_INSTALL_PREFIX=/home/megan/magic/ros2_ws/install/serial
[0.058s] -- The C compiler identification is GNU 11.4.0
[0.106s] -- The CXX compiler identification is GNU 11.4.0
[0.112s] -- Detecting C compiler ABI info
[0.164s] -- Detecting C compiler ABI info - done
[0.168s] -- Check for working C compiler: /usr/bin/cc - skipped
[0.168s] -- Detecting C compile features
[0.169s] -- Detecting C compile features - done
[0.171s] -- Detecting CXX compiler ABI info
[0.233s] -- Detecting CXX compiler ABI info - done
[0.239s] -- Check for working CXX compiler: /usr/bin/c++ - skipped
[0.240s] -- Detecting CXX compile features
[0.240s] -- Detecting CXX compile features - done
[0.242s] -- Found ament_cmake: 1.3.11 (/opt/ros/humble/share/ament_cmake/cmake)
[0.729s] -- Found Python3: /home/megan/.pyenv/versions/3.10.15/envs/magic/bin/python3 (found version "3.10.15") found components: Interpreter 
[0.892s] -- Configuring done
[0.895s] -- Generating done
[0.896s] -- Build files have been written to: /home/megan/magic/ros2_ws/build/serial
[0.899s] Invoked command in '/home/megan/magic/ros2_ws/build/serial' returned '0': CMAKE_PREFIX_PATH=/opt/ros/humble VIRTUAL_ENV_PROMPT=(magic) /usr/bin/cmake /home/megan/magic/ros2_ws/src/serial -DCMAKE_BUILD_TYPE=Release -DCMAKE_INSTALL_PREFIX=/home/megan/magic/ros2_ws/install/serial
[0.900s] Invoking command in '/home/megan/magic/ros2_ws/build/serial': CMAKE_PREFIX_PATH=/opt/ros/humble VIRTUAL_ENV_PROMPT=(magic) /usr/bin/cmake --build /home/megan/magic/ros2_ws/build/serial -- -j20 -l20
[0.950s] [ 25%] [32mBuilding CXX object CMakeFiles/serial.dir/src/serial.cc.o[0m
[0.951s] [ 75%] [32mBuilding CXX object CMakeFiles/serial.dir/src/impl/unix.cc.o[0m
[0.951s] [ 75%] [32mBuilding CXX object CMakeFiles/serial.dir/src/impl/list_ports/list_ports_linux.cc.o[0m
[1.611s] [100%] [32m[1mLinking CXX static library libserial.a[0m
[1.660s] [100%] Built target serial
[1.667s] Invoked command in '/home/megan/magic/ros2_ws/build/serial' returned '0': CMAKE_PREFIX_PATH=/opt/ros/humble VIRTUAL_ENV_PROMPT=(magic) /usr/bin/cmake --build /home/megan/magic/ros2_ws/build/serial -- -j20 -l20
[1.669s] Invoking command in '/home/megan/magic/ros2_ws/build/serial': CMAKE_PREFIX_PATH=/opt/ros/humble VIRTUAL_ENV_PROMPT=(magic) /usr/bin/cmake --install /home/megan/magic/ros2_ws/build/serial
[1.676s] -- Install configuration: "Release"
[1.676s] -- Installing: /home/megan/magic/ros2_ws/install/serial/lib/libserial.a
[1.676s] -- Installing: /home/megan/magic/ros2_ws/install/serial/include
[1.676s] -- Installing: /home/megan/magic/ros2_ws/install/serial/include/serial
[1.676s] -- Installing: /home/megan/magic/ros2_ws/install/serial/include/serial/v8stdint.h
[1.676s] -- Installing: /home/megan/magic/ros2_ws/install/serial/include/serial/serial.h
[1.677s] -- Installing: /home/megan/magic/ros2_ws/install/serial/include/serial/impl
[1.677s] -- Installing: /home/megan/magic/ros2_ws/install/serial/include/serial/impl/win.h
[1.677s] -- Installing: /home/megan/magic/ros2_ws/install/serial/include/serial/impl/unix.h
[1.677s] -- Installing: /home/megan/magic/ros2_ws/install/serial/share/serial/environment/library_path.sh
[1.677s] -- Installing: /home/megan/magic/ros2_ws/install/serial/share/serial/environment/library_path.dsv
[1.677s] -- Installing: /home/megan/magic/ros2_ws/install/serial/share/ament_index/resource_index/package_run_dependencies/serial
[1.677s] -- Installing: /home/megan/magic/ros2_ws/install/serial/share/ament_index/resource_index/parent_prefix_path/serial
[1.677s] -- Installing: /home/megan/magic/ros2_ws/install/serial/share/serial/environment/ament_prefix_path.sh
[1.677s] -- Installing: /home/megan/magic/ros2_ws/install/serial/share/serial/environment/ament_prefix_path.dsv
[1.677s] -- Installing: /home/megan/magic/ros2_ws/install/serial/share/serial/environment/path.sh
[1.678s] -- Installing: /home/megan/magic/ros2_ws/install/serial/share/serial/environment/path.dsv
[1.678s] -- Installing: /home/megan/magic/ros2_ws/install/serial/share/serial/local_setup.bash
[1.678s] -- Installing: /home/megan/magic/ros2_ws/install/serial/share/serial/local_setup.sh
[1.678s] -- Installing: /home/megan/magic/ros2_ws/install/serial/share/serial/local_setup.zsh
[1.678s] -- Installing: /home/megan/magic/ros2_ws/install/serial/share/serial/local_setup.dsv
[1.678s] -- Installing: /home/megan/magic/ros2_ws/install/serial/share/serial/package.dsv
[1.678s] -- Installing: /home/megan/magic/ros2_ws/install/serial/share/ament_index/resource_index/packages/serial
[1.678s] -- Installing: /home/megan/magic/ros2_ws/install/serial/share/serial/cmake/export_serialExport.cmake
[1.678s] -- Installing: /home/megan/magic/ros2_ws/install/serial/share/serial/cmake/export_serialExport-release.cmake
[1.678s] -- Installing: /home/megan/magic/ros2_ws/install/serial/share/serial/cmake/ament_cmake_export_include_directories-extras.cmake
[1.678s] -- Installing: /home/megan/magic/ros2_ws/install/serial/share/serial/cmake/ament_cmake_export_libraries-extras.cmake
[1.679s] -- Installing: /home/megan/magic/ros2_ws/install/serial/share/serial/cmake/ament_cmake_export_targets-extras.cmake
[1.679s] -- Installing: /home/megan/magic/ros2_ws/install/serial/share/serial/cmake/serialConfig.cmake
[1.679s] -- Installing: /home/megan/magic/ros2_ws/install/serial/share/serial/cmake/serialConfig-version.cmake
[1.679s] -- Installing: /home/megan/magic/ros2_ws/install/serial/share/serial/package.xml
[1.680s] Invoked command in '/home/megan/magic/ros2_ws/build/serial' returned '0': CMAKE_PREFIX_PATH=/opt/ros/humble VIRTUAL_ENV_PROMPT=(magic) /usr/bin/cmake --install /home/megan/magic/ros2_ws/build/serial
