[0.019s] Invoking command in '/home/megan/magic/ros2_ws/build/controller_manager': AMENT_PREFIX_PATH=/home/megan/magic/ros2_ws/install/hardware_interface_testing:/home/megan/magic/ros2_ws/install/controller_interface:/home/megan/magic/ros2_ws/install/hardware_interface:/home/megan/magic/ros2_ws/install/ros2_control_test_assets:/home/megan/magic/ros2_ws/install/controller_manager_msgs:/home/megan/magic/ros2_ws/install/control_msgs:${AMENT_PREFIX_PATH} CMAKE_PREFIX_PATH=/home/megan/magic/ros2_ws/install/hardware_interface_testing:/home/megan/magic/ros2_ws/install/controller_interface:/home/megan/magic/ros2_ws/install/hardware_interface:/home/megan/magic/ros2_ws/install/ros2_control_test_assets:/home/megan/magic/ros2_ws/install/controller_manager_msgs:/home/megan/magic/ros2_ws/install/control_msgs:/opt/ros/humble LD_LIBRARY_PATH=/home/megan/magic/ros2_ws/install/hardware_interface_testing/lib:/home/megan/magic/ros2_ws/install/controller_interface/lib:/home/megan/magic/ros2_ws/install/hardware_interface/lib:/home/megan/magic/ros2_ws/install/controller_manager_msgs/lib:/home/megan/magic/ros2_ws/install/control_msgs/lib:${LD_LIBRARY_PATH} PYTHONPATH=/home/megan/magic/ros2_ws/install/controller_manager_msgs/lib/python3.10/site-packages:/home/megan/magic/ros2_ws/install/control_msgs/lib/python3.10/site-packages:${PYTHONPATH} VIRTUAL_ENV_PROMPT=(magic) /usr/bin/cmake /home/megan/magic/ros2_ws/src/ros2_control/controller_manager -DCMAKE_BUILD_TYPE=Release -DCMAKE_INSTALL_PREFIX=/home/megan/magic/ros2_ws/install/controller_manager
[0.074s] -- The C compiler identification is GNU 11.4.0
[0.125s] -- The CXX compiler identification is GNU 11.4.0
[0.130s] -- Detecting C compiler ABI info
[0.194s] -- Detecting C compiler ABI info - done
[0.199s] -- Check for working C compiler: /usr/bin/cc - skipped
[0.199s] -- Detecting C compile features
[0.199s] -- Detecting C compile features - done
[0.202s] -- Detecting CXX compiler ABI info
[0.281s] -- Detecting CXX compiler ABI info - done
[0.288s] -- Check for working CXX compiler: /usr/bin/c++ - skipped
[0.289s] -- Detecting CXX compile features
[0.289s] -- Detecting CXX compile features - done
[0.291s] -- Found ament_cmake: 1.3.11 (/opt/ros/humble/share/ament_cmake/cmake)
[0.800s] -- Found Python3: /home/megan/.pyenv/versions/3.10.15/envs/magic/bin/python3 (found version "3.10.15") found components: Interpreter 
[0.895s] -- Found ament_index_cpp: 1.4.0 (/opt/ros/humble/share/ament_index_cpp/cmake)
[0.896s] -- Found controller_interface: 2.48.0 (/home/megan/magic/ros2_ws/install/controller_interface/share/controller_interface/cmake)
[0.926s] -- Found rosidl_generator_c: 3.1.6 (/opt/ros/humble/share/rosidl_generator_c/cmake)
[0.930s] -- Found rosidl_adapter: 3.1.6 (/opt/ros/humble/share/rosidl_adapter/cmake)
[0.936s] -- Found rosidl_generator_cpp: 3.1.6 (/opt/ros/humble/share/rosidl_generator_cpp/cmake)
[0.944s] -- Using all available rosidl_typesupport_c: rosidl_typesupport_fastrtps_c;rosidl_typesupport_introspection_c
[0.961s] -- Using all available rosidl_typesupport_cpp: rosidl_typesupport_fastrtps_cpp;rosidl_typesupport_introspection_cpp
[1.114s] -- Found rmw_implementation_cmake: 6.1.2 (/opt/ros/humble/share/rmw_implementation_cmake/cmake)
[1.116s] -- Found rmw_cyclonedds_cpp: 1.3.4 (/opt/ros/humble/share/rmw_cyclonedds_cpp/cmake)
[1.132s] -- Using RMW implementation 'rmw_cyclonedds_cpp' as default
[1.139s] -- Looking for pthread.h
[1.224s] -- Looking for pthread.h - found
[1.224s] -- Performing Test CMAKE_HAVE_LIBC_PTHREAD
[1.313s] -- Performing Test CMAKE_HAVE_LIBC_PTHREAD - Success
[1.314s] -- Found Threads: TRUE  
[1.364s] -- Found controller_manager_msgs: 2.48.0 (/home/megan/magic/ros2_ws/install/controller_manager_msgs/share/controller_manager_msgs/cmake)
[1.375s] -- Found realtime_tools: 2.11.0 (/opt/ros/humble/share/realtime_tools/cmake)
[1.408s] -- Found ament_cmake_gmock: 1.3.11 (/opt/ros/humble/share/ament_cmake_gmock/cmake)
[1.408s] -- Found ros2_control_test_assets: 2.48.0 (/home/megan/magic/ros2_ws/install/ros2_control_test_assets/share/ros2_control_test_assets/cmake)
[1.411s] -- Found gmock sources under '/opt/ros/humble/src/gmock_vendor': C++ tests using 'Google Mock' will be built
[1.415s] -- Found ament_cmake_gtest: 1.3.11 (/opt/ros/humble/share/ament_cmake_gtest/cmake)
[1.415s] -- Found gtest sources under '/opt/ros/humble/src/gtest_vendor': C++ tests using 'Google Test' will be built
[1.423s] -- Found ament_cmake_pytest: 1.3.11 (/opt/ros/humble/share/ament_cmake_pytest/cmake)
[1.901s] -- Configuring done
[2.106s] -- Generating done
[2.134s] -- Build files have been written to: /home/megan/magic/ros2_ws/build/controller_manager
[2.143s] Invoked command in '/home/megan/magic/ros2_ws/build/controller_manager' returned '0': AMENT_PREFIX_PATH=/home/megan/magic/ros2_ws/install/hardware_interface_testing:/home/megan/magic/ros2_ws/install/controller_interface:/home/megan/magic/ros2_ws/install/hardware_interface:/home/megan/magic/ros2_ws/install/ros2_control_test_assets:/home/megan/magic/ros2_ws/install/controller_manager_msgs:/home/megan/magic/ros2_ws/install/control_msgs:${AMENT_PREFIX_PATH} CMAKE_PREFIX_PATH=/home/megan/magic/ros2_ws/install/hardware_interface_testing:/home/megan/magic/ros2_ws/install/controller_interface:/home/megan/magic/ros2_ws/install/hardware_interface:/home/megan/magic/ros2_ws/install/ros2_control_test_assets:/home/megan/magic/ros2_ws/install/controller_manager_msgs:/home/megan/magic/ros2_ws/install/control_msgs:/opt/ros/humble LD_LIBRARY_PATH=/home/megan/magic/ros2_ws/install/hardware_interface_testing/lib:/home/megan/magic/ros2_ws/install/controller_interface/lib:/home/megan/magic/ros2_ws/install/hardware_interface/lib:/home/megan/magic/ros2_ws/install/controller_manager_msgs/lib:/home/megan/magic/ros2_ws/install/control_msgs/lib:${LD_LIBRARY_PATH} PYTHONPATH=/home/megan/magic/ros2_ws/install/controller_manager_msgs/lib/python3.10/site-packages:/home/megan/magic/ros2_ws/install/control_msgs/lib/python3.10/site-packages:${PYTHONPATH} VIRTUAL_ENV_PROMPT=(magic) /usr/bin/cmake /home/megan/magic/ros2_ws/src/ros2_control/controller_manager -DCMAKE_BUILD_TYPE=Release -DCMAKE_INSTALL_PREFIX=/home/megan/magic/ros2_ws/install/controller_manager
[2.145s] Invoking command in '/home/megan/magic/ros2_ws/build/controller_manager': AMENT_PREFIX_PATH=/home/megan/magic/ros2_ws/install/hardware_interface_testing:/home/megan/magic/ros2_ws/install/controller_interface:/home/megan/magic/ros2_ws/install/hardware_interface:/home/megan/magic/ros2_ws/install/ros2_control_test_assets:/home/megan/magic/ros2_ws/install/controller_manager_msgs:/home/megan/magic/ros2_ws/install/control_msgs:${AMENT_PREFIX_PATH} CMAKE_PREFIX_PATH=/home/megan/magic/ros2_ws/install/hardware_interface_testing:/home/megan/magic/ros2_ws/install/controller_interface:/home/megan/magic/ros2_ws/install/hardware_interface:/home/megan/magic/ros2_ws/install/ros2_control_test_assets:/home/megan/magic/ros2_ws/install/controller_manager_msgs:/home/megan/magic/ros2_ws/install/control_msgs:/opt/ros/humble LD_LIBRARY_PATH=/home/megan/magic/ros2_ws/install/hardware_interface_testing/lib:/home/megan/magic/ros2_ws/install/controller_interface/lib:/home/megan/magic/ros2_ws/install/hardware_interface/lib:/home/megan/magic/ros2_ws/install/controller_manager_msgs/lib:/home/megan/magic/ros2_ws/install/control_msgs/lib:${LD_LIBRARY_PATH} PYTHONPATH=/home/megan/magic/ros2_ws/install/controller_manager_msgs/lib/python3.10/site-packages:/home/megan/magic/ros2_ws/install/control_msgs/lib/python3.10/site-packages:${PYTHONPATH} VIRTUAL_ENV_PROMPT=(magic) /usr/bin/cmake --build /home/megan/magic/ros2_ws/build/controller_manager -- -j20 -l20
[2.191s] [  2%] [32mBuilding CXX object gmock/CMakeFiles/gmock.dir/src/gmock-all.cc.o[0m
[2.191s] [  5%] [32mBuilding CXX object gmock/CMakeFiles/gmock_main.dir/src/gmock_main.cc.o[0m
[2.191s] [  7%] [32mBuilding CXX object gmock/CMakeFiles/gmock.dir/opt/ros/humble/src/gtest_vendor/src/gtest-all.cc.o[0m
[2.192s] [ 10%] [34m[1mGenerating controller_manager/version.h[0m
[2.198s] [ 10%] Built target ament_cmake_python_copy_controller_manager
[2.202s] [ 10%] Built target ament_cmake_python_copy_controller_manager_setup
[2.215s] [ 10%] Built target ament_generate_version_header__controller_manager
[2.235s] [ 13%] [32mBuilding CXX object CMakeFiles/controller_manager.dir/src/controller_manager.cpp.o[0m
[2.432s] running install_scripts
[2.445s] /home/megan/.pyenv/versions/3.10.15/envs/magic/lib/python3.10/site-packages/setuptools/command/install.py:34: SetuptoolsDeprecationWarning: setup.py install is deprecated. Use build and pip and other standards-based tools.
[2.445s]   warnings.warn(
[2.470s] running egg_info
[2.480s] creating controller_manager.egg-info
[2.487s] writing controller_manager.egg-info/PKG-INFO
[2.487s] writing dependency_links to controller_manager.egg-info/dependency_links.txt
[2.487s] writing entry points to controller_manager.egg-info/entry_points.txt
[2.487s] writing top-level names to controller_manager.egg-info/top_level.txt
[2.488s] writing manifest file 'controller_manager.egg-info/SOURCES.txt'
[2.501s] reading manifest file 'controller_manager.egg-info/SOURCES.txt'
[2.501s] writing manifest file 'controller_manager.egg-info/SOURCES.txt'
[2.514s] Installing hardware_spawner script to scripts
[2.514s] Installing spawner script to scripts
[2.514s] Installing unspawner script to scripts
[2.554s] [ 13%] Built target ament_cmake_python_build_controller_manager_scripts
[2.562s] running egg_info
[2.571s] writing controller_manager.egg-info/PKG-INFO
[2.571s] writing dependency_links to controller_manager.egg-info/dependency_links.txt
[2.572s] writing entry points to controller_manager.egg-info/entry_points.txt
[2.572s] writing top-level names to controller_manager.egg-info/top_level.txt
[2.592s] reading manifest file 'controller_manager.egg-info/SOURCES.txt'
[2.593s] writing manifest file 'controller_manager.egg-info/SOURCES.txt'
[2.623s] [ 13%] Built target ament_cmake_python_build_controller_manager_egg
[3.045s] [ 15%] [32m[1mLinking CXX static library libgmock_main.a[0m
[3.106s] [ 15%] Built target gmock_main
[7.757s] [ 18%] [32m[1mLinking CXX static library libgmock.a[0m
[7.836s] [ 18%] Built target gmock
[24.177s] [ 21%] [32m[1mLinking CXX shared library libcontroller_manager.so[0m
[24.422s] [ 21%] Built target controller_manager
[24.442s] [ 23%] [32mBuilding CXX object CMakeFiles/test_chainable_controller.dir/test/test_chainable_controller/test_chainable_controller.cpp.o[0m
[24.443s] [ 26%] [32mBuilding CXX object CMakeFiles/test_controller.dir/test/test_controller/test_controller.cpp.o[0m
[24.443s] [ 28%] [32mBuilding CXX object CMakeFiles/test_controller_with_interfaces.dir/test/test_controller_with_interfaces/test_controller_with_interfaces.cpp.o[0m
[24.445s] [ 31%] [32mBuilding CXX object CMakeFiles/ros2_control_node.dir/src/ros2_control_node.cpp.o[0m
[24.445s] [ 34%] [32mBuilding CXX object CMakeFiles/test_controller_failed_init.dir/test/test_controller_failed_init/test_controller_failed_init.cpp.o[0m
[24.446s] [ 36%] [32mBuilding CXX object CMakeFiles/test_hardware_spawner.dir/test/test_hardware_spawner.cpp.o[0m
[24.447s] [ 39%] [32mBuilding CXX object CMakeFiles/test_controller_manager_urdf_passing.dir/test/test_controller_manager_urdf_passing.cpp.o[0m
[27.348s] [ 42%] [32m[1mLinking CXX shared library libtest_controller.so[0m
[27.479s] [ 42%] Built target test_controller
[27.502s] [ 52%] [32mBuilding CXX object CMakeFiles/test_controller_manager_with_namespace.cpp.dir/test/test_controller_manager_with_namespace.cpp.o[0m
[27.503s] [ 52%] [32mBuilding CXX object CMakeFiles/test_hardware_management_srvs.dir/test/test_hardware_management_srvs.cpp.o[0m
[27.503s] [ 52%] [32mBuilding CXX object CMakeFiles/test_controller_manager.dir/test/test_controller_manager.cpp.o[0m
[27.503s] [ 52%] [32m[1mLinking CXX shared library libtest_controller_failed_init.so[0m
[27.505s] [ 55%] [32mBuilding CXX object CMakeFiles/test_spawner_unspawner.dir/test/test_spawner_unspawner.cpp.o[0m
[27.635s] [ 57%] [32m[1mLinking CXX shared library libtest_controller_with_interfaces.so[0m
[27.649s] [ 57%] Built target test_controller_failed_init
[27.673s] [ 60%] [32mBuilding CXX object CMakeFiles/test_load_controller.dir/test/test_load_controller.cpp.o[0m
[27.785s] [ 60%] Built target test_controller_with_interfaces
[27.808s] [ 63%] [32mBuilding CXX object CMakeFiles/test_release_interfaces.dir/test/test_release_interfaces.cpp.o[0m
[28.422s] [ 65%] [32m[1mLinking CXX executable ros2_control_node[0m
[28.613s] [ 65%] Built target ros2_control_node
[29.630s] [ 68%] [32m[1mLinking CXX executable test_controller_manager_urdf_passing[0m
[29.868s] [ 68%] Built target test_controller_manager_urdf_passing
[33.341s] [ 71%] [32m[1mLinking CXX shared library libtest_chainable_controller.so[0m
[33.535s] [ 71%] Built target test_chainable_controller
[33.561s] [ 76%] [32mBuilding CXX object CMakeFiles/test_controller_manager_srvs.dir/test/test_controller_manager_srvs.cpp.o[0m
[33.562s] [ 76%] [32mBuilding CXX object CMakeFiles/test_controllers_chaining_with_controller_manager.dir/test/test_controllers_chaining_with_controller_manager.cpp.o[0m
[34.381s] [ 78%] [32m[1mLinking CXX executable test_controller_manager_with_namespace.cpp[0m
[34.501s] [ 81%] [32m[1mLinking CXX executable test_hardware_management_srvs[0m
[34.601s] [ 81%] Built target test_controller_manager_with_namespace.cpp
[34.621s] [ 84%] [32m[1mLinking CXX executable test_hardware_spawner[0m
[34.757s] [ 86%] [32m[1mLinking CXX executable test_release_interfaces[0m
[34.823s] [ 86%] Built target test_hardware_management_srvs
[34.852s] [ 86%] Built target test_hardware_spawner
[34.996s] [ 86%] Built target test_release_interfaces
[35.689s] [ 89%] [32m[1mLinking CXX executable test_load_controller[0m
[35.909s] [ 89%] Built target test_load_controller
[36.151s] [ 92%] [32m[1mLinking CXX executable test_controller_manager[0m
[36.359s] [ 92%] Built target test_controller_manager
[36.487s] [ 94%] [32m[1mLinking CXX executable test_spawner_unspawner[0m
[36.696s] [ 94%] Built target test_spawner_unspawner
[40.180s] [ 97%] [32m[1mLinking CXX executable test_controllers_chaining_with_controller_manager[0m
[40.370s] [ 97%] Built target test_controllers_chaining_with_controller_manager
[47.040s] [100%] [32m[1mLinking CXX executable test_controller_manager_srvs[0m
[47.255s] [100%] Built target test_controller_manager_srvs
