[0.007s] Invoking command in '/home/megan/magic/ros2_ws/build/control_msgs': CMAKE_PREFIX_PATH=/opt/ros/humble VIRTUAL_ENV_PROMPT=(magic) /usr/bin/cmake --build /home/megan/magic/ros2_ws/build/control_msgs -- -j20 -l20
[0.093s] [  0%] Built target control_msgs__cpp
[0.113s] [ 13%] Built target control_msgs__rosidl_generator_c
[0.116s] [ 13%] Built target ament_cmake_python_copy_control_msgs
[0.131s] [ 25%] Built target control_msgs__rosidl_typesupport_cpp
[0.140s] [ 44%] Built target control_msgs__rosidl_typesupport_fastrtps_cpp
[0.141s] [ 50%] Built target control_msgs__rosidl_typesupport_introspection_cpp
[0.141s] [ 62%] Built target control_msgs__rosidl_typesupport_c
[0.143s] [ 74%] Built target control_msgs__rosidl_typesupport_introspection_c
[0.148s] [ 86%] Built target control_msgs__rosidl_typesupport_fastrtps_c
[0.172s] [ 86%] Built target control_msgs
[0.195s] [ 86%] Built target control_msgs__py
[0.228s] [ 97%] Built target control_msgs__rosidl_generator_py
[0.248s] [ 98%] Built target control_msgs__rosidl_typesupport_c__pyext
[0.251s] [100%] Built target control_msgs__rosidl_typesupport_introspection_c__pyext
[0.252s] [100%] Built target control_msgs__rosidl_typesupport_fastrtps_c__pyext
[0.390s] running egg_info
[0.396s] writing control_msgs.egg-info/PKG-INFO
[0.396s] writing dependency_links to control_msgs.egg-info/dependency_links.txt
[0.396s] writing top-level names to control_msgs.egg-info/top_level.txt
[0.430s] reading manifest file 'control_msgs.egg-info/SOURCES.txt'
[0.431s] writing manifest file 'control_msgs.egg-info/SOURCES.txt'
[0.460s] [100%] Built target ament_cmake_python_build_control_msgs_egg
[0.468s] Invoked command in '/home/megan/magic/ros2_ws/build/control_msgs' returned '0': CMAKE_PREFIX_PATH=/opt/ros/humble VIRTUAL_ENV_PROMPT=(magic) /usr/bin/cmake --build /home/megan/magic/ros2_ws/build/control_msgs -- -j20 -l20
[0.469s] Invoking command in '/home/megan/magic/ros2_ws/build/control_msgs': CMAKE_PREFIX_PATH=/opt/ros/humble VIRTUAL_ENV_PROMPT=(magic) /usr/bin/cmake --install /home/megan/magic/ros2_ws/build/control_msgs
[0.475s] -- Install configuration: "Release"
[0.475s] -- Up-to-date: /home/megan/magic/ros2_ws/install/control_msgs/share/ament_index/resource_index/rosidl_interfaces/control_msgs
[0.475s] -- Up-to-date: /home/megan/magic/ros2_ws/install/control_msgs/include/control_msgs/control_msgs
[0.475s] -- Up-to-date: /home/megan/magic/ros2_ws/install/control_msgs/include/control_msgs/control_msgs/action
[0.475s] -- Up-to-date: /home/megan/magic/ros2_ws/install/control_msgs/include/control_msgs/control_msgs/action/detail
[0.475s] -- Up-to-date: /home/megan/magic/ros2_ws/install/control_msgs/include/control_msgs/control_msgs/action/detail/joint_trajectory__functions.c
[0.475s] -- Up-to-date: /home/megan/magic/ros2_ws/install/control_msgs/include/control_msgs/control_msgs/action/detail/parallel_gripper_command__struct.h
[0.475s] -- Up-to-date: /home/megan/magic/ros2_ws/install/control_msgs/include/control_msgs/control_msgs/action/detail/single_joint_position__functions.h
[0.475s] -- Up-to-date: /home/megan/magic/ros2_ws/install/control_msgs/include/control_msgs/control_msgs/action/detail/joint_trajectory__struct.h
[0.475s] -- Up-to-date: /home/megan/magic/ros2_ws/install/control_msgs/include/control_msgs/control_msgs/action/detail/gripper_command__type_support.h
[0.475s] -- Up-to-date: /home/megan/magic/ros2_ws/install/control_msgs/include/control_msgs/control_msgs/action/detail/point_head__functions.c
[0.475s] -- Up-to-date: /home/megan/magic/ros2_ws/install/control_msgs/include/control_msgs/control_msgs/action/detail/joint_trajectory__functions.h
[0.475s] -- Up-to-date: /home/megan/magic/ros2_ws/install/control_msgs/include/control_msgs/control_msgs/action/detail/parallel_gripper_command__type_support.h
[0.475s] -- Up-to-date: /home/megan/magic/ros2_ws/install/control_msgs/include/control_msgs/control_msgs/action/detail/single_joint_position__functions.c
[0.475s] -- Up-to-date: /home/megan/magic/ros2_ws/install/control_msgs/include/control_msgs/control_msgs/action/detail/follow_joint_trajectory__functions.h
[0.475s] -- Up-to-date: /home/megan/magic/ros2_ws/install/control_msgs/include/control_msgs/control_msgs/action/detail/parallel_gripper_command__functions.c
[0.475s] -- Up-to-date: /home/megan/magic/ros2_ws/install/control_msgs/include/control_msgs/control_msgs/action/detail/point_head__struct.h
[0.476s] -- Up-to-date: /home/megan/magic/ros2_ws/install/control_msgs/include/control_msgs/control_msgs/action/detail/joint_trajectory__type_support.h
[0.476s] -- Up-to-date: /home/megan/magic/ros2_ws/install/control_msgs/include/control_msgs/control_msgs/action/detail/gripper_command__functions.h
[0.476s] -- Up-to-date: /home/megan/magic/ros2_ws/install/control_msgs/include/control_msgs/control_msgs/action/detail/gripper_command__struct.h
[0.476s] -- Up-to-date: /home/megan/magic/ros2_ws/install/control_msgs/include/control_msgs/control_msgs/action/detail/single_joint_position__type_support.h
[0.476s] -- Up-to-date: /home/megan/magic/ros2_ws/install/control_msgs/include/control_msgs/control_msgs/action/detail/point_head__functions.h
[0.476s] -- Up-to-date: /home/megan/magic/ros2_ws/install/control_msgs/include/control_msgs/control_msgs/action/detail/follow_joint_trajectory__struct.h
[0.476s] -- Up-to-date: /home/megan/magic/ros2_ws/install/control_msgs/include/control_msgs/control_msgs/action/detail/single_joint_position__struct.h
[0.476s] -- Up-to-date: /home/megan/magic/ros2_ws/install/control_msgs/include/control_msgs/control_msgs/action/detail/follow_joint_trajectory__functions.c
[0.476s] -- Up-to-date: /home/megan/magic/ros2_ws/install/control_msgs/include/control_msgs/control_msgs/action/detail/follow_joint_trajectory__type_support.h
[0.476s] -- Up-to-date: /home/megan/magic/ros2_ws/install/control_msgs/include/control_msgs/control_msgs/action/detail/point_head__type_support.h
[0.476s] -- Up-to-date: /home/megan/magic/ros2_ws/install/control_msgs/include/control_msgs/control_msgs/action/detail/gripper_command__functions.c
[0.476s] -- Up-to-date: /home/megan/magic/ros2_ws/install/control_msgs/include/control_msgs/control_msgs/action/detail/parallel_gripper_command__functions.h
[0.476s] -- Up-to-date: /home/megan/magic/ros2_ws/install/control_msgs/include/control_msgs/control_msgs/action/gripper_command.h
[0.476s] -- Up-to-date: /home/megan/magic/ros2_ws/install/control_msgs/include/control_msgs/control_msgs/action/single_joint_position.h
[0.476s] -- Up-to-date: /home/megan/magic/ros2_ws/install/control_msgs/include/control_msgs/control_msgs/action/parallel_gripper_command.h
[0.476s] -- Up-to-date: /home/megan/magic/ros2_ws/install/control_msgs/include/control_msgs/control_msgs/action/point_head.h
[0.476s] -- Up-to-date: /home/megan/magic/ros2_ws/install/control_msgs/include/control_msgs/control_msgs/action/follow_joint_trajectory.h
[0.476s] -- Up-to-date: /home/megan/magic/ros2_ws/install/control_msgs/include/control_msgs/control_msgs/action/joint_trajectory.h
[0.476s] -- Up-to-date: /home/megan/magic/ros2_ws/install/control_msgs/include/control_msgs/control_msgs/msg
[0.476s] -- Up-to-date: /home/megan/magic/ros2_ws/install/control_msgs/include/control_msgs/control_msgs/msg/dynamic_interface_group_values.h
[0.476s] -- Up-to-date: /home/megan/magic/ros2_ws/install/control_msgs/include/control_msgs/control_msgs/msg/steering_controller_status.h
[0.476s] -- Up-to-date: /home/megan/magic/ros2_ws/install/control_msgs/include/control_msgs/control_msgs/msg/pid_state.h
[0.476s] -- Up-to-date: /home/megan/magic/ros2_ws/install/control_msgs/include/control_msgs/control_msgs/msg/multi_dof_state_stamped.h
[0.476s] -- Up-to-date: /home/megan/magic/ros2_ws/install/control_msgs/include/control_msgs/control_msgs/msg/detail
[0.476s] -- Up-to-date: /home/megan/magic/ros2_ws/install/control_msgs/include/control_msgs/control_msgs/msg/detail/admittance_controller_state__functions.h
[0.477s] -- Up-to-date: /home/megan/magic/ros2_ws/install/control_msgs/include/control_msgs/control_msgs/msg/detail/mecanum_drive_controller_state__type_support.h
[0.477s] -- Up-to-date: /home/megan/magic/ros2_ws/install/control_msgs/include/control_msgs/control_msgs/msg/detail/joint_jog__functions.h
[0.477s] -- Up-to-date: /home/megan/magic/ros2_ws/install/control_msgs/include/control_msgs/control_msgs/msg/detail/single_dof_state__functions.c
[0.477s] -- Up-to-date: /home/megan/magic/ros2_ws/install/control_msgs/include/control_msgs/control_msgs/msg/detail/pid_state__functions.c
[0.477s] -- Up-to-date: /home/megan/magic/ros2_ws/install/control_msgs/include/control_msgs/control_msgs/msg/detail/steering_controller_status__struct.h
[0.477s] -- Up-to-date: /home/megan/magic/ros2_ws/install/control_msgs/include/control_msgs/control_msgs/msg/detail/pid_state__type_support.h
[0.477s] -- Up-to-date: /home/megan/magic/ros2_ws/install/control_msgs/include/control_msgs/control_msgs/msg/detail/multi_dof_state_stamped__type_support.h
[0.477s] -- Up-to-date: /home/megan/magic/ros2_ws/install/control_msgs/include/control_msgs/control_msgs/msg/detail/interface_value__functions.h
[0.477s] -- Up-to-date: /home/megan/magic/ros2_ws/install/control_msgs/include/control_msgs/control_msgs/msg/detail/single_dof_state__type_support.h
[0.477s] -- Up-to-date: /home/megan/magic/ros2_ws/install/control_msgs/include/control_msgs/control_msgs/msg/detail/interface_value__type_support.h
[0.477s] -- Up-to-date: /home/megan/magic/ros2_ws/install/control_msgs/include/control_msgs/control_msgs/msg/detail/mecanum_drive_controller_state__struct.h
[0.477s] -- Up-to-date: /home/megan/magic/ros2_ws/install/control_msgs/include/control_msgs/control_msgs/msg/detail/single_dof_state__functions.h
[0.477s] -- Up-to-date: /home/megan/magic/ros2_ws/install/control_msgs/include/control_msgs/control_msgs/msg/detail/steering_controller_status__functions.c
[0.477s] -- Up-to-date: /home/megan/magic/ros2_ws/install/control_msgs/include/control_msgs/control_msgs/msg/detail/joint_component_tolerance__functions.c
[0.477s] -- Up-to-date: /home/megan/magic/ros2_ws/install/control_msgs/include/control_msgs/control_msgs/msg/detail/joint_jog__struct.h
[0.477s] -- Up-to-date: /home/megan/magic/ros2_ws/install/control_msgs/include/control_msgs/control_msgs/msg/detail/gripper_command__type_support.h
[0.477s] -- Up-to-date: /home/megan/magic/ros2_ws/install/control_msgs/include/control_msgs/control_msgs/msg/detail/mecanum_drive_controller_state__functions.c
[0.477s] -- Up-to-date: /home/megan/magic/ros2_ws/install/control_msgs/include/control_msgs/control_msgs/msg/detail/dynamic_interface_group_values__functions.h
[0.477s] -- Up-to-date: /home/megan/magic/ros2_ws/install/control_msgs/include/control_msgs/control_msgs/msg/detail/joint_trajectory_controller_state__struct.h
[0.477s] -- Up-to-date: /home/megan/magic/ros2_ws/install/control_msgs/include/control_msgs/control_msgs/msg/detail/interface_value__functions.c
[0.477s] -- Up-to-date: /home/megan/magic/ros2_ws/install/control_msgs/include/control_msgs/control_msgs/msg/detail/multi_dof_command__functions.c
[0.477s] -- Up-to-date: /home/megan/magic/ros2_ws/install/control_msgs/include/control_msgs/control_msgs/msg/detail/pid_state__struct.h
[0.477s] -- Up-to-date: /home/megan/magic/ros2_ws/install/control_msgs/include/control_msgs/control_msgs/msg/detail/pid_state__functions.h
[0.477s] -- Up-to-date: /home/megan/magic/ros2_ws/install/control_msgs/include/control_msgs/control_msgs/msg/detail/single_dof_state_stamped__type_support.h
[0.477s] -- Up-to-date: /home/megan/magic/ros2_ws/install/control_msgs/include/control_msgs/control_msgs/msg/detail/interface_value__struct.h
[0.477s] -- Up-to-date: /home/megan/magic/ros2_ws/install/control_msgs/include/control_msgs/control_msgs/msg/detail/joint_controller_state__functions.h
[0.477s] -- Up-to-date: /home/megan/magic/ros2_ws/install/control_msgs/include/control_msgs/control_msgs/msg/detail/joint_controller_state__type_support.h
[0.477s] -- Up-to-date: /home/megan/magic/ros2_ws/install/control_msgs/include/control_msgs/control_msgs/msg/detail/joint_trajectory_controller_state__functions.c
[0.477s] -- Up-to-date: /home/megan/magic/ros2_ws/install/control_msgs/include/control_msgs/control_msgs/msg/detail/single_dof_state__struct.h
[0.478s] -- Up-to-date: /home/megan/magic/ros2_ws/install/control_msgs/include/control_msgs/control_msgs/msg/detail/multi_dof_command__functions.h
[0.478s] -- Up-to-date: /home/megan/magic/ros2_ws/install/control_msgs/include/control_msgs/control_msgs/msg/detail/joint_component_tolerance__functions.h
[0.478s] -- Up-to-date: /home/megan/magic/ros2_ws/install/control_msgs/include/control_msgs/control_msgs/msg/detail/joint_jog__functions.c
[0.478s] -- Up-to-date: /home/megan/magic/ros2_ws/install/control_msgs/include/control_msgs/control_msgs/msg/detail/single_dof_state_stamped__functions.h
[0.478s] -- Up-to-date: /home/megan/magic/ros2_ws/install/control_msgs/include/control_msgs/control_msgs/msg/detail/dynamic_interface_group_values__type_support.h
[0.478s] -- Up-to-date: /home/megan/magic/ros2_ws/install/control_msgs/include/control_msgs/control_msgs/msg/detail/dynamic_joint_state__functions.h
[0.478s] -- Up-to-date: /home/megan/magic/ros2_ws/install/control_msgs/include/control_msgs/control_msgs/msg/detail/joint_jog__type_support.h
[0.478s] -- Up-to-date: /home/megan/magic/ros2_ws/install/control_msgs/include/control_msgs/control_msgs/msg/detail/mecanum_drive_controller_state__functions.h
[0.478s] -- Up-to-date: /home/megan/magic/ros2_ws/install/control_msgs/include/control_msgs/control_msgs/msg/detail/joint_tolerance__functions.c
[0.478s] -- Up-to-date: /home/megan/magic/ros2_ws/install/control_msgs/include/control_msgs/control_msgs/msg/detail/dynamic_interface_group_values__functions.c
[0.478s] -- Up-to-date: /home/megan/magic/ros2_ws/install/control_msgs/include/control_msgs/control_msgs/msg/detail/single_dof_state_stamped__functions.c
[0.478s] -- Up-to-date: /home/megan/magic/ros2_ws/install/control_msgs/include/control_msgs/control_msgs/msg/detail/joint_tolerance__functions.h
[0.478s] -- Up-to-date: /home/megan/magic/ros2_ws/install/control_msgs/include/control_msgs/control_msgs/msg/detail/admittance_controller_state__type_support.h
[0.478s] -- Up-to-date: /home/megan/magic/ros2_ws/install/control_msgs/include/control_msgs/control_msgs/msg/detail/dynamic_interface_group_values__struct.h
[0.478s] -- Up-to-date: /home/megan/magic/ros2_ws/install/control_msgs/include/control_msgs/control_msgs/msg/detail/dynamic_joint_state__type_support.h
[0.478s] -- Up-to-date: /home/megan/magic/ros2_ws/install/control_msgs/include/control_msgs/control_msgs/msg/detail/steering_controller_status__functions.h
[0.478s] -- Up-to-date: /home/megan/magic/ros2_ws/install/control_msgs/include/control_msgs/control_msgs/msg/detail/gripper_command__functions.h
[0.478s] -- Up-to-date: /home/megan/magic/ros2_ws/install/control_msgs/include/control_msgs/control_msgs/msg/detail/dynamic_joint_state__struct.h
[0.478s] -- Up-to-date: /home/megan/magic/ros2_ws/install/control_msgs/include/control_msgs/control_msgs/msg/detail/multi_dof_state_stamped__struct.h
[0.478s] -- Up-to-date: /home/megan/magic/ros2_ws/install/control_msgs/include/control_msgs/control_msgs/msg/detail/admittance_controller_state__functions.c
[0.478s] -- Up-to-date: /home/megan/magic/ros2_ws/install/control_msgs/include/control_msgs/control_msgs/msg/detail/gripper_command__struct.h
[0.478s] -- Up-to-date: /home/megan/magic/ros2_ws/install/control_msgs/include/control_msgs/control_msgs/msg/detail/joint_controller_state__functions.c
[0.478s] -- Up-to-date: /home/megan/magic/ros2_ws/install/control_msgs/include/control_msgs/control_msgs/msg/detail/multi_dof_command__struct.h
[0.478s] -- Up-to-date: /home/megan/magic/ros2_ws/install/control_msgs/include/control_msgs/control_msgs/msg/detail/steering_controller_status__type_support.h
[0.478s] -- Up-to-date: /home/megan/magic/ros2_ws/install/control_msgs/include/control_msgs/control_msgs/msg/detail/joint_tolerance__type_support.h
[0.478s] -- Up-to-date: /home/megan/magic/ros2_ws/install/control_msgs/include/control_msgs/control_msgs/msg/detail/joint_controller_state__struct.h
[0.478s] -- Up-to-date: /home/megan/magic/ros2_ws/install/control_msgs/include/control_msgs/control_msgs/msg/detail/joint_component_tolerance__struct.h
[0.479s] -- Up-to-date: /home/megan/magic/ros2_ws/install/control_msgs/include/control_msgs/control_msgs/msg/detail/joint_tolerance__struct.h
[0.479s] -- Up-to-date: /home/megan/magic/ros2_ws/install/control_msgs/include/control_msgs/control_msgs/msg/detail/multi_dof_state_stamped__functions.h
[0.479s] -- Up-to-date: /home/megan/magic/ros2_ws/install/control_msgs/include/control_msgs/control_msgs/msg/detail/joint_trajectory_controller_state__type_support.h
[0.479s] -- Up-to-date: /home/megan/magic/ros2_ws/install/control_msgs/include/control_msgs/control_msgs/msg/detail/multi_dof_state_stamped__functions.c
[0.479s] -- Up-to-date: /home/megan/magic/ros2_ws/install/control_msgs/include/control_msgs/control_msgs/msg/detail/admittance_controller_state__struct.h
[0.479s] -- Up-to-date: /home/megan/magic/ros2_ws/install/control_msgs/include/control_msgs/control_msgs/msg/detail/dynamic_joint_state__functions.c
[0.479s] -- Up-to-date: /home/megan/magic/ros2_ws/install/control_msgs/include/control_msgs/control_msgs/msg/detail/multi_dof_command__type_support.h
[0.479s] -- Up-to-date: /home/megan/magic/ros2_ws/install/control_msgs/include/control_msgs/control_msgs/msg/detail/joint_trajectory_controller_state__functions.h
[0.479s] -- Up-to-date: /home/megan/magic/ros2_ws/install/control_msgs/include/control_msgs/control_msgs/msg/detail/single_dof_state_stamped__struct.h
[0.479s] -- Up-to-date: /home/megan/magic/ros2_ws/install/control_msgs/include/control_msgs/control_msgs/msg/detail/gripper_command__functions.c
[0.479s] -- Up-to-date: /home/megan/magic/ros2_ws/install/control_msgs/include/control_msgs/control_msgs/msg/detail/joint_component_tolerance__type_support.h
[0.479s] -- Up-to-date: /home/megan/magic/ros2_ws/install/control_msgs/include/control_msgs/control_msgs/msg/interface_value.h
[0.479s] -- Up-to-date: /home/megan/magic/ros2_ws/install/control_msgs/include/control_msgs/control_msgs/msg/gripper_command.h
[0.479s] -- Up-to-date: /home/megan/magic/ros2_ws/install/control_msgs/include/control_msgs/control_msgs/msg/joint_component_tolerance.h
[0.479s] -- Up-to-date: /home/megan/magic/ros2_ws/install/control_msgs/include/control_msgs/control_msgs/msg/joint_controller_state.h
[0.479s] -- Up-to-date: /home/megan/magic/ros2_ws/install/control_msgs/include/control_msgs/control_msgs/msg/dynamic_joint_state.h
[0.479s] -- Up-to-date: /home/megan/magic/ros2_ws/install/control_msgs/include/control_msgs/control_msgs/msg/joint_jog.h
[0.479s] -- Up-to-date: /home/megan/magic/ros2_ws/install/control_msgs/include/control_msgs/control_msgs/msg/single_dof_state_stamped.h
[0.479s] -- Up-to-date: /home/megan/magic/ros2_ws/install/control_msgs/include/control_msgs/control_msgs/msg/single_dof_state.h
[0.479s] -- Up-to-date: /home/megan/magic/ros2_ws/install/control_msgs/include/control_msgs/control_msgs/msg/multi_dof_command.h
[0.479s] -- Up-to-date: /home/megan/magic/ros2_ws/install/control_msgs/include/control_msgs/control_msgs/msg/mecanum_drive_controller_state.h
[0.479s] -- Up-to-date: /home/megan/magic/ros2_ws/install/control_msgs/include/control_msgs/control_msgs/msg/joint_tolerance.h
[0.479s] -- Up-to-date: /home/megan/magic/ros2_ws/install/control_msgs/include/control_msgs/control_msgs/msg/joint_trajectory_controller_state.h
[0.479s] -- Up-to-date: /home/megan/magic/ros2_ws/install/control_msgs/include/control_msgs/control_msgs/msg/rosidl_generator_c__visibility_control.h
[0.479s] -- Up-to-date: /home/megan/magic/ros2_ws/install/control_msgs/include/control_msgs/control_msgs/msg/admittance_controller_state.h
[0.479s] -- Up-to-date: /home/megan/magic/ros2_ws/install/control_msgs/include/control_msgs/control_msgs/srv
[0.479s] -- Up-to-date: /home/megan/magic/ros2_ws/install/control_msgs/include/control_msgs/control_msgs/srv/detail
[0.480s] -- Up-to-date: /home/megan/magic/ros2_ws/install/control_msgs/include/control_msgs/control_msgs/srv/detail/query_calibration_state__struct.h
[0.480s] -- Up-to-date: /home/megan/magic/ros2_ws/install/control_msgs/include/control_msgs/control_msgs/srv/detail/query_trajectory_state__type_support.h
[0.480s] -- Up-to-date: /home/megan/magic/ros2_ws/install/control_msgs/include/control_msgs/control_msgs/srv/detail/query_trajectory_state__functions.h
[0.480s] -- Up-to-date: /home/megan/magic/ros2_ws/install/control_msgs/include/control_msgs/control_msgs/srv/detail/query_trajectory_state__functions.c
[0.480s] -- Up-to-date: /home/megan/magic/ros2_ws/install/control_msgs/include/control_msgs/control_msgs/srv/detail/query_trajectory_state__struct.h
[0.480s] -- Up-to-date: /home/megan/magic/ros2_ws/install/control_msgs/include/control_msgs/control_msgs/srv/detail/query_calibration_state__functions.c
[0.480s] -- Up-to-date: /home/megan/magic/ros2_ws/install/control_msgs/include/control_msgs/control_msgs/srv/detail/query_calibration_state__functions.h
[0.480s] -- Up-to-date: /home/megan/magic/ros2_ws/install/control_msgs/include/control_msgs/control_msgs/srv/detail/query_calibration_state__type_support.h
[0.480s] -- Up-to-date: /home/megan/magic/ros2_ws/install/control_msgs/include/control_msgs/control_msgs/srv/query_calibration_state.h
[0.480s] -- Up-to-date: /home/megan/magic/ros2_ws/install/control_msgs/include/control_msgs/control_msgs/srv/query_trajectory_state.h
[0.480s] -- Up-to-date: /home/megan/magic/ros2_ws/install/control_msgs/share/control_msgs/environment/library_path.sh
[0.480s] -- Up-to-date: /home/megan/magic/ros2_ws/install/control_msgs/share/control_msgs/environment/library_path.dsv
[0.480s] -- Up-to-date: /home/megan/magic/ros2_ws/install/control_msgs/lib/libcontrol_msgs__rosidl_generator_c.so
[0.480s] -- Up-to-date: /home/megan/magic/ros2_ws/install/control_msgs/include/control_msgs/control_msgs
[0.480s] -- Up-to-date: /home/megan/magic/ros2_ws/install/control_msgs/include/control_msgs/control_msgs/action
[0.480s] -- Up-to-date: /home/megan/magic/ros2_ws/install/control_msgs/include/control_msgs/control_msgs/action/detail
[0.480s] -- Up-to-date: /home/megan/magic/ros2_ws/install/control_msgs/include/control_msgs/control_msgs/action/detail/follow_joint_trajectory__rosidl_typesupport_fastrtps_c.h
[0.480s] -- Up-to-date: /home/megan/magic/ros2_ws/install/control_msgs/include/control_msgs/control_msgs/action/detail/joint_trajectory__rosidl_typesupport_fastrtps_c.h
[0.480s] -- Up-to-date: /home/megan/magic/ros2_ws/install/control_msgs/include/control_msgs/control_msgs/action/detail/parallel_gripper_command__rosidl_typesupport_fastrtps_c.h
[0.480s] -- Up-to-date: /home/megan/magic/ros2_ws/install/control_msgs/include/control_msgs/control_msgs/action/detail/gripper_command__rosidl_typesupport_fastrtps_c.h
[0.480s] -- Up-to-date: /home/megan/magic/ros2_ws/install/control_msgs/include/control_msgs/control_msgs/action/detail/point_head__rosidl_typesupport_fastrtps_c.h
[0.480s] -- Up-to-date: /home/megan/magic/ros2_ws/install/control_msgs/include/control_msgs/control_msgs/action/detail/single_joint_position__rosidl_typesupport_fastrtps_c.h
[0.480s] -- Up-to-date: /home/megan/magic/ros2_ws/install/control_msgs/include/control_msgs/control_msgs/msg
[0.480s] -- Up-to-date: /home/megan/magic/ros2_ws/install/control_msgs/include/control_msgs/control_msgs/msg/detail
[0.480s] -- Up-to-date: /home/megan/magic/ros2_ws/install/control_msgs/include/control_msgs/control_msgs/msg/detail/joint_controller_state__rosidl_typesupport_fastrtps_c.h
[0.480s] -- Up-to-date: /home/megan/magic/ros2_ws/install/control_msgs/include/control_msgs/control_msgs/msg/detail/single_dof_state__rosidl_typesupport_fastrtps_c.h
[0.481s] -- Up-to-date: /home/megan/magic/ros2_ws/install/control_msgs/include/control_msgs/control_msgs/msg/detail/steering_controller_status__rosidl_typesupport_fastrtps_c.h
[0.481s] -- Up-to-date: /home/megan/magic/ros2_ws/install/control_msgs/include/control_msgs/control_msgs/msg/detail/admittance_controller_state__rosidl_typesupport_fastrtps_c.h
[0.481s] -- Up-to-date: /home/megan/magic/ros2_ws/install/control_msgs/include/control_msgs/control_msgs/msg/detail/interface_value__rosidl_typesupport_fastrtps_c.h
[0.481s] -- Up-to-date: /home/megan/magic/ros2_ws/install/control_msgs/include/control_msgs/control_msgs/msg/detail/joint_tolerance__rosidl_typesupport_fastrtps_c.h
[0.481s] -- Up-to-date: /home/megan/magic/ros2_ws/install/control_msgs/include/control_msgs/control_msgs/msg/detail/multi_dof_command__rosidl_typesupport_fastrtps_c.h
[0.482s] -- Up-to-date: /home/megan/magic/ros2_ws/install/control_msgs/include/control_msgs/control_msgs/msg/detail/mecanum_drive_controller_state__rosidl_typesupport_fastrtps_c.h
[0.482s] -- Up-to-date: /home/megan/magic/ros2_ws/install/control_msgs/include/control_msgs/control_msgs/msg/detail/single_dof_state_stamped__rosidl_typesupport_fastrtps_c.h
[0.482s] -- Up-to-date: /home/megan/magic/ros2_ws/install/control_msgs/include/control_msgs/control_msgs/msg/detail/joint_trajectory_controller_state__rosidl_typesupport_fastrtps_c.h
[0.482s] -- Up-to-date: /home/megan/magic/ros2_ws/install/control_msgs/include/control_msgs/control_msgs/msg/detail/gripper_command__rosidl_typesupport_fastrtps_c.h
[0.482s] -- Up-to-date: /home/megan/magic/ros2_ws/install/control_msgs/include/control_msgs/control_msgs/msg/detail/dynamic_interface_group_values__rosidl_typesupport_fastrtps_c.h
[0.482s] -- Up-to-date: /home/megan/magic/ros2_ws/install/control_msgs/include/control_msgs/control_msgs/msg/detail/joint_component_tolerance__rosidl_typesupport_fastrtps_c.h
[0.482s] -- Up-to-date: /home/megan/magic/ros2_ws/install/control_msgs/include/control_msgs/control_msgs/msg/detail/multi_dof_state_stamped__rosidl_typesupport_fastrtps_c.h
[0.482s] -- Up-to-date: /home/megan/magic/ros2_ws/install/control_msgs/include/control_msgs/control_msgs/msg/detail/pid_state__rosidl_typesupport_fastrtps_c.h
[0.482s] -- Up-to-date: /home/megan/magic/ros2_ws/install/control_msgs/include/control_msgs/control_msgs/msg/detail/dynamic_joint_state__rosidl_typesupport_fastrtps_c.h
[0.482s] -- Up-to-date: /home/megan/magic/ros2_ws/install/control_msgs/include/control_msgs/control_msgs/msg/detail/joint_jog__rosidl_typesupport_fastrtps_c.h
[0.482s] -- Up-to-date: /home/megan/magic/ros2_ws/install/control_msgs/include/control_msgs/control_msgs/msg/rosidl_typesupport_fastrtps_c__visibility_control.h
[0.482s] -- Up-to-date: /home/megan/magic/ros2_ws/install/control_msgs/include/control_msgs/control_msgs/srv
[0.482s] -- Up-to-date: /home/megan/magic/ros2_ws/install/control_msgs/include/control_msgs/control_msgs/srv/detail
[0.482s] -- Up-to-date: /home/megan/magic/ros2_ws/install/control_msgs/include/control_msgs/control_msgs/srv/detail/query_trajectory_state__rosidl_typesupport_fastrtps_c.h
[0.482s] -- Up-to-date: /home/megan/magic/ros2_ws/install/control_msgs/include/control_msgs/control_msgs/srv/detail/query_calibration_state__rosidl_typesupport_fastrtps_c.h
[0.482s] -- Up-to-date: /home/megan/magic/ros2_ws/install/control_msgs/lib/libcontrol_msgs__rosidl_typesupport_fastrtps_c.so
[0.482s] -- Up-to-date: /home/megan/magic/ros2_ws/install/control_msgs/include/control_msgs/control_msgs
[0.482s] -- Up-to-date: /home/megan/magic/ros2_ws/install/control_msgs/include/control_msgs/control_msgs/action
[0.482s] -- Up-to-date: /home/megan/magic/ros2_ws/install/control_msgs/include/control_msgs/control_msgs/action/follow_joint_trajectory.hpp
[0.482s] -- Up-to-date: /home/megan/magic/ros2_ws/install/control_msgs/include/control_msgs/control_msgs/action/detail
[0.482s] -- Up-to-date: /home/megan/magic/ros2_ws/install/control_msgs/include/control_msgs/control_msgs/action/detail/follow_joint_trajectory__struct.hpp
[0.482s] -- Up-to-date: /home/megan/magic/ros2_ws/install/control_msgs/include/control_msgs/control_msgs/action/detail/parallel_gripper_command__type_support.hpp
[0.482s] -- Up-to-date: /home/megan/magic/ros2_ws/install/control_msgs/include/control_msgs/control_msgs/action/detail/point_head__type_support.hpp
[0.482s] -- Up-to-date: /home/megan/magic/ros2_ws/install/control_msgs/include/control_msgs/control_msgs/action/detail/gripper_command__type_support.hpp
[0.482s] -- Up-to-date: /home/megan/magic/ros2_ws/install/control_msgs/include/control_msgs/control_msgs/action/detail/parallel_gripper_command__builder.hpp
[0.482s] -- Up-to-date: /home/megan/magic/ros2_ws/install/control_msgs/include/control_msgs/control_msgs/action/detail/follow_joint_trajectory__type_support.hpp
[0.483s] -- Up-to-date: /home/megan/magic/ros2_ws/install/control_msgs/include/control_msgs/control_msgs/action/detail/joint_trajectory__struct.hpp
[0.483s] -- Up-to-date: /home/megan/magic/ros2_ws/install/control_msgs/include/control_msgs/control_msgs/action/detail/gripper_command__builder.hpp
[0.483s] -- Up-to-date: /home/megan/magic/ros2_ws/install/control_msgs/include/control_msgs/control_msgs/action/detail/parallel_gripper_command__struct.hpp
[0.483s] -- Up-to-date: /home/megan/magic/ros2_ws/install/control_msgs/include/control_msgs/control_msgs/action/detail/joint_trajectory__builder.hpp
[0.483s] -- Up-to-date: /home/megan/magic/ros2_ws/install/control_msgs/include/control_msgs/control_msgs/action/detail/follow_joint_trajectory__traits.hpp
[0.483s] -- Up-to-date: /home/megan/magic/ros2_ws/install/control_msgs/include/control_msgs/control_msgs/action/detail/point_head__struct.hpp
[0.483s] -- Up-to-date: /home/megan/magic/ros2_ws/install/control_msgs/include/control_msgs/control_msgs/action/detail/single_joint_position__struct.hpp
[0.483s] -- Up-to-date: /home/megan/magic/ros2_ws/install/control_msgs/include/control_msgs/control_msgs/action/detail/joint_trajectory__type_support.hpp
[0.483s] -- Up-to-date: /home/megan/magic/ros2_ws/install/control_msgs/include/control_msgs/control_msgs/action/detail/single_joint_position__traits.hpp
[0.483s] -- Up-to-date: /home/megan/magic/ros2_ws/install/control_msgs/include/control_msgs/control_msgs/action/detail/single_joint_position__builder.hpp
[0.483s] -- Up-to-date: /home/megan/magic/ros2_ws/install/control_msgs/include/control_msgs/control_msgs/action/detail/gripper_command__struct.hpp
[0.483s] -- Up-to-date: /home/megan/magic/ros2_ws/install/control_msgs/include/control_msgs/control_msgs/action/detail/gripper_command__traits.hpp
[0.483s] -- Up-to-date: /home/megan/magic/ros2_ws/install/control_msgs/include/control_msgs/control_msgs/action/detail/single_joint_position__type_support.hpp
[0.483s] -- Up-to-date: /home/megan/magic/ros2_ws/install/control_msgs/include/control_msgs/control_msgs/action/detail/joint_trajectory__traits.hpp
[0.483s] -- Up-to-date: /home/megan/magic/ros2_ws/install/control_msgs/include/control_msgs/control_msgs/action/detail/point_head__traits.hpp
[0.483s] -- Up-to-date: /home/megan/magic/ros2_ws/install/control_msgs/include/control_msgs/control_msgs/action/detail/point_head__builder.hpp
[0.483s] -- Up-to-date: /home/megan/magic/ros2_ws/install/control_msgs/include/control_msgs/control_msgs/action/detail/parallel_gripper_command__traits.hpp
[0.483s] -- Up-to-date: /home/megan/magic/ros2_ws/install/control_msgs/include/control_msgs/control_msgs/action/detail/follow_joint_trajectory__builder.hpp
[0.483s] -- Up-to-date: /home/megan/magic/ros2_ws/install/control_msgs/include/control_msgs/control_msgs/action/joint_trajectory.hpp
[0.483s] -- Up-to-date: /home/megan/magic/ros2_ws/install/control_msgs/include/control_msgs/control_msgs/action/point_head.hpp
[0.483s] -- Up-to-date: /home/megan/magic/ros2_ws/install/control_msgs/include/control_msgs/control_msgs/action/gripper_command.hpp
[0.483s] -- Up-to-date: /home/megan/magic/ros2_ws/install/control_msgs/include/control_msgs/control_msgs/action/parallel_gripper_command.hpp
[0.483s] -- Up-to-date: /home/megan/magic/ros2_ws/install/control_msgs/include/control_msgs/control_msgs/action/single_joint_position.hpp
[0.483s] -- Up-to-date: /home/megan/magic/ros2_ws/install/control_msgs/include/control_msgs/control_msgs/msg
[0.483s] -- Up-to-date: /home/megan/magic/ros2_ws/install/control_msgs/include/control_msgs/control_msgs/msg/single_dof_state_stamped.hpp
[0.483s] -- Up-to-date: /home/megan/magic/ros2_ws/install/control_msgs/include/control_msgs/control_msgs/msg/admittance_controller_state.hpp
[0.483s] -- Up-to-date: /home/megan/magic/ros2_ws/install/control_msgs/include/control_msgs/control_msgs/msg/steering_controller_status.hpp
[0.484s] -- Up-to-date: /home/megan/magic/ros2_ws/install/control_msgs/include/control_msgs/control_msgs/msg/joint_tolerance.hpp
[0.484s] -- Up-to-date: /home/megan/magic/ros2_ws/install/control_msgs/include/control_msgs/control_msgs/msg/dynamic_interface_group_values.hpp
[0.484s] -- Up-to-date: /home/megan/magic/ros2_ws/install/control_msgs/include/control_msgs/control_msgs/msg/joint_trajectory_controller_state.hpp
[0.484s] -- Up-to-date: /home/megan/magic/ros2_ws/install/control_msgs/include/control_msgs/control_msgs/msg/detail
[0.484s] -- Up-to-date: /home/megan/magic/ros2_ws/install/control_msgs/include/control_msgs/control_msgs/msg/detail/single_dof_state_stamped__traits.hpp
[0.484s] -- Up-to-date: /home/megan/magic/ros2_ws/install/control_msgs/include/control_msgs/control_msgs/msg/detail/admittance_controller_state__builder.hpp
[0.484s] -- Up-to-date: /home/megan/magic/ros2_ws/install/control_msgs/include/control_msgs/control_msgs/msg/detail/joint_controller_state__traits.hpp
[0.484s] -- Up-to-date: /home/megan/magic/ros2_ws/install/control_msgs/include/control_msgs/control_msgs/msg/detail/admittance_controller_state__traits.hpp
[0.484s] -- Up-to-date: /home/megan/magic/ros2_ws/install/control_msgs/include/control_msgs/control_msgs/msg/detail/gripper_command__type_support.hpp
[0.484s] -- Up-to-date: /home/megan/magic/ros2_ws/install/control_msgs/include/control_msgs/control_msgs/msg/detail/interface_value__builder.hpp
[0.484s] -- Up-to-date: /home/megan/magic/ros2_ws/install/control_msgs/include/control_msgs/control_msgs/msg/detail/single_dof_state__traits.hpp
[0.484s] -- Up-to-date: /home/megan/magic/ros2_ws/install/control_msgs/include/control_msgs/control_msgs/msg/detail/joint_jog__traits.hpp
[0.484s] -- Up-to-date: /home/megan/magic/ros2_ws/install/control_msgs/include/control_msgs/control_msgs/msg/detail/steering_controller_status__builder.hpp
[0.484s] -- Up-to-date: /home/megan/magic/ros2_ws/install/control_msgs/include/control_msgs/control_msgs/msg/detail/steering_controller_status__traits.hpp
[0.484s] -- Up-to-date: /home/megan/magic/ros2_ws/install/control_msgs/include/control_msgs/control_msgs/msg/detail/joint_jog__type_support.hpp
[0.484s] -- Up-to-date: /home/megan/magic/ros2_ws/install/control_msgs/include/control_msgs/control_msgs/msg/detail/multi_dof_state_stamped__builder.hpp
[0.484s] -- Up-to-date: /home/megan/magic/ros2_ws/install/control_msgs/include/control_msgs/control_msgs/msg/detail/joint_controller_state__type_support.hpp
[0.484s] -- Up-to-date: /home/megan/magic/ros2_ws/install/control_msgs/include/control_msgs/control_msgs/msg/detail/pid_state__traits.hpp
[0.484s] -- Up-to-date: /home/megan/magic/ros2_ws/install/control_msgs/include/control_msgs/control_msgs/msg/detail/multi_dof_state_stamped__type_support.hpp
[0.484s] -- Up-to-date: /home/megan/magic/ros2_ws/install/control_msgs/include/control_msgs/control_msgs/msg/detail/dynamic_joint_state__type_support.hpp
[0.484s] -- Up-to-date: /home/megan/magic/ros2_ws/install/control_msgs/include/control_msgs/control_msgs/msg/detail/gripper_command__builder.hpp
[0.484s] -- Up-to-date: /home/megan/magic/ros2_ws/install/control_msgs/include/control_msgs/control_msgs/msg/detail/single_dof_state__type_support.hpp
[0.484s] -- Up-to-date: /home/megan/magic/ros2_ws/install/control_msgs/include/control_msgs/control_msgs/msg/detail/dynamic_joint_state__traits.hpp
[0.484s] -- Up-to-date: /home/megan/magic/ros2_ws/install/control_msgs/include/control_msgs/control_msgs/msg/detail/admittance_controller_state__type_support.hpp
[0.484s] -- Up-to-date: /home/megan/magic/ros2_ws/install/control_msgs/include/control_msgs/control_msgs/msg/detail/joint_jog__struct.hpp
[0.484s] -- Up-to-date: /home/megan/magic/ros2_ws/install/control_msgs/include/control_msgs/control_msgs/msg/detail/pid_state__builder.hpp
[0.484s] -- Up-to-date: /home/megan/magic/ros2_ws/install/control_msgs/include/control_msgs/control_msgs/msg/detail/multi_dof_state_stamped__struct.hpp
[0.484s] -- Up-to-date: /home/megan/magic/ros2_ws/install/control_msgs/include/control_msgs/control_msgs/msg/detail/dynamic_interface_group_values__traits.hpp
[0.484s] -- Up-to-date: /home/megan/magic/ros2_ws/install/control_msgs/include/control_msgs/control_msgs/msg/detail/joint_trajectory_controller_state__builder.hpp
[0.485s] -- Up-to-date: /home/megan/magic/ros2_ws/install/control_msgs/include/control_msgs/control_msgs/msg/detail/pid_state__type_support.hpp
[0.485s] -- Up-to-date: /home/megan/magic/ros2_ws/install/control_msgs/include/control_msgs/control_msgs/msg/detail/single_dof_state_stamped__struct.hpp
[0.485s] -- Up-to-date: /home/megan/magic/ros2_ws/install/control_msgs/include/control_msgs/control_msgs/msg/detail/joint_component_tolerance__type_support.hpp
[0.485s] -- Up-to-date: /home/megan/magic/ros2_ws/install/control_msgs/include/control_msgs/control_msgs/msg/detail/multi_dof_command__builder.hpp
[0.485s] -- Up-to-date: /home/megan/magic/ros2_ws/install/control_msgs/include/control_msgs/control_msgs/msg/detail/mecanum_drive_controller_state__type_support.hpp
[0.485s] -- Up-to-date: /home/megan/magic/ros2_ws/install/control_msgs/include/control_msgs/control_msgs/msg/detail/joint_component_tolerance__traits.hpp
[0.485s] -- Up-to-date: /home/megan/magic/ros2_ws/install/control_msgs/include/control_msgs/control_msgs/msg/detail/interface_value__type_support.hpp
[0.485s] -- Up-to-date: /home/megan/magic/ros2_ws/install/control_msgs/include/control_msgs/control_msgs/msg/detail/multi_dof_command__type_support.hpp
[0.485s] -- Up-to-date: /home/megan/magic/ros2_ws/install/control_msgs/include/control_msgs/control_msgs/msg/detail/single_dof_state__builder.hpp
[0.485s] -- Up-to-date: /home/megan/magic/ros2_ws/install/control_msgs/include/control_msgs/control_msgs/msg/detail/interface_value__struct.hpp
[0.485s] -- Up-to-date: /home/megan/magic/ros2_ws/install/control_msgs/include/control_msgs/control_msgs/msg/detail/gripper_command__struct.hpp
[0.485s] -- Up-to-date: /home/megan/magic/ros2_ws/install/control_msgs/include/control_msgs/control_msgs/msg/detail/gripper_command__traits.hpp
[0.485s] -- Up-to-date: /home/megan/magic/ros2_ws/install/control_msgs/include/control_msgs/control_msgs/msg/detail/joint_trajectory_controller_state__struct.hpp
[0.485s] -- Up-to-date: /home/megan/magic/ros2_ws/install/control_msgs/include/control_msgs/control_msgs/msg/detail/joint_controller_state__builder.hpp
[0.485s] -- Up-to-date: /home/megan/magic/ros2_ws/install/control_msgs/include/control_msgs/control_msgs/msg/detail/mecanum_drive_controller_state__traits.hpp
[0.485s] -- Up-to-date: /home/megan/magic/ros2_ws/install/control_msgs/include/control_msgs/control_msgs/msg/detail/joint_tolerance__struct.hpp
[0.485s] -- Up-to-date: /home/megan/magic/ros2_ws/install/control_msgs/include/control_msgs/control_msgs/msg/detail/single_dof_state_stamped__builder.hpp
[0.485s] -- Up-to-date: /home/megan/magic/ros2_ws/install/control_msgs/include/control_msgs/control_msgs/msg/detail/single_dof_state_stamped__type_support.hpp
[0.485s] -- Up-to-date: /home/megan/magic/ros2_ws/install/control_msgs/include/control_msgs/control_msgs/msg/detail/multi_dof_command__traits.hpp
[0.485s] -- Up-to-date: /home/megan/magic/ros2_ws/install/control_msgs/include/control_msgs/control_msgs/msg/detail/joint_jog__builder.hpp
[0.485s] -- Up-to-date: /home/megan/magic/ros2_ws/install/control_msgs/include/control_msgs/control_msgs/msg/detail/single_dof_state__struct.hpp
[0.485s] -- Up-to-date: /home/megan/magic/ros2_ws/install/control_msgs/include/control_msgs/control_msgs/msg/detail/steering_controller_status__type_support.hpp
[0.485s] -- Up-to-date: /home/megan/magic/ros2_ws/install/control_msgs/include/control_msgs/control_msgs/msg/detail/dynamic_joint_state__builder.hpp
[0.485s] -- Up-to-date: /home/megan/magic/ros2_ws/install/control_msgs/include/control_msgs/control_msgs/msg/detail/joint_trajectory_controller_state__type_support.hpp
[0.485s] -- Up-to-date: /home/megan/magic/ros2_ws/install/control_msgs/include/control_msgs/control_msgs/msg/detail/joint_component_tolerance__struct.hpp
[0.485s] -- Up-to-date: /home/megan/magic/ros2_ws/install/control_msgs/include/control_msgs/control_msgs/msg/detail/joint_tolerance__type_support.hpp
[0.485s] -- Up-to-date: /home/megan/magic/ros2_ws/install/control_msgs/include/control_msgs/control_msgs/msg/detail/dynamic_interface_group_values__struct.hpp
[0.485s] -- Up-to-date: /home/megan/magic/ros2_ws/install/control_msgs/include/control_msgs/control_msgs/msg/detail/multi_dof_command__struct.hpp
[0.485s] -- Up-to-date: /home/megan/magic/ros2_ws/install/control_msgs/include/control_msgs/control_msgs/msg/detail/interface_value__traits.hpp
[0.486s] -- Up-to-date: /home/megan/magic/ros2_ws/install/control_msgs/include/control_msgs/control_msgs/msg/detail/dynamic_joint_state__struct.hpp
[0.486s] -- Up-to-date: /home/megan/magic/ros2_ws/install/control_msgs/include/control_msgs/control_msgs/msg/detail/steering_controller_status__struct.hpp
[0.486s] -- Up-to-date: /home/megan/magic/ros2_ws/install/control_msgs/include/control_msgs/control_msgs/msg/detail/joint_tolerance__builder.hpp
[0.486s] -- Up-to-date: /home/megan/magic/ros2_ws/install/control_msgs/include/control_msgs/control_msgs/msg/detail/dynamic_interface_group_values__builder.hpp
[0.486s] -- Up-to-date: /home/megan/magic/ros2_ws/install/control_msgs/include/control_msgs/control_msgs/msg/detail/mecanum_drive_controller_state__struct.hpp
[0.486s] -- Up-to-date: /home/megan/magic/ros2_ws/install/control_msgs/include/control_msgs/control_msgs/msg/detail/joint_trajectory_controller_state__traits.hpp
[0.486s] -- Up-to-date: /home/megan/magic/ros2_ws/install/control_msgs/include/control_msgs/control_msgs/msg/detail/admittance_controller_state__struct.hpp
[0.486s] -- Up-to-date: /home/megan/magic/ros2_ws/install/control_msgs/include/control_msgs/control_msgs/msg/detail/dynamic_interface_group_values__type_support.hpp
[0.486s] -- Up-to-date: /home/megan/magic/ros2_ws/install/control_msgs/include/control_msgs/control_msgs/msg/detail/joint_controller_state__struct.hpp
[0.486s] -- Up-to-date: /home/megan/magic/ros2_ws/install/control_msgs/include/control_msgs/control_msgs/msg/detail/mecanum_drive_controller_state__builder.hpp
[0.486s] -- Up-to-date: /home/megan/magic/ros2_ws/install/control_msgs/include/control_msgs/control_msgs/msg/detail/joint_tolerance__traits.hpp
[0.486s] -- Up-to-date: /home/megan/magic/ros2_ws/install/control_msgs/include/control_msgs/control_msgs/msg/detail/multi_dof_state_stamped__traits.hpp
[0.486s] -- Up-to-date: /home/megan/magic/ros2_ws/install/control_msgs/include/control_msgs/control_msgs/msg/detail/joint_component_tolerance__builder.hpp
[0.486s] -- Up-to-date: /home/megan/magic/ros2_ws/install/control_msgs/include/control_msgs/control_msgs/msg/detail/pid_state__struct.hpp
[0.486s] -- Up-to-date: /home/megan/magic/ros2_ws/install/control_msgs/include/control_msgs/control_msgs/msg/pid_state.hpp
[0.486s] -- Up-to-date: /home/megan/magic/ros2_ws/install/control_msgs/include/control_msgs/control_msgs/msg/joint_jog.hpp
[0.486s] -- Up-to-date: /home/megan/magic/ros2_ws/install/control_msgs/include/control_msgs/control_msgs/msg/interface_value.hpp
[0.486s] -- Up-to-date: /home/megan/magic/ros2_ws/install/control_msgs/include/control_msgs/control_msgs/msg/multi_dof_command.hpp
[0.486s] -- Up-to-date: /home/megan/magic/ros2_ws/install/control_msgs/include/control_msgs/control_msgs/msg/gripper_command.hpp
[0.486s] -- Up-to-date: /home/megan/magic/ros2_ws/install/control_msgs/include/control_msgs/control_msgs/msg/joint_controller_state.hpp
[0.486s] -- Up-to-date: /home/megan/magic/ros2_ws/install/control_msgs/include/control_msgs/control_msgs/msg/rosidl_generator_cpp__visibility_control.hpp
[0.486s] -- Up-to-date: /home/megan/magic/ros2_ws/install/control_msgs/include/control_msgs/control_msgs/msg/dynamic_joint_state.hpp
[0.486s] -- Up-to-date: /home/megan/magic/ros2_ws/install/control_msgs/include/control_msgs/control_msgs/msg/joint_component_tolerance.hpp
[0.486s] -- Up-to-date: /home/megan/magic/ros2_ws/install/control_msgs/include/control_msgs/control_msgs/msg/mecanum_drive_controller_state.hpp
[0.486s] -- Up-to-date: /home/megan/magic/ros2_ws/install/control_msgs/include/control_msgs/control_msgs/msg/multi_dof_state_stamped.hpp
[0.486s] -- Up-to-date: /home/megan/magic/ros2_ws/install/control_msgs/include/control_msgs/control_msgs/msg/single_dof_state.hpp
[0.486s] -- Up-to-date: /home/megan/magic/ros2_ws/install/control_msgs/include/control_msgs/control_msgs/srv
[0.486s] -- Up-to-date: /home/megan/magic/ros2_ws/install/control_msgs/include/control_msgs/control_msgs/srv/query_trajectory_state.hpp
[0.486s] -- Up-to-date: /home/megan/magic/ros2_ws/install/control_msgs/include/control_msgs/control_msgs/srv/detail
[0.486s] -- Up-to-date: /home/megan/magic/ros2_ws/install/control_msgs/include/control_msgs/control_msgs/srv/detail/query_calibration_state__traits.hpp
[0.486s] -- Up-to-date: /home/megan/magic/ros2_ws/install/control_msgs/include/control_msgs/control_msgs/srv/detail/query_trajectory_state__struct.hpp
[0.486s] -- Up-to-date: /home/megan/magic/ros2_ws/install/control_msgs/include/control_msgs/control_msgs/srv/detail/query_calibration_state__struct.hpp
[0.486s] -- Up-to-date: /home/megan/magic/ros2_ws/install/control_msgs/include/control_msgs/control_msgs/srv/detail/query_calibration_state__builder.hpp
[0.486s] -- Up-to-date: /home/megan/magic/ros2_ws/install/control_msgs/include/control_msgs/control_msgs/srv/detail/query_calibration_state__type_support.hpp
[0.487s] -- Up-to-date: /home/megan/magic/ros2_ws/install/control_msgs/include/control_msgs/control_msgs/srv/detail/query_trajectory_state__traits.hpp
[0.487s] -- Up-to-date: /home/megan/magic/ros2_ws/install/control_msgs/include/control_msgs/control_msgs/srv/detail/query_trajectory_state__builder.hpp
[0.487s] -- Up-to-date: /home/megan/magic/ros2_ws/install/control_msgs/include/control_msgs/control_msgs/srv/detail/query_trajectory_state__type_support.hpp
[0.487s] -- Up-to-date: /home/megan/magic/ros2_ws/install/control_msgs/include/control_msgs/control_msgs/srv/query_calibration_state.hpp
[0.487s] -- Up-to-date: /home/megan/magic/ros2_ws/install/control_msgs/include/control_msgs/control_msgs
[0.487s] -- Up-to-date: /home/megan/magic/ros2_ws/install/control_msgs/include/control_msgs/control_msgs/action
[0.487s] -- Up-to-date: /home/megan/magic/ros2_ws/install/control_msgs/include/control_msgs/control_msgs/action/detail
[0.487s] -- Up-to-date: /home/megan/magic/ros2_ws/install/control_msgs/include/control_msgs/control_msgs/action/detail/point_head__rosidl_typesupport_fastrtps_cpp.hpp
[0.487s] -- Up-to-date: /home/megan/magic/ros2_ws/install/control_msgs/include/control_msgs/control_msgs/action/detail/parallel_gripper_command__rosidl_typesupport_fastrtps_cpp.hpp
[0.487s] -- Up-to-date: /home/megan/magic/ros2_ws/install/control_msgs/include/control_msgs/control_msgs/action/detail/joint_trajectory__rosidl_typesupport_fastrtps_cpp.hpp
[0.487s] -- Up-to-date: /home/megan/magic/ros2_ws/install/control_msgs/include/control_msgs/control_msgs/action/detail/dds_fastrtps
[0.487s] -- Up-to-date: /home/megan/magic/ros2_ws/install/control_msgs/include/control_msgs/control_msgs/action/detail/gripper_command__rosidl_typesupport_fastrtps_cpp.hpp
[0.487s] -- Up-to-date: /home/megan/magic/ros2_ws/install/control_msgs/include/control_msgs/control_msgs/action/detail/single_joint_position__rosidl_typesupport_fastrtps_cpp.hpp
[0.487s] -- Up-to-date: /home/megan/magic/ros2_ws/install/control_msgs/include/control_msgs/control_msgs/action/detail/follow_joint_trajectory__rosidl_typesupport_fastrtps_cpp.hpp
[0.487s] -- Up-to-date: /home/megan/magic/ros2_ws/install/control_msgs/include/control_msgs/control_msgs/msg
[0.487s] -- Up-to-date: /home/megan/magic/ros2_ws/install/control_msgs/include/control_msgs/control_msgs/msg/detail
[0.487s] -- Up-to-date: /home/megan/magic/ros2_ws/install/control_msgs/include/control_msgs/control_msgs/msg/detail/joint_component_tolerance__rosidl_typesupport_fastrtps_cpp.hpp
[0.487s] -- Up-to-date: /home/megan/magic/ros2_ws/install/control_msgs/include/control_msgs/control_msgs/msg/detail/pid_state__rosidl_typesupport_fastrtps_cpp.hpp
[0.487s] -- Up-to-date: /home/megan/magic/ros2_ws/install/control_msgs/include/control_msgs/control_msgs/msg/detail/joint_trajectory_controller_state__rosidl_typesupport_fastrtps_cpp.hpp
[0.487s] -- Up-to-date: /home/megan/magic/ros2_ws/install/control_msgs/include/control_msgs/control_msgs/msg/detail/joint_jog__rosidl_typesupport_fastrtps_cpp.hpp
[0.487s] -- Up-to-date: /home/megan/magic/ros2_ws/install/control_msgs/include/control_msgs/control_msgs/msg/detail/single_dof_state__rosidl_typesupport_fastrtps_cpp.hpp
[0.487s] -- Up-to-date: /home/megan/magic/ros2_ws/install/control_msgs/include/control_msgs/control_msgs/msg/detail/dynamic_interface_group_values__rosidl_typesupport_fastrtps_cpp.hpp
[0.487s] -- Up-to-date: /home/megan/magic/ros2_ws/install/control_msgs/include/control_msgs/control_msgs/msg/detail/joint_tolerance__rosidl_typesupport_fastrtps_cpp.hpp
[0.487s] -- Up-to-date: /home/megan/magic/ros2_ws/install/control_msgs/include/control_msgs/control_msgs/msg/detail/admittance_controller_state__rosidl_typesupport_fastrtps_cpp.hpp
[0.487s] -- Up-to-date: /home/megan/magic/ros2_ws/install/control_msgs/include/control_msgs/control_msgs/msg/detail/multi_dof_command__rosidl_typesupport_fastrtps_cpp.hpp
[0.487s] -- Up-to-date: /home/megan/magic/ros2_ws/install/control_msgs/include/control_msgs/control_msgs/msg/detail/joint_controller_state__rosidl_typesupport_fastrtps_cpp.hpp
[0.487s] -- Up-to-date: /home/megan/magic/ros2_ws/install/control_msgs/include/control_msgs/control_msgs/msg/detail/interface_value__rosidl_typesupport_fastrtps_cpp.hpp
[0.487s] -- Up-to-date: /home/megan/magic/ros2_ws/install/control_msgs/include/control_msgs/control_msgs/msg/detail/dds_fastrtps
[0.487s] -- Up-to-date: /home/megan/magic/ros2_ws/install/control_msgs/include/control_msgs/control_msgs/msg/detail/multi_dof_state_stamped__rosidl_typesupport_fastrtps_cpp.hpp
[0.487s] -- Up-to-date: /home/megan/magic/ros2_ws/install/control_msgs/include/control_msgs/control_msgs/msg/detail/gripper_command__rosidl_typesupport_fastrtps_cpp.hpp
[0.487s] -- Up-to-date: /home/megan/magic/ros2_ws/install/control_msgs/include/control_msgs/control_msgs/msg/detail/dynamic_joint_state__rosidl_typesupport_fastrtps_cpp.hpp
[0.487s] -- Up-to-date: /home/megan/magic/ros2_ws/install/control_msgs/include/control_msgs/control_msgs/msg/detail/mecanum_drive_controller_state__rosidl_typesupport_fastrtps_cpp.hpp
[0.487s] -- Up-to-date: /home/megan/magic/ros2_ws/install/control_msgs/include/control_msgs/control_msgs/msg/detail/steering_controller_status__rosidl_typesupport_fastrtps_cpp.hpp
[0.487s] -- Up-to-date: /home/megan/magic/ros2_ws/install/control_msgs/include/control_msgs/control_msgs/msg/detail/single_dof_state_stamped__rosidl_typesupport_fastrtps_cpp.hpp
[0.487s] -- Up-to-date: /home/megan/magic/ros2_ws/install/control_msgs/include/control_msgs/control_msgs/msg/rosidl_typesupport_fastrtps_cpp__visibility_control.h
[0.488s] -- Up-to-date: /home/megan/magic/ros2_ws/install/control_msgs/include/control_msgs/control_msgs/srv
[0.488s] -- Up-to-date: /home/megan/magic/ros2_ws/install/control_msgs/include/control_msgs/control_msgs/srv/detail
[0.488s] -- Up-to-date: /home/megan/magic/ros2_ws/install/control_msgs/include/control_msgs/control_msgs/srv/detail/query_trajectory_state__rosidl_typesupport_fastrtps_cpp.hpp
[0.488s] -- Up-to-date: /home/megan/magic/ros2_ws/install/control_msgs/include/control_msgs/control_msgs/srv/detail/query_calibration_state__rosidl_typesupport_fastrtps_cpp.hpp
[0.488s] -- Up-to-date: /home/megan/magic/ros2_ws/install/control_msgs/include/control_msgs/control_msgs/srv/detail/dds_fastrtps
[0.488s] -- Up-to-date: /home/megan/magic/ros2_ws/install/control_msgs/lib/libcontrol_msgs__rosidl_typesupport_fastrtps_cpp.so
[0.488s] -- Up-to-date: /home/megan/magic/ros2_ws/install/control_msgs/include/control_msgs/control_msgs
[0.488s] -- Up-to-date: /home/megan/magic/ros2_ws/install/control_msgs/include/control_msgs/control_msgs/action
[0.488s] -- Up-to-date: /home/megan/magic/ros2_ws/install/control_msgs/include/control_msgs/control_msgs/action/detail
[0.488s] -- Up-to-date: /home/megan/magic/ros2_ws/install/control_msgs/include/control_msgs/control_msgs/action/detail/gripper_command__rosidl_typesupport_introspection_c.h
[0.488s] -- Up-to-date: /home/megan/magic/ros2_ws/install/control_msgs/include/control_msgs/control_msgs/action/detail/single_joint_position__rosidl_typesupport_introspection_c.h
[0.488s] -- Up-to-date: /home/megan/magic/ros2_ws/install/control_msgs/include/control_msgs/control_msgs/action/detail/follow_joint_trajectory__type_support.c
[0.488s] -- Up-to-date: /home/megan/magic/ros2_ws/install/control_msgs/include/control_msgs/control_msgs/action/detail/follow_joint_trajectory__rosidl_typesupport_introspection_c.h
[0.488s] -- Up-to-date: /home/megan/magic/ros2_ws/install/control_msgs/include/control_msgs/control_msgs/action/detail/single_joint_position__type_support.c
[0.488s] -- Up-to-date: /home/megan/magic/ros2_ws/install/control_msgs/include/control_msgs/control_msgs/action/detail/gripper_command__type_support.c
[0.488s] -- Up-to-date: /home/megan/magic/ros2_ws/install/control_msgs/include/control_msgs/control_msgs/action/detail/point_head__rosidl_typesupport_introspection_c.h
[0.488s] -- Up-to-date: /home/megan/magic/ros2_ws/install/control_msgs/include/control_msgs/control_msgs/action/detail/parallel_gripper_command__type_support.c
[0.488s] -- Up-to-date: /home/megan/magic/ros2_ws/install/control_msgs/include/control_msgs/control_msgs/action/detail/joint_trajectory__type_support.c
[0.488s] -- Up-to-date: /home/megan/magic/ros2_ws/install/control_msgs/include/control_msgs/control_msgs/action/detail/parallel_gripper_command__rosidl_typesupport_introspection_c.h
[0.488s] -- Up-to-date: /home/megan/magic/ros2_ws/install/control_msgs/include/control_msgs/control_msgs/action/detail/point_head__type_support.c
[0.488s] -- Up-to-date: /home/megan/magic/ros2_ws/install/control_msgs/include/control_msgs/control_msgs/action/detail/joint_trajectory__rosidl_typesupport_introspection_c.h
[0.488s] -- Up-to-date: /home/megan/magic/ros2_ws/install/control_msgs/include/control_msgs/control_msgs/msg
[0.488s] -- Up-to-date: /home/megan/magic/ros2_ws/install/control_msgs/include/control_msgs/control_msgs/msg/detail
[0.488s] -- Up-to-date: /home/megan/magic/ros2_ws/install/control_msgs/include/control_msgs/control_msgs/msg/detail/mecanum_drive_controller_state__type_support.c
[0.488s] -- Up-to-date: /home/megan/magic/ros2_ws/install/control_msgs/include/control_msgs/control_msgs/msg/detail/multi_dof_command__type_support.c
[0.488s] -- Up-to-date: /home/megan/magic/ros2_ws/install/control_msgs/include/control_msgs/control_msgs/msg/detail/joint_component_tolerance__rosidl_typesupport_introspection_c.h
[0.488s] -- Up-to-date: /home/megan/magic/ros2_ws/install/control_msgs/include/control_msgs/control_msgs/msg/detail/gripper_command__rosidl_typesupport_introspection_c.h
[0.488s] -- Up-to-date: /home/megan/magic/ros2_ws/install/control_msgs/include/control_msgs/control_msgs/msg/detail/interface_value__type_support.c
[0.488s] -- Up-to-date: /home/megan/magic/ros2_ws/install/control_msgs/include/control_msgs/control_msgs/msg/detail/admittance_controller_state__rosidl_typesupport_introspection_c.h
[0.488s] -- Up-to-date: /home/megan/magic/ros2_ws/install/control_msgs/include/control_msgs/control_msgs/msg/detail/interface_value__rosidl_typesupport_introspection_c.h
[0.488s] -- Up-to-date: /home/megan/magic/ros2_ws/install/control_msgs/include/control_msgs/control_msgs/msg/detail/single_dof_state__rosidl_typesupport_introspection_c.h
[0.488s] -- Up-to-date: /home/megan/magic/ros2_ws/install/control_msgs/include/control_msgs/control_msgs/msg/detail/dynamic_joint_state__type_support.c
[0.488s] -- Up-to-date: /home/megan/magic/ros2_ws/install/control_msgs/include/control_msgs/control_msgs/msg/detail/joint_controller_state__rosidl_typesupport_introspection_c.h
[0.488s] -- Up-to-date: /home/megan/magic/ros2_ws/install/control_msgs/include/control_msgs/control_msgs/msg/detail/multi_dof_command__rosidl_typesupport_introspection_c.h
[0.489s] -- Up-to-date: /home/megan/magic/ros2_ws/install/control_msgs/include/control_msgs/control_msgs/msg/detail/steering_controller_status__type_support.c
[0.489s] -- Up-to-date: /home/megan/magic/ros2_ws/install/control_msgs/include/control_msgs/control_msgs/msg/detail/dynamic_joint_state__rosidl_typesupport_introspection_c.h
[0.489s] -- Up-to-date: /home/megan/magic/ros2_ws/install/control_msgs/include/control_msgs/control_msgs/msg/detail/single_dof_state_stamped__rosidl_typesupport_introspection_c.h
[0.489s] -- Up-to-date: /home/megan/magic/ros2_ws/install/control_msgs/include/control_msgs/control_msgs/msg/detail/dynamic_interface_group_values__type_support.c
[0.489s] -- Up-to-date: /home/megan/magic/ros2_ws/install/control_msgs/include/control_msgs/control_msgs/msg/detail/dynamic_interface_group_values__rosidl_typesupport_introspection_c.h
[0.489s] -- Up-to-date: /home/megan/magic/ros2_ws/install/control_msgs/include/control_msgs/control_msgs/msg/detail/joint_component_tolerance__type_support.c
[0.489s] -- Up-to-date: /home/megan/magic/ros2_ws/install/control_msgs/include/control_msgs/control_msgs/msg/detail/mecanum_drive_controller_state__rosidl_typesupport_introspection_c.h
[0.489s] -- Up-to-date: /home/megan/magic/ros2_ws/install/control_msgs/include/control_msgs/control_msgs/msg/detail/joint_jog__type_support.c
[0.489s] -- Up-to-date: /home/megan/magic/ros2_ws/install/control_msgs/include/control_msgs/control_msgs/msg/detail/gripper_command__type_support.c
[0.489s] -- Up-to-date: /home/megan/magic/ros2_ws/install/control_msgs/include/control_msgs/control_msgs/msg/detail/single_dof_state_stamped__type_support.c
[0.489s] -- Up-to-date: /home/megan/magic/ros2_ws/install/control_msgs/include/control_msgs/control_msgs/msg/detail/joint_tolerance__rosidl_typesupport_introspection_c.h
[0.489s] -- Up-to-date: /home/megan/magic/ros2_ws/install/control_msgs/include/control_msgs/control_msgs/msg/detail/joint_trajectory_controller_state__type_support.c
[0.489s] -- Up-to-date: /home/megan/magic/ros2_ws/install/control_msgs/include/control_msgs/control_msgs/msg/detail/admittance_controller_state__type_support.c
[0.489s] -- Up-to-date: /home/megan/magic/ros2_ws/install/control_msgs/include/control_msgs/control_msgs/msg/detail/pid_state__rosidl_typesupport_introspection_c.h
[0.489s] -- Up-to-date: /home/megan/magic/ros2_ws/install/control_msgs/include/control_msgs/control_msgs/msg/detail/single_dof_state__type_support.c
[0.489s] -- Up-to-date: /home/megan/magic/ros2_ws/install/control_msgs/include/control_msgs/control_msgs/msg/detail/multi_dof_state_stamped__type_support.c
[0.489s] -- Up-to-date: /home/megan/magic/ros2_ws/install/control_msgs/include/control_msgs/control_msgs/msg/detail/pid_state__type_support.c
[0.489s] -- Up-to-date: /home/megan/magic/ros2_ws/install/control_msgs/include/control_msgs/control_msgs/msg/detail/joint_controller_state__type_support.c
[0.489s] -- Up-to-date: /home/megan/magic/ros2_ws/install/control_msgs/include/control_msgs/control_msgs/msg/detail/multi_dof_state_stamped__rosidl_typesupport_introspection_c.h
[0.489s] -- Up-to-date: /home/megan/magic/ros2_ws/install/control_msgs/include/control_msgs/control_msgs/msg/detail/joint_trajectory_controller_state__rosidl_typesupport_introspection_c.h
[0.489s] -- Up-to-date: /home/megan/magic/ros2_ws/install/control_msgs/include/control_msgs/control_msgs/msg/detail/joint_tolerance__type_support.c
[0.489s] -- Up-to-date: /home/megan/magic/ros2_ws/install/control_msgs/include/control_msgs/control_msgs/msg/detail/steering_controller_status__rosidl_typesupport_introspection_c.h
[0.489s] -- Up-to-date: /home/megan/magic/ros2_ws/install/control_msgs/include/control_msgs/control_msgs/msg/detail/joint_jog__rosidl_typesupport_introspection_c.h
[0.489s] -- Up-to-date: /home/megan/magic/ros2_ws/install/control_msgs/include/control_msgs/control_msgs/msg/rosidl_typesupport_introspection_c__visibility_control.h
[0.489s] -- Up-to-date: /home/megan/magic/ros2_ws/install/control_msgs/include/control_msgs/control_msgs/srv
[0.489s] -- Up-to-date: /home/megan/magic/ros2_ws/install/control_msgs/include/control_msgs/control_msgs/srv/detail
[0.489s] -- Up-to-date: /home/megan/magic/ros2_ws/install/control_msgs/include/control_msgs/control_msgs/srv/detail/query_calibration_state__type_support.c
[0.489s] -- Up-to-date: /home/megan/magic/ros2_ws/install/control_msgs/include/control_msgs/control_msgs/srv/detail/query_calibration_state__rosidl_typesupport_introspection_c.h
[0.489s] -- Up-to-date: /home/megan/magic/ros2_ws/install/control_msgs/include/control_msgs/control_msgs/srv/detail/query_trajectory_state__type_support.c
[0.489s] -- Up-to-date: /home/megan/magic/ros2_ws/install/control_msgs/include/control_msgs/control_msgs/srv/detail/query_trajectory_state__rosidl_typesupport_introspection_c.h
[0.489s] -- Up-to-date: /home/megan/magic/ros2_ws/install/control_msgs/lib/libcontrol_msgs__rosidl_typesupport_introspection_c.so
[0.489s] -- Up-to-date: /home/megan/magic/ros2_ws/install/control_msgs/lib/libcontrol_msgs__rosidl_typesupport_c.so
[0.489s] -- Up-to-date: /home/megan/magic/ros2_ws/install/control_msgs/include/control_msgs/control_msgs
[0.489s] -- Up-to-date: /home/megan/magic/ros2_ws/install/control_msgs/include/control_msgs/control_msgs/action
[0.489s] -- Up-to-date: /home/megan/magic/ros2_ws/install/control_msgs/include/control_msgs/control_msgs/action/detail
[0.489s] -- Up-to-date: /home/megan/magic/ros2_ws/install/control_msgs/include/control_msgs/control_msgs/action/detail/single_joint_position__type_support.cpp
[0.489s] -- Up-to-date: /home/megan/magic/ros2_ws/install/control_msgs/include/control_msgs/control_msgs/action/detail/follow_joint_trajectory__rosidl_typesupport_introspection_cpp.hpp
[0.490s] -- Up-to-date: /home/megan/magic/ros2_ws/install/control_msgs/include/control_msgs/control_msgs/action/detail/joint_trajectory__type_support.cpp
[0.490s] -- Up-to-date: /home/megan/magic/ros2_ws/install/control_msgs/include/control_msgs/control_msgs/action/detail/point_head__rosidl_typesupport_introspection_cpp.hpp
[0.490s] -- Up-to-date: /home/megan/magic/ros2_ws/install/control_msgs/include/control_msgs/control_msgs/action/detail/parallel_gripper_command__rosidl_typesupport_introspection_cpp.hpp
[0.490s] -- Up-to-date: /home/megan/magic/ros2_ws/install/control_msgs/include/control_msgs/control_msgs/action/detail/gripper_command__rosidl_typesupport_introspection_cpp.hpp
[0.490s] -- Up-to-date: /home/megan/magic/ros2_ws/install/control_msgs/include/control_msgs/control_msgs/action/detail/parallel_gripper_command__type_support.cpp
[0.490s] -- Up-to-date: /home/megan/magic/ros2_ws/install/control_msgs/include/control_msgs/control_msgs/action/detail/point_head__type_support.cpp
[0.490s] -- Up-to-date: /home/megan/magic/ros2_ws/install/control_msgs/include/control_msgs/control_msgs/action/detail/joint_trajectory__rosidl_typesupport_introspection_cpp.hpp
[0.490s] -- Up-to-date: /home/megan/magic/ros2_ws/install/control_msgs/include/control_msgs/control_msgs/action/detail/follow_joint_trajectory__type_support.cpp
[0.490s] -- Up-to-date: /home/megan/magic/ros2_ws/install/control_msgs/include/control_msgs/control_msgs/action/detail/gripper_command__type_support.cpp
[0.490s] -- Up-to-date: /home/megan/magic/ros2_ws/install/control_msgs/include/control_msgs/control_msgs/action/detail/single_joint_position__rosidl_typesupport_introspection_cpp.hpp
[0.490s] -- Up-to-date: /home/megan/magic/ros2_ws/install/control_msgs/include/control_msgs/control_msgs/msg
[0.490s] -- Up-to-date: /home/megan/magic/ros2_ws/install/control_msgs/include/control_msgs/control_msgs/msg/detail
[0.490s] -- Up-to-date: /home/megan/magic/ros2_ws/install/control_msgs/include/control_msgs/control_msgs/msg/detail/mecanum_drive_controller_state__type_support.cpp
[0.490s] -- Up-to-date: /home/megan/magic/ros2_ws/install/control_msgs/include/control_msgs/control_msgs/msg/detail/dynamic_joint_state__type_support.cpp
[0.490s] -- Up-to-date: /home/megan/magic/ros2_ws/install/control_msgs/include/control_msgs/control_msgs/msg/detail/joint_controller_state__type_support.cpp
[0.490s] -- Up-to-date: /home/megan/magic/ros2_ws/install/control_msgs/include/control_msgs/control_msgs/msg/detail/interface_value__rosidl_typesupport_introspection_cpp.hpp
[0.490s] -- Up-to-date: /home/megan/magic/ros2_ws/install/control_msgs/include/control_msgs/control_msgs/msg/detail/multi_dof_state_stamped__rosidl_typesupport_introspection_cpp.hpp
[0.490s] -- Up-to-date: /home/megan/magic/ros2_ws/install/control_msgs/include/control_msgs/control_msgs/msg/detail/pid_state__type_support.cpp
[0.490s] -- Up-to-date: /home/megan/magic/ros2_ws/install/control_msgs/include/control_msgs/control_msgs/msg/detail/single_dof_state__rosidl_typesupport_introspection_cpp.hpp
[0.490s] -- Up-to-date: /home/megan/magic/ros2_ws/install/control_msgs/include/control_msgs/control_msgs/msg/detail/joint_jog__type_support.cpp
[0.490s] -- Up-to-date: /home/megan/magic/ros2_ws/install/control_msgs/include/control_msgs/control_msgs/msg/detail/interface_value__type_support.cpp
[0.490s] -- Up-to-date: /home/megan/magic/ros2_ws/install/control_msgs/include/control_msgs/control_msgs/msg/detail/admittance_controller_state__rosidl_typesupport_introspection_cpp.hpp
[0.490s] -- Up-to-date: /home/megan/magic/ros2_ws/install/control_msgs/include/control_msgs/control_msgs/msg/detail/steering_controller_status__rosidl_typesupport_introspection_cpp.hpp
[0.490s] -- Up-to-date: /home/megan/magic/ros2_ws/install/control_msgs/include/control_msgs/control_msgs/msg/detail/single_dof_state_stamped__rosidl_typesupport_introspection_cpp.hpp
[0.490s] -- Up-to-date: /home/megan/magic/ros2_ws/install/control_msgs/include/control_msgs/control_msgs/msg/detail/admittance_controller_state__type_support.cpp
[0.490s] -- Up-to-date: /home/megan/magic/ros2_ws/install/control_msgs/include/control_msgs/control_msgs/msg/detail/dynamic_joint_state__rosidl_typesupport_introspection_cpp.hpp
[0.490s] -- Up-to-date: /home/megan/magic/ros2_ws/install/control_msgs/include/control_msgs/control_msgs/msg/detail/dynamic_interface_group_values__type_support.cpp
[0.490s] -- Up-to-date: /home/megan/magic/ros2_ws/install/control_msgs/include/control_msgs/control_msgs/msg/detail/pid_state__rosidl_typesupport_introspection_cpp.hpp
[0.490s] -- Up-to-date: /home/megan/magic/ros2_ws/install/control_msgs/include/control_msgs/control_msgs/msg/detail/joint_tolerance__rosidl_typesupport_introspection_cpp.hpp
[0.490s] -- Up-to-date: /home/megan/magic/ros2_ws/install/control_msgs/include/control_msgs/control_msgs/msg/detail/gripper_command__rosidl_typesupport_introspection_cpp.hpp
[0.490s] -- Up-to-date: /home/megan/magic/ros2_ws/install/control_msgs/include/control_msgs/control_msgs/msg/detail/dynamic_interface_group_values__rosidl_typesupport_introspection_cpp.hpp
[0.490s] -- Up-to-date: /home/megan/magic/ros2_ws/install/control_msgs/include/control_msgs/control_msgs/msg/detail/mecanum_drive_controller_state__rosidl_typesupport_introspection_cpp.hpp
[0.490s] -- Up-to-date: /home/megan/magic/ros2_ws/install/control_msgs/include/control_msgs/control_msgs/msg/detail/joint_controller_state__rosidl_typesupport_introspection_cpp.hpp
[0.490s] -- Up-to-date: /home/megan/magic/ros2_ws/install/control_msgs/include/control_msgs/control_msgs/msg/detail/joint_component_tolerance__rosidl_typesupport_introspection_cpp.hpp
[0.490s] -- Up-to-date: /home/megan/magic/ros2_ws/install/control_msgs/include/control_msgs/control_msgs/msg/detail/single_dof_state__type_support.cpp
[0.490s] -- Up-to-date: /home/megan/magic/ros2_ws/install/control_msgs/include/control_msgs/control_msgs/msg/detail/steering_controller_status__type_support.cpp
[0.491s] -- Up-to-date: /home/megan/magic/ros2_ws/install/control_msgs/include/control_msgs/control_msgs/msg/detail/multi_dof_command__rosidl_typesupport_introspection_cpp.hpp
[0.491s] -- Up-to-date: /home/megan/magic/ros2_ws/install/control_msgs/include/control_msgs/control_msgs/msg/detail/joint_component_tolerance__type_support.cpp
[0.491s] -- Up-to-date: /home/megan/magic/ros2_ws/install/control_msgs/include/control_msgs/control_msgs/msg/detail/joint_trajectory_controller_state__type_support.cpp
[0.491s] -- Up-to-date: /home/megan/magic/ros2_ws/install/control_msgs/include/control_msgs/control_msgs/msg/detail/joint_tolerance__type_support.cpp
[0.491s] -- Up-to-date: /home/megan/magic/ros2_ws/install/control_msgs/include/control_msgs/control_msgs/msg/detail/gripper_command__type_support.cpp
[0.491s] -- Up-to-date: /home/megan/magic/ros2_ws/install/control_msgs/include/control_msgs/control_msgs/msg/detail/joint_jog__rosidl_typesupport_introspection_cpp.hpp
[0.491s] -- Up-to-date: /home/megan/magic/ros2_ws/install/control_msgs/include/control_msgs/control_msgs/msg/detail/joint_trajectory_controller_state__rosidl_typesupport_introspection_cpp.hpp
[0.491s] -- Up-to-date: /home/megan/magic/ros2_ws/install/control_msgs/include/control_msgs/control_msgs/msg/detail/multi_dof_command__type_support.cpp
[0.491s] -- Up-to-date: /home/megan/magic/ros2_ws/install/control_msgs/include/control_msgs/control_msgs/msg/detail/multi_dof_state_stamped__type_support.cpp
[0.491s] -- Up-to-date: /home/megan/magic/ros2_ws/install/control_msgs/include/control_msgs/control_msgs/msg/detail/single_dof_state_stamped__type_support.cpp
[0.491s] -- Up-to-date: /home/megan/magic/ros2_ws/install/control_msgs/include/control_msgs/control_msgs/srv
[0.491s] -- Up-to-date: /home/megan/magic/ros2_ws/install/control_msgs/include/control_msgs/control_msgs/srv/detail
[0.491s] -- Up-to-date: /home/megan/magic/ros2_ws/install/control_msgs/include/control_msgs/control_msgs/srv/detail/query_trajectory_state__type_support.cpp
[0.491s] -- Up-to-date: /home/megan/magic/ros2_ws/install/control_msgs/include/control_msgs/control_msgs/srv/detail/query_calibration_state__rosidl_typesupport_introspection_cpp.hpp
[0.491s] -- Up-to-date: /home/megan/magic/ros2_ws/install/control_msgs/include/control_msgs/control_msgs/srv/detail/query_calibration_state__type_support.cpp
[0.491s] -- Up-to-date: /home/megan/magic/ros2_ws/install/control_msgs/include/control_msgs/control_msgs/srv/detail/query_trajectory_state__rosidl_typesupport_introspection_cpp.hpp
[0.491s] -- Up-to-date: /home/megan/magic/ros2_ws/install/control_msgs/lib/libcontrol_msgs__rosidl_typesupport_introspection_cpp.so
[0.491s] -- Up-to-date: /home/megan/magic/ros2_ws/install/control_msgs/lib/libcontrol_msgs__rosidl_typesupport_cpp.so
[0.491s] -- Up-to-date: /home/megan/magic/ros2_ws/install/control_msgs/share/control_msgs/environment/pythonpath.sh
[0.491s] -- Up-to-date: /home/megan/magic/ros2_ws/install/control_msgs/share/control_msgs/environment/pythonpath.dsv
[0.491s] -- Up-to-date: /home/megan/magic/ros2_ws/install/control_msgs/lib/python3.10/site-packages/control_msgs-4.7.0-py3.10.egg-info
[0.491s] -- Installing: /home/megan/magic/ros2_ws/install/control_msgs/lib/python3.10/site-packages/control_msgs-4.7.0-py3.10.egg-info/dependency_links.txt
[0.491s] -- Installing: /home/megan/magic/ros2_ws/install/control_msgs/lib/python3.10/site-packages/control_msgs-4.7.0-py3.10.egg-info/PKG-INFO
[0.491s] -- Installing: /home/megan/magic/ros2_ws/install/control_msgs/lib/python3.10/site-packages/control_msgs-4.7.0-py3.10.egg-info/top_level.txt
[0.491s] -- Installing: /home/megan/magic/ros2_ws/install/control_msgs/lib/python3.10/site-packages/control_msgs-4.7.0-py3.10.egg-info/SOURCES.txt
[0.491s] -- Up-to-date: /home/megan/magic/ros2_ws/install/control_msgs/lib/python3.10/site-packages/control_msgs
[0.491s] -- Up-to-date: /home/megan/magic/ros2_ws/install/control_msgs/lib/python3.10/site-packages/control_msgs/__init__.py
[0.491s] -- Up-to-date: /home/megan/magic/ros2_ws/install/control_msgs/lib/python3.10/site-packages/control_msgs/action
[0.491s] -- Up-to-date: /home/megan/magic/ros2_ws/install/control_msgs/lib/python3.10/site-packages/control_msgs/action/__init__.py
[0.491s] -- Up-to-date: /home/megan/magic/ros2_ws/install/control_msgs/lib/python3.10/site-packages/control_msgs/action/_joint_trajectory_s.c
[0.491s] -- Up-to-date: /home/megan/magic/ros2_ws/install/control_msgs/lib/python3.10/site-packages/control_msgs/action/_gripper_command_s.c
[0.491s] -- Up-to-date: /home/megan/magic/ros2_ws/install/control_msgs/lib/python3.10/site-packages/control_msgs/action/_point_head.py
[0.491s] -- Up-to-date: /home/megan/magic/ros2_ws/install/control_msgs/lib/python3.10/site-packages/control_msgs/action/_single_joint_position_s.c
[0.491s] -- Up-to-date: /home/megan/magic/ros2_ws/install/control_msgs/lib/python3.10/site-packages/control_msgs/action/_follow_joint_trajectory_s.c
[0.491s] -- Up-to-date: /home/megan/magic/ros2_ws/install/control_msgs/lib/python3.10/site-packages/control_msgs/action/_joint_trajectory.py
[0.491s] -- Up-to-date: /home/megan/magic/ros2_ws/install/control_msgs/lib/python3.10/site-packages/control_msgs/action/_point_head_s.c
[0.491s] -- Up-to-date: /home/megan/magic/ros2_ws/install/control_msgs/lib/python3.10/site-packages/control_msgs/action/_parallel_gripper_command.py
[0.491s] -- Up-to-date: /home/megan/magic/ros2_ws/install/control_msgs/lib/python3.10/site-packages/control_msgs/action/_gripper_command.py
[0.492s] -- Up-to-date: /home/megan/magic/ros2_ws/install/control_msgs/lib/python3.10/site-packages/control_msgs/action/_single_joint_position.py
[0.492s] -- Up-to-date: /home/megan/magic/ros2_ws/install/control_msgs/lib/python3.10/site-packages/control_msgs/action/_follow_joint_trajectory.py
[0.492s] -- Up-to-date: /home/megan/magic/ros2_ws/install/control_msgs/lib/python3.10/site-packages/control_msgs/action/_parallel_gripper_command_s.c
[0.492s] -- Up-to-date: /home/megan/magic/ros2_ws/install/control_msgs/lib/python3.10/site-packages/control_msgs/_control_msgs_s.ep.rosidl_typesupport_fastrtps_c.c
[0.492s] -- Up-to-date: /home/megan/magic/ros2_ws/install/control_msgs/lib/python3.10/site-packages/control_msgs/_control_msgs_s.ep.rosidl_typesupport_introspection_c.c
[0.492s] -- Up-to-date: /home/megan/magic/ros2_ws/install/control_msgs/lib/python3.10/site-packages/control_msgs/control_msgs_s__rosidl_typesupport_introspection_c.cpython-310-x86_64-linux-gnu.so
[0.492s] -- Up-to-date: /home/megan/magic/ros2_ws/install/control_msgs/lib/python3.10/site-packages/control_msgs/libcontrol_msgs__rosidl_generator_py.so
[0.492s] -- Up-to-date: /home/megan/magic/ros2_ws/install/control_msgs/lib/python3.10/site-packages/control_msgs/control_msgs_s__rosidl_typesupport_c.cpython-310-x86_64-linux-gnu.so
[0.492s] -- Up-to-date: /home/megan/magic/ros2_ws/install/control_msgs/lib/python3.10/site-packages/control_msgs/msg
[0.492s] -- Up-to-date: /home/megan/magic/ros2_ws/install/control_msgs/lib/python3.10/site-packages/control_msgs/msg/_joint_jog.py
[0.492s] -- Up-to-date: /home/megan/magic/ros2_ws/install/control_msgs/lib/python3.10/site-packages/control_msgs/msg/__init__.py
[0.492s] -- Up-to-date: /home/megan/magic/ros2_ws/install/control_msgs/lib/python3.10/site-packages/control_msgs/msg/_multi_dof_state_stamped.py
[0.492s] -- Up-to-date: /home/megan/magic/ros2_ws/install/control_msgs/lib/python3.10/site-packages/control_msgs/msg/_joint_trajectory_controller_state.py
[0.492s] -- Up-to-date: /home/megan/magic/ros2_ws/install/control_msgs/lib/python3.10/site-packages/control_msgs/msg/_admittance_controller_state_s.c
[0.492s] -- Up-to-date: /home/megan/magic/ros2_ws/install/control_msgs/lib/python3.10/site-packages/control_msgs/msg/_multi_dof_command.py
[0.492s] -- Up-to-date: /home/megan/magic/ros2_ws/install/control_msgs/lib/python3.10/site-packages/control_msgs/msg/_multi_dof_state_stamped_s.c
[0.492s] -- Up-to-date: /home/megan/magic/ros2_ws/install/control_msgs/lib/python3.10/site-packages/control_msgs/msg/_gripper_command_s.c
[0.492s] -- Up-to-date: /home/megan/magic/ros2_ws/install/control_msgs/lib/python3.10/site-packages/control_msgs/msg/_joint_tolerance.py
[0.492s] -- Up-to-date: /home/megan/magic/ros2_ws/install/control_msgs/lib/python3.10/site-packages/control_msgs/msg/_joint_controller_state_s.c
[0.492s] -- Up-to-date: /home/megan/magic/ros2_ws/install/control_msgs/lib/python3.10/site-packages/control_msgs/msg/_single_dof_state_stamped.py
[0.492s] -- Up-to-date: /home/megan/magic/ros2_ws/install/control_msgs/lib/python3.10/site-packages/control_msgs/msg/_single_dof_state_stamped_s.c
[0.492s] -- Up-to-date: /home/megan/magic/ros2_ws/install/control_msgs/lib/python3.10/site-packages/control_msgs/msg/_steering_controller_status.py
[0.492s] -- Up-to-date: /home/megan/magic/ros2_ws/install/control_msgs/lib/python3.10/site-packages/control_msgs/msg/_interface_value.py
[0.492s] -- Up-to-date: /home/megan/magic/ros2_ws/install/control_msgs/lib/python3.10/site-packages/control_msgs/msg/_joint_component_tolerance.py
[0.492s] -- Up-to-date: /home/megan/magic/ros2_ws/install/control_msgs/lib/python3.10/site-packages/control_msgs/msg/_joint_controller_state.py
[0.492s] -- Up-to-date: /home/megan/magic/ros2_ws/install/control_msgs/lib/python3.10/site-packages/control_msgs/msg/_mecanum_drive_controller_state.py
[0.492s] -- Up-to-date: /home/megan/magic/ros2_ws/install/control_msgs/lib/python3.10/site-packages/control_msgs/msg/_pid_state.py
[0.492s] -- Up-to-date: /home/megan/magic/ros2_ws/install/control_msgs/lib/python3.10/site-packages/control_msgs/msg/_joint_jog_s.c
[0.492s] -- Up-to-date: /home/megan/magic/ros2_ws/install/control_msgs/lib/python3.10/site-packages/control_msgs/msg/_single_dof_state_s.c
[0.492s] -- Up-to-date: /home/megan/magic/ros2_ws/install/control_msgs/lib/python3.10/site-packages/control_msgs/msg/_dynamic_interface_group_values_s.c
[0.492s] -- Up-to-date: /home/megan/magic/ros2_ws/install/control_msgs/lib/python3.10/site-packages/control_msgs/msg/_multi_dof_command_s.c
[0.492s] -- Up-to-date: /home/megan/magic/ros2_ws/install/control_msgs/lib/python3.10/site-packages/control_msgs/msg/_steering_controller_status_s.c
[0.492s] -- Up-to-date: /home/megan/magic/ros2_ws/install/control_msgs/lib/python3.10/site-packages/control_msgs/msg/_gripper_command.py
[0.492s] -- Up-to-date: /home/megan/magic/ros2_ws/install/control_msgs/lib/python3.10/site-packages/control_msgs/msg/_pid_state_s.c
[0.492s] -- Up-to-date: /home/megan/magic/ros2_ws/install/control_msgs/lib/python3.10/site-packages/control_msgs/msg/_joint_trajectory_controller_state_s.c
[0.492s] -- Up-to-date: /home/megan/magic/ros2_ws/install/control_msgs/lib/python3.10/site-packages/control_msgs/msg/_joint_tolerance_s.c
[0.492s] -- Up-to-date: /home/megan/magic/ros2_ws/install/control_msgs/lib/python3.10/site-packages/control_msgs/msg/_interface_value_s.c
[0.492s] -- Up-to-date: /home/megan/magic/ros2_ws/install/control_msgs/lib/python3.10/site-packages/control_msgs/msg/_dynamic_interface_group_values.py
[0.493s] -- Up-to-date: /home/megan/magic/ros2_ws/install/control_msgs/lib/python3.10/site-packages/control_msgs/msg/_single_dof_state.py
[0.493s] -- Up-to-date: /home/megan/magic/ros2_ws/install/control_msgs/lib/python3.10/site-packages/control_msgs/msg/_dynamic_joint_state.py
[0.493s] -- Up-to-date: /home/megan/magic/ros2_ws/install/control_msgs/lib/python3.10/site-packages/control_msgs/msg/_joint_component_tolerance_s.c
[0.493s] -- Up-to-date: /home/megan/magic/ros2_ws/install/control_msgs/lib/python3.10/site-packages/control_msgs/msg/_admittance_controller_state.py
[0.493s] -- Up-to-date: /home/megan/magic/ros2_ws/install/control_msgs/lib/python3.10/site-packages/control_msgs/msg/_dynamic_joint_state_s.c
[0.493s] -- Up-to-date: /home/megan/magic/ros2_ws/install/control_msgs/lib/python3.10/site-packages/control_msgs/msg/_mecanum_drive_controller_state_s.c
[0.493s] -- Up-to-date: /home/megan/magic/ros2_ws/install/control_msgs/lib/python3.10/site-packages/control_msgs/control_msgs_s__rosidl_typesupport_fastrtps_c.cpython-310-x86_64-linux-gnu.so
[0.493s] -- Up-to-date: /home/megan/magic/ros2_ws/install/control_msgs/lib/python3.10/site-packages/control_msgs/_control_msgs_s.ep.rosidl_typesupport_c.c
[0.493s] -- Up-to-date: /home/megan/magic/ros2_ws/install/control_msgs/lib/python3.10/site-packages/control_msgs/srv
[0.493s] -- Up-to-date: /home/megan/magic/ros2_ws/install/control_msgs/lib/python3.10/site-packages/control_msgs/srv/__init__.py
[0.493s] -- Up-to-date: /home/megan/magic/ros2_ws/install/control_msgs/lib/python3.10/site-packages/control_msgs/srv/_query_trajectory_state_s.c
[0.493s] -- Up-to-date: /home/megan/magic/ros2_ws/install/control_msgs/lib/python3.10/site-packages/control_msgs/srv/_query_calibration_state.py
[0.493s] -- Up-to-date: /home/megan/magic/ros2_ws/install/control_msgs/lib/python3.10/site-packages/control_msgs/srv/_query_calibration_state_s.c
[0.493s] -- Up-to-date: /home/megan/magic/ros2_ws/install/control_msgs/lib/python3.10/site-packages/control_msgs/srv/_query_trajectory_state.py
[0.516s] Listing '/home/megan/magic/ros2_ws/install/control_msgs/lib/python3.10/site-packages/control_msgs'...
[0.516s] Listing '/home/megan/magic/ros2_ws/install/control_msgs/lib/python3.10/site-packages/control_msgs/action'...
[0.516s] Listing '/home/megan/magic/ros2_ws/install/control_msgs/lib/python3.10/site-packages/control_msgs/msg'...
[0.517s] Listing '/home/megan/magic/ros2_ws/install/control_msgs/lib/python3.10/site-packages/control_msgs/srv'...
[0.521s] -- Up-to-date: /home/megan/magic/ros2_ws/install/control_msgs/lib/python3.10/site-packages/control_msgs/control_msgs_s__rosidl_typesupport_fastrtps_c.cpython-310-x86_64-linux-gnu.so
[0.522s] -- Up-to-date: /home/megan/magic/ros2_ws/install/control_msgs/lib/python3.10/site-packages/control_msgs/control_msgs_s__rosidl_typesupport_introspection_c.cpython-310-x86_64-linux-gnu.so
[0.522s] -- Up-to-date: /home/megan/magic/ros2_ws/install/control_msgs/lib/python3.10/site-packages/control_msgs/control_msgs_s__rosidl_typesupport_c.cpython-310-x86_64-linux-gnu.so
[0.523s] -- Up-to-date: /home/megan/magic/ros2_ws/install/control_msgs/lib/libcontrol_msgs__rosidl_generator_py.so
[0.523s] -- Up-to-date: /home/megan/magic/ros2_ws/install/control_msgs/share/control_msgs/action/ParallelGripperCommand.idl
[0.523s] -- Up-to-date: /home/megan/magic/ros2_ws/install/control_msgs/share/control_msgs/action/FollowJointTrajectory.idl
[0.523s] -- Up-to-date: /home/megan/magic/ros2_ws/install/control_msgs/share/control_msgs/action/GripperCommand.idl
[0.523s] -- Up-to-date: /home/megan/magic/ros2_ws/install/control_msgs/share/control_msgs/action/JointTrajectory.idl
[0.523s] -- Up-to-date: /home/megan/magic/ros2_ws/install/control_msgs/share/control_msgs/action/PointHead.idl
[0.523s] -- Up-to-date: /home/megan/magic/ros2_ws/install/control_msgs/share/control_msgs/action/SingleJointPosition.idl
[0.523s] -- Up-to-date: /home/megan/magic/ros2_ws/install/control_msgs/share/control_msgs/msg/AdmittanceControllerState.idl
[0.524s] -- Up-to-date: /home/megan/magic/ros2_ws/install/control_msgs/share/control_msgs/msg/DynamicInterfaceGroupValues.idl
[0.524s] -- Up-to-date: /home/megan/magic/ros2_ws/install/control_msgs/share/control_msgs/msg/DynamicJointState.idl
[0.524s] -- Up-to-date: /home/megan/magic/ros2_ws/install/control_msgs/share/control_msgs/msg/GripperCommand.idl
[0.524s] -- Up-to-date: /home/megan/magic/ros2_ws/install/control_msgs/share/control_msgs/msg/InterfaceValue.idl
[0.524s] -- Up-to-date: /home/megan/magic/ros2_ws/install/control_msgs/share/control_msgs/msg/JointComponentTolerance.idl
[0.524s] -- Up-to-date: /home/megan/magic/ros2_ws/install/control_msgs/share/control_msgs/msg/JointControllerState.idl
[0.524s] -- Up-to-date: /home/megan/magic/ros2_ws/install/control_msgs/share/control_msgs/msg/JointJog.idl
[0.524s] -- Up-to-date: /home/megan/magic/ros2_ws/install/control_msgs/share/control_msgs/msg/JointTolerance.idl
[0.524s] -- Up-to-date: /home/megan/magic/ros2_ws/install/control_msgs/share/control_msgs/msg/JointTrajectoryControllerState.idl
[0.524s] -- Up-to-date: /home/megan/magic/ros2_ws/install/control_msgs/share/control_msgs/msg/MecanumDriveControllerState.idl
[0.524s] -- Up-to-date: /home/megan/magic/ros2_ws/install/control_msgs/share/control_msgs/msg/MultiDOFCommand.idl
[0.525s] -- Up-to-date: /home/megan/magic/ros2_ws/install/control_msgs/share/control_msgs/msg/MultiDOFStateStamped.idl
[0.525s] -- Up-to-date: /home/megan/magic/ros2_ws/install/control_msgs/share/control_msgs/msg/PidState.idl
[0.525s] -- Up-to-date: /home/megan/magic/ros2_ws/install/control_msgs/share/control_msgs/msg/SingleDOFState.idl
[0.525s] -- Up-to-date: /home/megan/magic/ros2_ws/install/control_msgs/share/control_msgs/msg/SingleDOFStateStamped.idl
[0.525s] -- Up-to-date: /home/megan/magic/ros2_ws/install/control_msgs/share/control_msgs/msg/SteeringControllerStatus.idl
[0.525s] -- Up-to-date: /home/megan/magic/ros2_ws/install/control_msgs/share/control_msgs/srv/QueryCalibrationState.idl
[0.525s] -- Up-to-date: /home/megan/magic/ros2_ws/install/control_msgs/share/control_msgs/srv/QueryTrajectoryState.idl
[0.525s] -- Up-to-date: /home/megan/magic/ros2_ws/install/control_msgs/share/control_msgs/action/ParallelGripperCommand.action
[0.525s] -- Up-to-date: /home/megan/magic/ros2_ws/install/control_msgs/share/control_msgs/action/FollowJointTrajectory.action
[0.525s] -- Up-to-date: /home/megan/magic/ros2_ws/install/control_msgs/share/control_msgs/action/GripperCommand.action
[0.525s] -- Up-to-date: /home/megan/magic/ros2_ws/install/control_msgs/share/control_msgs/action/JointTrajectory.action
[0.526s] -- Up-to-date: /home/megan/magic/ros2_ws/install/control_msgs/share/control_msgs/action/PointHead.action
[0.526s] -- Up-to-date: /home/megan/magic/ros2_ws/install/control_msgs/share/control_msgs/action/SingleJointPosition.action
[0.526s] -- Up-to-date: /home/megan/magic/ros2_ws/install/control_msgs/share/control_msgs/msg/AdmittanceControllerState.msg
[0.526s] -- Up-to-date: /home/megan/magic/ros2_ws/install/control_msgs/share/control_msgs/msg/DynamicInterfaceGroupValues.msg
[0.526s] -- Up-to-date: /home/megan/magic/ros2_ws/install/control_msgs/share/control_msgs/msg/DynamicJointState.msg
[0.527s] -- Up-to-date: /home/megan/magic/ros2_ws/install/control_msgs/share/control_msgs/msg/GripperCommand.msg
[0.527s] -- Up-to-date: /home/megan/magic/ros2_ws/install/control_msgs/share/control_msgs/msg/InterfaceValue.msg
[0.527s] -- Up-to-date: /home/megan/magic/ros2_ws/install/control_msgs/share/control_msgs/msg/JointComponentTolerance.msg
[0.527s] -- Up-to-date: /home/megan/magic/ros2_ws/install/control_msgs/share/control_msgs/msg/JointControllerState.msg
[0.527s] -- Up-to-date: /home/megan/magic/ros2_ws/install/control_msgs/share/control_msgs/msg/JointJog.msg
[0.527s] -- Up-to-date: /home/megan/magic/ros2_ws/install/control_msgs/share/control_msgs/msg/JointTolerance.msg
[0.527s] -- Up-to-date: /home/megan/magic/ros2_ws/install/control_msgs/share/control_msgs/msg/JointTrajectoryControllerState.msg
[0.528s] -- Up-to-date: /home/megan/magic/ros2_ws/install/control_msgs/share/control_msgs/msg/MecanumDriveControllerState.msg
[0.528s] -- Up-to-date: /home/megan/magic/ros2_ws/install/control_msgs/share/control_msgs/msg/MultiDOFCommand.msg
[0.528s] -- Up-to-date: /home/megan/magic/ros2_ws/install/control_msgs/share/control_msgs/msg/MultiDOFStateStamped.msg
[0.528s] -- Up-to-date: /home/megan/magic/ros2_ws/install/control_msgs/share/control_msgs/msg/PidState.msg
[0.528s] -- Up-to-date: /home/megan/magic/ros2_ws/install/control_msgs/share/control_msgs/msg/SingleDOFState.msg
[0.528s] -- Up-to-date: /home/megan/magic/ros2_ws/install/control_msgs/share/control_msgs/msg/SingleDOFStateStamped.msg
[0.528s] -- Up-to-date: /home/megan/magic/ros2_ws/install/control_msgs/share/control_msgs/msg/SteeringControllerStatus.msg
[0.528s] -- Up-to-date: /home/megan/magic/ros2_ws/install/control_msgs/share/control_msgs/srv/QueryCalibrationState.srv
[0.528s] -- Up-to-date: /home/megan/magic/ros2_ws/install/control_msgs/share/control_msgs/srv/QueryCalibrationState_Request.msg
[0.528s] -- Up-to-date: /home/megan/magic/ros2_ws/install/control_msgs/share/control_msgs/srv/QueryCalibrationState_Response.msg
[0.528s] -- Up-to-date: /home/megan/magic/ros2_ws/install/control_msgs/share/control_msgs/srv/QueryTrajectoryState.srv
[0.528s] -- Up-to-date: /home/megan/magic/ros2_ws/install/control_msgs/share/control_msgs/srv/QueryTrajectoryState_Request.msg
[0.528s] -- Up-to-date: /home/megan/magic/ros2_ws/install/control_msgs/share/control_msgs/srv/QueryTrajectoryState_Response.msg
[0.528s] -- Up-to-date: /home/megan/magic/ros2_ws/install/control_msgs/share/ament_index/resource_index/package_run_dependencies/control_msgs
[0.528s] -- Up-to-date: /home/megan/magic/ros2_ws/install/control_msgs/share/ament_index/resource_index/parent_prefix_path/control_msgs
[0.528s] -- Up-to-date: /home/megan/magic/ros2_ws/install/control_msgs/share/control_msgs/environment/ament_prefix_path.sh
[0.528s] -- Up-to-date: /home/megan/magic/ros2_ws/install/control_msgs/share/control_msgs/environment/ament_prefix_path.dsv
[0.528s] -- Up-to-date: /home/megan/magic/ros2_ws/install/control_msgs/share/control_msgs/environment/path.sh
[0.528s] -- Up-to-date: /home/megan/magic/ros2_ws/install/control_msgs/share/control_msgs/environment/path.dsv
[0.528s] -- Up-to-date: /home/megan/magic/ros2_ws/install/control_msgs/share/control_msgs/local_setup.bash
[0.528s] -- Up-to-date: /home/megan/magic/ros2_ws/install/control_msgs/share/control_msgs/local_setup.sh
[0.528s] -- Up-to-date: /home/megan/magic/ros2_ws/install/control_msgs/share/control_msgs/local_setup.zsh
[0.528s] -- Up-to-date: /home/megan/magic/ros2_ws/install/control_msgs/share/control_msgs/local_setup.dsv
[0.529s] -- Installing: /home/megan/magic/ros2_ws/install/control_msgs/share/control_msgs/package.dsv
[0.529s] -- Up-to-date: /home/megan/magic/ros2_ws/install/control_msgs/share/ament_index/resource_index/packages/control_msgs
[0.529s] -- Up-to-date: /home/megan/magic/ros2_ws/install/control_msgs/share/control_msgs/cmake/export_control_msgs__rosidl_generator_cExport.cmake
[0.529s] -- Up-to-date: /home/megan/magic/ros2_ws/install/control_msgs/share/control_msgs/cmake/export_control_msgs__rosidl_generator_cExport-release.cmake
[0.529s] -- Up-to-date: /home/megan/magic/ros2_ws/install/control_msgs/share/control_msgs/cmake/export_control_msgs__rosidl_typesupport_fastrtps_cExport.cmake
[0.529s] -- Up-to-date: /home/megan/magic/ros2_ws/install/control_msgs/share/control_msgs/cmake/export_control_msgs__rosidl_typesupport_fastrtps_cExport-release.cmake
[0.529s] -- Up-to-date: /home/megan/magic/ros2_ws/install/control_msgs/share/control_msgs/cmake/export_control_msgs__rosidl_generator_cppExport.cmake
[0.530s] -- Up-to-date: /home/megan/magic/ros2_ws/install/control_msgs/share/control_msgs/cmake/export_control_msgs__rosidl_typesupport_fastrtps_cppExport.cmake
[0.530s] -- Up-to-date: /home/megan/magic/ros2_ws/install/control_msgs/share/control_msgs/cmake/export_control_msgs__rosidl_typesupport_fastrtps_cppExport-release.cmake
[0.530s] -- Up-to-date: /home/megan/magic/ros2_ws/install/control_msgs/share/control_msgs/cmake/control_msgs__rosidl_typesupport_introspection_cExport.cmake
[0.531s] -- Up-to-date: /home/megan/magic/ros2_ws/install/control_msgs/share/control_msgs/cmake/control_msgs__rosidl_typesupport_introspection_cExport-release.cmake
[0.531s] -- Up-to-date: /home/megan/magic/ros2_ws/install/control_msgs/share/control_msgs/cmake/control_msgs__rosidl_typesupport_cExport.cmake
[0.531s] -- Up-to-date: /home/megan/magic/ros2_ws/install/control_msgs/share/control_msgs/cmake/control_msgs__rosidl_typesupport_cExport-release.cmake
[0.531s] -- Up-to-date: /home/megan/magic/ros2_ws/install/control_msgs/share/control_msgs/cmake/control_msgs__rosidl_typesupport_introspection_cppExport.cmake
[0.531s] -- Up-to-date: /home/megan/magic/ros2_ws/install/control_msgs/share/control_msgs/cmake/control_msgs__rosidl_typesupport_introspection_cppExport-release.cmake
[0.531s] -- Up-to-date: /home/megan/magic/ros2_ws/install/control_msgs/share/control_msgs/cmake/control_msgs__rosidl_typesupport_cppExport.cmake
[0.531s] -- Up-to-date: /home/megan/magic/ros2_ws/install/control_msgs/share/control_msgs/cmake/control_msgs__rosidl_typesupport_cppExport-release.cmake
[0.531s] -- Up-to-date: /home/megan/magic/ros2_ws/install/control_msgs/share/control_msgs/cmake/export_control_msgs__rosidl_generator_pyExport.cmake
[0.531s] -- Up-to-date: /home/megan/magic/ros2_ws/install/control_msgs/share/control_msgs/cmake/export_control_msgs__rosidl_generator_pyExport-release.cmake
[0.531s] -- Up-to-date: /home/megan/magic/ros2_ws/install/control_msgs/share/control_msgs/cmake/rosidl_cmake-extras.cmake
[0.531s] -- Up-to-date: /home/megan/magic/ros2_ws/install/control_msgs/share/control_msgs/cmake/ament_cmake_export_dependencies-extras.cmake
[0.531s] -- Up-to-date: /home/megan/magic/ros2_ws/install/control_msgs/share/control_msgs/cmake/ament_cmake_export_include_directories-extras.cmake
[0.531s] -- Up-to-date: /home/megan/magic/ros2_ws/install/control_msgs/share/control_msgs/cmake/ament_cmake_export_libraries-extras.cmake
[0.532s] -- Up-to-date: /home/megan/magic/ros2_ws/install/control_msgs/share/control_msgs/cmake/ament_cmake_export_targets-extras.cmake
[0.532s] -- Up-to-date: /home/megan/magic/ros2_ws/install/control_msgs/share/control_msgs/cmake/rosidl_cmake_export_typesupport_targets-extras.cmake
[0.532s] -- Up-to-date: /home/megan/magic/ros2_ws/install/control_msgs/share/control_msgs/cmake/rosidl_cmake_export_typesupport_libraries-extras.cmake
[0.532s] -- Up-to-date: /home/megan/magic/ros2_ws/install/control_msgs/share/control_msgs/cmake/control_msgsConfig.cmake
[0.532s] -- Up-to-date: /home/megan/magic/ros2_ws/install/control_msgs/share/control_msgs/cmake/control_msgsConfig-version.cmake
[0.532s] -- Up-to-date: /home/megan/magic/ros2_ws/install/control_msgs/share/control_msgs/package.xml
[0.538s] Invoked command in '/home/megan/magic/ros2_ws/build/control_msgs' returned '0': CMAKE_PREFIX_PATH=/opt/ros/humble VIRTUAL_ENV_PROMPT=(magic) /usr/bin/cmake --install /home/megan/magic/ros2_ws/build/control_msgs
