[0.018s] Invoking command in '/home/megan/magic/ros2_ws/build/pose_broadcaster': AMENT_PREFIX_PATH=/home/megan/magic/ros2_ws/install/controller_manager:/home/megan/magic/ros2_ws/install/hardware_interface_testing:/home/megan/magic/ros2_ws/install/controller_interface:/home/megan/magic/ros2_ws/install/hardware_interface:/home/megan/magic/ros2_ws/install/ros2_control_test_assets:/home/megan/magic/ros2_ws/install/controller_manager_msgs:/home/megan/magic/ros2_ws/install/control_msgs:${AMENT_PREFIX_PATH} CMAKE_PREFIX_PATH=/home/megan/magic/ros2_ws/install/controller_manager:/home/megan/magic/ros2_ws/install/hardware_interface_testing:/home/megan/magic/ros2_ws/install/controller_interface:/home/megan/magic/ros2_ws/install/hardware_interface:/home/megan/magic/ros2_ws/install/ros2_control_test_assets:/home/megan/magic/ros2_ws/install/controller_manager_msgs:/home/megan/magic/ros2_ws/install/control_msgs:/opt/ros/humble LD_LIBRARY_PATH=/home/megan/magic/ros2_ws/install/controller_manager/lib:/home/megan/magic/ros2_ws/install/hardware_interface_testing/lib:/home/megan/magic/ros2_ws/install/controller_interface/lib:/home/megan/magic/ros2_ws/install/hardware_interface/lib:/home/megan/magic/ros2_ws/install/controller_manager_msgs/lib:/home/megan/magic/ros2_ws/install/control_msgs/lib:${LD_LIBRARY_PATH} PYTHONPATH=/home/megan/magic/ros2_ws/install/controller_manager/lib/python3.10/site-packages:/home/megan/magic/ros2_ws/install/controller_manager_msgs/lib/python3.10/site-packages:/home/megan/magic/ros2_ws/install/control_msgs/lib/python3.10/site-packages:${PYTHONPATH} VIRTUAL_ENV_PROMPT=(magic) /usr/bin/cmake /home/megan/magic/ros2_ws/src/ros2_controllers/pose_broadcaster -DCMAKE_BUILD_TYPE=Release -DCMAKE_INSTALL_PREFIX=/home/megan/magic/ros2_ws/install/pose_broadcaster
[0.077s] -- The CXX compiler identification is GNU 11.4.0
[0.086s] -- Detecting CXX compiler ABI info
[0.171s] -- Detecting CXX compiler ABI info - done
[0.176s] -- Check for working CXX compiler: /usr/bin/c++ - skipped
[0.176s] -- Detecting CXX compile features
[0.177s] -- Detecting CXX compile features - done
[0.179s] -- Found ament_cmake: 1.3.11 (/opt/ros/humble/share/ament_cmake/cmake)
[0.673s] -- Found Python3: /home/megan/.pyenv/versions/3.10.15/envs/magic/bin/python3 (found version "3.10.15") found components: Interpreter 
[0.763s] -- Found controller_interface: 2.48.0 (/home/megan/magic/ros2_ws/install/controller_interface/share/controller_interface/cmake)
[0.793s] -- Found rosidl_generator_c: 3.1.6 (/opt/ros/humble/share/rosidl_generator_c/cmake)
[0.797s] -- Found rosidl_adapter: 3.1.6 (/opt/ros/humble/share/rosidl_adapter/cmake)
[0.803s] -- Found rosidl_generator_cpp: 3.1.6 (/opt/ros/humble/share/rosidl_generator_cpp/cmake)
[0.812s] -- Using all available rosidl_typesupport_c: rosidl_typesupport_fastrtps_c;rosidl_typesupport_introspection_c
[0.827s] -- Using all available rosidl_typesupport_cpp: rosidl_typesupport_fastrtps_cpp;rosidl_typesupport_introspection_cpp
[0.982s] -- Found rmw_implementation_cmake: 6.1.2 (/opt/ros/humble/share/rmw_implementation_cmake/cmake)
[0.985s] -- Found rmw_cyclonedds_cpp: 1.3.4 (/opt/ros/humble/share/rmw_cyclonedds_cpp/cmake)
[1.001s] -- Using RMW implementation 'rmw_cyclonedds_cpp' as default
[1.008s] -- Looking for C++ include pthread.h
[1.105s] -- Looking for C++ include pthread.h - found
[1.105s] -- Performing Test CMAKE_HAVE_LIBC_PTHREAD
[1.208s] -- Performing Test CMAKE_HAVE_LIBC_PTHREAD - Success
[1.210s] -- Found Threads: TRUE  
[1.270s] -- Found generate_parameter_library: 0.4.0 (/opt/ros/humble/share/generate_parameter_library/cmake)
[1.271s] -- Found parameter_traits: 0.4.0 (/opt/ros/humble/share/parameter_traits/cmake)
[1.286s] -- Found realtime_tools: 2.11.0 (/opt/ros/humble/share/realtime_tools/cmake)
[1.297s] -- Found tf2_msgs: 0.25.12 (/opt/ros/humble/share/tf2_msgs/cmake)
[1.324s] -- Found ament_cmake_gmock: 1.3.11 (/opt/ros/humble/share/ament_cmake_gmock/cmake)
[1.325s] -- Found controller_manager: 2.48.0 (/home/megan/magic/ros2_ws/install/controller_manager/share/controller_manager/cmake)
[1.355s] -- Found ros2_control_test_assets: 2.48.0 (/home/megan/magic/ros2_ws/install/ros2_control_test_assets/share/ros2_control_test_assets/cmake)
[1.359s] -- Found gmock sources under '/opt/ros/humble/src/gmock_vendor': C++ tests using 'Google Mock' will be built
[1.394s] -- The C compiler identification is GNU 11.4.0
[1.400s] -- Detecting C compiler ABI info
[1.487s] -- Detecting C compiler ABI info - done
[1.492s] -- Check for working C compiler: /usr/bin/cc - skipped
[1.492s] -- Detecting C compile features
[1.493s] -- Detecting C compile features - done
[1.496s] -- Found ament_cmake_gtest: 1.3.11 (/opt/ros/humble/share/ament_cmake_gtest/cmake)
[1.497s] -- Found gtest sources under '/opt/ros/humble/src/gtest_vendor': C++ tests using 'Google Test' will be built
[1.596s] -- Configuring done
[1.674s] -- Generating done
[1.685s] -- Build files have been written to: /home/megan/magic/ros2_ws/build/pose_broadcaster
[1.693s] Invoked command in '/home/megan/magic/ros2_ws/build/pose_broadcaster' returned '0': AMENT_PREFIX_PATH=/home/megan/magic/ros2_ws/install/controller_manager:/home/megan/magic/ros2_ws/install/hardware_interface_testing:/home/megan/magic/ros2_ws/install/controller_interface:/home/megan/magic/ros2_ws/install/hardware_interface:/home/megan/magic/ros2_ws/install/ros2_control_test_assets:/home/megan/magic/ros2_ws/install/controller_manager_msgs:/home/megan/magic/ros2_ws/install/control_msgs:${AMENT_PREFIX_PATH} CMAKE_PREFIX_PATH=/home/megan/magic/ros2_ws/install/controller_manager:/home/megan/magic/ros2_ws/install/hardware_interface_testing:/home/megan/magic/ros2_ws/install/controller_interface:/home/megan/magic/ros2_ws/install/hardware_interface:/home/megan/magic/ros2_ws/install/ros2_control_test_assets:/home/megan/magic/ros2_ws/install/controller_manager_msgs:/home/megan/magic/ros2_ws/install/control_msgs:/opt/ros/humble LD_LIBRARY_PATH=/home/megan/magic/ros2_ws/install/controller_manager/lib:/home/megan/magic/ros2_ws/install/hardware_interface_testing/lib:/home/megan/magic/ros2_ws/install/controller_interface/lib:/home/megan/magic/ros2_ws/install/hardware_interface/lib:/home/megan/magic/ros2_ws/install/controller_manager_msgs/lib:/home/megan/magic/ros2_ws/install/control_msgs/lib:${LD_LIBRARY_PATH} PYTHONPATH=/home/megan/magic/ros2_ws/install/controller_manager/lib/python3.10/site-packages:/home/megan/magic/ros2_ws/install/controller_manager_msgs/lib/python3.10/site-packages:/home/megan/magic/ros2_ws/install/control_msgs/lib/python3.10/site-packages:${PYTHONPATH} VIRTUAL_ENV_PROMPT=(magic) /usr/bin/cmake /home/megan/magic/ros2_ws/src/ros2_controllers/pose_broadcaster -DCMAKE_BUILD_TYPE=Release -DCMAKE_INSTALL_PREFIX=/home/megan/magic/ros2_ws/install/pose_broadcaster
[1.695s] Invoking command in '/home/megan/magic/ros2_ws/build/pose_broadcaster': AMENT_PREFIX_PATH=/home/megan/magic/ros2_ws/install/controller_manager:/home/megan/magic/ros2_ws/install/hardware_interface_testing:/home/megan/magic/ros2_ws/install/controller_interface:/home/megan/magic/ros2_ws/install/hardware_interface:/home/megan/magic/ros2_ws/install/ros2_control_test_assets:/home/megan/magic/ros2_ws/install/controller_manager_msgs:/home/megan/magic/ros2_ws/install/control_msgs:${AMENT_PREFIX_PATH} CMAKE_PREFIX_PATH=/home/megan/magic/ros2_ws/install/controller_manager:/home/megan/magic/ros2_ws/install/hardware_interface_testing:/home/megan/magic/ros2_ws/install/controller_interface:/home/megan/magic/ros2_ws/install/hardware_interface:/home/megan/magic/ros2_ws/install/ros2_control_test_assets:/home/megan/magic/ros2_ws/install/controller_manager_msgs:/home/megan/magic/ros2_ws/install/control_msgs:/opt/ros/humble LD_LIBRARY_PATH=/home/megan/magic/ros2_ws/install/controller_manager/lib:/home/megan/magic/ros2_ws/install/hardware_interface_testing/lib:/home/megan/magic/ros2_ws/install/controller_interface/lib:/home/megan/magic/ros2_ws/install/hardware_interface/lib:/home/megan/magic/ros2_ws/install/controller_manager_msgs/lib:/home/megan/magic/ros2_ws/install/control_msgs/lib:${LD_LIBRARY_PATH} PYTHONPATH=/home/megan/magic/ros2_ws/install/controller_manager/lib/python3.10/site-packages:/home/megan/magic/ros2_ws/install/controller_manager_msgs/lib/python3.10/site-packages:/home/megan/magic/ros2_ws/install/control_msgs/lib/python3.10/site-packages:${PYTHONPATH} VIRTUAL_ENV_PROMPT=(magic) /usr/bin/cmake --build /home/megan/magic/ros2_ws/build/pose_broadcaster -- -j20 -l20
[1.747s] [  7%] [32mBuilding CXX object gmock/CMakeFiles/gmock.dir/opt/ros/humble/src/gtest_vendor/src/gtest-all.cc.o[0m
[1.748s] [ 15%] [32mBuilding CXX object gmock/CMakeFiles/gmock.dir/src/gmock-all.cc.o[0m
[1.748s] [ 23%] [34m[1mRunning `/opt/ros/humble/bin/generate_parameter_library_cpp /home/megan/magic/ros2_ws/build/pose_broadcaster/include/pose_broadcaster/pose_broadcaster_parameters.hpp /home/megan/magic/ros2_ws/src/ros2_controllers/pose_broadcaster/src/pose_broadcaster_parameters.yaml `[0m
[1.749s] [ 30%] [32mBuilding CXX object gmock/CMakeFiles/gmock_main.dir/src/gmock_main.cc.o[0m
[1.917s] [ 38%] [34m[1mCreating deprecated header file /home/megan/magic/ros2_ws/build/pose_broadcaster/include/pose_broadcaster_parameters.hpp[0m
[1.965s] [ 38%] Built target pose_broadcaster_parameters
[1.989s] [ 46%] [32mBuilding CXX object CMakeFiles/pose_broadcaster.dir/src/pose_broadcaster.cpp.o[0m
[2.749s] [ 53%] [32m[1mLinking CXX static library libgmock_main.a[0m
[2.810s] [ 53%] Built target gmock_main
[7.660s] [ 61%] [32m[1mLinking CXX static library libgmock.a[0m
[7.716s] [ 61%] Built target gmock
[7.760s] [ 69%] [32m[1mLinking CXX shared library libpose_broadcaster.so[0m
[7.882s] [ 69%] Built target pose_broadcaster
[7.905s] [ 76%] [32mBuilding CXX object CMakeFiles/test_load_pose_broadcaster.dir/test/test_load_pose_broadcaster.cpp.o[0m
[7.906s] [ 84%] [32mBuilding CXX object CMakeFiles/test_pose_broadcaster.dir/test/test_pose_broadcaster.cpp.o[0m
[11.931s] [ 92%] [32m[1mLinking CXX executable test_load_pose_broadcaster[0m
[12.119s] [ 92%] Built target test_load_pose_broadcaster
[19.446s] [100%] [32m[1mLinking CXX executable test_pose_broadcaster[0m
[19.727s] [100%] Built target test_pose_broadcaster
[19.738s] Invoked command in '/home/megan/magic/ros2_ws/build/pose_broadcaster' returned '0': AMENT_PREFIX_PATH=/home/megan/magic/ros2_ws/install/controller_manager:/home/megan/magic/ros2_ws/install/hardware_interface_testing:/home/megan/magic/ros2_ws/install/controller_interface:/home/megan/magic/ros2_ws/install/hardware_interface:/home/megan/magic/ros2_ws/install/ros2_control_test_assets:/home/megan/magic/ros2_ws/install/controller_manager_msgs:/home/megan/magic/ros2_ws/install/control_msgs:${AMENT_PREFIX_PATH} CMAKE_PREFIX_PATH=/home/megan/magic/ros2_ws/install/controller_manager:/home/megan/magic/ros2_ws/install/hardware_interface_testing:/home/megan/magic/ros2_ws/install/controller_interface:/home/megan/magic/ros2_ws/install/hardware_interface:/home/megan/magic/ros2_ws/install/ros2_control_test_assets:/home/megan/magic/ros2_ws/install/controller_manager_msgs:/home/megan/magic/ros2_ws/install/control_msgs:/opt/ros/humble LD_LIBRARY_PATH=/home/megan/magic/ros2_ws/install/controller_manager/lib:/home/megan/magic/ros2_ws/install/hardware_interface_testing/lib:/home/megan/magic/ros2_ws/install/controller_interface/lib:/home/megan/magic/ros2_ws/install/hardware_interface/lib:/home/megan/magic/ros2_ws/install/controller_manager_msgs/lib:/home/megan/magic/ros2_ws/install/control_msgs/lib:${LD_LIBRARY_PATH} PYTHONPATH=/home/megan/magic/ros2_ws/install/controller_manager/lib/python3.10/site-packages:/home/megan/magic/ros2_ws/install/controller_manager_msgs/lib/python3.10/site-packages:/home/megan/magic/ros2_ws/install/control_msgs/lib/python3.10/site-packages:${PYTHONPATH} VIRTUAL_ENV_PROMPT=(magic) /usr/bin/cmake --build /home/megan/magic/ros2_ws/build/pose_broadcaster -- -j20 -l20
[19.739s] Invoking command in '/home/megan/magic/ros2_ws/build/pose_broadcaster': AMENT_PREFIX_PATH=/home/megan/magic/ros2_ws/install/controller_manager:/home/megan/magic/ros2_ws/install/hardware_interface_testing:/home/megan/magic/ros2_ws/install/controller_interface:/home/megan/magic/ros2_ws/install/hardware_interface:/home/megan/magic/ros2_ws/install/ros2_control_test_assets:/home/megan/magic/ros2_ws/install/controller_manager_msgs:/home/megan/magic/ros2_ws/install/control_msgs:${AMENT_PREFIX_PATH} CMAKE_PREFIX_PATH=/home/megan/magic/ros2_ws/install/controller_manager:/home/megan/magic/ros2_ws/install/hardware_interface_testing:/home/megan/magic/ros2_ws/install/controller_interface:/home/megan/magic/ros2_ws/install/hardware_interface:/home/megan/magic/ros2_ws/install/ros2_control_test_assets:/home/megan/magic/ros2_ws/install/controller_manager_msgs:/home/megan/magic/ros2_ws/install/control_msgs:/opt/ros/humble LD_LIBRARY_PATH=/home/megan/magic/ros2_ws/install/controller_manager/lib:/home/megan/magic/ros2_ws/install/hardware_interface_testing/lib:/home/megan/magic/ros2_ws/install/controller_interface/lib:/home/megan/magic/ros2_ws/install/hardware_interface/lib:/home/megan/magic/ros2_ws/install/controller_manager_msgs/lib:/home/megan/magic/ros2_ws/install/control_msgs/lib:${LD_LIBRARY_PATH} PYTHONPATH=/home/megan/magic/ros2_ws/install/controller_manager/lib/python3.10/site-packages:/home/megan/magic/ros2_ws/install/controller_manager_msgs/lib/python3.10/site-packages:/home/megan/magic/ros2_ws/install/control_msgs/lib/python3.10/site-packages:${PYTHONPATH} VIRTUAL_ENV_PROMPT=(magic) /usr/bin/cmake --install /home/megan/magic/ros2_ws/build/pose_broadcaster
[19.747s] -- Install configuration: "Release"
[19.747s] -- Installing: /home/megan/magic/ros2_ws/install/pose_broadcaster/include/pose_broadcaster
[19.747s] -- Installing: /home/megan/magic/ros2_ws/install/pose_broadcaster/include/pose_broadcaster/pose_broadcaster_parameters.hpp
[19.747s] -- Installing: /home/megan/magic/ros2_ws/install/pose_broadcaster/share/pose_broadcaster/pose_broadcaster.xml
[19.748s] -- Up-to-date: /home/megan/magic/ros2_ws/install/pose_broadcaster/include/pose_broadcaster
[19.748s] -- Installing: /home/megan/magic/ros2_ws/install/pose_broadcaster/include/pose_broadcaster/pose_broadcaster
[19.748s] -- Installing: /home/megan/magic/ros2_ws/install/pose_broadcaster/include/pose_broadcaster/pose_broadcaster/pose_broadcaster.hpp
[19.748s] -- Installing: /home/megan/magic/ros2_ws/install/pose_broadcaster/include/pose_broadcaster/pose_broadcaster/visibility_control.h
[19.748s] -- Installing: /home/megan/magic/ros2_ws/install/pose_broadcaster/lib/libpose_broadcaster.so
[19.748s] -- Set runtime path of "/home/megan/magic/ros2_ws/install/pose_broadcaster/lib/libpose_broadcaster.so" to ""
[19.748s] -- Installing: /home/megan/magic/ros2_ws/install/pose_broadcaster/share/pose_broadcaster/environment/library_path.sh
[19.748s] -- Installing: /home/megan/magic/ros2_ws/install/pose_broadcaster/share/pose_broadcaster/environment/library_path.dsv
[19.748s] -- Installing: /home/megan/magic/ros2_ws/install/pose_broadcaster/share/ament_index/resource_index/package_run_dependencies/pose_broadcaster
[19.748s] -- Installing: /home/megan/magic/ros2_ws/install/pose_broadcaster/share/ament_index/resource_index/parent_prefix_path/pose_broadcaster
[19.748s] -- Installing: /home/megan/magic/ros2_ws/install/pose_broadcaster/share/pose_broadcaster/environment/ament_prefix_path.sh
[19.749s] -- Installing: /home/megan/magic/ros2_ws/install/pose_broadcaster/share/pose_broadcaster/environment/ament_prefix_path.dsv
[19.749s] -- Installing: /home/megan/magic/ros2_ws/install/pose_broadcaster/share/pose_broadcaster/environment/path.sh
[19.749s] -- Installing: /home/megan/magic/ros2_ws/install/pose_broadcaster/share/pose_broadcaster/environment/path.dsv
[19.749s] -- Installing: /home/megan/magic/ros2_ws/install/pose_broadcaster/share/pose_broadcaster/local_setup.bash
[19.749s] -- Installing: /home/megan/magic/ros2_ws/install/pose_broadcaster/share/pose_broadcaster/local_setup.sh
[19.749s] -- Installing: /home/megan/magic/ros2_ws/install/pose_broadcaster/share/pose_broadcaster/local_setup.zsh
[19.749s] -- Installing: /home/megan/magic/ros2_ws/install/pose_broadcaster/share/pose_broadcaster/local_setup.dsv
[19.749s] -- Installing: /home/megan/magic/ros2_ws/install/pose_broadcaster/share/pose_broadcaster/package.dsv
[19.749s] -- Installing: /home/megan/magic/ros2_ws/install/pose_broadcaster/share/ament_index/resource_index/packages/pose_broadcaster
[19.749s] -- Installing: /home/megan/magic/ros2_ws/install/pose_broadcaster/share/ament_index/resource_index/controller_interface__pluginlib__plugin/pose_broadcaster
[19.749s] -- Installing: /home/megan/magic/ros2_ws/install/pose_broadcaster/share/pose_broadcaster/cmake/export_pose_broadcasterExport.cmake
[19.749s] -- Installing: /home/megan/magic/ros2_ws/install/pose_broadcaster/share/pose_broadcaster/cmake/export_pose_broadcasterExport-release.cmake
[19.749s] -- Installing: /home/megan/magic/ros2_ws/install/pose_broadcaster/share/pose_broadcaster/cmake/ament_cmake_export_dependencies-extras.cmake
[19.749s] -- Installing: /home/megan/magic/ros2_ws/install/pose_broadcaster/share/pose_broadcaster/cmake/ament_cmake_export_targets-extras.cmake
[19.749s] -- Installing: /home/megan/magic/ros2_ws/install/pose_broadcaster/share/pose_broadcaster/cmake/pose_broadcasterConfig.cmake
[19.750s] -- Installing: /home/megan/magic/ros2_ws/install/pose_broadcaster/share/pose_broadcaster/cmake/pose_broadcasterConfig-version.cmake
[19.750s] -- Installing: /home/megan/magic/ros2_ws/install/pose_broadcaster/share/pose_broadcaster/package.xml
[19.751s] Invoked command in '/home/megan/magic/ros2_ws/build/pose_broadcaster' returned '0': AMENT_PREFIX_PATH=/home/megan/magic/ros2_ws/install/controller_manager:/home/megan/magic/ros2_ws/install/hardware_interface_testing:/home/megan/magic/ros2_ws/install/controller_interface:/home/megan/magic/ros2_ws/install/hardware_interface:/home/megan/magic/ros2_ws/install/ros2_control_test_assets:/home/megan/magic/ros2_ws/install/controller_manager_msgs:/home/megan/magic/ros2_ws/install/control_msgs:${AMENT_PREFIX_PATH} CMAKE_PREFIX_PATH=/home/megan/magic/ros2_ws/install/controller_manager:/home/megan/magic/ros2_ws/install/hardware_interface_testing:/home/megan/magic/ros2_ws/install/controller_interface:/home/megan/magic/ros2_ws/install/hardware_interface:/home/megan/magic/ros2_ws/install/ros2_control_test_assets:/home/megan/magic/ros2_ws/install/controller_manager_msgs:/home/megan/magic/ros2_ws/install/control_msgs:/opt/ros/humble LD_LIBRARY_PATH=/home/megan/magic/ros2_ws/install/controller_manager/lib:/home/megan/magic/ros2_ws/install/hardware_interface_testing/lib:/home/megan/magic/ros2_ws/install/controller_interface/lib:/home/megan/magic/ros2_ws/install/hardware_interface/lib:/home/megan/magic/ros2_ws/install/controller_manager_msgs/lib:/home/megan/magic/ros2_ws/install/control_msgs/lib:${LD_LIBRARY_PATH} PYTHONPATH=/home/megan/magic/ros2_ws/install/controller_manager/lib/python3.10/site-packages:/home/megan/magic/ros2_ws/install/controller_manager_msgs/lib/python3.10/site-packages:/home/megan/magic/ros2_ws/install/control_msgs/lib/python3.10/site-packages:${PYTHONPATH} VIRTUAL_ENV_PROMPT=(magic) /usr/bin/cmake --install /home/megan/magic/ros2_ws/build/pose_broadcaster
