running egg_info
writing ../../../build/mujoco_ros2/mujoco_ros2.egg-info/PKG-INFO
writing dependency_links to ../../../build/mujoco_ros2/mujoco_ros2.egg-info/dependency_links.txt
writing entry points to ../../../build/mujoco_ros2/mujoco_ros2.egg-info/entry_points.txt
writing requirements to ../../../build/mujoco_ros2/mujoco_ros2.egg-info/requires.txt
writing top-level names to ../../../build/mujoco_ros2/mujoco_ros2.egg-info/top_level.txt
reading manifest file '../../../build/mujoco_ros2/mujoco_ros2.egg-info/SOURCES.txt'
writing manifest file '../../../build/mujoco_ros2/mujoco_ros2.egg-info/SOURCES.txt'
running build
running build_py
running install
running install_lib
running install_data
running install_egg_info
removing '/home/emma/Documents/GitHub/magic/install/mujoco_ros2/lib/python3.10/site-packages/mujoco_ros2-0.0.0-py3.10.egg-info' (and everything under it)
Copying ../../../build/mujoco_ros2/mujoco_ros2.egg-info to /home/emma/Documents/GitHub/magic/install/mujoco_ros2/lib/python3.10/site-packages/mujoco_ros2-0.0.0-py3.10.egg-info
running install_scripts
Installing moveit_pose script to /home/emma/Documents/GitHub/magic/install/mujoco_ros2/lib/mujoco_ros2
Installing mujoco_node script to /home/emma/Documents/GitHub/magic/install/mujoco_ros2/lib/mujoco_ros2
writing list of installed files to '/home/emma/Documents/GitHub/magic/build/mujoco_ros2/install.log'
