[0.015s] Invoking command in '/home/megan/magic/ros2_ws/build/kortex_driver': AMENT_PREFIX_PATH=/home/megan/magic/ros2_ws/install/hardware_interface:/home/megan/magic/ros2_ws/install/ros2_control_test_assets:/home/megan/magic/ros2_ws/install/kortex_api:/home/megan/magic/ros2_ws/install/control_msgs:${AMENT_PREFIX_PATH} CMAKE_PREFIX_PATH=/home/megan/magic/ros2_ws/install/hardware_interface:/home/megan/magic/ros2_ws/install/ros2_control_test_assets:/home/megan/magic/ros2_ws/install/kortex_api:/home/megan/magic/ros2_ws/install/control_msgs:/opt/ros/humble LD_LIBRARY_PATH=/home/megan/magic/ros2_ws/install/hardware_interface/lib:/home/megan/magic/ros2_ws/install/control_msgs/lib:${LD_LIBRARY_PATH} PYTHONPATH=/home/megan/magic/ros2_ws/install/control_msgs/lib/python3.10/site-packages:${PYTHONPATH} VIRTUAL_ENV_PROMPT=(magic) /usr/bin/cmake /home/megan/magic/ros2_ws/src/ros2_kortex/kortex_driver -DCMAKE_BUILD_TYPE=Release -DCMAKE_INSTALL_PREFIX=/home/megan/magic/ros2_ws/install/kortex_driver
[1.404s] -- The C compiler identification is GNU 11.4.0
[1.445s] -- The CXX compiler identification is GNU 11.4.0
[1.451s] -- Detecting C compiler ABI info
[1.511s] -- Detecting C compiler ABI info - done
[1.516s] -- Check for working C compiler: /usr/bin/cc - skipped
[1.516s] -- Detecting C compile features
[1.516s] -- Detecting C compile features - done
[1.518s] -- Detecting CXX compiler ABI info
[1.591s] -- Detecting CXX compiler ABI info - done
[1.596s] -- Check for working CXX compiler: /usr/bin/c++ - skipped
[1.597s] -- Detecting CXX compile features
[1.597s] -- Detecting CXX compile features - done
[1.599s] -- Found ament_cmake: 1.3.11 (/opt/ros/humble/share/ament_cmake/cmake)
[2.038s] -- Found Python3: /home/megan/.pyenv/versions/3.10.15/envs/magic/bin/python3 (found version "3.10.15") found components: Interpreter 
[2.118s] -- Found hardware_interface: 2.48.0 (/home/megan/magic/ros2_ws/install/hardware_interface/share/hardware_interface/cmake)
[2.146s] -- Found rosidl_generator_c: 3.1.6 (/opt/ros/humble/share/rosidl_generator_c/cmake)
[2.150s] -- Found rosidl_adapter: 3.1.6 (/opt/ros/humble/share/rosidl_adapter/cmake)
[2.158s] -- Found rosidl_generator_cpp: 3.1.6 (/opt/ros/humble/share/rosidl_generator_cpp/cmake)
[2.170s] -- Using all available rosidl_typesupport_c: rosidl_typesupport_fastrtps_c;rosidl_typesupport_introspection_c
[2.183s] -- Using all available rosidl_typesupport_cpp: rosidl_typesupport_fastrtps_cpp;rosidl_typesupport_introspection_cpp
[2.340s] -- Found rmw_implementation_cmake: 6.1.2 (/opt/ros/humble/share/rmw_implementation_cmake/cmake)
[2.343s] -- Found rmw_cyclonedds_cpp: 1.3.4 (/opt/ros/humble/share/rmw_cyclonedds_cpp/cmake)
[2.372s] -- Using RMW implementation 'rmw_cyclonedds_cpp' as default
[2.385s] -- Looking for pthread.h
[2.445s] -- Looking for pthread.h - found
[2.446s] -- Performing Test CMAKE_HAVE_LIBC_PTHREAD
[2.537s] -- Performing Test CMAKE_HAVE_LIBC_PTHREAD - Success
[2.538s] -- Found Threads: TRUE  
[2.606s] -- Found kortex_api: 0.2.3 (/home/megan/magic/ros2_ws/install/kortex_api/share/kortex_api/cmake)
[2.757s] -- Configuring done
[2.786s] -- Generating done
[2.793s] -- Build files have been written to: /home/megan/magic/ros2_ws/build/kortex_driver
[2.804s] Invoked command in '/home/megan/magic/ros2_ws/build/kortex_driver' returned '0': AMENT_PREFIX_PATH=/home/megan/magic/ros2_ws/install/hardware_interface:/home/megan/magic/ros2_ws/install/ros2_control_test_assets:/home/megan/magic/ros2_ws/install/kortex_api:/home/megan/magic/ros2_ws/install/control_msgs:${AMENT_PREFIX_PATH} CMAKE_PREFIX_PATH=/home/megan/magic/ros2_ws/install/hardware_interface:/home/megan/magic/ros2_ws/install/ros2_control_test_assets:/home/megan/magic/ros2_ws/install/kortex_api:/home/megan/magic/ros2_ws/install/control_msgs:/opt/ros/humble LD_LIBRARY_PATH=/home/megan/magic/ros2_ws/install/hardware_interface/lib:/home/megan/magic/ros2_ws/install/control_msgs/lib:${LD_LIBRARY_PATH} PYTHONPATH=/home/megan/magic/ros2_ws/install/control_msgs/lib/python3.10/site-packages:${PYTHONPATH} VIRTUAL_ENV_PROMPT=(magic) /usr/bin/cmake /home/megan/magic/ros2_ws/src/ros2_kortex/kortex_driver -DCMAKE_BUILD_TYPE=Release -DCMAKE_INSTALL_PREFIX=/home/megan/magic/ros2_ws/install/kortex_driver
[2.806s] Invoking command in '/home/megan/magic/ros2_ws/build/kortex_driver': AMENT_PREFIX_PATH=/home/megan/magic/ros2_ws/install/hardware_interface:/home/megan/magic/ros2_ws/install/ros2_control_test_assets:/home/megan/magic/ros2_ws/install/kortex_api:/home/megan/magic/ros2_ws/install/control_msgs:${AMENT_PREFIX_PATH} CMAKE_PREFIX_PATH=/home/megan/magic/ros2_ws/install/hardware_interface:/home/megan/magic/ros2_ws/install/ros2_control_test_assets:/home/megan/magic/ros2_ws/install/kortex_api:/home/megan/magic/ros2_ws/install/control_msgs:/opt/ros/humble LD_LIBRARY_PATH=/home/megan/magic/ros2_ws/install/hardware_interface/lib:/home/megan/magic/ros2_ws/install/control_msgs/lib:${LD_LIBRARY_PATH} PYTHONPATH=/home/megan/magic/ros2_ws/install/control_msgs/lib/python3.10/site-packages:${PYTHONPATH} VIRTUAL_ENV_PROMPT=(magic) /usr/bin/cmake --build /home/megan/magic/ros2_ws/build/kortex_driver -- -j20 -l20
[2.856s] [ 33%] [32mBuilding CXX object CMakeFiles/kortex_driver.dir/src/hardware_interface.cpp.o[0m
[2.858s] [ 66%] [32mBuilding CXX object CMakeFiles/kortex_driver.dir/src/kortex_math_util.cpp.o[0m
[7.345s] [100%] [32m[1mLinking CXX shared library libkortex_driver.so[0m
[7.724s] [100%] Built target kortex_driver
[7.735s] Invoked command in '/home/megan/magic/ros2_ws/build/kortex_driver' returned '0': AMENT_PREFIX_PATH=/home/megan/magic/ros2_ws/install/hardware_interface:/home/megan/magic/ros2_ws/install/ros2_control_test_assets:/home/megan/magic/ros2_ws/install/kortex_api:/home/megan/magic/ros2_ws/install/control_msgs:${AMENT_PREFIX_PATH} CMAKE_PREFIX_PATH=/home/megan/magic/ros2_ws/install/hardware_interface:/home/megan/magic/ros2_ws/install/ros2_control_test_assets:/home/megan/magic/ros2_ws/install/kortex_api:/home/megan/magic/ros2_ws/install/control_msgs:/opt/ros/humble LD_LIBRARY_PATH=/home/megan/magic/ros2_ws/install/hardware_interface/lib:/home/megan/magic/ros2_ws/install/control_msgs/lib:${LD_LIBRARY_PATH} PYTHONPATH=/home/megan/magic/ros2_ws/install/control_msgs/lib/python3.10/site-packages:${PYTHONPATH} VIRTUAL_ENV_PROMPT=(magic) /usr/bin/cmake --build /home/megan/magic/ros2_ws/build/kortex_driver -- -j20 -l20
[7.736s] Invoking command in '/home/megan/magic/ros2_ws/build/kortex_driver': AMENT_PREFIX_PATH=/home/megan/magic/ros2_ws/install/hardware_interface:/home/megan/magic/ros2_ws/install/ros2_control_test_assets:/home/megan/magic/ros2_ws/install/kortex_api:/home/megan/magic/ros2_ws/install/control_msgs:${AMENT_PREFIX_PATH} CMAKE_PREFIX_PATH=/home/megan/magic/ros2_ws/install/hardware_interface:/home/megan/magic/ros2_ws/install/ros2_control_test_assets:/home/megan/magic/ros2_ws/install/kortex_api:/home/megan/magic/ros2_ws/install/control_msgs:/opt/ros/humble LD_LIBRARY_PATH=/home/megan/magic/ros2_ws/install/hardware_interface/lib:/home/megan/magic/ros2_ws/install/control_msgs/lib:${LD_LIBRARY_PATH} PYTHONPATH=/home/megan/magic/ros2_ws/install/control_msgs/lib/python3.10/site-packages:${PYTHONPATH} VIRTUAL_ENV_PROMPT=(magic) /usr/bin/cmake --install /home/megan/magic/ros2_ws/build/kortex_driver
[7.741s] -- Install configuration: "Release"
[7.741s] -- Installing: /home/megan/magic/ros2_ws/install/kortex_driver/share/kortex_driver/hardware_interface_plugin.xml
[7.741s] -- Installing: /home/megan/magic/ros2_ws/install/kortex_driver/lib/libkortex_driver.so
[7.746s] -- Set runtime path of "/home/megan/magic/ros2_ws/install/kortex_driver/lib/libkortex_driver.so" to ""
[7.746s] -- Installing: /home/megan/magic/ros2_ws/install/kortex_driver/include
[7.747s] -- Installing: /home/megan/magic/ros2_ws/install/kortex_driver/include/kortex_driver
[7.747s] -- Installing: /home/megan/magic/ros2_ws/install/kortex_driver/include/kortex_driver/hardware_interface.hpp
[7.747s] -- Installing: /home/megan/magic/ros2_ws/install/kortex_driver/include/kortex_driver/visibility_control.h
[7.747s] -- Installing: /home/megan/magic/ros2_ws/install/kortex_driver/include/kortex_driver/kortex_math_util.hpp
[7.747s] -- Installing: /home/megan/magic/ros2_ws/install/kortex_driver/share/kortex_driver/environment/library_path.sh
[7.747s] -- Installing: /home/megan/magic/ros2_ws/install/kortex_driver/share/kortex_driver/environment/library_path.dsv
[7.747s] -- Installing: /home/megan/magic/ros2_ws/install/kortex_driver/share/ament_index/resource_index/package_run_dependencies/kortex_driver
[7.747s] -- Installing: /home/megan/magic/ros2_ws/install/kortex_driver/share/ament_index/resource_index/parent_prefix_path/kortex_driver
[7.747s] -- Installing: /home/megan/magic/ros2_ws/install/kortex_driver/share/kortex_driver/environment/ament_prefix_path.sh
[7.747s] -- Installing: /home/megan/magic/ros2_ws/install/kortex_driver/share/kortex_driver/environment/ament_prefix_path.dsv
[7.747s] -- Installing: /home/megan/magic/ros2_ws/install/kortex_driver/share/kortex_driver/environment/path.sh
[7.747s] -- Installing: /home/megan/magic/ros2_ws/install/kortex_driver/share/kortex_driver/environment/path.dsv
[7.747s] -- Installing: /home/megan/magic/ros2_ws/install/kortex_driver/share/kortex_driver/local_setup.bash
[7.747s] -- Installing: /home/megan/magic/ros2_ws/install/kortex_driver/share/kortex_driver/local_setup.sh
[7.747s] -- Installing: /home/megan/magic/ros2_ws/install/kortex_driver/share/kortex_driver/local_setup.zsh
[7.747s] -- Installing: /home/megan/magic/ros2_ws/install/kortex_driver/share/kortex_driver/local_setup.dsv
[7.747s] -- Installing: /home/megan/magic/ros2_ws/install/kortex_driver/share/kortex_driver/package.dsv
[7.748s] -- Installing: /home/megan/magic/ros2_ws/install/kortex_driver/share/ament_index/resource_index/packages/kortex_driver
[7.748s] -- Installing: /home/megan/magic/ros2_ws/install/kortex_driver/share/ament_index/resource_index/hardware_interface__pluginlib__plugin/kortex_driver
[7.748s] -- Installing: /home/megan/magic/ros2_ws/install/kortex_driver/share/kortex_driver/cmake/ament_cmake_export_include_directories-extras.cmake
[7.748s] -- Installing: /home/megan/magic/ros2_ws/install/kortex_driver/share/kortex_driver/cmake/ament_cmake_export_libraries-extras.cmake
[7.748s] -- Installing: /home/megan/magic/ros2_ws/install/kortex_driver/share/kortex_driver/cmake/ament_cmake_export_dependencies-extras.cmake
[7.748s] -- Installing: /home/megan/magic/ros2_ws/install/kortex_driver/share/kortex_driver/cmake/kortex_driverConfig.cmake
[7.748s] -- Installing: /home/megan/magic/ros2_ws/install/kortex_driver/share/kortex_driver/cmake/kortex_driverConfig-version.cmake
[7.748s] -- Installing: /home/megan/magic/ros2_ws/install/kortex_driver/share/kortex_driver/package.xml
[7.749s] Invoked command in '/home/megan/magic/ros2_ws/build/kortex_driver' returned '0': AMENT_PREFIX_PATH=/home/megan/magic/ros2_ws/install/hardware_interface:/home/megan/magic/ros2_ws/install/ros2_control_test_assets:/home/megan/magic/ros2_ws/install/kortex_api:/home/megan/magic/ros2_ws/install/control_msgs:${AMENT_PREFIX_PATH} CMAKE_PREFIX_PATH=/home/megan/magic/ros2_ws/install/hardware_interface:/home/megan/magic/ros2_ws/install/ros2_control_test_assets:/home/megan/magic/ros2_ws/install/kortex_api:/home/megan/magic/ros2_ws/install/control_msgs:/opt/ros/humble LD_LIBRARY_PATH=/home/megan/magic/ros2_ws/install/hardware_interface/lib:/home/megan/magic/ros2_ws/install/control_msgs/lib:${LD_LIBRARY_PATH} PYTHONPATH=/home/megan/magic/ros2_ws/install/control_msgs/lib/python3.10/site-packages:${PYTHONPATH} VIRTUAL_ENV_PROMPT=(magic) /usr/bin/cmake --install /home/megan/magic/ros2_ws/build/kortex_driver
