[0.021s] Invoking command in '/home/emma/Documents/GitHub/magic/build/robotiq_driver': AMENT_PREFIX_PATH=/home/emma/Documents/GitHub/magic/install/hardware_interface:/home/emma/Documents/GitHub/magic/install/serial:/home/emma/Documents/GitHub/magic/install/ros2_control_test_assets:/home/emma/Documents/GitHub/magic/install/control_msgs:${AMENT_PREFIX_PATH} CMAKE_PREFIX_PATH=/home/emma/Documents/GitHub/magic/install/hardware_interface:/home/emma/Documents/GitHub/magic/install/serial:/home/emma/Documents/GitHub/magic/install/ros2_control_test_assets:/home/emma/Documents/GitHub/magic/install/control_msgs:/home/emma/Documents/GitHub/install/two_arm_moveit2_config:/home/emma/Documents/GitHub/install/kortex_bringup:/home/emma/Documents/GitHub/install/kinova_gen3_lite_moveit_config:/home/emma/Documents/GitHub/install/kinova_gen3_7dof_robotiq_2f_85_moveit_config:/home/emma/Documents/GitHub/install/kinova_gen3_6dof_robotiq_2f_85_moveit_config:/home/emma/Documents/GitHub/install/kortex_description:/home/emma/Documents/GitHub/install/robotiq_description:/home/emma/Documents/GitHub/install/ros2_controllers:/home/emma/Documents/GitHub/install/velocity_controllers:/home/emma/Documents/GitHub/install/tricycle_steering_controller:/home/emma/Documents/GitHub/install/tricycle_controller:/home/emma/Documents/GitHub/install/ros2_control:/home/emma/Documents/GitHub/install/transmission_interface:/home/emma/Documents/GitHub/install/bicycle_steering_controller:/home/emma/Documents/GitHub/install/ackermann_steering_controller:/home/emma/Documents/GitHub/install/steering_controllers_library:/home/emma/Documents/GitHub/install/robotiq_hardware_tests:/home/emma/Documents/GitHub/install/robotiq_driver:/home/emma/Documents/GitHub/install/serial:/home/emma/Documents/GitHub/install/hardware_interface_testing:/home/emma/Documents/GitHub/install/controller_manager:/home/emma/Documents/GitHub/install/ros2_control_test_assets:/home/emma/Documents/GitHub/install/robotiq_controllers:/home/emma/Documents/GitHub/install/range_sensor_broadcaster:/home/emma/Documents/GitHub/install/position_controllers:/home/emma/Documents/GitHub/install/pose_broadcaster:/home/emma/Documents/GitHub/install/pid_controller:/home/emma/Documents/GitHub/install/picknik_twist_controller:/home/emma/Documents/GitHub/install/picknik_reset_fault_controller:/home/emma/Documents/GitHub/install/mecanum_drive_controller:/home/emma/Documents/GitHub/install/joint_trajectory_controller:/home/emma/Documents/GitHub/install/joint_state_broadcaster:/home/emma/Documents/GitHub/install/imu_sensor_broadcaster:/home/emma/Documents/GitHub/install/gripper_controllers:/home/emma/Documents/GitHub/install/gpio_controllers:/home/emma/Documents/GitHub/install/effort_controllers:/home/emma/Documents/GitHub/install/forward_command_controller:/home/emma/Documents/GitHub/install/force_torque_sensor_broadcaster:/home/emma/Documents/GitHub/install/diff_drive_controller:/home/emma/Documents/GitHub/install/admittance_controller:/home/emma/Documents/GitHub/install/realtime_tools:/home/emma/Documents/GitHub/install/moveit_go:/home/emma/Documents/GitHub/install/kortex_driver:/home/emma/Documents/GitHub/install/kortex_api:/home/emma/Documents/GitHub/install/joint_limits:/home/emma/Documents/GitHub/install/controller_interface:/home/emma/Documents/GitHub/install/hardware_interface:/home/emma/Documents/GitHub/install/controller_manager_msgs:/home/emma/Documents/GitHub/install/control_msgs:/home/emma/Documents/GitHub/install/rqt_joint_trajectory_controller:/home/emma/Documents/GitHub/install/rqt_controller_manager:/home/emma/Documents/GitHub/install/ros2controlcli:/home/emma/Documents/GitHub/install/ros2_controllers_test_nodes:/home/emma/Documents/GitHub/install/mujoco_ros2:/home/emma/Documents/GitHub/install/control:/opt/ros/humble CONDA_PROMPT_MODIFIER=(base) LD_LIBRARY_PATH=/home/emma/Documents/GitHub/magic/install/hardware_interface/lib:/home/emma/Documents/GitHub/magic/install/serial/lib:/home/emma/Documents/GitHub/magic/install/control_msgs/lib:${LD_LIBRARY_PATH} PYTHONPATH=/home/emma/Documents/GitHub/magic/install/control_msgs/local/lib/python3.10/dist-packages:${PYTHONPATH} /usr/bin/cmake /home/emma/Documents/GitHub/magic/ros2_ws/src/ros2_robotiq_gripper/robotiq_driver -DCMAKE_INSTALL_PREFIX=/home/emma/Documents/GitHub/magic/install/robotiq_driver
[0.080s] -- The CXX compiler identification is GNU 11.4.0
[0.087s] -- Detecting CXX compiler ABI info
[0.161s] -- Detecting CXX compiler ABI info - done
[0.169s] -- Check for working CXX compiler: /usr/bin/c++ - skipped
[0.169s] -- Detecting CXX compile features
[0.170s] -- Detecting CXX compile features - done
[0.178s] -- Found ament_cmake: 1.3.12 (/opt/ros/humble/share/ament_cmake/cmake)
[0.329s] -- Found Python3: /usr/bin/python3 (found version "3.10.12") found components: Interpreter 
[0.433s] -- Found hardware_interface: 2.49.0 (/home/emma/Documents/GitHub/magic/install/hardware_interface/share/hardware_interface/cmake)
[0.486s] -- Found rosidl_generator_c: 3.1.6 (/opt/ros/humble/share/rosidl_generator_c/cmake)
[0.495s] -- Found rosidl_adapter: 3.1.6 (/opt/ros/humble/share/rosidl_adapter/cmake)
[0.507s] -- Found rosidl_generator_cpp: 3.1.6 (/opt/ros/humble/share/rosidl_generator_cpp/cmake)
[0.522s] -- Using all available rosidl_typesupport_c: rosidl_typesupport_fastrtps_c;rosidl_typesupport_introspection_c
[0.542s] -- Using all available rosidl_typesupport_cpp: rosidl_typesupport_fastrtps_cpp;rosidl_typesupport_introspection_cpp
[0.737s] -- Found rmw_implementation_cmake: 6.1.2 (/opt/ros/humble/share/rmw_implementation_cmake/cmake)
[0.743s] -- Found rmw_fastrtps_cpp: 6.2.7 (/opt/ros/humble/share/rmw_fastrtps_cpp/cmake)
[0.773s] -- Found TinyXML2 via Config file: TinyXML2_DIR-NOTFOUND
[0.841s] -- Found OpenSSL: /usr/lib/x86_64-linux-gnu/libcrypto.so (found version "3.0.2")  
[0.843s] -- Found TinyXML2 via Config file: TinyXML2_DIR-NOTFOUND
[0.859s] -- Found FastRTPS: /opt/ros/humble/include  
[0.861s] -- Found TinyXML2 via Config file: TinyXML2_DIR-NOTFOUND
[0.870s] -- Found TinyXML2 via Config file: TinyXML2_DIR-NOTFOUND
[0.882s] -- Using RMW implementation 'rmw_fastrtps_cpp' as default
[0.897s] -- Looking for C++ include pthread.h
[0.989s] -- Looking for C++ include pthread.h - found
[0.990s] -- Performing Test CMAKE_HAVE_LIBC_PTHREAD
[1.077s] -- Performing Test CMAKE_HAVE_LIBC_PTHREAD - Success
[1.078s] -- Found Threads: TRUE  
[1.129s] -- Found serial: 1.2.1 (/home/emma/Documents/GitHub/magic/install/serial/share/serial/cmake)
[1.154s] -- Found ament_cmake_gtest: 1.3.11 (/opt/ros/humble/share/ament_cmake_gtest/cmake)
[1.158s] -- Found ament_cmake_gmock: 1.3.11 (/opt/ros/humble/share/ament_cmake_gmock/cmake)
[1.161s] -- Found ament_lint_auto: 0.12.12 (/opt/ros/humble/share/ament_lint_auto/cmake)
[1.162s] -- Found ros2_control_test_assets: 2.49.0 (/home/emma/Documents/GitHub/magic/install/ros2_control_test_assets/share/ros2_control_test_assets/cmake)
[1.274s] -- Found gmock sources under '/opt/ros/humble/src/gmock_vendor': C++ tests using 'Google Mock' will be built
[1.309s] -- The C compiler identification is GNU 11.4.0
[1.314s] -- Detecting C compiler ABI info
[1.391s] -- Detecting C compiler ABI info - done
[1.398s] -- Check for working C compiler: /usr/bin/cc - skipped
[1.398s] -- Detecting C compile features
[1.398s] -- Detecting C compile features - done
[1.405s] -- Found gtest sources under '/opt/ros/humble/src/gtest_vendor': C++ tests using 'Google Test' will be built
[1.485s] -- Configuring done
[1.652s] -- Generating done
[1.700s] -- Build files have been written to: /home/emma/Documents/GitHub/magic/build/robotiq_driver
[1.723s] Invoked command in '/home/emma/Documents/GitHub/magic/build/robotiq_driver' returned '0': AMENT_PREFIX_PATH=/home/emma/Documents/GitHub/magic/install/hardware_interface:/home/emma/Documents/GitHub/magic/install/serial:/home/emma/Documents/GitHub/magic/install/ros2_control_test_assets:/home/emma/Documents/GitHub/magic/install/control_msgs:${AMENT_PREFIX_PATH} CMAKE_PREFIX_PATH=/home/emma/Documents/GitHub/magic/install/hardware_interface:/home/emma/Documents/GitHub/magic/install/serial:/home/emma/Documents/GitHub/magic/install/ros2_control_test_assets:/home/emma/Documents/GitHub/magic/install/control_msgs:/home/emma/Documents/GitHub/install/two_arm_moveit2_config:/home/emma/Documents/GitHub/install/kortex_bringup:/home/emma/Documents/GitHub/install/kinova_gen3_lite_moveit_config:/home/emma/Documents/GitHub/install/kinova_gen3_7dof_robotiq_2f_85_moveit_config:/home/emma/Documents/GitHub/install/kinova_gen3_6dof_robotiq_2f_85_moveit_config:/home/emma/Documents/GitHub/install/kortex_description:/home/emma/Documents/GitHub/install/robotiq_description:/home/emma/Documents/GitHub/install/ros2_controllers:/home/emma/Documents/GitHub/install/velocity_controllers:/home/emma/Documents/GitHub/install/tricycle_steering_controller:/home/emma/Documents/GitHub/install/tricycle_controller:/home/emma/Documents/GitHub/install/ros2_control:/home/emma/Documents/GitHub/install/transmission_interface:/home/emma/Documents/GitHub/install/bicycle_steering_controller:/home/emma/Documents/GitHub/install/ackermann_steering_controller:/home/emma/Documents/GitHub/install/steering_controllers_library:/home/emma/Documents/GitHub/install/robotiq_hardware_tests:/home/emma/Documents/GitHub/install/robotiq_driver:/home/emma/Documents/GitHub/install/serial:/home/emma/Documents/GitHub/install/hardware_interface_testing:/home/emma/Documents/GitHub/install/controller_manager:/home/emma/Documents/GitHub/install/ros2_control_test_assets:/home/emma/Documents/GitHub/install/robotiq_controllers:/home/emma/Documents/GitHub/install/range_sensor_broadcaster:/home/emma/Documents/GitHub/install/position_controllers:/home/emma/Documents/GitHub/install/pose_broadcaster:/home/emma/Documents/GitHub/install/pid_controller:/home/emma/Documents/GitHub/install/picknik_twist_controller:/home/emma/Documents/GitHub/install/picknik_reset_fault_controller:/home/emma/Documents/GitHub/install/mecanum_drive_controller:/home/emma/Documents/GitHub/install/joint_trajectory_controller:/home/emma/Documents/GitHub/install/joint_state_broadcaster:/home/emma/Documents/GitHub/install/imu_sensor_broadcaster:/home/emma/Documents/GitHub/install/gripper_controllers:/home/emma/Documents/GitHub/install/gpio_controllers:/home/emma/Documents/GitHub/install/effort_controllers:/home/emma/Documents/GitHub/install/forward_command_controller:/home/emma/Documents/GitHub/install/force_torque_sensor_broadcaster:/home/emma/Documents/GitHub/install/diff_drive_controller:/home/emma/Documents/GitHub/install/admittance_controller:/home/emma/Documents/GitHub/install/realtime_tools:/home/emma/Documents/GitHub/install/moveit_go:/home/emma/Documents/GitHub/install/kortex_driver:/home/emma/Documents/GitHub/install/kortex_api:/home/emma/Documents/GitHub/install/joint_limits:/home/emma/Documents/GitHub/install/controller_interface:/home/emma/Documents/GitHub/install/hardware_interface:/home/emma/Documents/GitHub/install/controller_manager_msgs:/home/emma/Documents/GitHub/install/control_msgs:/home/emma/Documents/GitHub/install/rqt_joint_trajectory_controller:/home/emma/Documents/GitHub/install/rqt_controller_manager:/home/emma/Documents/GitHub/install/ros2controlcli:/home/emma/Documents/GitHub/install/ros2_controllers_test_nodes:/home/emma/Documents/GitHub/install/mujoco_ros2:/home/emma/Documents/GitHub/install/control:/opt/ros/humble CONDA_PROMPT_MODIFIER=(base) LD_LIBRARY_PATH=/home/emma/Documents/GitHub/magic/install/hardware_interface/lib:/home/emma/Documents/GitHub/magic/install/serial/lib:/home/emma/Documents/GitHub/magic/install/control_msgs/lib:${LD_LIBRARY_PATH} PYTHONPATH=/home/emma/Documents/GitHub/magic/install/control_msgs/local/lib/python3.10/dist-packages:${PYTHONPATH} /usr/bin/cmake /home/emma/Documents/GitHub/magic/ros2_ws/src/ros2_robotiq_gripper/robotiq_driver -DCMAKE_INSTALL_PREFIX=/home/emma/Documents/GitHub/magic/install/robotiq_driver
[1.729s] Invoking command in '/home/emma/Documents/GitHub/magic/build/robotiq_driver': AMENT_PREFIX_PATH=/home/emma/Documents/GitHub/magic/install/hardware_interface:/home/emma/Documents/GitHub/magic/install/serial:/home/emma/Documents/GitHub/magic/install/ros2_control_test_assets:/home/emma/Documents/GitHub/magic/install/control_msgs:${AMENT_PREFIX_PATH} CMAKE_PREFIX_PATH=/home/emma/Documents/GitHub/magic/install/hardware_interface:/home/emma/Documents/GitHub/magic/install/serial:/home/emma/Documents/GitHub/magic/install/ros2_control_test_assets:/home/emma/Documents/GitHub/magic/install/control_msgs:/home/emma/Documents/GitHub/install/two_arm_moveit2_config:/home/emma/Documents/GitHub/install/kortex_bringup:/home/emma/Documents/GitHub/install/kinova_gen3_lite_moveit_config:/home/emma/Documents/GitHub/install/kinova_gen3_7dof_robotiq_2f_85_moveit_config:/home/emma/Documents/GitHub/install/kinova_gen3_6dof_robotiq_2f_85_moveit_config:/home/emma/Documents/GitHub/install/kortex_description:/home/emma/Documents/GitHub/install/robotiq_description:/home/emma/Documents/GitHub/install/ros2_controllers:/home/emma/Documents/GitHub/install/velocity_controllers:/home/emma/Documents/GitHub/install/tricycle_steering_controller:/home/emma/Documents/GitHub/install/tricycle_controller:/home/emma/Documents/GitHub/install/ros2_control:/home/emma/Documents/GitHub/install/transmission_interface:/home/emma/Documents/GitHub/install/bicycle_steering_controller:/home/emma/Documents/GitHub/install/ackermann_steering_controller:/home/emma/Documents/GitHub/install/steering_controllers_library:/home/emma/Documents/GitHub/install/robotiq_hardware_tests:/home/emma/Documents/GitHub/install/robotiq_driver:/home/emma/Documents/GitHub/install/serial:/home/emma/Documents/GitHub/install/hardware_interface_testing:/home/emma/Documents/GitHub/install/controller_manager:/home/emma/Documents/GitHub/install/ros2_control_test_assets:/home/emma/Documents/GitHub/install/robotiq_controllers:/home/emma/Documents/GitHub/install/range_sensor_broadcaster:/home/emma/Documents/GitHub/install/position_controllers:/home/emma/Documents/GitHub/install/pose_broadcaster:/home/emma/Documents/GitHub/install/pid_controller:/home/emma/Documents/GitHub/install/picknik_twist_controller:/home/emma/Documents/GitHub/install/picknik_reset_fault_controller:/home/emma/Documents/GitHub/install/mecanum_drive_controller:/home/emma/Documents/GitHub/install/joint_trajectory_controller:/home/emma/Documents/GitHub/install/joint_state_broadcaster:/home/emma/Documents/GitHub/install/imu_sensor_broadcaster:/home/emma/Documents/GitHub/install/gripper_controllers:/home/emma/Documents/GitHub/install/gpio_controllers:/home/emma/Documents/GitHub/install/effort_controllers:/home/emma/Documents/GitHub/install/forward_command_controller:/home/emma/Documents/GitHub/install/force_torque_sensor_broadcaster:/home/emma/Documents/GitHub/install/diff_drive_controller:/home/emma/Documents/GitHub/install/admittance_controller:/home/emma/Documents/GitHub/install/realtime_tools:/home/emma/Documents/GitHub/install/moveit_go:/home/emma/Documents/GitHub/install/kortex_driver:/home/emma/Documents/GitHub/install/kortex_api:/home/emma/Documents/GitHub/install/joint_limits:/home/emma/Documents/GitHub/install/controller_interface:/home/emma/Documents/GitHub/install/hardware_interface:/home/emma/Documents/GitHub/install/controller_manager_msgs:/home/emma/Documents/GitHub/install/control_msgs:/home/emma/Documents/GitHub/install/rqt_joint_trajectory_controller:/home/emma/Documents/GitHub/install/rqt_controller_manager:/home/emma/Documents/GitHub/install/ros2controlcli:/home/emma/Documents/GitHub/install/ros2_controllers_test_nodes:/home/emma/Documents/GitHub/install/mujoco_ros2:/home/emma/Documents/GitHub/install/control:/opt/ros/humble CONDA_PROMPT_MODIFIER=(base) LD_LIBRARY_PATH=/home/emma/Documents/GitHub/magic/install/hardware_interface/lib:/home/emma/Documents/GitHub/magic/install/serial/lib:/home/emma/Documents/GitHub/magic/install/control_msgs/lib:${LD_LIBRARY_PATH} PYTHONPATH=/home/emma/Documents/GitHub/magic/install/control_msgs/local/lib/python3.10/dist-packages:${PYTHONPATH} /usr/bin/cmake --build /home/emma/Documents/GitHub/magic/build/robotiq_driver -- -j20 -l20
[1.826s] [  4%] [32mBuilding CXX object CMakeFiles/robotiq_driver.dir/src/crc_utils.cpp.o[0m
[1.842s] [  8%] [32mBuilding CXX object CMakeFiles/robotiq_driver.dir/src/data_utils.cpp.o[0m
[1.845s] [ 12%] [32mBuilding CXX object CMakeFiles/robotiq_driver.dir/src/hardware_interface.cpp.o[0m
[1.848s] [ 16%] [32mBuilding CXX object CMakeFiles/robotiq_driver.dir/src/default_driver.cpp.o[0m
[1.863s] [ 20%] [32mBuilding CXX object CMakeFiles/robotiq_driver.dir/src/default_serial.cpp.o[0m
[1.866s] [ 25%] [32mBuilding CXX object CMakeFiles/robotiq_driver.dir/src/default_serial_factory.cpp.o[0m
[1.867s] [ 33%] [32mBuilding CXX object CMakeFiles/robotiq_driver.dir/src/default_driver_factory.cpp.o[0m
[1.867s] [ 37%] [32mBuilding CXX object gmock/CMakeFiles/gmock_main.dir/src/gmock_main.cc.o[0m
[1.869s] [ 41%] [32mBuilding CXX object CMakeFiles/robotiq_driver.dir/src/fake/fake_driver.cpp.o[0m
[1.870s] [ 41%] [32mBuilding CXX object gmock/CMakeFiles/gmock.dir/opt/ros/humble/src/gtest_vendor/src/gtest-all.cc.o[0m
[1.880s] [ 45%] [32mBuilding CXX object gmock/CMakeFiles/gmock.dir/src/gmock-all.cc.o[0m
[4.663s] [ 50%] [32m[1mLinking CXX static library libgmock_main.a[0m
[4.762s] [ 50%] Built target gmock_main
[6.764s] [ 54%] [32m[1mLinking CXX shared library librobotiq_driver.so[0m
[7.102s] [ 54%] Built target robotiq_driver
[7.200s] [ 58%] [32m[1mLinking CXX static library libgmock.a[0m
[7.366s] [ 58%] Built target gmock
[7.435s] [ 62%] [32mBuilding CXX object tests/CMakeFiles/test_robotiq_gripper_hardware_interface.dir/test_robotiq_gripper_hardware_interface.cpp.o[0m
[7.435s] [ 66%] [32mBuilding CXX object tests/CMakeFiles/test_default_serial_factory.dir/test_default_serial_factory.cpp.o[0m
[7.438s] [ 70%] [32mBuilding CXX object tests/CMakeFiles/test_default_driver_factory.dir/test_default_driver_factory.cpp.o[0m
[7.448s] [ 75%] [32mBuilding CXX object tests/CMakeFiles/test_data_utils.dir/test_data_utils.cpp.o[0m
[7.452s] [ 79%] [32mBuilding CXX object tests/CMakeFiles/test_crc_utils.dir/test_crc_utils.cpp.o[0m
[9.067s] [ 83%] [32m[1mLinking CXX executable test_crc_utils[0m
[9.397s] [ 87%] [32m[1mLinking CXX executable test_data_utils[0m
[9.728s] [ 87%] Built target test_crc_utils
[9.949s] [ 87%] Built target test_data_utils
[11.315s] [ 91%] [32m[1mLinking CXX executable test_default_serial_factory[0m
[11.656s] [ 91%] Built target test_default_serial_factory
[12.865s] [ 95%] [32m[1mLinking CXX executable test_robotiq_gripper_hardware_interface[0m
[13.137s] [ 95%] Built target test_robotiq_gripper_hardware_interface
[13.690s] [100%] [32m[1mLinking CXX executable test_default_driver_factory[0m
[13.932s] [100%] Built target test_default_driver_factory
[13.946s] Invoked command in '/home/emma/Documents/GitHub/magic/build/robotiq_driver' returned '0': AMENT_PREFIX_PATH=/home/emma/Documents/GitHub/magic/install/hardware_interface:/home/emma/Documents/GitHub/magic/install/serial:/home/emma/Documents/GitHub/magic/install/ros2_control_test_assets:/home/emma/Documents/GitHub/magic/install/control_msgs:${AMENT_PREFIX_PATH} CMAKE_PREFIX_PATH=/home/emma/Documents/GitHub/magic/install/hardware_interface:/home/emma/Documents/GitHub/magic/install/serial:/home/emma/Documents/GitHub/magic/install/ros2_control_test_assets:/home/emma/Documents/GitHub/magic/install/control_msgs:/home/emma/Documents/GitHub/install/two_arm_moveit2_config:/home/emma/Documents/GitHub/install/kortex_bringup:/home/emma/Documents/GitHub/install/kinova_gen3_lite_moveit_config:/home/emma/Documents/GitHub/install/kinova_gen3_7dof_robotiq_2f_85_moveit_config:/home/emma/Documents/GitHub/install/kinova_gen3_6dof_robotiq_2f_85_moveit_config:/home/emma/Documents/GitHub/install/kortex_description:/home/emma/Documents/GitHub/install/robotiq_description:/home/emma/Documents/GitHub/install/ros2_controllers:/home/emma/Documents/GitHub/install/velocity_controllers:/home/emma/Documents/GitHub/install/tricycle_steering_controller:/home/emma/Documents/GitHub/install/tricycle_controller:/home/emma/Documents/GitHub/install/ros2_control:/home/emma/Documents/GitHub/install/transmission_interface:/home/emma/Documents/GitHub/install/bicycle_steering_controller:/home/emma/Documents/GitHub/install/ackermann_steering_controller:/home/emma/Documents/GitHub/install/steering_controllers_library:/home/emma/Documents/GitHub/install/robotiq_hardware_tests:/home/emma/Documents/GitHub/install/robotiq_driver:/home/emma/Documents/GitHub/install/serial:/home/emma/Documents/GitHub/install/hardware_interface_testing:/home/emma/Documents/GitHub/install/controller_manager:/home/emma/Documents/GitHub/install/ros2_control_test_assets:/home/emma/Documents/GitHub/install/robotiq_controllers:/home/emma/Documents/GitHub/install/range_sensor_broadcaster:/home/emma/Documents/GitHub/install/position_controllers:/home/emma/Documents/GitHub/install/pose_broadcaster:/home/emma/Documents/GitHub/install/pid_controller:/home/emma/Documents/GitHub/install/picknik_twist_controller:/home/emma/Documents/GitHub/install/picknik_reset_fault_controller:/home/emma/Documents/GitHub/install/mecanum_drive_controller:/home/emma/Documents/GitHub/install/joint_trajectory_controller:/home/emma/Documents/GitHub/install/joint_state_broadcaster:/home/emma/Documents/GitHub/install/imu_sensor_broadcaster:/home/emma/Documents/GitHub/install/gripper_controllers:/home/emma/Documents/GitHub/install/gpio_controllers:/home/emma/Documents/GitHub/install/effort_controllers:/home/emma/Documents/GitHub/install/forward_command_controller:/home/emma/Documents/GitHub/install/force_torque_sensor_broadcaster:/home/emma/Documents/GitHub/install/diff_drive_controller:/home/emma/Documents/GitHub/install/admittance_controller:/home/emma/Documents/GitHub/install/realtime_tools:/home/emma/Documents/GitHub/install/moveit_go:/home/emma/Documents/GitHub/install/kortex_driver:/home/emma/Documents/GitHub/install/kortex_api:/home/emma/Documents/GitHub/install/joint_limits:/home/emma/Documents/GitHub/install/controller_interface:/home/emma/Documents/GitHub/install/hardware_interface:/home/emma/Documents/GitHub/install/controller_manager_msgs:/home/emma/Documents/GitHub/install/control_msgs:/home/emma/Documents/GitHub/install/rqt_joint_trajectory_controller:/home/emma/Documents/GitHub/install/rqt_controller_manager:/home/emma/Documents/GitHub/install/ros2controlcli:/home/emma/Documents/GitHub/install/ros2_controllers_test_nodes:/home/emma/Documents/GitHub/install/mujoco_ros2:/home/emma/Documents/GitHub/install/control:/opt/ros/humble CONDA_PROMPT_MODIFIER=(base) LD_LIBRARY_PATH=/home/emma/Documents/GitHub/magic/install/hardware_interface/lib:/home/emma/Documents/GitHub/magic/install/serial/lib:/home/emma/Documents/GitHub/magic/install/control_msgs/lib:${LD_LIBRARY_PATH} PYTHONPATH=/home/emma/Documents/GitHub/magic/install/control_msgs/local/lib/python3.10/dist-packages:${PYTHONPATH} /usr/bin/cmake --build /home/emma/Documents/GitHub/magic/build/robotiq_driver -- -j20 -l20
[13.948s] Invoking command in '/home/emma/Documents/GitHub/magic/build/robotiq_driver': AMENT_PREFIX_PATH=/home/emma/Documents/GitHub/magic/install/hardware_interface:/home/emma/Documents/GitHub/magic/install/serial:/home/emma/Documents/GitHub/magic/install/ros2_control_test_assets:/home/emma/Documents/GitHub/magic/install/control_msgs:${AMENT_PREFIX_PATH} CMAKE_PREFIX_PATH=/home/emma/Documents/GitHub/magic/install/hardware_interface:/home/emma/Documents/GitHub/magic/install/serial:/home/emma/Documents/GitHub/magic/install/ros2_control_test_assets:/home/emma/Documents/GitHub/magic/install/control_msgs:/home/emma/Documents/GitHub/install/two_arm_moveit2_config:/home/emma/Documents/GitHub/install/kortex_bringup:/home/emma/Documents/GitHub/install/kinova_gen3_lite_moveit_config:/home/emma/Documents/GitHub/install/kinova_gen3_7dof_robotiq_2f_85_moveit_config:/home/emma/Documents/GitHub/install/kinova_gen3_6dof_robotiq_2f_85_moveit_config:/home/emma/Documents/GitHub/install/kortex_description:/home/emma/Documents/GitHub/install/robotiq_description:/home/emma/Documents/GitHub/install/ros2_controllers:/home/emma/Documents/GitHub/install/velocity_controllers:/home/emma/Documents/GitHub/install/tricycle_steering_controller:/home/emma/Documents/GitHub/install/tricycle_controller:/home/emma/Documents/GitHub/install/ros2_control:/home/emma/Documents/GitHub/install/transmission_interface:/home/emma/Documents/GitHub/install/bicycle_steering_controller:/home/emma/Documents/GitHub/install/ackermann_steering_controller:/home/emma/Documents/GitHub/install/steering_controllers_library:/home/emma/Documents/GitHub/install/robotiq_hardware_tests:/home/emma/Documents/GitHub/install/robotiq_driver:/home/emma/Documents/GitHub/install/serial:/home/emma/Documents/GitHub/install/hardware_interface_testing:/home/emma/Documents/GitHub/install/controller_manager:/home/emma/Documents/GitHub/install/ros2_control_test_assets:/home/emma/Documents/GitHub/install/robotiq_controllers:/home/emma/Documents/GitHub/install/range_sensor_broadcaster:/home/emma/Documents/GitHub/install/position_controllers:/home/emma/Documents/GitHub/install/pose_broadcaster:/home/emma/Documents/GitHub/install/pid_controller:/home/emma/Documents/GitHub/install/picknik_twist_controller:/home/emma/Documents/GitHub/install/picknik_reset_fault_controller:/home/emma/Documents/GitHub/install/mecanum_drive_controller:/home/emma/Documents/GitHub/install/joint_trajectory_controller:/home/emma/Documents/GitHub/install/joint_state_broadcaster:/home/emma/Documents/GitHub/install/imu_sensor_broadcaster:/home/emma/Documents/GitHub/install/gripper_controllers:/home/emma/Documents/GitHub/install/gpio_controllers:/home/emma/Documents/GitHub/install/effort_controllers:/home/emma/Documents/GitHub/install/forward_command_controller:/home/emma/Documents/GitHub/install/force_torque_sensor_broadcaster:/home/emma/Documents/GitHub/install/diff_drive_controller:/home/emma/Documents/GitHub/install/admittance_controller:/home/emma/Documents/GitHub/install/realtime_tools:/home/emma/Documents/GitHub/install/moveit_go:/home/emma/Documents/GitHub/install/kortex_driver:/home/emma/Documents/GitHub/install/kortex_api:/home/emma/Documents/GitHub/install/joint_limits:/home/emma/Documents/GitHub/install/controller_interface:/home/emma/Documents/GitHub/install/hardware_interface:/home/emma/Documents/GitHub/install/controller_manager_msgs:/home/emma/Documents/GitHub/install/control_msgs:/home/emma/Documents/GitHub/install/rqt_joint_trajectory_controller:/home/emma/Documents/GitHub/install/rqt_controller_manager:/home/emma/Documents/GitHub/install/ros2controlcli:/home/emma/Documents/GitHub/install/ros2_controllers_test_nodes:/home/emma/Documents/GitHub/install/mujoco_ros2:/home/emma/Documents/GitHub/install/control:/opt/ros/humble CONDA_PROMPT_MODIFIER=(base) LD_LIBRARY_PATH=/home/emma/Documents/GitHub/magic/install/hardware_interface/lib:/home/emma/Documents/GitHub/magic/install/serial/lib:/home/emma/Documents/GitHub/magic/install/control_msgs/lib:${LD_LIBRARY_PATH} PYTHONPATH=/home/emma/Documents/GitHub/magic/install/control_msgs/local/lib/python3.10/dist-packages:${PYTHONPATH} /usr/bin/cmake --install /home/emma/Documents/GitHub/magic/build/robotiq_driver
[13.958s] -- Install configuration: ""
[13.958s] -- Installing: /home/emma/Documents/GitHub/magic/install/robotiq_driver/share/robotiq_driver/hardware_interface_plugin.xml
[13.958s] -- Installing: /home/emma/Documents/GitHub/magic/install/robotiq_driver/share/robotiq_driver/environment/library_path.sh
[13.958s] -- Installing: /home/emma/Documents/GitHub/magic/install/robotiq_driver/share/robotiq_driver/environment/library_path.dsv
[13.958s] -- Installing: /home/emma/Documents/GitHub/magic/install/robotiq_driver/include
[13.958s] -- Installing: /home/emma/Documents/GitHub/magic/install/robotiq_driver/include/robotiq_driver
[13.958s] -- Installing: /home/emma/Documents/GitHub/magic/install/robotiq_driver/include/robotiq_driver/default_driver_factory.hpp
[13.958s] -- Installing: /home/emma/Documents/GitHub/magic/install/robotiq_driver/include/robotiq_driver/default_serial_factory.hpp
[13.959s] -- Installing: /home/emma/Documents/GitHub/magic/install/robotiq_driver/include/robotiq_driver/driver.hpp
[13.959s] -- Installing: /home/emma/Documents/GitHub/magic/install/robotiq_driver/include/robotiq_driver/hardware_interface.hpp
[13.959s] -- Installing: /home/emma/Documents/GitHub/magic/install/robotiq_driver/include/robotiq_driver/default_driver.hpp
[13.959s] -- Installing: /home/emma/Documents/GitHub/magic/install/robotiq_driver/include/robotiq_driver/serial.hpp
[13.959s] -- Installing: /home/emma/Documents/GitHub/magic/install/robotiq_driver/include/robotiq_driver/driver_exception.hpp
[13.959s] -- Installing: /home/emma/Documents/GitHub/magic/install/robotiq_driver/include/robotiq_driver/data_utils.hpp
[13.959s] -- Installing: /home/emma/Documents/GitHub/magic/install/robotiq_driver/include/robotiq_driver/driver_factory.hpp
[13.959s] -- Installing: /home/emma/Documents/GitHub/magic/install/robotiq_driver/include/robotiq_driver/default_serial.hpp
[13.959s] -- Installing: /home/emma/Documents/GitHub/magic/install/robotiq_driver/include/robotiq_driver/fake
[13.959s] -- Installing: /home/emma/Documents/GitHub/magic/install/robotiq_driver/include/robotiq_driver/fake/fake_driver.hpp
[13.959s] -- Installing: /home/emma/Documents/GitHub/magic/install/robotiq_driver/include/robotiq_driver/crc_utils.hpp
[13.959s] -- Installing: /home/emma/Documents/GitHub/magic/install/robotiq_driver/include/robotiq_driver/serial_factory.hpp
[13.959s] -- Installing: /home/emma/Documents/GitHub/magic/install/robotiq_driver/include/robotiq_driver/visibility_control.hpp
[13.959s] -- Installing: /home/emma/Documents/GitHub/magic/install/robotiq_driver/lib/librobotiq_driver.so
[13.959s] -- Set runtime path of "/home/emma/Documents/GitHub/magic/install/robotiq_driver/lib/librobotiq_driver.so" to ""
[13.959s] -- Installing: /home/emma/Documents/GitHub/magic/install/robotiq_driver/share/ament_index/resource_index/package_run_dependencies/robotiq_driver
[13.959s] -- Installing: /home/emma/Documents/GitHub/magic/install/robotiq_driver/share/ament_index/resource_index/parent_prefix_path/robotiq_driver
[13.959s] -- Installing: /home/emma/Documents/GitHub/magic/install/robotiq_driver/share/robotiq_driver/environment/ament_prefix_path.sh
[13.960s] -- Installing: /home/emma/Documents/GitHub/magic/install/robotiq_driver/share/robotiq_driver/environment/ament_prefix_path.dsv
[13.960s] -- Installing: /home/emma/Documents/GitHub/magic/install/robotiq_driver/share/robotiq_driver/environment/path.sh
[13.960s] -- Installing: /home/emma/Documents/GitHub/magic/install/robotiq_driver/share/robotiq_driver/environment/path.dsv
[13.960s] -- Installing: /home/emma/Documents/GitHub/magic/install/robotiq_driver/share/robotiq_driver/local_setup.bash
[13.960s] -- Installing: /home/emma/Documents/GitHub/magic/install/robotiq_driver/share/robotiq_driver/local_setup.sh
[13.960s] -- Installing: /home/emma/Documents/GitHub/magic/install/robotiq_driver/share/robotiq_driver/local_setup.zsh
[13.960s] -- Installing: /home/emma/Documents/GitHub/magic/install/robotiq_driver/share/robotiq_driver/local_setup.dsv
[13.960s] -- Installing: /home/emma/Documents/GitHub/magic/install/robotiq_driver/share/robotiq_driver/package.dsv
[13.960s] -- Installing: /home/emma/Documents/GitHub/magic/install/robotiq_driver/share/ament_index/resource_index/packages/robotiq_driver
[13.960s] -- Installing: /home/emma/Documents/GitHub/magic/install/robotiq_driver/share/ament_index/resource_index/hardware_interface__pluginlib__plugin/robotiq_driver
[13.960s] -- Installing: /home/emma/Documents/GitHub/magic/install/robotiq_driver/share/robotiq_driver/cmake/robotiq_driver_targetsExport.cmake
[13.960s] -- Installing: /home/emma/Documents/GitHub/magic/install/robotiq_driver/share/robotiq_driver/cmake/robotiq_driver_targetsExport-noconfig.cmake
[13.960s] -- Installing: /home/emma/Documents/GitHub/magic/install/robotiq_driver/share/robotiq_driver/cmake/ament_cmake_export_targets-extras.cmake
[13.960s] -- Installing: /home/emma/Documents/GitHub/magic/install/robotiq_driver/share/robotiq_driver/cmake/ament_cmake_export_dependencies-extras.cmake
[13.960s] -- Installing: /home/emma/Documents/GitHub/magic/install/robotiq_driver/share/robotiq_driver/cmake/ament_cmake_export_include_directories-extras.cmake
[13.960s] -- Installing: /home/emma/Documents/GitHub/magic/install/robotiq_driver/share/robotiq_driver/cmake/ament_cmake_export_libraries-extras.cmake
[13.960s] -- Installing: /home/emma/Documents/GitHub/magic/install/robotiq_driver/share/robotiq_driver/cmake/robotiq_driverConfig.cmake
[13.960s] -- Installing: /home/emma/Documents/GitHub/magic/install/robotiq_driver/share/robotiq_driver/cmake/robotiq_driverConfig-version.cmake
[13.960s] -- Installing: /home/emma/Documents/GitHub/magic/install/robotiq_driver/share/robotiq_driver/package.xml
[13.963s] Invoked command in '/home/emma/Documents/GitHub/magic/build/robotiq_driver' returned '0': AMENT_PREFIX_PATH=/home/emma/Documents/GitHub/magic/install/hardware_interface:/home/emma/Documents/GitHub/magic/install/serial:/home/emma/Documents/GitHub/magic/install/ros2_control_test_assets:/home/emma/Documents/GitHub/magic/install/control_msgs:${AMENT_PREFIX_PATH} CMAKE_PREFIX_PATH=/home/emma/Documents/GitHub/magic/install/hardware_interface:/home/emma/Documents/GitHub/magic/install/serial:/home/emma/Documents/GitHub/magic/install/ros2_control_test_assets:/home/emma/Documents/GitHub/magic/install/control_msgs:/home/emma/Documents/GitHub/install/two_arm_moveit2_config:/home/emma/Documents/GitHub/install/kortex_bringup:/home/emma/Documents/GitHub/install/kinova_gen3_lite_moveit_config:/home/emma/Documents/GitHub/install/kinova_gen3_7dof_robotiq_2f_85_moveit_config:/home/emma/Documents/GitHub/install/kinova_gen3_6dof_robotiq_2f_85_moveit_config:/home/emma/Documents/GitHub/install/kortex_description:/home/emma/Documents/GitHub/install/robotiq_description:/home/emma/Documents/GitHub/install/ros2_controllers:/home/emma/Documents/GitHub/install/velocity_controllers:/home/emma/Documents/GitHub/install/tricycle_steering_controller:/home/emma/Documents/GitHub/install/tricycle_controller:/home/emma/Documents/GitHub/install/ros2_control:/home/emma/Documents/GitHub/install/transmission_interface:/home/emma/Documents/GitHub/install/bicycle_steering_controller:/home/emma/Documents/GitHub/install/ackermann_steering_controller:/home/emma/Documents/GitHub/install/steering_controllers_library:/home/emma/Documents/GitHub/install/robotiq_hardware_tests:/home/emma/Documents/GitHub/install/robotiq_driver:/home/emma/Documents/GitHub/install/serial:/home/emma/Documents/GitHub/install/hardware_interface_testing:/home/emma/Documents/GitHub/install/controller_manager:/home/emma/Documents/GitHub/install/ros2_control_test_assets:/home/emma/Documents/GitHub/install/robotiq_controllers:/home/emma/Documents/GitHub/install/range_sensor_broadcaster:/home/emma/Documents/GitHub/install/position_controllers:/home/emma/Documents/GitHub/install/pose_broadcaster:/home/emma/Documents/GitHub/install/pid_controller:/home/emma/Documents/GitHub/install/picknik_twist_controller:/home/emma/Documents/GitHub/install/picknik_reset_fault_controller:/home/emma/Documents/GitHub/install/mecanum_drive_controller:/home/emma/Documents/GitHub/install/joint_trajectory_controller:/home/emma/Documents/GitHub/install/joint_state_broadcaster:/home/emma/Documents/GitHub/install/imu_sensor_broadcaster:/home/emma/Documents/GitHub/install/gripper_controllers:/home/emma/Documents/GitHub/install/gpio_controllers:/home/emma/Documents/GitHub/install/effort_controllers:/home/emma/Documents/GitHub/install/forward_command_controller:/home/emma/Documents/GitHub/install/force_torque_sensor_broadcaster:/home/emma/Documents/GitHub/install/diff_drive_controller:/home/emma/Documents/GitHub/install/admittance_controller:/home/emma/Documents/GitHub/install/realtime_tools:/home/emma/Documents/GitHub/install/moveit_go:/home/emma/Documents/GitHub/install/kortex_driver:/home/emma/Documents/GitHub/install/kortex_api:/home/emma/Documents/GitHub/install/joint_limits:/home/emma/Documents/GitHub/install/controller_interface:/home/emma/Documents/GitHub/install/hardware_interface:/home/emma/Documents/GitHub/install/controller_manager_msgs:/home/emma/Documents/GitHub/install/control_msgs:/home/emma/Documents/GitHub/install/rqt_joint_trajectory_controller:/home/emma/Documents/GitHub/install/rqt_controller_manager:/home/emma/Documents/GitHub/install/ros2controlcli:/home/emma/Documents/GitHub/install/ros2_controllers_test_nodes:/home/emma/Documents/GitHub/install/mujoco_ros2:/home/emma/Documents/GitHub/install/control:/opt/ros/humble CONDA_PROMPT_MODIFIER=(base) LD_LIBRARY_PATH=/home/emma/Documents/GitHub/magic/install/hardware_interface/lib:/home/emma/Documents/GitHub/magic/install/serial/lib:/home/emma/Documents/GitHub/magic/install/control_msgs/lib:${LD_LIBRARY_PATH} PYTHONPATH=/home/emma/Documents/GitHub/magic/install/control_msgs/local/lib/python3.10/dist-packages:${PYTHONPATH} /usr/bin/cmake --install /home/emma/Documents/GitHub/magic/build/robotiq_driver
