[0.024s] Invoking command in '/home/megan/magic/ros2_ws/build/position_controllers': AMENT_PREFIX_PATH=/home/megan/magic/ros2_ws/install/forward_command_controller:/home/megan/magic/ros2_ws/install/controller_manager:/home/megan/magic/ros2_ws/install/hardware_interface_testing:/home/megan/magic/ros2_ws/install/controller_interface:/home/megan/magic/ros2_ws/install/hardware_interface:/home/megan/magic/ros2_ws/install/ros2_control_test_assets:/home/megan/magic/ros2_ws/install/controller_manager_msgs:/home/megan/magic/ros2_ws/install/control_msgs:${AMENT_PREFIX_PATH} CMAKE_PREFIX_PATH=/home/megan/magic/ros2_ws/install/forward_command_controller:/home/megan/magic/ros2_ws/install/controller_manager:/home/megan/magic/ros2_ws/install/hardware_interface_testing:/home/megan/magic/ros2_ws/install/controller_interface:/home/megan/magic/ros2_ws/install/hardware_interface:/home/megan/magic/ros2_ws/install/ros2_control_test_assets:/home/megan/magic/ros2_ws/install/controller_manager_msgs:/home/megan/magic/ros2_ws/install/control_msgs:/opt/ros/humble LD_LIBRARY_PATH=/home/megan/magic/ros2_ws/install/forward_command_controller/lib:/home/megan/magic/ros2_ws/install/controller_manager/lib:/home/megan/magic/ros2_ws/install/hardware_interface_testing/lib:/home/megan/magic/ros2_ws/install/controller_interface/lib:/home/megan/magic/ros2_ws/install/hardware_interface/lib:/home/megan/magic/ros2_ws/install/controller_manager_msgs/lib:/home/megan/magic/ros2_ws/install/control_msgs/lib:${LD_LIBRARY_PATH} PYTHONPATH=/home/megan/magic/ros2_ws/install/controller_manager/lib/python3.10/site-packages:/home/megan/magic/ros2_ws/install/controller_manager_msgs/lib/python3.10/site-packages:/home/megan/magic/ros2_ws/install/control_msgs/lib/python3.10/site-packages:${PYTHONPATH} VIRTUAL_ENV_PROMPT=(magic) /usr/bin/cmake /home/megan/magic/ros2_ws/src/ros2_controllers/position_controllers -DCMAKE_BUILD_TYPE=Release -DCMAKE_INSTALL_PREFIX=/home/megan/magic/ros2_ws/install/position_controllers
[0.078s] -- The CXX compiler identification is GNU 11.4.0
[0.087s] -- Detecting CXX compiler ABI info
[0.160s] -- Detecting CXX compiler ABI info - done
[0.167s] -- Check for working CXX compiler: /usr/bin/c++ - skipped
[0.167s] -- Detecting CXX compile features
[0.167s] -- Detecting CXX compile features - done
[0.169s] -- Found ament_cmake: 1.3.11 (/opt/ros/humble/share/ament_cmake/cmake)
[0.659s] -- Found Python3: /home/megan/.pyenv/versions/3.10.15/envs/magic/bin/python3 (found version "3.10.15") found components: Interpreter 
[0.755s] -- Found forward_command_controller: 2.42.1 (/home/megan/magic/ros2_ws/install/forward_command_controller/share/forward_command_controller/cmake)
[0.795s] -- Found rosidl_generator_c: 3.1.6 (/opt/ros/humble/share/rosidl_generator_c/cmake)
[0.800s] -- Found rosidl_adapter: 3.1.6 (/opt/ros/humble/share/rosidl_adapter/cmake)
[0.806s] -- Found rosidl_generator_cpp: 3.1.6 (/opt/ros/humble/share/rosidl_generator_cpp/cmake)
[0.816s] -- Using all available rosidl_typesupport_c: rosidl_typesupport_fastrtps_c;rosidl_typesupport_introspection_c
[0.838s] -- Using all available rosidl_typesupport_cpp: rosidl_typesupport_fastrtps_cpp;rosidl_typesupport_introspection_cpp
[0.874s] -- Found rmw_implementation_cmake: 6.1.2 (/opt/ros/humble/share/rmw_implementation_cmake/cmake)
[0.877s] -- Found rmw_cyclonedds_cpp: 1.3.4 (/opt/ros/humble/share/rmw_cyclonedds_cpp/cmake)
[0.894s] -- Using RMW implementation 'rmw_cyclonedds_cpp' as default
[0.901s] -- Looking for C++ include pthread.h
[0.991s] -- Looking for C++ include pthread.h - found
[0.991s] -- Performing Test CMAKE_HAVE_LIBC_PTHREAD
[1.089s] -- Performing Test CMAKE_HAVE_LIBC_PTHREAD - Success
[1.089s] -- Found Threads: TRUE  
[1.283s] -- Found ament_cmake_gmock: 1.3.11 (/opt/ros/humble/share/ament_cmake_gmock/cmake)
[1.283s] -- Found controller_manager: 2.48.0 (/home/megan/magic/ros2_ws/install/controller_manager/share/controller_manager/cmake)
[1.299s] -- Found ros2_control_test_assets: 2.48.0 (/home/megan/magic/ros2_ws/install/ros2_control_test_assets/share/ros2_control_test_assets/cmake)
[1.301s] -- Found gmock sources under '/opt/ros/humble/src/gmock_vendor': C++ tests using 'Google Mock' will be built
[1.343s] -- The C compiler identification is GNU 11.4.0
[1.351s] -- Detecting C compiler ABI info
[1.448s] -- Detecting C compiler ABI info - done
[1.453s] -- Check for working C compiler: /usr/bin/cc - skipped
[1.453s] -- Detecting C compile features
[1.453s] -- Detecting C compile features - done
[1.457s] -- Found ament_cmake_gtest: 1.3.11 (/opt/ros/humble/share/ament_cmake_gtest/cmake)
[1.458s] -- Found gtest sources under '/opt/ros/humble/src/gtest_vendor': C++ tests using 'Google Test' will be built
[1.553s] -- Configuring done
[1.597s] -- Generating done
[1.605s] -- Build files have been written to: /home/megan/magic/ros2_ws/build/position_controllers
[1.612s] Invoked command in '/home/megan/magic/ros2_ws/build/position_controllers' returned '0': AMENT_PREFIX_PATH=/home/megan/magic/ros2_ws/install/forward_command_controller:/home/megan/magic/ros2_ws/install/controller_manager:/home/megan/magic/ros2_ws/install/hardware_interface_testing:/home/megan/magic/ros2_ws/install/controller_interface:/home/megan/magic/ros2_ws/install/hardware_interface:/home/megan/magic/ros2_ws/install/ros2_control_test_assets:/home/megan/magic/ros2_ws/install/controller_manager_msgs:/home/megan/magic/ros2_ws/install/control_msgs:${AMENT_PREFIX_PATH} CMAKE_PREFIX_PATH=/home/megan/magic/ros2_ws/install/forward_command_controller:/home/megan/magic/ros2_ws/install/controller_manager:/home/megan/magic/ros2_ws/install/hardware_interface_testing:/home/megan/magic/ros2_ws/install/controller_interface:/home/megan/magic/ros2_ws/install/hardware_interface:/home/megan/magic/ros2_ws/install/ros2_control_test_assets:/home/megan/magic/ros2_ws/install/controller_manager_msgs:/home/megan/magic/ros2_ws/install/control_msgs:/opt/ros/humble LD_LIBRARY_PATH=/home/megan/magic/ros2_ws/install/forward_command_controller/lib:/home/megan/magic/ros2_ws/install/controller_manager/lib:/home/megan/magic/ros2_ws/install/hardware_interface_testing/lib:/home/megan/magic/ros2_ws/install/controller_interface/lib:/home/megan/magic/ros2_ws/install/hardware_interface/lib:/home/megan/magic/ros2_ws/install/controller_manager_msgs/lib:/home/megan/magic/ros2_ws/install/control_msgs/lib:${LD_LIBRARY_PATH} PYTHONPATH=/home/megan/magic/ros2_ws/install/controller_manager/lib/python3.10/site-packages:/home/megan/magic/ros2_ws/install/controller_manager_msgs/lib/python3.10/site-packages:/home/megan/magic/ros2_ws/install/control_msgs/lib/python3.10/site-packages:${PYTHONPATH} VIRTUAL_ENV_PROMPT=(magic) /usr/bin/cmake /home/megan/magic/ros2_ws/src/ros2_controllers/position_controllers -DCMAKE_BUILD_TYPE=Release -DCMAKE_INSTALL_PREFIX=/home/megan/magic/ros2_ws/install/position_controllers
[1.614s] Invoking command in '/home/megan/magic/ros2_ws/build/position_controllers': AMENT_PREFIX_PATH=/home/megan/magic/ros2_ws/install/forward_command_controller:/home/megan/magic/ros2_ws/install/controller_manager:/home/megan/magic/ros2_ws/install/hardware_interface_testing:/home/megan/magic/ros2_ws/install/controller_interface:/home/megan/magic/ros2_ws/install/hardware_interface:/home/megan/magic/ros2_ws/install/ros2_control_test_assets:/home/megan/magic/ros2_ws/install/controller_manager_msgs:/home/megan/magic/ros2_ws/install/control_msgs:${AMENT_PREFIX_PATH} CMAKE_PREFIX_PATH=/home/megan/magic/ros2_ws/install/forward_command_controller:/home/megan/magic/ros2_ws/install/controller_manager:/home/megan/magic/ros2_ws/install/hardware_interface_testing:/home/megan/magic/ros2_ws/install/controller_interface:/home/megan/magic/ros2_ws/install/hardware_interface:/home/megan/magic/ros2_ws/install/ros2_control_test_assets:/home/megan/magic/ros2_ws/install/controller_manager_msgs:/home/megan/magic/ros2_ws/install/control_msgs:/opt/ros/humble LD_LIBRARY_PATH=/home/megan/magic/ros2_ws/install/forward_command_controller/lib:/home/megan/magic/ros2_ws/install/controller_manager/lib:/home/megan/magic/ros2_ws/install/hardware_interface_testing/lib:/home/megan/magic/ros2_ws/install/controller_interface/lib:/home/megan/magic/ros2_ws/install/hardware_interface/lib:/home/megan/magic/ros2_ws/install/controller_manager_msgs/lib:/home/megan/magic/ros2_ws/install/control_msgs/lib:${LD_LIBRARY_PATH} PYTHONPATH=/home/megan/magic/ros2_ws/install/controller_manager/lib/python3.10/site-packages:/home/megan/magic/ros2_ws/install/controller_manager_msgs/lib/python3.10/site-packages:/home/megan/magic/ros2_ws/install/control_msgs/lib/python3.10/site-packages:${PYTHONPATH} VIRTUAL_ENV_PROMPT=(magic) /usr/bin/cmake --build /home/megan/magic/ros2_ws/build/position_controllers -- -j20 -l20
[1.674s] [  9%] [32mBuilding CXX object CMakeFiles/position_controllers.dir/src/joint_group_position_controller.cpp.o[0m
[1.674s] [ 18%] [32mBuilding CXX object gmock/CMakeFiles/gmock_main.dir/src/gmock_main.cc.o[0m
[1.674s] [ 27%] [32mBuilding CXX object gmock/CMakeFiles/gmock.dir/opt/ros/humble/src/gtest_vendor/src/gtest-all.cc.o[0m
[1.674s] [ 36%] [32mBuilding CXX object gmock/CMakeFiles/gmock.dir/src/gmock-all.cc.o[0m
[2.565s] [ 45%] [32m[1mLinking CXX static library libgmock_main.a[0m
[2.629s] [ 45%] Built target gmock_main
[4.069s] [ 54%] [32m[1mLinking CXX shared library libposition_controllers.so[0m
[4.193s] [ 54%] Built target position_controllers
[7.239s] [ 63%] [32m[1mLinking CXX static library libgmock.a[0m
[7.293s] [ 63%] Built target gmock
[7.313s] [ 72%] [32mBuilding CXX object CMakeFiles/test_joint_group_position_controller.dir/test/test_joint_group_position_controller.cpp.o[0m
[7.315s] [ 81%] [32mBuilding CXX object CMakeFiles/test_load_joint_group_position_controller.dir/test/test_load_joint_group_position_controller.cpp.o[0m
[11.072s] [ 90%] [32m[1mLinking CXX executable test_load_joint_group_position_controller[0m
[11.333s] [ 90%] Built target test_load_joint_group_position_controller
[12.708s] [100%] [32m[1mLinking CXX executable test_joint_group_position_controller[0m
[12.864s] [100%] Built target test_joint_group_position_controller
[12.874s] Invoked command in '/home/megan/magic/ros2_ws/build/position_controllers' returned '0': AMENT_PREFIX_PATH=/home/megan/magic/ros2_ws/install/forward_command_controller:/home/megan/magic/ros2_ws/install/controller_manager:/home/megan/magic/ros2_ws/install/hardware_interface_testing:/home/megan/magic/ros2_ws/install/controller_interface:/home/megan/magic/ros2_ws/install/hardware_interface:/home/megan/magic/ros2_ws/install/ros2_control_test_assets:/home/megan/magic/ros2_ws/install/controller_manager_msgs:/home/megan/magic/ros2_ws/install/control_msgs:${AMENT_PREFIX_PATH} CMAKE_PREFIX_PATH=/home/megan/magic/ros2_ws/install/forward_command_controller:/home/megan/magic/ros2_ws/install/controller_manager:/home/megan/magic/ros2_ws/install/hardware_interface_testing:/home/megan/magic/ros2_ws/install/controller_interface:/home/megan/magic/ros2_ws/install/hardware_interface:/home/megan/magic/ros2_ws/install/ros2_control_test_assets:/home/megan/magic/ros2_ws/install/controller_manager_msgs:/home/megan/magic/ros2_ws/install/control_msgs:/opt/ros/humble LD_LIBRARY_PATH=/home/megan/magic/ros2_ws/install/forward_command_controller/lib:/home/megan/magic/ros2_ws/install/controller_manager/lib:/home/megan/magic/ros2_ws/install/hardware_interface_testing/lib:/home/megan/magic/ros2_ws/install/controller_interface/lib:/home/megan/magic/ros2_ws/install/hardware_interface/lib:/home/megan/magic/ros2_ws/install/controller_manager_msgs/lib:/home/megan/magic/ros2_ws/install/control_msgs/lib:${LD_LIBRARY_PATH} PYTHONPATH=/home/megan/magic/ros2_ws/install/controller_manager/lib/python3.10/site-packages:/home/megan/magic/ros2_ws/install/controller_manager_msgs/lib/python3.10/site-packages:/home/megan/magic/ros2_ws/install/control_msgs/lib/python3.10/site-packages:${PYTHONPATH} VIRTUAL_ENV_PROMPT=(magic) /usr/bin/cmake --build /home/megan/magic/ros2_ws/build/position_controllers -- -j20 -l20
[12.875s] Invoking command in '/home/megan/magic/ros2_ws/build/position_controllers': AMENT_PREFIX_PATH=/home/megan/magic/ros2_ws/install/forward_command_controller:/home/megan/magic/ros2_ws/install/controller_manager:/home/megan/magic/ros2_ws/install/hardware_interface_testing:/home/megan/magic/ros2_ws/install/controller_interface:/home/megan/magic/ros2_ws/install/hardware_interface:/home/megan/magic/ros2_ws/install/ros2_control_test_assets:/home/megan/magic/ros2_ws/install/controller_manager_msgs:/home/megan/magic/ros2_ws/install/control_msgs:${AMENT_PREFIX_PATH} CMAKE_PREFIX_PATH=/home/megan/magic/ros2_ws/install/forward_command_controller:/home/megan/magic/ros2_ws/install/controller_manager:/home/megan/magic/ros2_ws/install/hardware_interface_testing:/home/megan/magic/ros2_ws/install/controller_interface:/home/megan/magic/ros2_ws/install/hardware_interface:/home/megan/magic/ros2_ws/install/ros2_control_test_assets:/home/megan/magic/ros2_ws/install/controller_manager_msgs:/home/megan/magic/ros2_ws/install/control_msgs:/opt/ros/humble LD_LIBRARY_PATH=/home/megan/magic/ros2_ws/install/forward_command_controller/lib:/home/megan/magic/ros2_ws/install/controller_manager/lib:/home/megan/magic/ros2_ws/install/hardware_interface_testing/lib:/home/megan/magic/ros2_ws/install/controller_interface/lib:/home/megan/magic/ros2_ws/install/hardware_interface/lib:/home/megan/magic/ros2_ws/install/controller_manager_msgs/lib:/home/megan/magic/ros2_ws/install/control_msgs/lib:${LD_LIBRARY_PATH} PYTHONPATH=/home/megan/magic/ros2_ws/install/controller_manager/lib/python3.10/site-packages:/home/megan/magic/ros2_ws/install/controller_manager_msgs/lib/python3.10/site-packages:/home/megan/magic/ros2_ws/install/control_msgs/lib/python3.10/site-packages:${PYTHONPATH} VIRTUAL_ENV_PROMPT=(magic) /usr/bin/cmake --install /home/megan/magic/ros2_ws/build/position_controllers
[12.881s] -- Install configuration: "Release"
[12.881s] -- Installing: /home/megan/magic/ros2_ws/install/position_controllers/share/position_controllers/position_controllers_plugins.xml
[12.882s] -- Installing: /home/megan/magic/ros2_ws/install/position_controllers/include/position_controllers
[12.882s] -- Installing: /home/megan/magic/ros2_ws/install/position_controllers/include/position_controllers/position_controllers
[12.882s] -- Installing: /home/megan/magic/ros2_ws/install/position_controllers/include/position_controllers/position_controllers/visibility_control.h
[12.882s] -- Installing: /home/megan/magic/ros2_ws/install/position_controllers/include/position_controllers/position_controllers/joint_group_position_controller.hpp
[12.882s] -- Installing: /home/megan/magic/ros2_ws/install/position_controllers/lib/libposition_controllers.so
[12.882s] -- Set runtime path of "/home/megan/magic/ros2_ws/install/position_controllers/lib/libposition_controllers.so" to ""
[12.882s] -- Installing: /home/megan/magic/ros2_ws/install/position_controllers/share/position_controllers/environment/library_path.sh
[12.882s] -- Installing: /home/megan/magic/ros2_ws/install/position_controllers/share/position_controllers/environment/library_path.dsv
[12.882s] -- Installing: /home/megan/magic/ros2_ws/install/position_controllers/share/ament_index/resource_index/package_run_dependencies/position_controllers
[12.882s] -- Installing: /home/megan/magic/ros2_ws/install/position_controllers/share/ament_index/resource_index/parent_prefix_path/position_controllers
[12.882s] -- Installing: /home/megan/magic/ros2_ws/install/position_controllers/share/position_controllers/environment/ament_prefix_path.sh
[12.882s] -- Installing: /home/megan/magic/ros2_ws/install/position_controllers/share/position_controllers/environment/ament_prefix_path.dsv
[12.882s] -- Installing: /home/megan/magic/ros2_ws/install/position_controllers/share/position_controllers/environment/path.sh
[12.883s] -- Installing: /home/megan/magic/ros2_ws/install/position_controllers/share/position_controllers/environment/path.dsv
[12.883s] -- Installing: /home/megan/magic/ros2_ws/install/position_controllers/share/position_controllers/local_setup.bash
[12.883s] -- Installing: /home/megan/magic/ros2_ws/install/position_controllers/share/position_controllers/local_setup.sh
[12.883s] -- Installing: /home/megan/magic/ros2_ws/install/position_controllers/share/position_controllers/local_setup.zsh
[12.883s] -- Installing: /home/megan/magic/ros2_ws/install/position_controllers/share/position_controllers/local_setup.dsv
[12.883s] -- Installing: /home/megan/magic/ros2_ws/install/position_controllers/share/position_controllers/package.dsv
[12.883s] -- Installing: /home/megan/magic/ros2_ws/install/position_controllers/share/ament_index/resource_index/packages/position_controllers
[12.883s] -- Installing: /home/megan/magic/ros2_ws/install/position_controllers/share/ament_index/resource_index/controller_interface__pluginlib__plugin/position_controllers
[12.883s] -- Installing: /home/megan/magic/ros2_ws/install/position_controllers/share/position_controllers/cmake/export_position_controllersExport.cmake
[12.883s] -- Installing: /home/megan/magic/ros2_ws/install/position_controllers/share/position_controllers/cmake/export_position_controllersExport-release.cmake
[12.883s] -- Installing: /home/megan/magic/ros2_ws/install/position_controllers/share/position_controllers/cmake/ament_cmake_export_targets-extras.cmake
[12.883s] -- Installing: /home/megan/magic/ros2_ws/install/position_controllers/share/position_controllers/cmake/ament_cmake_export_dependencies-extras.cmake
[12.883s] -- Installing: /home/megan/magic/ros2_ws/install/position_controllers/share/position_controllers/cmake/position_controllersConfig.cmake
[12.883s] -- Installing: /home/megan/magic/ros2_ws/install/position_controllers/share/position_controllers/cmake/position_controllersConfig-version.cmake
[12.883s] -- Installing: /home/megan/magic/ros2_ws/install/position_controllers/share/position_controllers/package.xml
[12.885s] Invoked command in '/home/megan/magic/ros2_ws/build/position_controllers' returned '0': AMENT_PREFIX_PATH=/home/megan/magic/ros2_ws/install/forward_command_controller:/home/megan/magic/ros2_ws/install/controller_manager:/home/megan/magic/ros2_ws/install/hardware_interface_testing:/home/megan/magic/ros2_ws/install/controller_interface:/home/megan/magic/ros2_ws/install/hardware_interface:/home/megan/magic/ros2_ws/install/ros2_control_test_assets:/home/megan/magic/ros2_ws/install/controller_manager_msgs:/home/megan/magic/ros2_ws/install/control_msgs:${AMENT_PREFIX_PATH} CMAKE_PREFIX_PATH=/home/megan/magic/ros2_ws/install/forward_command_controller:/home/megan/magic/ros2_ws/install/controller_manager:/home/megan/magic/ros2_ws/install/hardware_interface_testing:/home/megan/magic/ros2_ws/install/controller_interface:/home/megan/magic/ros2_ws/install/hardware_interface:/home/megan/magic/ros2_ws/install/ros2_control_test_assets:/home/megan/magic/ros2_ws/install/controller_manager_msgs:/home/megan/magic/ros2_ws/install/control_msgs:/opt/ros/humble LD_LIBRARY_PATH=/home/megan/magic/ros2_ws/install/forward_command_controller/lib:/home/megan/magic/ros2_ws/install/controller_manager/lib:/home/megan/magic/ros2_ws/install/hardware_interface_testing/lib:/home/megan/magic/ros2_ws/install/controller_interface/lib:/home/megan/magic/ros2_ws/install/hardware_interface/lib:/home/megan/magic/ros2_ws/install/controller_manager_msgs/lib:/home/megan/magic/ros2_ws/install/control_msgs/lib:${LD_LIBRARY_PATH} PYTHONPATH=/home/megan/magic/ros2_ws/install/controller_manager/lib/python3.10/site-packages:/home/megan/magic/ros2_ws/install/controller_manager_msgs/lib/python3.10/site-packages:/home/megan/magic/ros2_ws/install/control_msgs/lib/python3.10/site-packages:${PYTHONPATH} VIRTUAL_ENV_PROMPT=(magic) /usr/bin/cmake --install /home/megan/magic/ros2_ws/build/position_controllers
