[0.006s] Invoking command in '/home/megan/magic/ros2_ws/build/serial': CMAKE_PREFIX_PATH=/opt/ros/humble VIRTUAL_ENV_PROMPT=(magic) /usr/bin/cmake --build /home/megan/magic/ros2_ws/build/serial -- -j20 -l20
[0.070s] [100%] Built target serial
[0.081s] Invoked command in '/home/megan/magic/ros2_ws/build/serial' returned '0': CMAKE_PREFIX_PATH=/opt/ros/humble VIRTUAL_ENV_PROMPT=(magic) /usr/bin/cmake --build /home/megan/magic/ros2_ws/build/serial -- -j20 -l20
[0.082s] Invoking command in '/home/megan/magic/ros2_ws/build/serial': CMAKE_PREFIX_PATH=/opt/ros/humble VIRTUAL_ENV_PROMPT=(magic) /usr/bin/cmake --install /home/megan/magic/ros2_ws/build/serial
[0.088s] -- Install configuration: "Release"
[0.088s] -- Up-to-date: /home/megan/magic/ros2_ws/install/serial/lib/libserial.a
[0.088s] -- Up-to-date: /home/megan/magic/ros2_ws/install/serial/include
[0.089s] -- Up-to-date: /home/megan/magic/ros2_ws/install/serial/include/serial
[0.089s] -- Up-to-date: /home/megan/magic/ros2_ws/install/serial/include/serial/v8stdint.h
[0.089s] -- Up-to-date: /home/megan/magic/ros2_ws/install/serial/include/serial/serial.h
[0.090s] -- Up-to-date: /home/megan/magic/ros2_ws/install/serial/include/serial/impl
[0.090s] -- Up-to-date: /home/megan/magic/ros2_ws/install/serial/include/serial/impl/win.h
[0.090s] -- Up-to-date: /home/megan/magic/ros2_ws/install/serial/include/serial/impl/unix.h
[0.090s] -- Up-to-date: /home/megan/magic/ros2_ws/install/serial/share/serial/environment/library_path.sh
[0.090s] -- Up-to-date: /home/megan/magic/ros2_ws/install/serial/share/serial/environment/library_path.dsv
[0.090s] -- Up-to-date: /home/megan/magic/ros2_ws/install/serial/share/ament_index/resource_index/package_run_dependencies/serial
[0.090s] -- Up-to-date: /home/megan/magic/ros2_ws/install/serial/share/ament_index/resource_index/parent_prefix_path/serial
[0.090s] -- Up-to-date: /home/megan/magic/ros2_ws/install/serial/share/serial/environment/ament_prefix_path.sh
[0.090s] -- Up-to-date: /home/megan/magic/ros2_ws/install/serial/share/serial/environment/ament_prefix_path.dsv
[0.091s] -- Up-to-date: /home/megan/magic/ros2_ws/install/serial/share/serial/environment/path.sh
[0.091s] -- Up-to-date: /home/megan/magic/ros2_ws/install/serial/share/serial/environment/path.dsv
[0.091s] -- Up-to-date: /home/megan/magic/ros2_ws/install/serial/share/serial/local_setup.bash
[0.091s] -- Up-to-date: /home/megan/magic/ros2_ws/install/serial/share/serial/local_setup.sh
[0.091s] -- Up-to-date: /home/megan/magic/ros2_ws/install/serial/share/serial/local_setup.zsh
[0.091s] -- Up-to-date: /home/megan/magic/ros2_ws/install/serial/share/serial/local_setup.dsv
[0.091s] -- Installing: /home/megan/magic/ros2_ws/install/serial/share/serial/package.dsv
[0.092s] -- Up-to-date: /home/megan/magic/ros2_ws/install/serial/share/ament_index/resource_index/packages/serial
[0.092s] -- Up-to-date: /home/megan/magic/ros2_ws/install/serial/share/serial/cmake/export_serialExport.cmake
[0.092s] -- Up-to-date: /home/megan/magic/ros2_ws/install/serial/share/serial/cmake/export_serialExport-release.cmake
[0.092s] -- Up-to-date: /home/megan/magic/ros2_ws/install/serial/share/serial/cmake/ament_cmake_export_include_directories-extras.cmake
[0.092s] -- Up-to-date: /home/megan/magic/ros2_ws/install/serial/share/serial/cmake/ament_cmake_export_libraries-extras.cmake
[0.092s] -- Up-to-date: /home/megan/magic/ros2_ws/install/serial/share/serial/cmake/ament_cmake_export_targets-extras.cmake
[0.092s] -- Up-to-date: /home/megan/magic/ros2_ws/install/serial/share/serial/cmake/serialConfig.cmake
[0.092s] -- Up-to-date: /home/megan/magic/ros2_ws/install/serial/share/serial/cmake/serialConfig-version.cmake
[0.092s] -- Up-to-date: /home/megan/magic/ros2_ws/install/serial/share/serial/package.xml
[0.093s] Invoked command in '/home/megan/magic/ros2_ws/build/serial' returned '0': CMAKE_PREFIX_PATH=/opt/ros/humble VIRTUAL_ENV_PROMPT=(magic) /usr/bin/cmake --install /home/megan/magic/ros2_ws/build/serial
