[0.013s] Invoking command in '/home/emma/Documents/GitHub/magic/build/two_arm_moveit2_config': AMENT_PREFIX_PATH=/home/emma/Documents/GitHub/magic/install/kortex_description:/home/emma/Documents/GitHub/magic/install/robotiq_description:${AMENT_PREFIX_PATH} CMAKE_PREFIX_PATH=/home/emma/Documents/GitHub/magic/install/kortex_description:/home/emma/Documents/GitHub/magic/install/robotiq_description:/opt/ros/humble CONDA_PROMPT_MODIFIER=(base) /usr/bin/cmake /home/emma/Documents/GitHub/magic/ros2_ws/src/two_arm_moveit2_config -DCMAKE_INSTALL_PREFIX=/home/emma/Documents/GitHub/magic/install/two_arm_moveit2_config
[0.047s] -- The C compiler identification is GNU 11.4.0
[0.084s] -- The CXX compiler identification is GNU 11.4.0
[0.089s] -- Detecting C compiler ABI info
[0.132s] -- Detecting C compiler ABI info - done
[0.137s] -- Check for working C compiler: /usr/bin/cc - skipped
[0.137s] -- Detecting C compile features
[0.137s] -- Detecting C compile features - done
[0.139s] -- Detecting CXX compiler ABI info
[0.191s] -- Detecting CXX compiler ABI info - done
[0.196s] -- Check for working CXX compiler: /usr/bin/c++ - skipped
[0.196s] -- Detecting CXX compile features
[0.197s] -- Detecting CXX compile features - done
[0.198s] -- Found ament_cmake: 1.3.11 (/opt/ros/humble/share/ament_cmake/cmake)
[0.487s] -- Found Python3: /home/emma/anaconda3/bin/python3 (found version "3.12.7") found components: Interpreter 
[0.637s] -- Configuring done
[0.639s] -- Generating done
[0.641s] -- Build files have been written to: /home/emma/Documents/GitHub/magic/build/two_arm_moveit2_config
[0.644s] Invoked command in '/home/emma/Documents/GitHub/magic/build/two_arm_moveit2_config' returned '0': AMENT_PREFIX_PATH=/home/emma/Documents/GitHub/magic/install/kortex_description:/home/emma/Documents/GitHub/magic/install/robotiq_description:${AMENT_PREFIX_PATH} CMAKE_PREFIX_PATH=/home/emma/Documents/GitHub/magic/install/kortex_description:/home/emma/Documents/GitHub/magic/install/robotiq_description:/opt/ros/humble CONDA_PROMPT_MODIFIER=(base) /usr/bin/cmake /home/emma/Documents/GitHub/magic/ros2_ws/src/two_arm_moveit2_config -DCMAKE_INSTALL_PREFIX=/home/emma/Documents/GitHub/magic/install/two_arm_moveit2_config
[0.645s] Invoking command in '/home/emma/Documents/GitHub/magic/build/two_arm_moveit2_config': AMENT_PREFIX_PATH=/home/emma/Documents/GitHub/magic/install/kortex_description:/home/emma/Documents/GitHub/magic/install/robotiq_description:${AMENT_PREFIX_PATH} CMAKE_PREFIX_PATH=/home/emma/Documents/GitHub/magic/install/kortex_description:/home/emma/Documents/GitHub/magic/install/robotiq_description:/opt/ros/humble CONDA_PROMPT_MODIFIER=(base) /usr/bin/cmake --build /home/emma/Documents/GitHub/magic/build/two_arm_moveit2_config -- -j20 -l20
[0.676s] Invoked command in '/home/emma/Documents/GitHub/magic/build/two_arm_moveit2_config' returned '0': AMENT_PREFIX_PATH=/home/emma/Documents/GitHub/magic/install/kortex_description:/home/emma/Documents/GitHub/magic/install/robotiq_description:${AMENT_PREFIX_PATH} CMAKE_PREFIX_PATH=/home/emma/Documents/GitHub/magic/install/kortex_description:/home/emma/Documents/GitHub/magic/install/robotiq_description:/opt/ros/humble CONDA_PROMPT_MODIFIER=(base) /usr/bin/cmake --build /home/emma/Documents/GitHub/magic/build/two_arm_moveit2_config -- -j20 -l20
[0.678s] Invoking command in '/home/emma/Documents/GitHub/magic/build/two_arm_moveit2_config': AMENT_PREFIX_PATH=/home/emma/Documents/GitHub/magic/install/kortex_description:/home/emma/Documents/GitHub/magic/install/robotiq_description:${AMENT_PREFIX_PATH} CMAKE_PREFIX_PATH=/home/emma/Documents/GitHub/magic/install/kortex_description:/home/emma/Documents/GitHub/magic/install/robotiq_description:/opt/ros/humble CONDA_PROMPT_MODIFIER=(base) /usr/bin/cmake --install /home/emma/Documents/GitHub/magic/build/two_arm_moveit2_config
[0.688s] -- Install configuration: ""
[0.688s] -- Installing: /home/emma/Documents/GitHub/magic/install/two_arm_moveit2_config/share/ament_index/resource_index/package_run_dependencies/two_arm_moveit2_config
[0.689s] -- Installing: /home/emma/Documents/GitHub/magic/install/two_arm_moveit2_config/share/ament_index/resource_index/parent_prefix_path/two_arm_moveit2_config
[0.689s] -- Installing: /home/emma/Documents/GitHub/magic/install/two_arm_moveit2_config/share/two_arm_moveit2_config/environment/ament_prefix_path.sh
[0.689s] -- Installing: /home/emma/Documents/GitHub/magic/install/two_arm_moveit2_config/share/two_arm_moveit2_config/environment/ament_prefix_path.dsv
[0.689s] -- Installing: /home/emma/Documents/GitHub/magic/install/two_arm_moveit2_config/share/two_arm_moveit2_config/environment/path.sh
[0.689s] -- Installing: /home/emma/Documents/GitHub/magic/install/two_arm_moveit2_config/share/two_arm_moveit2_config/environment/path.dsv
[0.689s] -- Installing: /home/emma/Documents/GitHub/magic/install/two_arm_moveit2_config/share/two_arm_moveit2_config/local_setup.bash
[0.689s] -- Installing: /home/emma/Documents/GitHub/magic/install/two_arm_moveit2_config/share/two_arm_moveit2_config/local_setup.sh
[0.689s] -- Installing: /home/emma/Documents/GitHub/magic/install/two_arm_moveit2_config/share/two_arm_moveit2_config/local_setup.zsh
[0.689s] -- Installing: /home/emma/Documents/GitHub/magic/install/two_arm_moveit2_config/share/two_arm_moveit2_config/local_setup.dsv
[0.689s] -- Installing: /home/emma/Documents/GitHub/magic/install/two_arm_moveit2_config/share/two_arm_moveit2_config/package.dsv
[0.689s] -- Installing: /home/emma/Documents/GitHub/magic/install/two_arm_moveit2_config/share/ament_index/resource_index/packages/two_arm_moveit2_config
[0.689s] -- Installing: /home/emma/Documents/GitHub/magic/install/two_arm_moveit2_config/share/two_arm_moveit2_config/cmake/two_arm_moveit2_configConfig.cmake
[0.689s] -- Installing: /home/emma/Documents/GitHub/magic/install/two_arm_moveit2_config/share/two_arm_moveit2_config/cmake/two_arm_moveit2_configConfig-version.cmake
[0.689s] -- Installing: /home/emma/Documents/GitHub/magic/install/two_arm_moveit2_config/share/two_arm_moveit2_config/package.xml
[0.689s] -- Installing: /home/emma/Documents/GitHub/magic/install/two_arm_moveit2_config/share/two_arm_moveit2_config/launch
[0.689s] -- Installing: /home/emma/Documents/GitHub/magic/install/two_arm_moveit2_config/share/two_arm_moveit2_config/launch/robot.launch.py
[0.689s] -- Installing: /home/emma/Documents/GitHub/magic/install/two_arm_moveit2_config/share/two_arm_moveit2_config/config
[0.689s] -- Installing: /home/emma/Documents/GitHub/magic/install/two_arm_moveit2_config/share/two_arm_moveit2_config/config/pilz_cartesian_limits.yaml
[0.689s] -- Installing: /home/emma/Documents/GitHub/magic/install/two_arm_moveit2_config/share/two_arm_moveit2_config/config/moveit.rviz
[0.689s] -- Installing: /home/emma/Documents/GitHub/magic/install/two_arm_moveit2_config/share/two_arm_moveit2_config/config/initial_positions.yaml
[0.689s] -- Installing: /home/emma/Documents/GitHub/magic/install/two_arm_moveit2_config/share/two_arm_moveit2_config/config/ompl_planning.yaml
[0.689s] -- Installing: /home/emma/Documents/GitHub/magic/install/two_arm_moveit2_config/share/two_arm_moveit2_config/config/ros2_controllers.yaml
[0.689s] -- Installing: /home/emma/Documents/GitHub/magic/install/two_arm_moveit2_config/share/two_arm_moveit2_config/config/moveit_controllers.yaml
[0.690s] -- Installing: /home/emma/Documents/GitHub/magic/install/two_arm_moveit2_config/share/two_arm_moveit2_config/config/sensors_3d.yaml
[0.690s] -- Installing: /home/emma/Documents/GitHub/magic/install/two_arm_moveit2_config/share/two_arm_moveit2_config/config/gen3_dual_arm.srdf
[0.690s] -- Installing: /home/emma/Documents/GitHub/magic/install/two_arm_moveit2_config/share/two_arm_moveit2_config/config/joint_limits.yaml
[0.690s] -- Installing: /home/emma/Documents/GitHub/magic/install/two_arm_moveit2_config/share/two_arm_moveit2_config/config/kinematics.yaml
[0.690s] -- Installing: /home/emma/Documents/GitHub/magic/install/two_arm_moveit2_config/share/two_arm_moveit2_config/urdf
[0.690s] -- Installing: /home/emma/Documents/GitHub/magic/install/two_arm_moveit2_config/share/two_arm_moveit2_config/urdf/gen3_dual_arm.xacro
[0.690s] -- Installing: /home/emma/Documents/GitHub/magic/install/two_arm_moveit2_config/share/two_arm_moveit2_config/.setup_assistant
[0.700s] Invoked command in '/home/emma/Documents/GitHub/magic/build/two_arm_moveit2_config' returned '0': AMENT_PREFIX_PATH=/home/emma/Documents/GitHub/magic/install/kortex_description:/home/emma/Documents/GitHub/magic/install/robotiq_description:${AMENT_PREFIX_PATH} CMAKE_PREFIX_PATH=/home/emma/Documents/GitHub/magic/install/kortex_description:/home/emma/Documents/GitHub/magic/install/robotiq_description:/opt/ros/humble CONDA_PROMPT_MODIFIER=(base) /usr/bin/cmake --install /home/emma/Documents/GitHub/magic/build/two_arm_moveit2_config
