-- Install configuration: ""
-- Up-to-date: /home/emma/Documents/GitHub/magic/install/two_arm_moveit2_config/share/ament_index/resource_index/package_run_dependencies/two_arm_moveit2_config
-- Up-to-date: /home/emma/Documents/GitHub/magic/install/two_arm_moveit2_config/share/ament_index/resource_index/parent_prefix_path/two_arm_moveit2_config
-- Up-to-date: /home/emma/Documents/GitHub/magic/install/two_arm_moveit2_config/share/two_arm_moveit2_config/environment/ament_prefix_path.sh
-- Up-to-date: /home/emma/Documents/GitHub/magic/install/two_arm_moveit2_config/share/two_arm_moveit2_config/environment/ament_prefix_path.dsv
-- Up-to-date: /home/emma/Documents/GitHub/magic/install/two_arm_moveit2_config/share/two_arm_moveit2_config/environment/path.sh
-- Up-to-date: /home/emma/Documents/GitHub/magic/install/two_arm_moveit2_config/share/two_arm_moveit2_config/environment/path.dsv
-- Up-to-date: /home/emma/Documents/GitHub/magic/install/two_arm_moveit2_config/share/two_arm_moveit2_config/local_setup.bash
-- Up-to-date: /home/emma/Documents/GitHub/magic/install/two_arm_moveit2_config/share/two_arm_moveit2_config/local_setup.sh
-- Up-to-date: /home/emma/Documents/GitHub/magic/install/two_arm_moveit2_config/share/two_arm_moveit2_config/local_setup.zsh
-- Up-to-date: /home/emma/Documents/GitHub/magic/install/two_arm_moveit2_config/share/two_arm_moveit2_config/local_setup.dsv
-- Installing: /home/emma/Documents/GitHub/magic/install/two_arm_moveit2_config/share/two_arm_moveit2_config/package.dsv
-- Up-to-date: /home/emma/Documents/GitHub/magic/install/two_arm_moveit2_config/share/ament_index/resource_index/packages/two_arm_moveit2_config
-- Up-to-date: /home/emma/Documents/GitHub/magic/install/two_arm_moveit2_config/share/two_arm_moveit2_config/cmake/two_arm_moveit2_configConfig.cmake
-- Up-to-date: /home/emma/Documents/GitHub/magic/install/two_arm_moveit2_config/share/two_arm_moveit2_config/cmake/two_arm_moveit2_configConfig-version.cmake
-- Up-to-date: /home/emma/Documents/GitHub/magic/install/two_arm_moveit2_config/share/two_arm_moveit2_config/package.xml
-- Up-to-date: /home/emma/Documents/GitHub/magic/install/two_arm_moveit2_config/share/two_arm_moveit2_config/launch
-- Installing: /home/emma/Documents/GitHub/magic/install/two_arm_moveit2_config/share/two_arm_moveit2_config/launch/robot.launch.py
-- Up-to-date: /home/emma/Documents/GitHub/magic/install/two_arm_moveit2_config/share/two_arm_moveit2_config/config
-- Up-to-date: /home/emma/Documents/GitHub/magic/install/two_arm_moveit2_config/share/two_arm_moveit2_config/config/pilz_cartesian_limits.yaml
-- Up-to-date: /home/emma/Documents/GitHub/magic/install/two_arm_moveit2_config/share/two_arm_moveit2_config/config/moveit.rviz
-- Up-to-date: /home/emma/Documents/GitHub/magic/install/two_arm_moveit2_config/share/two_arm_moveit2_config/config/initial_positions.yaml
-- Up-to-date: /home/emma/Documents/GitHub/magic/install/two_arm_moveit2_config/share/two_arm_moveit2_config/config/ompl_planning.yaml
-- Up-to-date: /home/emma/Documents/GitHub/magic/install/two_arm_moveit2_config/share/two_arm_moveit2_config/config/ros2_controllers.yaml
-- Up-to-date: /home/emma/Documents/GitHub/magic/install/two_arm_moveit2_config/share/two_arm_moveit2_config/config/moveit_controllers.yaml
-- Up-to-date: /home/emma/Documents/GitHub/magic/install/two_arm_moveit2_config/share/two_arm_moveit2_config/config/sensors_3d.yaml
-- Up-to-date: /home/emma/Documents/GitHub/magic/install/two_arm_moveit2_config/share/two_arm_moveit2_config/config/gen3_dual_arm.srdf
-- Up-to-date: /home/emma/Documents/GitHub/magic/install/two_arm_moveit2_config/share/two_arm_moveit2_config/config/joint_limits.yaml
-- Up-to-date: /home/emma/Documents/GitHub/magic/install/two_arm_moveit2_config/share/two_arm_moveit2_config/config/kinematics.yaml
-- Up-to-date: /home/emma/Documents/GitHub/magic/install/two_arm_moveit2_config/share/two_arm_moveit2_config/urdf
-- Up-to-date: /home/emma/Documents/GitHub/magic/install/two_arm_moveit2_config/share/two_arm_moveit2_config/urdf/gen3_dual_arm.xacro
-- Up-to-date: /home/emma/Documents/GitHub/magic/install/two_arm_moveit2_config/share/two_arm_moveit2_config/.setup_assistant
