[0.028s] Invoking command in '/home/megan/magic/ros2_ws/build/transmission_interface': AMENT_PREFIX_PATH=/home/megan/magic/ros2_ws/install/hardware_interface:/home/megan/magic/ros2_ws/install/ros2_control_test_assets:/home/megan/magic/ros2_ws/install/control_msgs:${AMENT_PREFIX_PATH} CMAKE_PREFIX_PATH=/home/megan/magic/ros2_ws/install/hardware_interface:/home/megan/magic/ros2_ws/install/ros2_control_test_assets:/home/megan/magic/ros2_ws/install/control_msgs:/opt/ros/humble LD_LIBRARY_PATH=/home/megan/magic/ros2_ws/install/hardware_interface/lib:/home/megan/magic/ros2_ws/install/control_msgs/lib:${LD_LIBRARY_PATH} PYTHONPATH=/home/megan/magic/ros2_ws/install/control_msgs/lib/python3.10/site-packages:${PYTHONPATH} VIRTUAL_ENV_PROMPT=(magic) /usr/bin/cmake /home/megan/magic/ros2_ws/src/ros2_control/transmission_interface -DCMAKE_BUILD_TYPE=Release -DCMAKE_INSTALL_PREFIX=/home/megan/magic/ros2_ws/install/transmission_interface
[0.101s] -- The C compiler identification is GNU 11.4.0
[0.167s] -- The CXX compiler identification is GNU 11.4.0
[0.175s] -- Detecting C compiler ABI info
[0.234s] -- Detecting C compiler ABI info - done
[0.244s] -- Check for working C compiler: /usr/bin/cc - skipped
[0.244s] -- Detecting C compile features
[0.245s] -- Detecting C compile features - done
[0.251s] -- Detecting CXX compiler ABI info
[0.330s] -- Detecting CXX compiler ABI info - done
[0.335s] -- Check for working CXX compiler: /usr/bin/c++ - skipped
[0.335s] -- Detecting CXX compile features
[0.335s] -- Detecting CXX compile features - done
[0.337s] -- Found ament_cmake: 1.3.11 (/opt/ros/humble/share/ament_cmake/cmake)
[0.808s] -- Found Python3: /home/megan/.pyenv/versions/3.10.15/envs/magic/bin/python3 (found version "3.10.15") found components: Interpreter 
[0.895s] -- Found hardware_interface: 2.48.0 (/home/megan/magic/ros2_ws/install/hardware_interface/share/hardware_interface/cmake)
[0.923s] -- Found rosidl_generator_c: 3.1.6 (/opt/ros/humble/share/rosidl_generator_c/cmake)
[0.926s] -- Found rosidl_adapter: 3.1.6 (/opt/ros/humble/share/rosidl_adapter/cmake)
[0.932s] -- Found rosidl_generator_cpp: 3.1.6 (/opt/ros/humble/share/rosidl_generator_cpp/cmake)
[0.941s] -- Using all available rosidl_typesupport_c: rosidl_typesupport_fastrtps_c;rosidl_typesupport_introspection_c
[0.954s] -- Using all available rosidl_typesupport_cpp: rosidl_typesupport_fastrtps_cpp;rosidl_typesupport_introspection_cpp
[1.111s] -- Found rmw_implementation_cmake: 6.1.2 (/opt/ros/humble/share/rmw_implementation_cmake/cmake)
[1.113s] -- Found rmw_cyclonedds_cpp: 1.3.4 (/opt/ros/humble/share/rmw_cyclonedds_cpp/cmake)
[1.127s] -- Using RMW implementation 'rmw_cyclonedds_cpp' as default
[1.134s] -- Looking for pthread.h
[1.192s] -- Looking for pthread.h - found
[1.192s] -- Performing Test CMAKE_HAVE_LIBC_PTHREAD
[1.278s] -- Performing Test CMAKE_HAVE_LIBC_PTHREAD - Success
[1.281s] -- Found Threads: TRUE  
[1.331s] -- Found ament_cmake_gmock: 1.3.11 (/opt/ros/humble/share/ament_cmake_gmock/cmake)
[1.334s] -- Found gmock sources under '/opt/ros/humble/src/gmock_vendor': C++ tests using 'Google Mock' will be built
[1.337s] -- Found ament_cmake_gtest: 1.3.11 (/opt/ros/humble/share/ament_cmake_gtest/cmake)
[1.338s] -- Found gtest sources under '/opt/ros/humble/src/gtest_vendor': C++ tests using 'Google Test' will be built
[1.455s] -- Configuring done
[1.534s] -- Generating done
[1.554s] -- Build files have been written to: /home/megan/magic/ros2_ws/build/transmission_interface
[1.564s] Invoked command in '/home/megan/magic/ros2_ws/build/transmission_interface' returned '0': AMENT_PREFIX_PATH=/home/megan/magic/ros2_ws/install/hardware_interface:/home/megan/magic/ros2_ws/install/ros2_control_test_assets:/home/megan/magic/ros2_ws/install/control_msgs:${AMENT_PREFIX_PATH} CMAKE_PREFIX_PATH=/home/megan/magic/ros2_ws/install/hardware_interface:/home/megan/magic/ros2_ws/install/ros2_control_test_assets:/home/megan/magic/ros2_ws/install/control_msgs:/opt/ros/humble LD_LIBRARY_PATH=/home/megan/magic/ros2_ws/install/hardware_interface/lib:/home/megan/magic/ros2_ws/install/control_msgs/lib:${LD_LIBRARY_PATH} PYTHONPATH=/home/megan/magic/ros2_ws/install/control_msgs/lib/python3.10/site-packages:${PYTHONPATH} VIRTUAL_ENV_PROMPT=(magic) /usr/bin/cmake /home/megan/magic/ros2_ws/src/ros2_control/transmission_interface -DCMAKE_BUILD_TYPE=Release -DCMAKE_INSTALL_PREFIX=/home/megan/magic/ros2_ws/install/transmission_interface
[1.565s] Invoking command in '/home/megan/magic/ros2_ws/build/transmission_interface': AMENT_PREFIX_PATH=/home/megan/magic/ros2_ws/install/hardware_interface:/home/megan/magic/ros2_ws/install/ros2_control_test_assets:/home/megan/magic/ros2_ws/install/control_msgs:${AMENT_PREFIX_PATH} CMAKE_PREFIX_PATH=/home/megan/magic/ros2_ws/install/hardware_interface:/home/megan/magic/ros2_ws/install/ros2_control_test_assets:/home/megan/magic/ros2_ws/install/control_msgs:/opt/ros/humble LD_LIBRARY_PATH=/home/megan/magic/ros2_ws/install/hardware_interface/lib:/home/megan/magic/ros2_ws/install/control_msgs/lib:${LD_LIBRARY_PATH} PYTHONPATH=/home/megan/magic/ros2_ws/install/control_msgs/lib/python3.10/site-packages:${PYTHONPATH} VIRTUAL_ENV_PROMPT=(magic) /usr/bin/cmake --build /home/megan/magic/ros2_ws/build/transmission_interface -- -j20 -l20
[1.611s] [  4%] [32mBuilding CXX object gmock/CMakeFiles/gmock_main.dir/src/gmock_main.cc.o[0m
[1.614s] [  8%] [34m[1mGenerating transmission_interface/version.h[0m
[1.614s] [ 12%] [32mBuilding CXX object gmock/CMakeFiles/gmock.dir/opt/ros/humble/src/gtest_vendor/src/gtest-all.cc.o[0m
[1.614s] [ 16%] [32mBuilding CXX object gmock/CMakeFiles/gmock.dir/src/gmock-all.cc.o[0m
[1.632s] [ 16%] Built target ament_generate_version_header__transmission_interface
[1.659s] [ 20%] [32mBuilding CXX object CMakeFiles/transmission_interface.dir/src/simple_transmission_loader.cpp.o[0m
[1.659s] [ 25%] [32mBuilding CXX object CMakeFiles/transmission_interface.dir/src/differential_transmission_loader.cpp.o[0m
[1.662s] [ 29%] [32mBuilding CXX object CMakeFiles/transmission_interface.dir/src/four_bar_linkage_transmission_loader.cpp.o[0m
[2.601s] [ 33%] [32m[1mLinking CXX static library libgmock_main.a[0m
[2.659s] [ 33%] Built target gmock_main
[5.605s] [ 37%] [32m[1mLinking CXX shared library libtransmission_interface.so[0m
[5.714s] [ 37%] Built target transmission_interface
[8.590s] [ 41%] [32m[1mLinking CXX static library libgmock.a[0m
[8.642s] [ 41%] Built target gmock
[8.657s] [ 54%] [32mBuilding CXX object CMakeFiles/test_four_bar_linkage_transmission_loader.dir/test/four_bar_linkage_transmission_loader_test.cpp.o[0m
[8.657s] [ 54%] [32mBuilding CXX object CMakeFiles/test_utils.dir/test/utils_test.cpp.o[0m
[8.657s] [ 50%] [32mBuilding CXX object CMakeFiles/test_differential_transmission_loader.dir/test/differential_transmission_loader_test.cpp.o[0m
[8.661s] [ 58%] [32mBuilding CXX object CMakeFiles/test_simple_transmission.dir/test/simple_transmission_test.cpp.o[0m
[8.662s] [ 62%] [32mBuilding CXX object CMakeFiles/test_simple_transmission_loader.dir/test/simple_transmission_loader_test.cpp.o[0m
[8.663s] [ 66%] [32mBuilding CXX object CMakeFiles/test_differential_transmission.dir/test/differential_transmission_test.cpp.o[0m
[8.665s] [ 70%] [32mBuilding CXX object CMakeFiles/test_four_bar_linkage_transmission.dir/test/four_bar_linkage_transmission_test.cpp.o[0m
[11.067s] [ 75%] [32m[1mLinking CXX executable test_utils[0m
[11.325s] [ 75%] Built target test_utils
[11.456s] [ 79%] [32m[1mLinking CXX executable test_simple_transmission[0m
[11.730s] [ 79%] Built target test_simple_transmission
[12.049s] [ 83%] [32m[1mLinking CXX executable test_four_bar_linkage_transmission[0m
[12.275s] [ 83%] Built target test_four_bar_linkage_transmission
[13.168s] [ 87%] [32m[1mLinking CXX executable test_differential_transmission[0m
[13.449s] [ 87%] Built target test_differential_transmission
[14.958s] [ 91%] [32m[1mLinking CXX executable test_simple_transmission_loader[0m
[15.095s] [ 91%] Built target test_simple_transmission_loader
[15.264s] [ 95%] [32m[1mLinking CXX executable test_differential_transmission_loader[0m
[15.394s] [100%] [32m[1mLinking CXX executable test_four_bar_linkage_transmission_loader[0m
[15.407s] [100%] Built target test_differential_transmission_loader
[15.519s] [100%] Built target test_four_bar_linkage_transmission_loader
[15.527s] Invoked command in '/home/megan/magic/ros2_ws/build/transmission_interface' returned '0': AMENT_PREFIX_PATH=/home/megan/magic/ros2_ws/install/hardware_interface:/home/megan/magic/ros2_ws/install/ros2_control_test_assets:/home/megan/magic/ros2_ws/install/control_msgs:${AMENT_PREFIX_PATH} CMAKE_PREFIX_PATH=/home/megan/magic/ros2_ws/install/hardware_interface:/home/megan/magic/ros2_ws/install/ros2_control_test_assets:/home/megan/magic/ros2_ws/install/control_msgs:/opt/ros/humble LD_LIBRARY_PATH=/home/megan/magic/ros2_ws/install/hardware_interface/lib:/home/megan/magic/ros2_ws/install/control_msgs/lib:${LD_LIBRARY_PATH} PYTHONPATH=/home/megan/magic/ros2_ws/install/control_msgs/lib/python3.10/site-packages:${PYTHONPATH} VIRTUAL_ENV_PROMPT=(magic) /usr/bin/cmake --build /home/megan/magic/ros2_ws/build/transmission_interface -- -j20 -l20
[15.529s] Invoking command in '/home/megan/magic/ros2_ws/build/transmission_interface': AMENT_PREFIX_PATH=/home/megan/magic/ros2_ws/install/hardware_interface:/home/megan/magic/ros2_ws/install/ros2_control_test_assets:/home/megan/magic/ros2_ws/install/control_msgs:${AMENT_PREFIX_PATH} CMAKE_PREFIX_PATH=/home/megan/magic/ros2_ws/install/hardware_interface:/home/megan/magic/ros2_ws/install/ros2_control_test_assets:/home/megan/magic/ros2_ws/install/control_msgs:/opt/ros/humble LD_LIBRARY_PATH=/home/megan/magic/ros2_ws/install/hardware_interface/lib:/home/megan/magic/ros2_ws/install/control_msgs/lib:${LD_LIBRARY_PATH} PYTHONPATH=/home/megan/magic/ros2_ws/install/control_msgs/lib/python3.10/site-packages:${PYTHONPATH} VIRTUAL_ENV_PROMPT=(magic) /usr/bin/cmake --install /home/megan/magic/ros2_ws/build/transmission_interface
[15.534s] -- Install configuration: "Release"
[15.534s] -- Installing: /home/megan/magic/ros2_ws/install/transmission_interface/include
[15.534s] -- Installing: /home/megan/magic/ros2_ws/install/transmission_interface/include/transmission_interface
[15.534s] -- Installing: /home/megan/magic/ros2_ws/install/transmission_interface/include/transmission_interface/four_bar_linkage_transmission_loader.hpp
[15.534s] -- Installing: /home/megan/magic/ros2_ws/install/transmission_interface/include/transmission_interface/simple_transmission.hpp
[15.534s] -- Installing: /home/megan/magic/ros2_ws/install/transmission_interface/include/transmission_interface/exception.hpp
[15.534s] -- Installing: /home/megan/magic/ros2_ws/install/transmission_interface/include/transmission_interface/four_bar_linkage_transmission.hpp
[15.534s] -- Installing: /home/megan/magic/ros2_ws/install/transmission_interface/include/transmission_interface/transmission_interface_exception.hpp
[15.534s] -- Installing: /home/megan/magic/ros2_ws/install/transmission_interface/include/transmission_interface/differential_transmission.hpp
[15.534s] -- Installing: /home/megan/magic/ros2_ws/install/transmission_interface/include/transmission_interface/visibility_control.h
[15.534s] -- Installing: /home/megan/magic/ros2_ws/install/transmission_interface/include/transmission_interface/simple_transmission_loader.hpp
[15.534s] -- Installing: /home/megan/magic/ros2_ws/install/transmission_interface/include/transmission_interface/transmission.hpp
[15.534s] -- Installing: /home/megan/magic/ros2_ws/install/transmission_interface/include/transmission_interface/handle.hpp
[15.534s] -- Installing: /home/megan/magic/ros2_ws/install/transmission_interface/include/transmission_interface/differential_transmission_loader.hpp
[15.534s] -- Installing: /home/megan/magic/ros2_ws/install/transmission_interface/include/transmission_interface/accessor.hpp
[15.534s] -- Installing: /home/megan/magic/ros2_ws/install/transmission_interface/include/transmission_interface/transmission_loader.hpp
[15.534s] -- Installing: /home/megan/magic/ros2_ws/install/transmission_interface/share/transmission_interface/ros2_control_plugins.xml
[15.535s] -- Installing: /home/megan/magic/ros2_ws/install/transmission_interface/lib/libtransmission_interface.so
[15.535s] -- Set runtime path of "/home/megan/magic/ros2_ws/install/transmission_interface/lib/libtransmission_interface.so" to ""
[15.535s] -- Installing: /home/megan/magic/ros2_ws/install/transmission_interface/share/transmission_interface/environment/library_path.sh
[15.535s] -- Installing: /home/megan/magic/ros2_ws/install/transmission_interface/share/transmission_interface/environment/library_path.dsv
[15.535s] -- Installing: /home/megan/magic/ros2_ws/install/transmission_interface/share/ament_index/resource_index/package_run_dependencies/transmission_interface
[15.535s] -- Installing: /home/megan/magic/ros2_ws/install/transmission_interface/share/ament_index/resource_index/parent_prefix_path/transmission_interface
[15.535s] -- Installing: /home/megan/magic/ros2_ws/install/transmission_interface/share/transmission_interface/environment/ament_prefix_path.sh
[15.535s] -- Installing: /home/megan/magic/ros2_ws/install/transmission_interface/share/transmission_interface/environment/ament_prefix_path.dsv
[15.535s] -- Installing: /home/megan/magic/ros2_ws/install/transmission_interface/share/transmission_interface/environment/path.sh
[15.535s] -- Installing: /home/megan/magic/ros2_ws/install/transmission_interface/share/transmission_interface/environment/path.dsv
[15.535s] -- Installing: /home/megan/magic/ros2_ws/install/transmission_interface/share/transmission_interface/local_setup.bash
[15.536s] -- Installing: /home/megan/magic/ros2_ws/install/transmission_interface/share/transmission_interface/local_setup.sh
[15.536s] -- Installing: /home/megan/magic/ros2_ws/install/transmission_interface/share/transmission_interface/local_setup.zsh
[15.536s] -- Installing: /home/megan/magic/ros2_ws/install/transmission_interface/share/transmission_interface/local_setup.dsv
[15.536s] -- Installing: /home/megan/magic/ros2_ws/install/transmission_interface/share/transmission_interface/package.dsv
[15.536s] -- Installing: /home/megan/magic/ros2_ws/install/transmission_interface/share/ament_index/resource_index/packages/transmission_interface
[15.536s] -- Installing: /home/megan/magic/ros2_ws/install/transmission_interface/share/ament_index/resource_index/transmission_interface__pluginlib__plugin/transmission_interface
[15.536s] -- Installing: /home/megan/magic/ros2_ws/install/transmission_interface/share/transmission_interface/cmake/ament_cmake_export_include_directories-extras.cmake
[15.536s] -- Installing: /home/megan/magic/ros2_ws/install/transmission_interface/share/transmission_interface/cmake/ament_cmake_export_dependencies-extras.cmake
[15.536s] -- Installing: /home/megan/magic/ros2_ws/install/transmission_interface/share/transmission_interface/cmake/ament_cmake_export_libraries-extras.cmake
[15.536s] -- Installing: /home/megan/magic/ros2_ws/install/transmission_interface/share/transmission_interface/cmake/transmission_interfaceConfig.cmake
[15.536s] -- Installing: /home/megan/magic/ros2_ws/install/transmission_interface/share/transmission_interface/cmake/transmission_interfaceConfig-version.cmake
[15.536s] -- Installing: /home/megan/magic/ros2_ws/install/transmission_interface/share/transmission_interface/package.xml
[15.536s] -- Installing: /home/megan/magic/ros2_ws/install/transmission_interface/include/transmission_interface/transmission_interface/version.h
[15.538s] Invoked command in '/home/megan/magic/ros2_ws/build/transmission_interface' returned '0': AMENT_PREFIX_PATH=/home/megan/magic/ros2_ws/install/hardware_interface:/home/megan/magic/ros2_ws/install/ros2_control_test_assets:/home/megan/magic/ros2_ws/install/control_msgs:${AMENT_PREFIX_PATH} CMAKE_PREFIX_PATH=/home/megan/magic/ros2_ws/install/hardware_interface:/home/megan/magic/ros2_ws/install/ros2_control_test_assets:/home/megan/magic/ros2_ws/install/control_msgs:/opt/ros/humble LD_LIBRARY_PATH=/home/megan/magic/ros2_ws/install/hardware_interface/lib:/home/megan/magic/ros2_ws/install/control_msgs/lib:${LD_LIBRARY_PATH} PYTHONPATH=/home/megan/magic/ros2_ws/install/control_msgs/lib/python3.10/site-packages:${PYTHONPATH} VIRTUAL_ENV_PROMPT=(magic) /usr/bin/cmake --install /home/megan/magic/ros2_ws/build/transmission_interface
