[0.023s] Invoking command in '/home/megan/magic/ros2_ws/build/imu_sensor_broadcaster': AMENT_PREFIX_PATH=/home/megan/magic/ros2_ws/install/controller_manager:/home/megan/magic/ros2_ws/install/hardware_interface_testing:/home/megan/magic/ros2_ws/install/controller_interface:/home/megan/magic/ros2_ws/install/hardware_interface:/home/megan/magic/ros2_ws/install/ros2_control_test_assets:/home/megan/magic/ros2_ws/install/controller_manager_msgs:/home/megan/magic/ros2_ws/install/control_msgs:${AMENT_PREFIX_PATH} CMAKE_PREFIX_PATH=/home/megan/magic/ros2_ws/install/controller_manager:/home/megan/magic/ros2_ws/install/hardware_interface_testing:/home/megan/magic/ros2_ws/install/controller_interface:/home/megan/magic/ros2_ws/install/hardware_interface:/home/megan/magic/ros2_ws/install/ros2_control_test_assets:/home/megan/magic/ros2_ws/install/controller_manager_msgs:/home/megan/magic/ros2_ws/install/control_msgs:/opt/ros/humble LD_LIBRARY_PATH=/home/megan/magic/ros2_ws/install/controller_manager/lib:/home/megan/magic/ros2_ws/install/hardware_interface_testing/lib:/home/megan/magic/ros2_ws/install/controller_interface/lib:/home/megan/magic/ros2_ws/install/hardware_interface/lib:/home/megan/magic/ros2_ws/install/controller_manager_msgs/lib:/home/megan/magic/ros2_ws/install/control_msgs/lib:${LD_LIBRARY_PATH} PYTHONPATH=/home/megan/magic/ros2_ws/install/controller_manager/lib/python3.10/site-packages:/home/megan/magic/ros2_ws/install/controller_manager_msgs/lib/python3.10/site-packages:/home/megan/magic/ros2_ws/install/control_msgs/lib/python3.10/site-packages:${PYTHONPATH} VIRTUAL_ENV_PROMPT=(magic) /usr/bin/cmake /home/megan/magic/ros2_ws/src/ros2_controllers/imu_sensor_broadcaster -DCMAKE_BUILD_TYPE=Release -DCMAKE_INSTALL_PREFIX=/home/megan/magic/ros2_ws/install/imu_sensor_broadcaster
[0.085s] -- The CXX compiler identification is GNU 11.4.0
[0.093s] -- Detecting CXX compiler ABI info
[0.176s] -- Detecting CXX compiler ABI info - done
[0.182s] -- Check for working CXX compiler: /usr/bin/c++ - skipped
[0.182s] -- Detecting CXX compile features
[0.182s] -- Detecting CXX compile features - done
[0.184s] -- Found ament_cmake: 1.3.11 (/opt/ros/humble/share/ament_cmake/cmake)
[0.664s] -- Found Python3: /home/megan/.pyenv/versions/3.10.15/envs/magic/bin/python3 (found version "3.10.15") found components: Interpreter 
[0.748s] -- Found controller_interface: 2.48.0 (/home/megan/magic/ros2_ws/install/controller_interface/share/controller_interface/cmake)
[0.780s] -- Found rosidl_generator_c: 3.1.6 (/opt/ros/humble/share/rosidl_generator_c/cmake)
[0.784s] -- Found rosidl_adapter: 3.1.6 (/opt/ros/humble/share/rosidl_adapter/cmake)
[0.790s] -- Found rosidl_generator_cpp: 3.1.6 (/opt/ros/humble/share/rosidl_generator_cpp/cmake)
[0.799s] -- Using all available rosidl_typesupport_c: rosidl_typesupport_fastrtps_c;rosidl_typesupport_introspection_c
[0.811s] -- Using all available rosidl_typesupport_cpp: rosidl_typesupport_fastrtps_cpp;rosidl_typesupport_introspection_cpp
[0.981s] -- Found rmw_implementation_cmake: 6.1.2 (/opt/ros/humble/share/rmw_implementation_cmake/cmake)
[0.983s] -- Found rmw_cyclonedds_cpp: 1.3.4 (/opt/ros/humble/share/rmw_cyclonedds_cpp/cmake)
[0.999s] -- Using RMW implementation 'rmw_cyclonedds_cpp' as default
[1.006s] -- Looking for C++ include pthread.h
[1.099s] -- Looking for C++ include pthread.h - found
[1.100s] -- Performing Test CMAKE_HAVE_LIBC_PTHREAD
[1.201s] -- Performing Test CMAKE_HAVE_LIBC_PTHREAD - Success
[1.203s] -- Found Threads: TRUE  
[1.258s] -- Found generate_parameter_library: 0.4.0 (/opt/ros/humble/share/generate_parameter_library/cmake)
[1.259s] -- Found parameter_traits: 0.4.0 (/opt/ros/humble/share/parameter_traits/cmake)
[1.274s] -- Found realtime_tools: 2.11.0 (/opt/ros/humble/share/realtime_tools/cmake)
[1.294s] -- Found ament_cmake_gmock: 1.3.11 (/opt/ros/humble/share/ament_cmake_gmock/cmake)
[1.294s] -- Found controller_manager: 2.48.0 (/home/megan/magic/ros2_ws/install/controller_manager/share/controller_manager/cmake)
[1.310s] -- Found ros2_control_test_assets: 2.48.0 (/home/megan/magic/ros2_ws/install/ros2_control_test_assets/share/ros2_control_test_assets/cmake)
[1.312s] -- Found gmock sources under '/opt/ros/humble/src/gmock_vendor': C++ tests using 'Google Mock' will be built
[1.353s] -- The C compiler identification is GNU 11.4.0
[1.360s] -- Detecting C compiler ABI info
[1.442s] -- Detecting C compiler ABI info - done
[1.449s] -- Check for working C compiler: /usr/bin/cc - skipped
[1.449s] -- Detecting C compile features
[1.450s] -- Detecting C compile features - done
[1.453s] -- Found ament_cmake_gtest: 1.3.11 (/opt/ros/humble/share/ament_cmake_gtest/cmake)
[1.454s] -- Found gtest sources under '/opt/ros/humble/src/gtest_vendor': C++ tests using 'Google Test' will be built
[1.474s] -- Found gmock sources under '/opt/ros/humble/src/gmock_vendor': C++ tests using 'Google Mock' will be built
[1.474s] -- Found ament_cmake_gtest: 1.3.11 (/opt/ros/humble/share/ament_cmake_gtest/cmake)
[1.474s] -- Found gtest sources under '/opt/ros/humble/src/gtest_vendor': C++ tests using 'Google Test' will be built
[1.554s] -- Configuring done
[1.602s] -- Generating done
[1.611s] -- Build files have been written to: /home/megan/magic/ros2_ws/build/imu_sensor_broadcaster
[1.619s] Invoked command in '/home/megan/magic/ros2_ws/build/imu_sensor_broadcaster' returned '0': AMENT_PREFIX_PATH=/home/megan/magic/ros2_ws/install/controller_manager:/home/megan/magic/ros2_ws/install/hardware_interface_testing:/home/megan/magic/ros2_ws/install/controller_interface:/home/megan/magic/ros2_ws/install/hardware_interface:/home/megan/magic/ros2_ws/install/ros2_control_test_assets:/home/megan/magic/ros2_ws/install/controller_manager_msgs:/home/megan/magic/ros2_ws/install/control_msgs:${AMENT_PREFIX_PATH} CMAKE_PREFIX_PATH=/home/megan/magic/ros2_ws/install/controller_manager:/home/megan/magic/ros2_ws/install/hardware_interface_testing:/home/megan/magic/ros2_ws/install/controller_interface:/home/megan/magic/ros2_ws/install/hardware_interface:/home/megan/magic/ros2_ws/install/ros2_control_test_assets:/home/megan/magic/ros2_ws/install/controller_manager_msgs:/home/megan/magic/ros2_ws/install/control_msgs:/opt/ros/humble LD_LIBRARY_PATH=/home/megan/magic/ros2_ws/install/controller_manager/lib:/home/megan/magic/ros2_ws/install/hardware_interface_testing/lib:/home/megan/magic/ros2_ws/install/controller_interface/lib:/home/megan/magic/ros2_ws/install/hardware_interface/lib:/home/megan/magic/ros2_ws/install/controller_manager_msgs/lib:/home/megan/magic/ros2_ws/install/control_msgs/lib:${LD_LIBRARY_PATH} PYTHONPATH=/home/megan/magic/ros2_ws/install/controller_manager/lib/python3.10/site-packages:/home/megan/magic/ros2_ws/install/controller_manager_msgs/lib/python3.10/site-packages:/home/megan/magic/ros2_ws/install/control_msgs/lib/python3.10/site-packages:${PYTHONPATH} VIRTUAL_ENV_PROMPT=(magic) /usr/bin/cmake /home/megan/magic/ros2_ws/src/ros2_controllers/imu_sensor_broadcaster -DCMAKE_BUILD_TYPE=Release -DCMAKE_INSTALL_PREFIX=/home/megan/magic/ros2_ws/install/imu_sensor_broadcaster
[1.620s] Invoking command in '/home/megan/magic/ros2_ws/build/imu_sensor_broadcaster': AMENT_PREFIX_PATH=/home/megan/magic/ros2_ws/install/controller_manager:/home/megan/magic/ros2_ws/install/hardware_interface_testing:/home/megan/magic/ros2_ws/install/controller_interface:/home/megan/magic/ros2_ws/install/hardware_interface:/home/megan/magic/ros2_ws/install/ros2_control_test_assets:/home/megan/magic/ros2_ws/install/controller_manager_msgs:/home/megan/magic/ros2_ws/install/control_msgs:${AMENT_PREFIX_PATH} CMAKE_PREFIX_PATH=/home/megan/magic/ros2_ws/install/controller_manager:/home/megan/magic/ros2_ws/install/hardware_interface_testing:/home/megan/magic/ros2_ws/install/controller_interface:/home/megan/magic/ros2_ws/install/hardware_interface:/home/megan/magic/ros2_ws/install/ros2_control_test_assets:/home/megan/magic/ros2_ws/install/controller_manager_msgs:/home/megan/magic/ros2_ws/install/control_msgs:/opt/ros/humble LD_LIBRARY_PATH=/home/megan/magic/ros2_ws/install/controller_manager/lib:/home/megan/magic/ros2_ws/install/hardware_interface_testing/lib:/home/megan/magic/ros2_ws/install/controller_interface/lib:/home/megan/magic/ros2_ws/install/hardware_interface/lib:/home/megan/magic/ros2_ws/install/controller_manager_msgs/lib:/home/megan/magic/ros2_ws/install/control_msgs/lib:${LD_LIBRARY_PATH} PYTHONPATH=/home/megan/magic/ros2_ws/install/controller_manager/lib/python3.10/site-packages:/home/megan/magic/ros2_ws/install/controller_manager_msgs/lib/python3.10/site-packages:/home/megan/magic/ros2_ws/install/control_msgs/lib/python3.10/site-packages:${PYTHONPATH} VIRTUAL_ENV_PROMPT=(magic) /usr/bin/cmake --build /home/megan/magic/ros2_ws/build/imu_sensor_broadcaster -- -j20 -l20
[1.665s] [  9%] [32mBuilding CXX object gmock/CMakeFiles/gmock.dir/src/gmock-all.cc.o[0m
[1.665s] [ 18%] [32mBuilding CXX object gmock/CMakeFiles/gmock.dir/opt/ros/humble/src/gtest_vendor/src/gtest-all.cc.o[0m
[1.667s] [ 27%] [34m[1mRunning `/opt/ros/humble/bin/generate_parameter_library_cpp /home/megan/magic/ros2_ws/build/imu_sensor_broadcaster/include/imu_sensor_broadcaster/imu_sensor_broadcaster_parameters.hpp /home/megan/magic/ros2_ws/src/ros2_controllers/imu_sensor_broadcaster/src/imu_sensor_broadcaster_parameters.yaml `[0m
[1.830s] [ 36%] [34m[1mCreating deprecated header file /home/megan/magic/ros2_ws/build/imu_sensor_broadcaster/include/imu_sensor_broadcaster_parameters.hpp[0m
[1.873s] [ 36%] Built target imu_sensor_broadcaster_parameters
[1.894s] [ 45%] [32mBuilding CXX object CMakeFiles/imu_sensor_broadcaster.dir/src/imu_sensor_broadcaster.cpp.o[0m
[7.311s] [ 54%] [32m[1mLinking CXX static library libgmock.a[0m
[7.375s] [ 54%] Built target gmock
[7.500s] [ 63%] [32m[1mLinking CXX shared library libimu_sensor_broadcaster.so[0m
[7.612s] [ 63%] Built target imu_sensor_broadcaster
[7.632s] [ 72%] [32mBuilding CXX object CMakeFiles/test_load_imu_sensor_broadcaster.dir/test/test_load_imu_sensor_broadcaster.cpp.o[0m
[7.633s] [ 81%] [32mBuilding CXX object CMakeFiles/test_imu_sensor_broadcaster.dir/test/test_imu_sensor_broadcaster.cpp.o[0m
[11.730s] [ 90%] [32m[1mLinking CXX executable test_load_imu_sensor_broadcaster[0m
[11.930s] [ 90%] Built target test_load_imu_sensor_broadcaster
[16.589s] [100%] [32m[1mLinking CXX executable test_imu_sensor_broadcaster[0m
[16.789s] [100%] Built target test_imu_sensor_broadcaster
[16.797s] Invoked command in '/home/megan/magic/ros2_ws/build/imu_sensor_broadcaster' returned '0': AMENT_PREFIX_PATH=/home/megan/magic/ros2_ws/install/controller_manager:/home/megan/magic/ros2_ws/install/hardware_interface_testing:/home/megan/magic/ros2_ws/install/controller_interface:/home/megan/magic/ros2_ws/install/hardware_interface:/home/megan/magic/ros2_ws/install/ros2_control_test_assets:/home/megan/magic/ros2_ws/install/controller_manager_msgs:/home/megan/magic/ros2_ws/install/control_msgs:${AMENT_PREFIX_PATH} CMAKE_PREFIX_PATH=/home/megan/magic/ros2_ws/install/controller_manager:/home/megan/magic/ros2_ws/install/hardware_interface_testing:/home/megan/magic/ros2_ws/install/controller_interface:/home/megan/magic/ros2_ws/install/hardware_interface:/home/megan/magic/ros2_ws/install/ros2_control_test_assets:/home/megan/magic/ros2_ws/install/controller_manager_msgs:/home/megan/magic/ros2_ws/install/control_msgs:/opt/ros/humble LD_LIBRARY_PATH=/home/megan/magic/ros2_ws/install/controller_manager/lib:/home/megan/magic/ros2_ws/install/hardware_interface_testing/lib:/home/megan/magic/ros2_ws/install/controller_interface/lib:/home/megan/magic/ros2_ws/install/hardware_interface/lib:/home/megan/magic/ros2_ws/install/controller_manager_msgs/lib:/home/megan/magic/ros2_ws/install/control_msgs/lib:${LD_LIBRARY_PATH} PYTHONPATH=/home/megan/magic/ros2_ws/install/controller_manager/lib/python3.10/site-packages:/home/megan/magic/ros2_ws/install/controller_manager_msgs/lib/python3.10/site-packages:/home/megan/magic/ros2_ws/install/control_msgs/lib/python3.10/site-packages:${PYTHONPATH} VIRTUAL_ENV_PROMPT=(magic) /usr/bin/cmake --build /home/megan/magic/ros2_ws/build/imu_sensor_broadcaster -- -j20 -l20
[16.799s] Invoking command in '/home/megan/magic/ros2_ws/build/imu_sensor_broadcaster': AMENT_PREFIX_PATH=/home/megan/magic/ros2_ws/install/controller_manager:/home/megan/magic/ros2_ws/install/hardware_interface_testing:/home/megan/magic/ros2_ws/install/controller_interface:/home/megan/magic/ros2_ws/install/hardware_interface:/home/megan/magic/ros2_ws/install/ros2_control_test_assets:/home/megan/magic/ros2_ws/install/controller_manager_msgs:/home/megan/magic/ros2_ws/install/control_msgs:${AMENT_PREFIX_PATH} CMAKE_PREFIX_PATH=/home/megan/magic/ros2_ws/install/controller_manager:/home/megan/magic/ros2_ws/install/hardware_interface_testing:/home/megan/magic/ros2_ws/install/controller_interface:/home/megan/magic/ros2_ws/install/hardware_interface:/home/megan/magic/ros2_ws/install/ros2_control_test_assets:/home/megan/magic/ros2_ws/install/controller_manager_msgs:/home/megan/magic/ros2_ws/install/control_msgs:/opt/ros/humble LD_LIBRARY_PATH=/home/megan/magic/ros2_ws/install/controller_manager/lib:/home/megan/magic/ros2_ws/install/hardware_interface_testing/lib:/home/megan/magic/ros2_ws/install/controller_interface/lib:/home/megan/magic/ros2_ws/install/hardware_interface/lib:/home/megan/magic/ros2_ws/install/controller_manager_msgs/lib:/home/megan/magic/ros2_ws/install/control_msgs/lib:${LD_LIBRARY_PATH} PYTHONPATH=/home/megan/magic/ros2_ws/install/controller_manager/lib/python3.10/site-packages:/home/megan/magic/ros2_ws/install/controller_manager_msgs/lib/python3.10/site-packages:/home/megan/magic/ros2_ws/install/control_msgs/lib/python3.10/site-packages:${PYTHONPATH} VIRTUAL_ENV_PROMPT=(magic) /usr/bin/cmake --install /home/megan/magic/ros2_ws/build/imu_sensor_broadcaster
[16.807s] -- Install configuration: "Release"
[16.807s] -- Installing: /home/megan/magic/ros2_ws/install/imu_sensor_broadcaster/include/imu_sensor_broadcaster
[16.807s] -- Installing: /home/megan/magic/ros2_ws/install/imu_sensor_broadcaster/include/imu_sensor_broadcaster/imu_sensor_broadcaster_parameters.hpp
[16.808s] -- Installing: /home/megan/magic/ros2_ws/install/imu_sensor_broadcaster/share/imu_sensor_broadcaster/imu_sensor_broadcaster.xml
[16.808s] -- Up-to-date: /home/megan/magic/ros2_ws/install/imu_sensor_broadcaster/include/imu_sensor_broadcaster
[16.808s] -- Installing: /home/megan/magic/ros2_ws/install/imu_sensor_broadcaster/include/imu_sensor_broadcaster/imu_sensor_broadcaster
[16.808s] -- Installing: /home/megan/magic/ros2_ws/install/imu_sensor_broadcaster/include/imu_sensor_broadcaster/imu_sensor_broadcaster/imu_sensor_broadcaster.hpp
[16.808s] -- Installing: /home/megan/magic/ros2_ws/install/imu_sensor_broadcaster/include/imu_sensor_broadcaster/imu_sensor_broadcaster/visibility_control.h
[16.809s] -- Installing: /home/megan/magic/ros2_ws/install/imu_sensor_broadcaster/lib/libimu_sensor_broadcaster.so
[16.809s] -- Set runtime path of "/home/megan/magic/ros2_ws/install/imu_sensor_broadcaster/lib/libimu_sensor_broadcaster.so" to ""
[16.810s] -- Installing: /home/megan/magic/ros2_ws/install/imu_sensor_broadcaster/share/imu_sensor_broadcaster/environment/library_path.sh
[16.810s] -- Installing: /home/megan/magic/ros2_ws/install/imu_sensor_broadcaster/share/imu_sensor_broadcaster/environment/library_path.dsv
[16.810s] -- Installing: /home/megan/magic/ros2_ws/install/imu_sensor_broadcaster/share/ament_index/resource_index/package_run_dependencies/imu_sensor_broadcaster
[16.810s] -- Installing: /home/megan/magic/ros2_ws/install/imu_sensor_broadcaster/share/ament_index/resource_index/parent_prefix_path/imu_sensor_broadcaster
[16.810s] -- Installing: /home/megan/magic/ros2_ws/install/imu_sensor_broadcaster/share/imu_sensor_broadcaster/environment/ament_prefix_path.sh
[16.810s] -- Installing: /home/megan/magic/ros2_ws/install/imu_sensor_broadcaster/share/imu_sensor_broadcaster/environment/ament_prefix_path.dsv
[16.810s] -- Installing: /home/megan/magic/ros2_ws/install/imu_sensor_broadcaster/share/imu_sensor_broadcaster/environment/path.sh
[16.810s] -- Installing: /home/megan/magic/ros2_ws/install/imu_sensor_broadcaster/share/imu_sensor_broadcaster/environment/path.dsv
[16.810s] -- Installing: /home/megan/magic/ros2_ws/install/imu_sensor_broadcaster/share/imu_sensor_broadcaster/local_setup.bash
[16.810s] -- Installing: /home/megan/magic/ros2_ws/install/imu_sensor_broadcaster/share/imu_sensor_broadcaster/local_setup.sh
[16.810s] -- Installing: /home/megan/magic/ros2_ws/install/imu_sensor_broadcaster/share/imu_sensor_broadcaster/local_setup.zsh
[16.810s] -- Installing: /home/megan/magic/ros2_ws/install/imu_sensor_broadcaster/share/imu_sensor_broadcaster/local_setup.dsv
[16.810s] -- Installing: /home/megan/magic/ros2_ws/install/imu_sensor_broadcaster/share/imu_sensor_broadcaster/package.dsv
[16.810s] -- Installing: /home/megan/magic/ros2_ws/install/imu_sensor_broadcaster/share/ament_index/resource_index/packages/imu_sensor_broadcaster
[16.810s] -- Installing: /home/megan/magic/ros2_ws/install/imu_sensor_broadcaster/share/ament_index/resource_index/controller_interface__pluginlib__plugin/imu_sensor_broadcaster
[16.810s] -- Installing: /home/megan/magic/ros2_ws/install/imu_sensor_broadcaster/share/imu_sensor_broadcaster/cmake/export_imu_sensor_broadcasterExport.cmake
[16.811s] -- Installing: /home/megan/magic/ros2_ws/install/imu_sensor_broadcaster/share/imu_sensor_broadcaster/cmake/export_imu_sensor_broadcasterExport-release.cmake
[16.811s] -- Installing: /home/megan/magic/ros2_ws/install/imu_sensor_broadcaster/share/imu_sensor_broadcaster/cmake/ament_cmake_export_dependencies-extras.cmake
[16.811s] -- Installing: /home/megan/magic/ros2_ws/install/imu_sensor_broadcaster/share/imu_sensor_broadcaster/cmake/ament_cmake_export_targets-extras.cmake
[16.811s] -- Installing: /home/megan/magic/ros2_ws/install/imu_sensor_broadcaster/share/imu_sensor_broadcaster/cmake/imu_sensor_broadcasterConfig.cmake
[16.811s] -- Installing: /home/megan/magic/ros2_ws/install/imu_sensor_broadcaster/share/imu_sensor_broadcaster/cmake/imu_sensor_broadcasterConfig-version.cmake
[16.811s] -- Installing: /home/megan/magic/ros2_ws/install/imu_sensor_broadcaster/share/imu_sensor_broadcaster/package.xml
[16.813s] Invoked command in '/home/megan/magic/ros2_ws/build/imu_sensor_broadcaster' returned '0': AMENT_PREFIX_PATH=/home/megan/magic/ros2_ws/install/controller_manager:/home/megan/magic/ros2_ws/install/hardware_interface_testing:/home/megan/magic/ros2_ws/install/controller_interface:/home/megan/magic/ros2_ws/install/hardware_interface:/home/megan/magic/ros2_ws/install/ros2_control_test_assets:/home/megan/magic/ros2_ws/install/controller_manager_msgs:/home/megan/magic/ros2_ws/install/control_msgs:${AMENT_PREFIX_PATH} CMAKE_PREFIX_PATH=/home/megan/magic/ros2_ws/install/controller_manager:/home/megan/magic/ros2_ws/install/hardware_interface_testing:/home/megan/magic/ros2_ws/install/controller_interface:/home/megan/magic/ros2_ws/install/hardware_interface:/home/megan/magic/ros2_ws/install/ros2_control_test_assets:/home/megan/magic/ros2_ws/install/controller_manager_msgs:/home/megan/magic/ros2_ws/install/control_msgs:/opt/ros/humble LD_LIBRARY_PATH=/home/megan/magic/ros2_ws/install/controller_manager/lib:/home/megan/magic/ros2_ws/install/hardware_interface_testing/lib:/home/megan/magic/ros2_ws/install/controller_interface/lib:/home/megan/magic/ros2_ws/install/hardware_interface/lib:/home/megan/magic/ros2_ws/install/controller_manager_msgs/lib:/home/megan/magic/ros2_ws/install/control_msgs/lib:${LD_LIBRARY_PATH} PYTHONPATH=/home/megan/magic/ros2_ws/install/controller_manager/lib/python3.10/site-packages:/home/megan/magic/ros2_ws/install/controller_manager_msgs/lib/python3.10/site-packages:/home/megan/magic/ros2_ws/install/control_msgs/lib/python3.10/site-packages:${PYTHONPATH} VIRTUAL_ENV_PROMPT=(magic) /usr/bin/cmake --install /home/megan/magic/ros2_ws/build/imu_sensor_broadcaster
