[35m[1mConsolidate compiler generated dependencies of target gmock_main[0m
[35m[1mConsolidate compiler generated dependencies of target gmock[0m
[  5%] Built target gmock_main
[  7%] Built target ament_generate_version_header__controller_manager
[  7%] Built target ament_cmake_python_copy_controller_manager
[  7%] Built target ament_cmake_python_copy_controller_manager_setup
[ 15%] Built target gmock
[35m[1mConsolidate compiler generated dependencies of target controller_manager[0m
[ 21%] Built target controller_manager
[35m[1mConsolidate compiler generated dependencies of target test_controller[0m
[35m[1mConsolidate compiler generated dependencies of target ros2_control_node[0m
[35m[1mConsolidate compiler generated dependencies of target test_controller_failed_init[0m
[35m[1mConsolidate compiler generated dependencies of target test_controller_manager_urdf_passing[0m
[35m[1mConsolidate compiler generated dependencies of target test_hardware_spawner[0m
[35m[1mConsolidate compiler generated dependencies of target test_controller_with_interfaces[0m
[35m[1mConsolidate compiler generated dependencies of target test_chainable_controller[0m
[ 31%] Built target test_chainable_controller
[ 31%] Built target test_controller
[ 36%] Built target test_hardware_spawner
[ 42%] Built target test_controller_with_interfaces
[ 47%] Built target ros2_control_node
[ 52%] Built target test_controller_failed_init
[ 57%] Built target test_controller_manager_urdf_passing
[35m[1mConsolidate compiler generated dependencies of target test_controller_manager_with_namespace.cpp[0m
[35m[1mConsolidate compiler generated dependencies of target test_controller_manager_srvs[0m
[35m[1mConsolidate compiler generated dependencies of target test_controllers_chaining_with_controller_manager[0m
[35m[1mConsolidate compiler generated dependencies of target test_spawner_unspawner[0m
[35m[1mConsolidate compiler generated dependencies of target test_controller_manager[0m
[35m[1mConsolidate compiler generated dependencies of target test_hardware_management_srvs[0m
[35m[1mConsolidate compiler generated dependencies of target test_release_interfaces[0m
[35m[1mConsolidate compiler generated dependencies of target test_load_controller[0m
[ 63%] Built target test_controller_manager_with_namespace.cpp
[ 68%] Built target test_controller_manager_srvs
[ 73%] Built target test_controllers_chaining_with_controller_manager
[ 78%] Built target test_controller_manager
[ 84%] Built target test_hardware_management_srvs
[ 89%] Built target test_spawner_unspawner
[ 94%] Built target test_release_interfaces
[100%] Built target test_load_controller
running install_scripts
running egg_info
writing controller_manager.egg-info/PKG-INFO
writing dependency_links to controller_manager.egg-info/dependency_links.txt
writing entry points to controller_manager.egg-info/entry_points.txt
writing top-level names to controller_manager.egg-info/top_level.txt
running egg_info
reading manifest file 'controller_manager.egg-info/SOURCES.txt'
writing manifest file 'controller_manager.egg-info/SOURCES.txt'
writing controller_manager.egg-info/PKG-INFO
writing dependency_links to controller_manager.egg-info/dependency_links.txt
writing entry points to controller_manager.egg-info/entry_points.txt
writing top-level names to controller_manager.egg-info/top_level.txt
reading manifest file 'controller_manager.egg-info/SOURCES.txt'
writing manifest file 'controller_manager.egg-info/SOURCES.txt'
[100%] Built target ament_cmake_python_build_controller_manager_egg
Installing hardware_spawner script to scripts
Installing spawner script to scripts
Installing unspawner script to scripts
[100%] Built target ament_cmake_python_build_controller_manager_scripts
-- Install configuration: "Release"
-- Installing: /home/megan/magic/ros2_ws/install/controller_manager/lib/libcontroller_manager.so
-- Set runtime path of "/home/megan/magic/ros2_ws/install/controller_manager/lib/libcontroller_manager.so" to ""
-- Installing: /home/megan/magic/ros2_ws/install/controller_manager/lib/controller_manager/ros2_control_node
-- Set runtime path of "/home/megan/magic/ros2_ws/install/controller_manager/lib/controller_manager/ros2_control_node" to ""
-- Installing: /home/megan/magic/ros2_ws/install/controller_manager/include
-- Installing: /home/megan/magic/ros2_ws/install/controller_manager/include/controller_manager
-- Installing: /home/megan/magic/ros2_ws/install/controller_manager/include/controller_manager/visibility_control.h
-- Installing: /home/megan/magic/ros2_ws/install/controller_manager/include/controller_manager/controller_manager.hpp
-- Installing: /home/megan/magic/ros2_ws/install/controller_manager/include/controller_manager/controller_spec.hpp
-- Installing: /home/megan/magic/ros2_ws/install/controller_manager/share/controller_manager/test/test_controller/test_controller.xml
-- Installing: /home/megan/magic/ros2_ws/install/controller_manager/lib/libtest_controller.so
-- Set runtime path of "/home/megan/magic/ros2_ws/install/controller_manager/lib/libtest_controller.so" to ""
-- Installing: /home/megan/magic/ros2_ws/install/controller_manager/share/controller_manager/test/test_controller_failed_init/test_controller_failed_init.xml
-- Installing: /home/megan/magic/ros2_ws/install/controller_manager/lib/libtest_controller_failed_init.so
-- Set runtime path of "/home/megan/magic/ros2_ws/install/controller_manager/lib/libtest_controller_failed_init.so" to ""
-- Installing: /home/megan/magic/ros2_ws/install/controller_manager/share/controller_manager/test/test_chainable_controller/test_chainable_controller.xml
-- Installing: /home/megan/magic/ros2_ws/install/controller_manager/lib/libtest_chainable_controller.so
-- Set runtime path of "/home/megan/magic/ros2_ws/install/controller_manager/lib/libtest_chainable_controller.so" to ""
-- Installing: /home/megan/magic/ros2_ws/install/controller_manager/share/controller_manager/test/test_controller_with_interfaces/test_controller_with_interfaces.xml
-- Installing: /home/megan/magic/ros2_ws/install/controller_manager/lib/libtest_controller_with_interfaces.so
-- Set runtime path of "/home/megan/magic/ros2_ws/install/controller_manager/lib/libtest_controller_with_interfaces.so" to ""
-- Installing: /home/megan/magic/ros2_ws/install/controller_manager/test/test_controller_spawner_with_type.yaml
-- Installing: /home/megan/magic/ros2_ws/install/controller_manager/test/test_controller_spawner_with_basic_controllers.yaml
-- Installing: /home/megan/magic/ros2_ws/install/controller_manager/test/test_controller_overriding_parameters.yaml
-- Installing: /home/megan/magic/ros2_ws/install/controller_manager/test/test_controller_spawner_wildcard_entries.yaml
-- Installing: /home/megan/magic/ros2_ws/install/controller_manager/test/test_controller_spawner_with_interfaces.yaml
-- Installing: /home/megan/magic/ros2_ws/install/controller_manager/test/test_ros2_control_node.yaml
-- Installing: /home/megan/magic/ros2_ws/install/controller_manager/share/controller_manager/environment/pythonpath.sh
-- Installing: /home/megan/magic/ros2_ws/install/controller_manager/share/controller_manager/environment/pythonpath.dsv
-- Installing: /home/megan/magic/ros2_ws/install/controller_manager/lib/python3.10/site-packages/controller_manager-2.48.0-py3.10.egg-info
-- Installing: /home/megan/magic/ros2_ws/install/controller_manager/lib/python3.10/site-packages/controller_manager-2.48.0-py3.10.egg-info/dependency_links.txt
-- Installing: /home/megan/magic/ros2_ws/install/controller_manager/lib/python3.10/site-packages/controller_manager-2.48.0-py3.10.egg-info/PKG-INFO
-- Installing: /home/megan/magic/ros2_ws/install/controller_manager/lib/python3.10/site-packages/controller_manager-2.48.0-py3.10.egg-info/top_level.txt
-- Installing: /home/megan/magic/ros2_ws/install/controller_manager/lib/python3.10/site-packages/controller_manager-2.48.0-py3.10.egg-info/SOURCES.txt
-- Installing: /home/megan/magic/ros2_ws/install/controller_manager/lib/python3.10/site-packages/controller_manager-2.48.0-py3.10.egg-info/entry_points.txt
-- Up-to-date: /home/megan/magic/ros2_ws/install/controller_manager/lib/controller_manager/
-- Installing: /home/megan/magic/ros2_ws/install/controller_manager/lib/controller_manager//spawner
-- Installing: /home/megan/magic/ros2_ws/install/controller_manager/lib/controller_manager//hardware_spawner
-- Installing: /home/megan/magic/ros2_ws/install/controller_manager/lib/controller_manager//unspawner
-- Installing: /home/megan/magic/ros2_ws/install/controller_manager/lib/python3.10/site-packages/controller_manager
-- Installing: /home/megan/magic/ros2_ws/install/controller_manager/lib/python3.10/site-packages/controller_manager/__init__.py
-- Installing: /home/megan/magic/ros2_ws/install/controller_manager/lib/python3.10/site-packages/controller_manager/hardware_spawner.py
-- Installing: /home/megan/magic/ros2_ws/install/controller_manager/lib/python3.10/site-packages/controller_manager/launch_utils.py
-- Installing: /home/megan/magic/ros2_ws/install/controller_manager/lib/python3.10/site-packages/controller_manager/unspawner.py
-- Installing: /home/megan/magic/ros2_ws/install/controller_manager/lib/python3.10/site-packages/controller_manager/controller_manager_services.py
-- Installing: /home/megan/magic/ros2_ws/install/controller_manager/lib/python3.10/site-packages/controller_manager/spawner.py
Listing '/home/megan/magic/ros2_ws/install/controller_manager/lib/python3.10/site-packages/controller_manager'...
Compiling '/home/megan/magic/ros2_ws/install/controller_manager/lib/python3.10/site-packages/controller_manager/__init__.py'...
Compiling '/home/megan/magic/ros2_ws/install/controller_manager/lib/python3.10/site-packages/controller_manager/controller_manager_services.py'...
Compiling '/home/megan/magic/ros2_ws/install/controller_manager/lib/python3.10/site-packages/controller_manager/hardware_spawner.py'...
Compiling '/home/megan/magic/ros2_ws/install/controller_manager/lib/python3.10/site-packages/controller_manager/launch_utils.py'...
Compiling '/home/megan/magic/ros2_ws/install/controller_manager/lib/python3.10/site-packages/controller_manager/spawner.py'...
Compiling '/home/megan/magic/ros2_ws/install/controller_manager/lib/python3.10/site-packages/controller_manager/unspawner.py'...
-- Installing: /home/megan/magic/ros2_ws/install/controller_manager/share/controller_manager/environment/library_path.sh
-- Installing: /home/megan/magic/ros2_ws/install/controller_manager/share/controller_manager/environment/library_path.dsv
-- Installing: /home/megan/magic/ros2_ws/install/controller_manager/share/ament_index/resource_index/package_run_dependencies/controller_manager
-- Installing: /home/megan/magic/ros2_ws/install/controller_manager/share/ament_index/resource_index/parent_prefix_path/controller_manager
-- Installing: /home/megan/magic/ros2_ws/install/controller_manager/share/controller_manager/environment/ament_prefix_path.sh
-- Installing: /home/megan/magic/ros2_ws/install/controller_manager/share/controller_manager/environment/ament_prefix_path.dsv
-- Installing: /home/megan/magic/ros2_ws/install/controller_manager/share/controller_manager/environment/path.sh
-- Installing: /home/megan/magic/ros2_ws/install/controller_manager/share/controller_manager/environment/path.dsv
-- Installing: /home/megan/magic/ros2_ws/install/controller_manager/share/controller_manager/local_setup.bash
-- Installing: /home/megan/magic/ros2_ws/install/controller_manager/share/controller_manager/local_setup.sh
-- Installing: /home/megan/magic/ros2_ws/install/controller_manager/share/controller_manager/local_setup.zsh
-- Installing: /home/megan/magic/ros2_ws/install/controller_manager/share/controller_manager/local_setup.dsv
-- Installing: /home/megan/magic/ros2_ws/install/controller_manager/share/controller_manager/package.dsv
-- Installing: /home/megan/magic/ros2_ws/install/controller_manager/share/ament_index/resource_index/packages/controller_manager
-- Installing: /home/megan/magic/ros2_ws/install/controller_manager/share/ament_index/resource_index/controller_interface__pluginlib__plugin/controller_manager
-- Installing: /home/megan/magic/ros2_ws/install/controller_manager/share/controller_manager/cmake/ament_cmake_export_libraries-extras.cmake
-- Installing: /home/megan/magic/ros2_ws/install/controller_manager/share/controller_manager/cmake/ament_cmake_export_include_directories-extras.cmake
-- Installing: /home/megan/magic/ros2_ws/install/controller_manager/share/controller_manager/cmake/ament_cmake_export_dependencies-extras.cmake
-- Installing: /home/megan/magic/ros2_ws/install/controller_manager/share/controller_manager/cmake/controller_managerConfig.cmake
-- Installing: /home/megan/magic/ros2_ws/install/controller_manager/share/controller_manager/cmake/controller_managerConfig-version.cmake
-- Installing: /home/megan/magic/ros2_ws/install/controller_manager/share/controller_manager/package.xml
-- Installing: /home/megan/magic/ros2_ws/install/controller_manager/include/controller_manager/controller_manager/version.h
