[0.021s] Invoking command in '/home/megan/magic/ros2_ws/build/controller_manager': AMENT_PREFIX_PATH=/home/megan/magic/ros2_ws/install/hardware_interface_testing:/home/megan/magic/ros2_ws/install/controller_interface:/home/megan/magic/ros2_ws/install/hardware_interface:/home/megan/magic/ros2_ws/install/ros2_control_test_assets:/home/megan/magic/ros2_ws/install/controller_manager_msgs:/home/megan/magic/ros2_ws/install/control_msgs:${AMENT_PREFIX_PATH} CMAKE_PREFIX_PATH=/home/megan/magic/ros2_ws/install/hardware_interface_testing:/home/megan/magic/ros2_ws/install/controller_interface:/home/megan/magic/ros2_ws/install/hardware_interface:/home/megan/magic/ros2_ws/install/ros2_control_test_assets:/home/megan/magic/ros2_ws/install/controller_manager_msgs:/home/megan/magic/ros2_ws/install/control_msgs:/opt/ros/humble LD_LIBRARY_PATH=/home/megan/magic/ros2_ws/install/hardware_interface_testing/lib:/home/megan/magic/ros2_ws/install/controller_interface/lib:/home/megan/magic/ros2_ws/install/hardware_interface/lib:/home/megan/magic/ros2_ws/install/controller_manager_msgs/lib:/home/megan/magic/ros2_ws/install/control_msgs/lib:${LD_LIBRARY_PATH} PYTHONPATH=/home/megan/magic/ros2_ws/install/controller_manager_msgs/lib/python3.10/site-packages:/home/megan/magic/ros2_ws/install/control_msgs/lib/python3.10/site-packages:${PYTHONPATH} VIRTUAL_ENV_PROMPT=(magic) /usr/bin/cmake --build /home/megan/magic/ros2_ws/build/controller_manager -- -j20 -l20
[0.067s] [35m[1mConsolidate compiler generated dependencies of target gmock_main[0m
[0.067s] [35m[1mConsolidate compiler generated dependencies of target gmock[0m
[0.067s] [  5%] Built target gmock_main
[0.067s] [  7%] Built target ament_generate_version_header__controller_manager
[0.068s] [  7%] Built target ament_cmake_python_copy_controller_manager
[0.070s] [  7%] Built target ament_cmake_python_copy_controller_manager_setup
[0.071s] [ 15%] Built target gmock
[0.074s] [35m[1mConsolidate compiler generated dependencies of target controller_manager[0m
[0.095s] [ 21%] Built target controller_manager
[0.109s] [35m[1mConsolidate compiler generated dependencies of target test_controller[0m
[0.109s] [35m[1mConsolidate compiler generated dependencies of target ros2_control_node[0m
[0.109s] [35m[1mConsolidate compiler generated dependencies of target test_controller_failed_init[0m
[0.109s] [35m[1mConsolidate compiler generated dependencies of target test_controller_manager_urdf_passing[0m
[0.113s] [35m[1mConsolidate compiler generated dependencies of target test_hardware_spawner[0m
[0.113s] [35m[1mConsolidate compiler generated dependencies of target test_controller_with_interfaces[0m
[0.113s] [35m[1mConsolidate compiler generated dependencies of target test_chainable_controller[0m
[0.126s] [ 31%] Built target test_chainable_controller
[0.127s] [ 31%] Built target test_controller
[0.128s] [ 36%] Built target test_hardware_spawner
[0.130s] [ 42%] Built target test_controller_with_interfaces
[0.132s] [ 47%] Built target ros2_control_node
[0.132s] [ 52%] Built target test_controller_failed_init
[0.134s] [ 57%] Built target test_controller_manager_urdf_passing
[0.135s] [35m[1mConsolidate compiler generated dependencies of target test_controller_manager_with_namespace.cpp[0m
[0.137s] [35m[1mConsolidate compiler generated dependencies of target test_controller_manager_srvs[0m
[0.137s] [35m[1mConsolidate compiler generated dependencies of target test_controllers_chaining_with_controller_manager[0m
[0.137s] [35m[1mConsolidate compiler generated dependencies of target test_spawner_unspawner[0m
[0.137s] [35m[1mConsolidate compiler generated dependencies of target test_controller_manager[0m
[0.138s] [35m[1mConsolidate compiler generated dependencies of target test_hardware_management_srvs[0m
[0.148s] [35m[1mConsolidate compiler generated dependencies of target test_release_interfaces[0m
[0.148s] [35m[1mConsolidate compiler generated dependencies of target test_load_controller[0m
[0.159s] [ 63%] Built target test_controller_manager_with_namespace.cpp
[0.161s] [ 68%] Built target test_controller_manager_srvs
[0.162s] [ 73%] Built target test_controllers_chaining_with_controller_manager
[0.165s] [ 78%] Built target test_controller_manager
[0.168s] [ 84%] Built target test_hardware_management_srvs
[0.168s] [ 89%] Built target test_spawner_unspawner
[0.174s] [ 94%] Built target test_release_interfaces
[0.176s] [100%] Built target test_load_controller
[0.329s] running install_scripts
[0.342s] running egg_info
[0.344s] /home/megan/.pyenv/versions/3.10.15/envs/magic/lib/python3.10/site-packages/setuptools/command/install.py:34: SetuptoolsDeprecationWarning: setup.py install is deprecated. Use build and pip and other standards-based tools.
[0.344s]   warnings.warn(
[0.348s] writing controller_manager.egg-info/PKG-INFO
[0.348s] writing dependency_links to controller_manager.egg-info/dependency_links.txt
[0.348s] writing entry points to controller_manager.egg-info/entry_points.txt
[0.349s] writing top-level names to controller_manager.egg-info/top_level.txt
[0.364s] running egg_info
[0.367s] reading manifest file 'controller_manager.egg-info/SOURCES.txt'
[0.367s] writing manifest file 'controller_manager.egg-info/SOURCES.txt'
[0.378s] writing controller_manager.egg-info/PKG-INFO
[0.378s] writing dependency_links to controller_manager.egg-info/dependency_links.txt
[0.378s] writing entry points to controller_manager.egg-info/entry_points.txt
[0.378s] writing top-level names to controller_manager.egg-info/top_level.txt
[0.394s] reading manifest file 'controller_manager.egg-info/SOURCES.txt'
[0.395s] writing manifest file 'controller_manager.egg-info/SOURCES.txt'
[0.398s] [100%] Built target ament_cmake_python_build_controller_manager_egg
[0.408s] Installing hardware_spawner script to scripts
[0.408s] Installing spawner script to scripts
[0.408s] Installing unspawner script to scripts
[0.447s] [100%] Built target ament_cmake_python_build_controller_manager_scripts
[0.457s] Invoked command in '/home/megan/magic/ros2_ws/build/controller_manager' returned '0': AMENT_PREFIX_PATH=/home/megan/magic/ros2_ws/install/hardware_interface_testing:/home/megan/magic/ros2_ws/install/controller_interface:/home/megan/magic/ros2_ws/install/hardware_interface:/home/megan/magic/ros2_ws/install/ros2_control_test_assets:/home/megan/magic/ros2_ws/install/controller_manager_msgs:/home/megan/magic/ros2_ws/install/control_msgs:${AMENT_PREFIX_PATH} CMAKE_PREFIX_PATH=/home/megan/magic/ros2_ws/install/hardware_interface_testing:/home/megan/magic/ros2_ws/install/controller_interface:/home/megan/magic/ros2_ws/install/hardware_interface:/home/megan/magic/ros2_ws/install/ros2_control_test_assets:/home/megan/magic/ros2_ws/install/controller_manager_msgs:/home/megan/magic/ros2_ws/install/control_msgs:/opt/ros/humble LD_LIBRARY_PATH=/home/megan/magic/ros2_ws/install/hardware_interface_testing/lib:/home/megan/magic/ros2_ws/install/controller_interface/lib:/home/megan/magic/ros2_ws/install/hardware_interface/lib:/home/megan/magic/ros2_ws/install/controller_manager_msgs/lib:/home/megan/magic/ros2_ws/install/control_msgs/lib:${LD_LIBRARY_PATH} PYTHONPATH=/home/megan/magic/ros2_ws/install/controller_manager_msgs/lib/python3.10/site-packages:/home/megan/magic/ros2_ws/install/control_msgs/lib/python3.10/site-packages:${PYTHONPATH} VIRTUAL_ENV_PROMPT=(magic) /usr/bin/cmake --build /home/megan/magic/ros2_ws/build/controller_manager -- -j20 -l20
[0.459s] Invoking command in '/home/megan/magic/ros2_ws/build/controller_manager': AMENT_PREFIX_PATH=/home/megan/magic/ros2_ws/install/hardware_interface_testing:/home/megan/magic/ros2_ws/install/controller_interface:/home/megan/magic/ros2_ws/install/hardware_interface:/home/megan/magic/ros2_ws/install/ros2_control_test_assets:/home/megan/magic/ros2_ws/install/controller_manager_msgs:/home/megan/magic/ros2_ws/install/control_msgs:${AMENT_PREFIX_PATH} CMAKE_PREFIX_PATH=/home/megan/magic/ros2_ws/install/hardware_interface_testing:/home/megan/magic/ros2_ws/install/controller_interface:/home/megan/magic/ros2_ws/install/hardware_interface:/home/megan/magic/ros2_ws/install/ros2_control_test_assets:/home/megan/magic/ros2_ws/install/controller_manager_msgs:/home/megan/magic/ros2_ws/install/control_msgs:/opt/ros/humble LD_LIBRARY_PATH=/home/megan/magic/ros2_ws/install/hardware_interface_testing/lib:/home/megan/magic/ros2_ws/install/controller_interface/lib:/home/megan/magic/ros2_ws/install/hardware_interface/lib:/home/megan/magic/ros2_ws/install/controller_manager_msgs/lib:/home/megan/magic/ros2_ws/install/control_msgs/lib:${LD_LIBRARY_PATH} PYTHONPATH=/home/megan/magic/ros2_ws/install/controller_manager_msgs/lib/python3.10/site-packages:/home/megan/magic/ros2_ws/install/control_msgs/lib/python3.10/site-packages:${PYTHONPATH} VIRTUAL_ENV_PROMPT=(magic) /usr/bin/cmake --install /home/megan/magic/ros2_ws/build/controller_manager
[0.464s] -- Install configuration: "Release"
[0.464s] -- Installing: /home/megan/magic/ros2_ws/install/controller_manager/lib/libcontroller_manager.so
[0.465s] -- Set runtime path of "/home/megan/magic/ros2_ws/install/controller_manager/lib/libcontroller_manager.so" to ""
[0.465s] -- Installing: /home/megan/magic/ros2_ws/install/controller_manager/lib/controller_manager/ros2_control_node
[0.466s] -- Set runtime path of "/home/megan/magic/ros2_ws/install/controller_manager/lib/controller_manager/ros2_control_node" to ""
[0.466s] -- Installing: /home/megan/magic/ros2_ws/install/controller_manager/include
[0.466s] -- Installing: /home/megan/magic/ros2_ws/install/controller_manager/include/controller_manager
[0.466s] -- Installing: /home/megan/magic/ros2_ws/install/controller_manager/include/controller_manager/visibility_control.h
[0.466s] -- Installing: /home/megan/magic/ros2_ws/install/controller_manager/include/controller_manager/controller_manager.hpp
[0.466s] -- Installing: /home/megan/magic/ros2_ws/install/controller_manager/include/controller_manager/controller_spec.hpp
[0.466s] -- Installing: /home/megan/magic/ros2_ws/install/controller_manager/share/controller_manager/test/test_controller/test_controller.xml
[0.466s] -- Installing: /home/megan/magic/ros2_ws/install/controller_manager/lib/libtest_controller.so
[0.467s] -- Set runtime path of "/home/megan/magic/ros2_ws/install/controller_manager/lib/libtest_controller.so" to ""
[0.467s] -- Installing: /home/megan/magic/ros2_ws/install/controller_manager/share/controller_manager/test/test_controller_failed_init/test_controller_failed_init.xml
[0.467s] -- Installing: /home/megan/magic/ros2_ws/install/controller_manager/lib/libtest_controller_failed_init.so
[0.467s] -- Set runtime path of "/home/megan/magic/ros2_ws/install/controller_manager/lib/libtest_controller_failed_init.so" to ""
[0.467s] -- Installing: /home/megan/magic/ros2_ws/install/controller_manager/share/controller_manager/test/test_chainable_controller/test_chainable_controller.xml
[0.467s] -- Installing: /home/megan/magic/ros2_ws/install/controller_manager/lib/libtest_chainable_controller.so
[0.468s] -- Set runtime path of "/home/megan/magic/ros2_ws/install/controller_manager/lib/libtest_chainable_controller.so" to ""
[0.468s] -- Installing: /home/megan/magic/ros2_ws/install/controller_manager/share/controller_manager/test/test_controller_with_interfaces/test_controller_with_interfaces.xml
[0.468s] -- Installing: /home/megan/magic/ros2_ws/install/controller_manager/lib/libtest_controller_with_interfaces.so
[0.468s] -- Set runtime path of "/home/megan/magic/ros2_ws/install/controller_manager/lib/libtest_controller_with_interfaces.so" to ""
[0.468s] -- Installing: /home/megan/magic/ros2_ws/install/controller_manager/test/test_controller_spawner_with_type.yaml
[0.468s] -- Installing: /home/megan/magic/ros2_ws/install/controller_manager/test/test_controller_spawner_with_basic_controllers.yaml
[0.468s] -- Installing: /home/megan/magic/ros2_ws/install/controller_manager/test/test_controller_overriding_parameters.yaml
[0.468s] -- Installing: /home/megan/magic/ros2_ws/install/controller_manager/test/test_controller_spawner_wildcard_entries.yaml
[0.468s] -- Installing: /home/megan/magic/ros2_ws/install/controller_manager/test/test_controller_spawner_with_interfaces.yaml
[0.468s] -- Installing: /home/megan/magic/ros2_ws/install/controller_manager/test/test_ros2_control_node.yaml
[0.468s] -- Installing: /home/megan/magic/ros2_ws/install/controller_manager/share/controller_manager/environment/pythonpath.sh
[0.468s] -- Installing: /home/megan/magic/ros2_ws/install/controller_manager/share/controller_manager/environment/pythonpath.dsv
[0.468s] -- Installing: /home/megan/magic/ros2_ws/install/controller_manager/lib/python3.10/site-packages/controller_manager-2.48.0-py3.10.egg-info
[0.468s] -- Installing: /home/megan/magic/ros2_ws/install/controller_manager/lib/python3.10/site-packages/controller_manager-2.48.0-py3.10.egg-info/dependency_links.txt
[0.469s] -- Installing: /home/megan/magic/ros2_ws/install/controller_manager/lib/python3.10/site-packages/controller_manager-2.48.0-py3.10.egg-info/PKG-INFO
[0.469s] -- Installing: /home/megan/magic/ros2_ws/install/controller_manager/lib/python3.10/site-packages/controller_manager-2.48.0-py3.10.egg-info/top_level.txt
[0.469s] -- Installing: /home/megan/magic/ros2_ws/install/controller_manager/lib/python3.10/site-packages/controller_manager-2.48.0-py3.10.egg-info/SOURCES.txt
[0.469s] -- Installing: /home/megan/magic/ros2_ws/install/controller_manager/lib/python3.10/site-packages/controller_manager-2.48.0-py3.10.egg-info/entry_points.txt
[0.469s] -- Up-to-date: /home/megan/magic/ros2_ws/install/controller_manager/lib/controller_manager/
[0.469s] -- Installing: /home/megan/magic/ros2_ws/install/controller_manager/lib/controller_manager//spawner
[0.469s] -- Installing: /home/megan/magic/ros2_ws/install/controller_manager/lib/controller_manager//hardware_spawner
[0.469s] -- Installing: /home/megan/magic/ros2_ws/install/controller_manager/lib/controller_manager//unspawner
[0.469s] -- Installing: /home/megan/magic/ros2_ws/install/controller_manager/lib/python3.10/site-packages/controller_manager
[0.469s] -- Installing: /home/megan/magic/ros2_ws/install/controller_manager/lib/python3.10/site-packages/controller_manager/__init__.py
[0.469s] -- Installing: /home/megan/magic/ros2_ws/install/controller_manager/lib/python3.10/site-packages/controller_manager/hardware_spawner.py
[0.469s] -- Installing: /home/megan/magic/ros2_ws/install/controller_manager/lib/python3.10/site-packages/controller_manager/launch_utils.py
[0.469s] -- Installing: /home/megan/magic/ros2_ws/install/controller_manager/lib/python3.10/site-packages/controller_manager/unspawner.py
[0.469s] -- Installing: /home/megan/magic/ros2_ws/install/controller_manager/lib/python3.10/site-packages/controller_manager/controller_manager_services.py
[0.469s] -- Installing: /home/megan/magic/ros2_ws/install/controller_manager/lib/python3.10/site-packages/controller_manager/spawner.py
[0.511s] Listing '/home/megan/magic/ros2_ws/install/controller_manager/lib/python3.10/site-packages/controller_manager'...
[0.511s] Compiling '/home/megan/magic/ros2_ws/install/controller_manager/lib/python3.10/site-packages/controller_manager/__init__.py'...
[0.511s] Compiling '/home/megan/magic/ros2_ws/install/controller_manager/lib/python3.10/site-packages/controller_manager/controller_manager_services.py'...
[0.511s] Compiling '/home/megan/magic/ros2_ws/install/controller_manager/lib/python3.10/site-packages/controller_manager/hardware_spawner.py'...
[0.511s] Compiling '/home/megan/magic/ros2_ws/install/controller_manager/lib/python3.10/site-packages/controller_manager/launch_utils.py'...
[0.511s] Compiling '/home/megan/magic/ros2_ws/install/controller_manager/lib/python3.10/site-packages/controller_manager/spawner.py'...
[0.511s] Compiling '/home/megan/magic/ros2_ws/install/controller_manager/lib/python3.10/site-packages/controller_manager/unspawner.py'...
[0.517s] -- Installing: /home/megan/magic/ros2_ws/install/controller_manager/share/controller_manager/environment/library_path.sh
[0.517s] -- Installing: /home/megan/magic/ros2_ws/install/controller_manager/share/controller_manager/environment/library_path.dsv
[0.517s] -- Installing: /home/megan/magic/ros2_ws/install/controller_manager/share/ament_index/resource_index/package_run_dependencies/controller_manager
[0.517s] -- Installing: /home/megan/magic/ros2_ws/install/controller_manager/share/ament_index/resource_index/parent_prefix_path/controller_manager
[0.517s] -- Installing: /home/megan/magic/ros2_ws/install/controller_manager/share/controller_manager/environment/ament_prefix_path.sh
[0.517s] -- Installing: /home/megan/magic/ros2_ws/install/controller_manager/share/controller_manager/environment/ament_prefix_path.dsv
[0.517s] -- Installing: /home/megan/magic/ros2_ws/install/controller_manager/share/controller_manager/environment/path.sh
[0.517s] -- Installing: /home/megan/magic/ros2_ws/install/controller_manager/share/controller_manager/environment/path.dsv
[0.517s] -- Installing: /home/megan/magic/ros2_ws/install/controller_manager/share/controller_manager/local_setup.bash
[0.518s] -- Installing: /home/megan/magic/ros2_ws/install/controller_manager/share/controller_manager/local_setup.sh
[0.518s] -- Installing: /home/megan/magic/ros2_ws/install/controller_manager/share/controller_manager/local_setup.zsh
[0.518s] -- Installing: /home/megan/magic/ros2_ws/install/controller_manager/share/controller_manager/local_setup.dsv
[0.518s] -- Installing: /home/megan/magic/ros2_ws/install/controller_manager/share/controller_manager/package.dsv
[0.518s] -- Installing: /home/megan/magic/ros2_ws/install/controller_manager/share/ament_index/resource_index/packages/controller_manager
[0.518s] -- Installing: /home/megan/magic/ros2_ws/install/controller_manager/share/ament_index/resource_index/controller_interface__pluginlib__plugin/controller_manager
[0.518s] -- Installing: /home/megan/magic/ros2_ws/install/controller_manager/share/controller_manager/cmake/ament_cmake_export_libraries-extras.cmake
[0.518s] -- Installing: /home/megan/magic/ros2_ws/install/controller_manager/share/controller_manager/cmake/ament_cmake_export_include_directories-extras.cmake
[0.518s] -- Installing: /home/megan/magic/ros2_ws/install/controller_manager/share/controller_manager/cmake/ament_cmake_export_dependencies-extras.cmake
[0.518s] -- Installing: /home/megan/magic/ros2_ws/install/controller_manager/share/controller_manager/cmake/controller_managerConfig.cmake
[0.518s] -- Installing: /home/megan/magic/ros2_ws/install/controller_manager/share/controller_manager/cmake/controller_managerConfig-version.cmake
[0.518s] -- Installing: /home/megan/magic/ros2_ws/install/controller_manager/share/controller_manager/package.xml
[0.518s] -- Installing: /home/megan/magic/ros2_ws/install/controller_manager/include/controller_manager/controller_manager/version.h
[0.521s] Invoked command in '/home/megan/magic/ros2_ws/build/controller_manager' returned '0': AMENT_PREFIX_PATH=/home/megan/magic/ros2_ws/install/hardware_interface_testing:/home/megan/magic/ros2_ws/install/controller_interface:/home/megan/magic/ros2_ws/install/hardware_interface:/home/megan/magic/ros2_ws/install/ros2_control_test_assets:/home/megan/magic/ros2_ws/install/controller_manager_msgs:/home/megan/magic/ros2_ws/install/control_msgs:${AMENT_PREFIX_PATH} CMAKE_PREFIX_PATH=/home/megan/magic/ros2_ws/install/hardware_interface_testing:/home/megan/magic/ros2_ws/install/controller_interface:/home/megan/magic/ros2_ws/install/hardware_interface:/home/megan/magic/ros2_ws/install/ros2_control_test_assets:/home/megan/magic/ros2_ws/install/controller_manager_msgs:/home/megan/magic/ros2_ws/install/control_msgs:/opt/ros/humble LD_LIBRARY_PATH=/home/megan/magic/ros2_ws/install/hardware_interface_testing/lib:/home/megan/magic/ros2_ws/install/controller_interface/lib:/home/megan/magic/ros2_ws/install/hardware_interface/lib:/home/megan/magic/ros2_ws/install/controller_manager_msgs/lib:/home/megan/magic/ros2_ws/install/control_msgs/lib:${LD_LIBRARY_PATH} PYTHONPATH=/home/megan/magic/ros2_ws/install/controller_manager_msgs/lib/python3.10/site-packages:/home/megan/magic/ros2_ws/install/control_msgs/lib/python3.10/site-packages:${PYTHONPATH} VIRTUAL_ENV_PROMPT=(magic) /usr/bin/cmake --install /home/megan/magic/ros2_ws/build/controller_manager
