[0.014s] Invoking command in '/home/megan/magic/ros2_ws/build/picknik_reset_fault_controller': AMENT_PREFIX_PATH=/home/megan/magic/ros2_ws/install/controller_interface:/home/megan/magic/ros2_ws/install/hardware_interface:/home/megan/magic/ros2_ws/install/ros2_control_test_assets:/home/megan/magic/ros2_ws/install/control_msgs:${AMENT_PREFIX_PATH} CMAKE_PREFIX_PATH=/home/megan/magic/ros2_ws/install/controller_interface:/home/megan/magic/ros2_ws/install/hardware_interface:/home/megan/magic/ros2_ws/install/ros2_control_test_assets:/home/megan/magic/ros2_ws/install/control_msgs:/opt/ros/humble LD_LIBRARY_PATH=/home/megan/magic/ros2_ws/install/controller_interface/lib:/home/megan/magic/ros2_ws/install/hardware_interface/lib:/home/megan/magic/ros2_ws/install/control_msgs/lib:${LD_LIBRARY_PATH} PYTHONPATH=/home/megan/magic/ros2_ws/install/control_msgs/lib/python3.10/site-packages:${PYTHONPATH} VIRTUAL_ENV_PROMPT=(magic) /usr/bin/cmake /home/megan/magic/ros2_ws/src/picknik_controllers/picknik_reset_fault_controller -DCMAKE_BUILD_TYPE=Release -DCMAKE_INSTALL_PREFIX=/home/megan/magic/ros2_ws/install/picknik_reset_fault_controller
[0.070s] -- The C compiler identification is GNU 11.4.0
[0.119s] -- The CXX compiler identification is GNU 11.4.0
[0.125s] -- Detecting C compiler ABI info
[0.196s] -- Detecting C compiler ABI info - done
[0.203s] -- Check for working C compiler: /usr/bin/cc - skipped
[0.203s] -- Detecting C compile features
[0.203s] -- Detecting C compile features - done
[0.205s] -- Detecting CXX compiler ABI info
[0.273s] -- Detecting CXX compiler ABI info - done
[0.280s] -- Check for working CXX compiler: /usr/bin/c++ - skipped
[0.280s] -- Detecting CXX compile features
[0.280s] -- Detecting CXX compile features - done
[0.282s] -- Found ament_cmake: 1.3.11 (/opt/ros/humble/share/ament_cmake/cmake)
[0.774s] -- Found Python3: /home/megan/.pyenv/versions/3.10.15/envs/magic/bin/python3 (found version "3.10.15") found components: Interpreter 
[0.851s] -- Found ament_cmake_ros: 0.10.0 (/opt/ros/humble/share/ament_cmake_ros/cmake)
[0.861s] -- Found controller_interface: 2.48.0 (/home/megan/magic/ros2_ws/install/controller_interface/share/controller_interface/cmake)
[0.921s] -- Found rosidl_generator_c: 3.1.6 (/opt/ros/humble/share/rosidl_generator_c/cmake)
[0.928s] -- Found rosidl_adapter: 3.1.6 (/opt/ros/humble/share/rosidl_adapter/cmake)
[0.936s] -- Found rosidl_generator_cpp: 3.1.6 (/opt/ros/humble/share/rosidl_generator_cpp/cmake)
[0.949s] -- Using all available rosidl_typesupport_c: rosidl_typesupport_fastrtps_c;rosidl_typesupport_introspection_c
[0.963s] -- Using all available rosidl_typesupport_cpp: rosidl_typesupport_fastrtps_cpp;rosidl_typesupport_introspection_cpp
[1.116s] -- Found rmw_implementation_cmake: 6.1.2 (/opt/ros/humble/share/rmw_implementation_cmake/cmake)
[1.118s] -- Found rmw_cyclonedds_cpp: 1.3.4 (/opt/ros/humble/share/rmw_cyclonedds_cpp/cmake)
[1.135s] -- Using RMW implementation 'rmw_cyclonedds_cpp' as default
[1.145s] -- Looking for pthread.h
[1.217s] -- Looking for pthread.h - found
[1.217s] -- Performing Test CMAKE_HAVE_LIBC_PTHREAD
[1.289s] -- Performing Test CMAKE_HAVE_LIBC_PTHREAD - Success
[1.290s] -- Found Threads: TRUE  
[1.327s] -- Found example_interfaces: 0.9.3 (/opt/ros/humble/share/example_interfaces/cmake)
[1.343s] -- Found realtime_tools: 2.11.0 (/opt/ros/humble/share/realtime_tools/cmake)
[1.438s] -- Configuring done
[1.463s] -- Generating done
[1.467s] -- Build files have been written to: /home/megan/magic/ros2_ws/build/picknik_reset_fault_controller
[1.474s] Invoked command in '/home/megan/magic/ros2_ws/build/picknik_reset_fault_controller' returned '0': AMENT_PREFIX_PATH=/home/megan/magic/ros2_ws/install/controller_interface:/home/megan/magic/ros2_ws/install/hardware_interface:/home/megan/magic/ros2_ws/install/ros2_control_test_assets:/home/megan/magic/ros2_ws/install/control_msgs:${AMENT_PREFIX_PATH} CMAKE_PREFIX_PATH=/home/megan/magic/ros2_ws/install/controller_interface:/home/megan/magic/ros2_ws/install/hardware_interface:/home/megan/magic/ros2_ws/install/ros2_control_test_assets:/home/megan/magic/ros2_ws/install/control_msgs:/opt/ros/humble LD_LIBRARY_PATH=/home/megan/magic/ros2_ws/install/controller_interface/lib:/home/megan/magic/ros2_ws/install/hardware_interface/lib:/home/megan/magic/ros2_ws/install/control_msgs/lib:${LD_LIBRARY_PATH} PYTHONPATH=/home/megan/magic/ros2_ws/install/control_msgs/lib/python3.10/site-packages:${PYTHONPATH} VIRTUAL_ENV_PROMPT=(magic) /usr/bin/cmake /home/megan/magic/ros2_ws/src/picknik_controllers/picknik_reset_fault_controller -DCMAKE_BUILD_TYPE=Release -DCMAKE_INSTALL_PREFIX=/home/megan/magic/ros2_ws/install/picknik_reset_fault_controller
[1.475s] Invoking command in '/home/megan/magic/ros2_ws/build/picknik_reset_fault_controller': AMENT_PREFIX_PATH=/home/megan/magic/ros2_ws/install/controller_interface:/home/megan/magic/ros2_ws/install/hardware_interface:/home/megan/magic/ros2_ws/install/ros2_control_test_assets:/home/megan/magic/ros2_ws/install/control_msgs:${AMENT_PREFIX_PATH} CMAKE_PREFIX_PATH=/home/megan/magic/ros2_ws/install/controller_interface:/home/megan/magic/ros2_ws/install/hardware_interface:/home/megan/magic/ros2_ws/install/ros2_control_test_assets:/home/megan/magic/ros2_ws/install/control_msgs:/opt/ros/humble LD_LIBRARY_PATH=/home/megan/magic/ros2_ws/install/controller_interface/lib:/home/megan/magic/ros2_ws/install/hardware_interface/lib:/home/megan/magic/ros2_ws/install/control_msgs/lib:${LD_LIBRARY_PATH} PYTHONPATH=/home/megan/magic/ros2_ws/install/control_msgs/lib/python3.10/site-packages:${PYTHONPATH} VIRTUAL_ENV_PROMPT=(magic) /usr/bin/cmake --build /home/megan/magic/ros2_ws/build/picknik_reset_fault_controller -- -j20 -l20
[1.530s] [ 50%] [32mBuilding CXX object CMakeFiles/picknik_reset_fault_controller.dir/src/picknik_reset_fault_controller.cpp.o[0m
[5.967s] [100%] [32m[1mLinking CXX shared library libpicknik_reset_fault_controller.so[0m
[6.088s] [100%] Built target picknik_reset_fault_controller
[6.098s] Invoked command in '/home/megan/magic/ros2_ws/build/picknik_reset_fault_controller' returned '0': AMENT_PREFIX_PATH=/home/megan/magic/ros2_ws/install/controller_interface:/home/megan/magic/ros2_ws/install/hardware_interface:/home/megan/magic/ros2_ws/install/ros2_control_test_assets:/home/megan/magic/ros2_ws/install/control_msgs:${AMENT_PREFIX_PATH} CMAKE_PREFIX_PATH=/home/megan/magic/ros2_ws/install/controller_interface:/home/megan/magic/ros2_ws/install/hardware_interface:/home/megan/magic/ros2_ws/install/ros2_control_test_assets:/home/megan/magic/ros2_ws/install/control_msgs:/opt/ros/humble LD_LIBRARY_PATH=/home/megan/magic/ros2_ws/install/controller_interface/lib:/home/megan/magic/ros2_ws/install/hardware_interface/lib:/home/megan/magic/ros2_ws/install/control_msgs/lib:${LD_LIBRARY_PATH} PYTHONPATH=/home/megan/magic/ros2_ws/install/control_msgs/lib/python3.10/site-packages:${PYTHONPATH} VIRTUAL_ENV_PROMPT=(magic) /usr/bin/cmake --build /home/megan/magic/ros2_ws/build/picknik_reset_fault_controller -- -j20 -l20
[6.100s] Invoking command in '/home/megan/magic/ros2_ws/build/picknik_reset_fault_controller': AMENT_PREFIX_PATH=/home/megan/magic/ros2_ws/install/controller_interface:/home/megan/magic/ros2_ws/install/hardware_interface:/home/megan/magic/ros2_ws/install/ros2_control_test_assets:/home/megan/magic/ros2_ws/install/control_msgs:${AMENT_PREFIX_PATH} CMAKE_PREFIX_PATH=/home/megan/magic/ros2_ws/install/controller_interface:/home/megan/magic/ros2_ws/install/hardware_interface:/home/megan/magic/ros2_ws/install/ros2_control_test_assets:/home/megan/magic/ros2_ws/install/control_msgs:/opt/ros/humble LD_LIBRARY_PATH=/home/megan/magic/ros2_ws/install/controller_interface/lib:/home/megan/magic/ros2_ws/install/hardware_interface/lib:/home/megan/magic/ros2_ws/install/control_msgs/lib:${LD_LIBRARY_PATH} PYTHONPATH=/home/megan/magic/ros2_ws/install/control_msgs/lib/python3.10/site-packages:${PYTHONPATH} VIRTUAL_ENV_PROMPT=(magic) /usr/bin/cmake --install /home/megan/magic/ros2_ws/build/picknik_reset_fault_controller
[6.104s] -- Install configuration: "Release"
[6.105s] -- Installing: /home/megan/magic/ros2_ws/install/picknik_reset_fault_controller/share/picknik_reset_fault_controller/controller_plugins.xml
[6.105s] -- Installing: /home/megan/magic/ros2_ws/install/picknik_reset_fault_controller/lib/libpicknik_reset_fault_controller.so
[6.105s] -- Set runtime path of "/home/megan/magic/ros2_ws/install/picknik_reset_fault_controller/lib/libpicknik_reset_fault_controller.so" to ""
[6.105s] -- Installing: /home/megan/magic/ros2_ws/install/picknik_reset_fault_controller/include
[6.105s] -- Installing: /home/megan/magic/ros2_ws/install/picknik_reset_fault_controller/include/picknik_reset_fault_controller
[6.105s] -- Installing: /home/megan/magic/ros2_ws/install/picknik_reset_fault_controller/include/picknik_reset_fault_controller/visibility_control.h
[6.105s] -- Installing: /home/megan/magic/ros2_ws/install/picknik_reset_fault_controller/include/picknik_reset_fault_controller/picknik_reset_fault_controller.hpp
[6.105s] -- Up-to-date: /home/megan/magic/ros2_ws/install/picknik_reset_fault_controller/share/picknik_reset_fault_controller/controller_plugins.xml
[6.105s] -- Installing: /home/megan/magic/ros2_ws/install/picknik_reset_fault_controller/share/picknik_reset_fault_controller/environment/library_path.sh
[6.105s] -- Installing: /home/megan/magic/ros2_ws/install/picknik_reset_fault_controller/share/picknik_reset_fault_controller/environment/library_path.dsv
[6.105s] -- Installing: /home/megan/magic/ros2_ws/install/picknik_reset_fault_controller/share/ament_index/resource_index/package_run_dependencies/picknik_reset_fault_controller
[6.105s] -- Installing: /home/megan/magic/ros2_ws/install/picknik_reset_fault_controller/share/ament_index/resource_index/parent_prefix_path/picknik_reset_fault_controller
[6.106s] -- Installing: /home/megan/magic/ros2_ws/install/picknik_reset_fault_controller/share/picknik_reset_fault_controller/environment/ament_prefix_path.sh
[6.106s] -- Installing: /home/megan/magic/ros2_ws/install/picknik_reset_fault_controller/share/picknik_reset_fault_controller/environment/ament_prefix_path.dsv
[6.106s] -- Installing: /home/megan/magic/ros2_ws/install/picknik_reset_fault_controller/share/picknik_reset_fault_controller/environment/path.sh
[6.106s] -- Installing: /home/megan/magic/ros2_ws/install/picknik_reset_fault_controller/share/picknik_reset_fault_controller/environment/path.dsv
[6.106s] -- Installing: /home/megan/magic/ros2_ws/install/picknik_reset_fault_controller/share/picknik_reset_fault_controller/local_setup.bash
[6.106s] -- Installing: /home/megan/magic/ros2_ws/install/picknik_reset_fault_controller/share/picknik_reset_fault_controller/local_setup.sh
[6.106s] -- Installing: /home/megan/magic/ros2_ws/install/picknik_reset_fault_controller/share/picknik_reset_fault_controller/local_setup.zsh
[6.106s] -- Installing: /home/megan/magic/ros2_ws/install/picknik_reset_fault_controller/share/picknik_reset_fault_controller/local_setup.dsv
[6.106s] -- Installing: /home/megan/magic/ros2_ws/install/picknik_reset_fault_controller/share/picknik_reset_fault_controller/package.dsv
[6.106s] -- Installing: /home/megan/magic/ros2_ws/install/picknik_reset_fault_controller/share/ament_index/resource_index/packages/picknik_reset_fault_controller
[6.106s] -- Installing: /home/megan/magic/ros2_ws/install/picknik_reset_fault_controller/share/ament_index/resource_index/controller_interface__pluginlib__plugin/picknik_reset_fault_controller
[6.106s] -- Installing: /home/megan/magic/ros2_ws/install/picknik_reset_fault_controller/share/picknik_reset_fault_controller/cmake/ament_cmake_export_dependencies-extras.cmake
[6.106s] -- Installing: /home/megan/magic/ros2_ws/install/picknik_reset_fault_controller/share/picknik_reset_fault_controller/cmake/ament_cmake_export_include_directories-extras.cmake
[6.106s] -- Installing: /home/megan/magic/ros2_ws/install/picknik_reset_fault_controller/share/picknik_reset_fault_controller/cmake/ament_cmake_export_libraries-extras.cmake
[6.106s] -- Installing: /home/megan/magic/ros2_ws/install/picknik_reset_fault_controller/share/picknik_reset_fault_controller/cmake/picknik_reset_fault_controllerConfig.cmake
[6.106s] -- Installing: /home/megan/magic/ros2_ws/install/picknik_reset_fault_controller/share/picknik_reset_fault_controller/cmake/picknik_reset_fault_controllerConfig-version.cmake
[6.107s] -- Installing: /home/megan/magic/ros2_ws/install/picknik_reset_fault_controller/share/picknik_reset_fault_controller/package.xml
[6.108s] Invoked command in '/home/megan/magic/ros2_ws/build/picknik_reset_fault_controller' returned '0': AMENT_PREFIX_PATH=/home/megan/magic/ros2_ws/install/controller_interface:/home/megan/magic/ros2_ws/install/hardware_interface:/home/megan/magic/ros2_ws/install/ros2_control_test_assets:/home/megan/magic/ros2_ws/install/control_msgs:${AMENT_PREFIX_PATH} CMAKE_PREFIX_PATH=/home/megan/magic/ros2_ws/install/controller_interface:/home/megan/magic/ros2_ws/install/hardware_interface:/home/megan/magic/ros2_ws/install/ros2_control_test_assets:/home/megan/magic/ros2_ws/install/control_msgs:/opt/ros/humble LD_LIBRARY_PATH=/home/megan/magic/ros2_ws/install/controller_interface/lib:/home/megan/magic/ros2_ws/install/hardware_interface/lib:/home/megan/magic/ros2_ws/install/control_msgs/lib:${LD_LIBRARY_PATH} PYTHONPATH=/home/megan/magic/ros2_ws/install/control_msgs/lib/python3.10/site-packages:${PYTHONPATH} VIRTUAL_ENV_PROMPT=(magic) /usr/bin/cmake --install /home/megan/magic/ros2_ws/build/picknik_reset_fault_controller
