[0.014s] Invoking command in '/home/emma/Documents/GitHub/magic/build/serial': CMAKE_PREFIX_PATH=/opt/ros/humble CONDA_PROMPT_MODIFIER=(base) /usr/bin/cmake --build /home/emma/Documents/GitHub/magic/build/serial -- -j20 -l20
[0.302s] [100%] Built target serial
[0.303s] Invoked command in '/home/emma/Documents/GitHub/magic/build/serial' returned '0': CMAKE_PREFIX_PATH=/opt/ros/humble CONDA_PROMPT_MODIFIER=(base) /usr/bin/cmake --build /home/emma/Documents/GitHub/magic/build/serial -- -j20 -l20
[0.310s] Invoking command in '/home/emma/Documents/GitHub/magic/build/serial': CMAKE_PREFIX_PATH=/opt/ros/humble CONDA_PROMPT_MODIFIER=(base) /usr/bin/cmake --install /home/emma/Documents/GitHub/magic/build/serial
[0.315s] -- Install configuration: ""
[0.315s] -- Up-to-date: /home/emma/Documents/GitHub/magic/install/serial/lib/libserial.a
[0.315s] -- Up-to-date: /home/emma/Documents/GitHub/magic/install/serial/include
[0.315s] -- Up-to-date: /home/emma/Documents/GitHub/magic/install/serial/include/serial
[0.317s] -- Up-to-date: /home/emma/Documents/GitHub/magic/install/serial/include/serial/serial.h
[0.318s] -- Up-to-date: /home/emma/Documents/GitHub/magic/install/serial/include/serial/v8stdint.h
[0.319s] -- Up-to-date: /home/emma/Documents/GitHub/magic/install/serial/include/serial/impl
[0.319s] -- Up-to-date: /home/emma/Documents/GitHub/magic/install/serial/include/serial/impl/win.h
[0.319s] -- Up-to-date: /home/emma/Documents/GitHub/magic/install/serial/include/serial/impl/unix.h
[0.319s] -- Up-to-date: /home/emma/Documents/GitHub/magic/install/serial/share/serial/environment/library_path.sh
[0.319s] -- Up-to-date: /home/emma/Documents/GitHub/magic/install/serial/share/serial/environment/library_path.dsv
[0.319s] -- Up-to-date: /home/emma/Documents/GitHub/magic/install/serial/share/ament_index/resource_index/package_run_dependencies/serial
[0.319s] -- Up-to-date: /home/emma/Documents/GitHub/magic/install/serial/share/ament_index/resource_index/parent_prefix_path/serial
[0.319s] -- Up-to-date: /home/emma/Documents/GitHub/magic/install/serial/share/serial/environment/ament_prefix_path.sh
[0.319s] -- Up-to-date: /home/emma/Documents/GitHub/magic/install/serial/share/serial/environment/ament_prefix_path.dsv
[0.319s] -- Up-to-date: /home/emma/Documents/GitHub/magic/install/serial/share/serial/environment/path.sh
[0.319s] -- Up-to-date: /home/emma/Documents/GitHub/magic/install/serial/share/serial/environment/path.dsv
[0.320s] -- Up-to-date: /home/emma/Documents/GitHub/magic/install/serial/share/serial/local_setup.bash
[0.320s] -- Up-to-date: /home/emma/Documents/GitHub/magic/install/serial/share/serial/local_setup.sh
[0.320s] -- Up-to-date: /home/emma/Documents/GitHub/magic/install/serial/share/serial/local_setup.zsh
[0.320s] -- Up-to-date: /home/emma/Documents/GitHub/magic/install/serial/share/serial/local_setup.dsv
[0.320s] -- Installing: /home/emma/Documents/GitHub/magic/install/serial/share/serial/package.dsv
[0.320s] -- Up-to-date: /home/emma/Documents/GitHub/magic/install/serial/share/ament_index/resource_index/packages/serial
[0.320s] -- Up-to-date: /home/emma/Documents/GitHub/magic/install/serial/share/serial/cmake/export_serialExport.cmake
[0.320s] -- Up-to-date: /home/emma/Documents/GitHub/magic/install/serial/share/serial/cmake/export_serialExport-noconfig.cmake
[0.320s] -- Up-to-date: /home/emma/Documents/GitHub/magic/install/serial/share/serial/cmake/ament_cmake_export_include_directories-extras.cmake
[0.321s] -- Up-to-date: /home/emma/Documents/GitHub/magic/install/serial/share/serial/cmake/ament_cmake_export_libraries-extras.cmake
[0.321s] -- Up-to-date: /home/emma/Documents/GitHub/magic/install/serial/share/serial/cmake/ament_cmake_export_targets-extras.cmake
[0.321s] -- Up-to-date: /home/emma/Documents/GitHub/magic/install/serial/share/serial/cmake/serialConfig.cmake
[0.321s] -- Up-to-date: /home/emma/Documents/GitHub/magic/install/serial/share/serial/cmake/serialConfig-version.cmake
[0.321s] -- Up-to-date: /home/emma/Documents/GitHub/magic/install/serial/share/serial/package.xml
[0.323s] Invoked command in '/home/emma/Documents/GitHub/magic/build/serial' returned '0': CMAKE_PREFIX_PATH=/opt/ros/humble CONDA_PROMPT_MODIFIER=(base) /usr/bin/cmake --install /home/emma/Documents/GitHub/magic/build/serial
