[0.005s] Invoking command in '/home/megan/magic/ros2_ws/build/joint_limits': CMAKE_PREFIX_PATH=/opt/ros/humble VIRTUAL_ENV_PROMPT=(magic) /usr/bin/cmake --build /home/megan/magic/ros2_ws/build/joint_limits -- -j20 -l20
[0.044s] [35m[1mConsolidate compiler generated dependencies of target gtest[0m
[0.044s] [35m[1mConsolidate compiler generated dependencies of target gtest_main[0m
[0.051s] [ 14%] Built target ament_generate_version_header__joint_limits
[0.058s] [ 71%] Built target gtest_main
[0.058s] [ 71%] Built target gtest
[0.080s] [ 85%] [32mBuilding CXX object CMakeFiles/joint_limits_rosparam_test.dir/test/joint_limits_rosparam_test.cpp.o[0m
[4.353s] [100%] [32m[1mLinking CXX executable joint_limits_rosparam_test[0m
[4.460s] [100%] Built target joint_limits_rosparam_test
[4.471s] Invoked command in '/home/megan/magic/ros2_ws/build/joint_limits' returned '0': CMAKE_PREFIX_PATH=/opt/ros/humble VIRTUAL_ENV_PROMPT=(magic) /usr/bin/cmake --build /home/megan/magic/ros2_ws/build/joint_limits -- -j20 -l20
[4.473s] Invoking command in '/home/megan/magic/ros2_ws/build/joint_limits': CMAKE_PREFIX_PATH=/opt/ros/humble VIRTUAL_ENV_PROMPT=(magic) /usr/bin/cmake --install /home/megan/magic/ros2_ws/build/joint_limits
[4.478s] -- Install configuration: "Release"
[4.479s] -- Installing: /home/megan/magic/ros2_ws/install/joint_limits/include
[4.479s] -- Installing: /home/megan/magic/ros2_ws/install/joint_limits/include/joint_limits
[4.479s] -- Installing: /home/megan/magic/ros2_ws/install/joint_limits/include/joint_limits/joint_limits_rosparam.hpp
[4.479s] -- Installing: /home/megan/magic/ros2_ws/install/joint_limits/include/joint_limits/joint_limits.hpp
[4.479s] -- Installing: /home/megan/magic/ros2_ws/install/joint_limits/lib/joint_limits/joint_limits_rosparam_test
[4.479s] -- Set runtime path of "/home/megan/magic/ros2_ws/install/joint_limits/lib/joint_limits/joint_limits_rosparam_test" to ""
[4.479s] -- Installing: /home/megan/magic/ros2_ws/install/joint_limits/share/joint_limits/test/joint_limits_rosparam.yaml
[4.479s] -- Up-to-date: /home/megan/magic/ros2_ws/install/joint_limits/include/joint_limits
[4.479s] -- Installing: /home/megan/magic/ros2_ws/install/joint_limits/include/joint_limits/joint_limits
[4.480s] -- Installing: /home/megan/magic/ros2_ws/install/joint_limits/include/joint_limits/joint_limits/joint_limits_rosparam.hpp
[4.480s] -- Installing: /home/megan/magic/ros2_ws/install/joint_limits/include/joint_limits/joint_limits/joint_limits.hpp
[4.480s] -- Installing: /home/megan/magic/ros2_ws/install/joint_limits/share/joint_limits/environment/library_path.sh
[4.480s] -- Installing: /home/megan/magic/ros2_ws/install/joint_limits/share/joint_limits/environment/library_path.dsv
[4.480s] -- Installing: /home/megan/magic/ros2_ws/install/joint_limits/share/ament_index/resource_index/package_run_dependencies/joint_limits
[4.480s] -- Installing: /home/megan/magic/ros2_ws/install/joint_limits/share/ament_index/resource_index/parent_prefix_path/joint_limits
[4.480s] -- Installing: /home/megan/magic/ros2_ws/install/joint_limits/share/joint_limits/environment/ament_prefix_path.sh
[4.480s] -- Installing: /home/megan/magic/ros2_ws/install/joint_limits/share/joint_limits/environment/ament_prefix_path.dsv
[4.480s] -- Installing: /home/megan/magic/ros2_ws/install/joint_limits/share/joint_limits/environment/path.sh
[4.481s] -- Installing: /home/megan/magic/ros2_ws/install/joint_limits/share/joint_limits/environment/path.dsv
[4.481s] -- Installing: /home/megan/magic/ros2_ws/install/joint_limits/share/joint_limits/local_setup.bash
[4.481s] -- Installing: /home/megan/magic/ros2_ws/install/joint_limits/share/joint_limits/local_setup.sh
[4.481s] -- Installing: /home/megan/magic/ros2_ws/install/joint_limits/share/joint_limits/local_setup.zsh
[4.481s] -- Installing: /home/megan/magic/ros2_ws/install/joint_limits/share/joint_limits/local_setup.dsv
[4.481s] -- Installing: /home/megan/magic/ros2_ws/install/joint_limits/share/joint_limits/package.dsv
[4.481s] -- Installing: /home/megan/magic/ros2_ws/install/joint_limits/share/ament_index/resource_index/packages/joint_limits
[4.481s] -- Installing: /home/megan/magic/ros2_ws/install/joint_limits/share/joint_limits/cmake/export_joint_limitsExport.cmake
[4.481s] -- Installing: /home/megan/magic/ros2_ws/install/joint_limits/share/joint_limits/cmake/ament_cmake_export_targets-extras.cmake
[4.481s] -- Installing: /home/megan/magic/ros2_ws/install/joint_limits/share/joint_limits/cmake/ament_cmake_export_dependencies-extras.cmake
[4.481s] -- Installing: /home/megan/magic/ros2_ws/install/joint_limits/share/joint_limits/cmake/ament_cmake_export_include_directories-extras.cmake
[4.482s] -- Installing: /home/megan/magic/ros2_ws/install/joint_limits/share/joint_limits/cmake/joint_limitsConfig.cmake
[4.482s] -- Installing: /home/megan/magic/ros2_ws/install/joint_limits/share/joint_limits/cmake/joint_limitsConfig-version.cmake
[4.482s] -- Installing: /home/megan/magic/ros2_ws/install/joint_limits/share/joint_limits/package.xml
[4.482s] -- Installing: /home/megan/magic/ros2_ws/install/joint_limits/include/joint_limits/joint_limits/version.h
[4.483s] Invoked command in '/home/megan/magic/ros2_ws/build/joint_limits' returned '0': CMAKE_PREFIX_PATH=/opt/ros/humble VIRTUAL_ENV_PROMPT=(magic) /usr/bin/cmake --install /home/megan/magic/ros2_ws/build/joint_limits
