[0.023s] Invoking command in '/home/megan/magic/ros2_ws/build/gpio_controllers': AMENT_PREFIX_PATH=/home/megan/magic/ros2_ws/install/controller_manager:/home/megan/magic/ros2_ws/install/hardware_interface_testing:/home/megan/magic/ros2_ws/install/controller_interface:/home/megan/magic/ros2_ws/install/hardware_interface:/home/megan/magic/ros2_ws/install/ros2_control_test_assets:/home/megan/magic/ros2_ws/install/controller_manager_msgs:/home/megan/magic/ros2_ws/install/control_msgs:${AMENT_PREFIX_PATH} CMAKE_PREFIX_PATH=/home/megan/magic/ros2_ws/install/controller_manager:/home/megan/magic/ros2_ws/install/hardware_interface_testing:/home/megan/magic/ros2_ws/install/controller_interface:/home/megan/magic/ros2_ws/install/hardware_interface:/home/megan/magic/ros2_ws/install/ros2_control_test_assets:/home/megan/magic/ros2_ws/install/controller_manager_msgs:/home/megan/magic/ros2_ws/install/control_msgs:/opt/ros/humble LD_LIBRARY_PATH=/home/megan/magic/ros2_ws/install/controller_manager/lib:/home/megan/magic/ros2_ws/install/hardware_interface_testing/lib:/home/megan/magic/ros2_ws/install/controller_interface/lib:/home/megan/magic/ros2_ws/install/hardware_interface/lib:/home/megan/magic/ros2_ws/install/controller_manager_msgs/lib:/home/megan/magic/ros2_ws/install/control_msgs/lib:${LD_LIBRARY_PATH} PYTHONPATH=/home/megan/magic/ros2_ws/install/controller_manager/lib/python3.10/site-packages:/home/megan/magic/ros2_ws/install/controller_manager_msgs/lib/python3.10/site-packages:/home/megan/magic/ros2_ws/install/control_msgs/lib/python3.10/site-packages:${PYTHONPATH} VIRTUAL_ENV_PROMPT=(magic) /usr/bin/cmake --build /home/megan/magic/ros2_ws/build/gpio_controllers -- -j20 -l20
[0.081s] [ 15%] Built target gpio_command_controller_parameters
[0.082s] [ 38%] Built target gmock
[0.084s] [ 53%] Built target gmock_main
[0.106s] [ 69%] Built target test_load_gpio_command_controller
[0.109s] [ 84%] Built target gpio_controllers
[0.142s] [100%] Built target test_gpio_command_controller
[0.166s] Invoked command in '/home/megan/magic/ros2_ws/build/gpio_controllers' returned '0': AMENT_PREFIX_PATH=/home/megan/magic/ros2_ws/install/controller_manager:/home/megan/magic/ros2_ws/install/hardware_interface_testing:/home/megan/magic/ros2_ws/install/controller_interface:/home/megan/magic/ros2_ws/install/hardware_interface:/home/megan/magic/ros2_ws/install/ros2_control_test_assets:/home/megan/magic/ros2_ws/install/controller_manager_msgs:/home/megan/magic/ros2_ws/install/control_msgs:${AMENT_PREFIX_PATH} CMAKE_PREFIX_PATH=/home/megan/magic/ros2_ws/install/controller_manager:/home/megan/magic/ros2_ws/install/hardware_interface_testing:/home/megan/magic/ros2_ws/install/controller_interface:/home/megan/magic/ros2_ws/install/hardware_interface:/home/megan/magic/ros2_ws/install/ros2_control_test_assets:/home/megan/magic/ros2_ws/install/controller_manager_msgs:/home/megan/magic/ros2_ws/install/control_msgs:/opt/ros/humble LD_LIBRARY_PATH=/home/megan/magic/ros2_ws/install/controller_manager/lib:/home/megan/magic/ros2_ws/install/hardware_interface_testing/lib:/home/megan/magic/ros2_ws/install/controller_interface/lib:/home/megan/magic/ros2_ws/install/hardware_interface/lib:/home/megan/magic/ros2_ws/install/controller_manager_msgs/lib:/home/megan/magic/ros2_ws/install/control_msgs/lib:${LD_LIBRARY_PATH} PYTHONPATH=/home/megan/magic/ros2_ws/install/controller_manager/lib/python3.10/site-packages:/home/megan/magic/ros2_ws/install/controller_manager_msgs/lib/python3.10/site-packages:/home/megan/magic/ros2_ws/install/control_msgs/lib/python3.10/site-packages:${PYTHONPATH} VIRTUAL_ENV_PROMPT=(magic) /usr/bin/cmake --build /home/megan/magic/ros2_ws/build/gpio_controllers -- -j20 -l20
[0.169s] Invoking command in '/home/megan/magic/ros2_ws/build/gpio_controllers': AMENT_PREFIX_PATH=/home/megan/magic/ros2_ws/install/controller_manager:/home/megan/magic/ros2_ws/install/hardware_interface_testing:/home/megan/magic/ros2_ws/install/controller_interface:/home/megan/magic/ros2_ws/install/hardware_interface:/home/megan/magic/ros2_ws/install/ros2_control_test_assets:/home/megan/magic/ros2_ws/install/controller_manager_msgs:/home/megan/magic/ros2_ws/install/control_msgs:${AMENT_PREFIX_PATH} CMAKE_PREFIX_PATH=/home/megan/magic/ros2_ws/install/controller_manager:/home/megan/magic/ros2_ws/install/hardware_interface_testing:/home/megan/magic/ros2_ws/install/controller_interface:/home/megan/magic/ros2_ws/install/hardware_interface:/home/megan/magic/ros2_ws/install/ros2_control_test_assets:/home/megan/magic/ros2_ws/install/controller_manager_msgs:/home/megan/magic/ros2_ws/install/control_msgs:/opt/ros/humble LD_LIBRARY_PATH=/home/megan/magic/ros2_ws/install/controller_manager/lib:/home/megan/magic/ros2_ws/install/hardware_interface_testing/lib:/home/megan/magic/ros2_ws/install/controller_interface/lib:/home/megan/magic/ros2_ws/install/hardware_interface/lib:/home/megan/magic/ros2_ws/install/controller_manager_msgs/lib:/home/megan/magic/ros2_ws/install/control_msgs/lib:${LD_LIBRARY_PATH} PYTHONPATH=/home/megan/magic/ros2_ws/install/controller_manager/lib/python3.10/site-packages:/home/megan/magic/ros2_ws/install/controller_manager_msgs/lib/python3.10/site-packages:/home/megan/magic/ros2_ws/install/control_msgs/lib/python3.10/site-packages:${PYTHONPATH} VIRTUAL_ENV_PROMPT=(magic) /usr/bin/cmake --install /home/megan/magic/ros2_ws/build/gpio_controllers
[0.180s] -- Install configuration: "Release"
[0.180s] -- Up-to-date: /home/megan/magic/ros2_ws/install/gpio_controllers/include/gpio_controllers
[0.180s] -- Up-to-date: /home/megan/magic/ros2_ws/install/gpio_controllers/include/gpio_controllers/gpio_command_controller_parameters.hpp
[0.181s] -- Up-to-date: /home/megan/magic/ros2_ws/install/gpio_controllers/share/gpio_controllers/gpio_controllers_plugin.xml
[0.181s] -- Up-to-date: /home/megan/magic/ros2_ws/install/gpio_controllers/include
[0.181s] -- Up-to-date: /home/megan/magic/ros2_ws/install/gpio_controllers/include/gpio_controllers
[0.181s] -- Up-to-date: /home/megan/magic/ros2_ws/install/gpio_controllers/include/gpio_controllers/visibility_control.h
[0.181s] -- Up-to-date: /home/megan/magic/ros2_ws/install/gpio_controllers/include/gpio_controllers/gpio_command_controller.hpp
[0.181s] -- Up-to-date: /home/megan/magic/ros2_ws/install/gpio_controllers/lib/libgpio_controllers.so
[0.181s] -- Up-to-date: /home/megan/magic/ros2_ws/install/gpio_controllers/share/gpio_controllers/environment/library_path.sh
[0.182s] -- Up-to-date: /home/megan/magic/ros2_ws/install/gpio_controllers/share/gpio_controllers/environment/library_path.dsv
[0.182s] -- Up-to-date: /home/megan/magic/ros2_ws/install/gpio_controllers/share/ament_index/resource_index/package_run_dependencies/gpio_controllers
[0.182s] -- Up-to-date: /home/megan/magic/ros2_ws/install/gpio_controllers/share/ament_index/resource_index/parent_prefix_path/gpio_controllers
[0.182s] -- Up-to-date: /home/megan/magic/ros2_ws/install/gpio_controllers/share/gpio_controllers/environment/ament_prefix_path.sh
[0.182s] -- Up-to-date: /home/megan/magic/ros2_ws/install/gpio_controllers/share/gpio_controllers/environment/ament_prefix_path.dsv
[0.183s] -- Up-to-date: /home/megan/magic/ros2_ws/install/gpio_controllers/share/gpio_controllers/environment/path.sh
[0.183s] -- Up-to-date: /home/megan/magic/ros2_ws/install/gpio_controllers/share/gpio_controllers/environment/path.dsv
[0.183s] -- Up-to-date: /home/megan/magic/ros2_ws/install/gpio_controllers/share/gpio_controllers/local_setup.bash
[0.183s] -- Up-to-date: /home/megan/magic/ros2_ws/install/gpio_controllers/share/gpio_controllers/local_setup.sh
[0.183s] -- Up-to-date: /home/megan/magic/ros2_ws/install/gpio_controllers/share/gpio_controllers/local_setup.zsh
[0.183s] -- Up-to-date: /home/megan/magic/ros2_ws/install/gpio_controllers/share/gpio_controllers/local_setup.dsv
[0.183s] -- Installing: /home/megan/magic/ros2_ws/install/gpio_controllers/share/gpio_controllers/package.dsv
[0.183s] -- Up-to-date: /home/megan/magic/ros2_ws/install/gpio_controllers/share/ament_index/resource_index/packages/gpio_controllers
[0.183s] -- Up-to-date: /home/megan/magic/ros2_ws/install/gpio_controllers/share/ament_index/resource_index/controller_interface__pluginlib__plugin/gpio_controllers
[0.183s] -- Up-to-date: /home/megan/magic/ros2_ws/install/gpio_controllers/share/gpio_controllers/cmake/ament_cmake_export_dependencies-extras.cmake
[0.183s] -- Up-to-date: /home/megan/magic/ros2_ws/install/gpio_controllers/share/gpio_controllers/cmake/ament_cmake_export_include_directories-extras.cmake
[0.183s] -- Up-to-date: /home/megan/magic/ros2_ws/install/gpio_controllers/share/gpio_controllers/cmake/ament_cmake_export_libraries-extras.cmake
[0.183s] -- Up-to-date: /home/megan/magic/ros2_ws/install/gpio_controllers/share/gpio_controllers/cmake/gpio_controllersConfig.cmake
[0.183s] -- Up-to-date: /home/megan/magic/ros2_ws/install/gpio_controllers/share/gpio_controllers/cmake/gpio_controllersConfig-version.cmake
[0.183s] -- Up-to-date: /home/megan/magic/ros2_ws/install/gpio_controllers/share/gpio_controllers/package.xml
[0.186s] Invoked command in '/home/megan/magic/ros2_ws/build/gpio_controllers' returned '0': AMENT_PREFIX_PATH=/home/megan/magic/ros2_ws/install/controller_manager:/home/megan/magic/ros2_ws/install/hardware_interface_testing:/home/megan/magic/ros2_ws/install/controller_interface:/home/megan/magic/ros2_ws/install/hardware_interface:/home/megan/magic/ros2_ws/install/ros2_control_test_assets:/home/megan/magic/ros2_ws/install/controller_manager_msgs:/home/megan/magic/ros2_ws/install/control_msgs:${AMENT_PREFIX_PATH} CMAKE_PREFIX_PATH=/home/megan/magic/ros2_ws/install/controller_manager:/home/megan/magic/ros2_ws/install/hardware_interface_testing:/home/megan/magic/ros2_ws/install/controller_interface:/home/megan/magic/ros2_ws/install/hardware_interface:/home/megan/magic/ros2_ws/install/ros2_control_test_assets:/home/megan/magic/ros2_ws/install/controller_manager_msgs:/home/megan/magic/ros2_ws/install/control_msgs:/opt/ros/humble LD_LIBRARY_PATH=/home/megan/magic/ros2_ws/install/controller_manager/lib:/home/megan/magic/ros2_ws/install/hardware_interface_testing/lib:/home/megan/magic/ros2_ws/install/controller_interface/lib:/home/megan/magic/ros2_ws/install/hardware_interface/lib:/home/megan/magic/ros2_ws/install/controller_manager_msgs/lib:/home/megan/magic/ros2_ws/install/control_msgs/lib:${LD_LIBRARY_PATH} PYTHONPATH=/home/megan/magic/ros2_ws/install/controller_manager/lib/python3.10/site-packages:/home/megan/magic/ros2_ws/install/controller_manager_msgs/lib/python3.10/site-packages:/home/megan/magic/ros2_ws/install/control_msgs/lib/python3.10/site-packages:${PYTHONPATH} VIRTUAL_ENV_PROMPT=(magic) /usr/bin/cmake --install /home/megan/magic/ros2_ws/build/gpio_controllers
