[0.031s] Invoking command in '/home/megan/magic/ros2_ws/build/pid_controller': AMENT_PREFIX_PATH=/home/megan/magic/ros2_ws/install/controller_manager:/home/megan/magic/ros2_ws/install/hardware_interface_testing:/home/megan/magic/ros2_ws/install/controller_interface:/home/megan/magic/ros2_ws/install/hardware_interface:/home/megan/magic/ros2_ws/install/ros2_control_test_assets:/home/megan/magic/ros2_ws/install/controller_manager_msgs:/home/megan/magic/ros2_ws/install/control_msgs:${AMENT_PREFIX_PATH} CMAKE_PREFIX_PATH=/home/megan/magic/ros2_ws/install/controller_manager:/home/megan/magic/ros2_ws/install/hardware_interface_testing:/home/megan/magic/ros2_ws/install/controller_interface:/home/megan/magic/ros2_ws/install/hardware_interface:/home/megan/magic/ros2_ws/install/ros2_control_test_assets:/home/megan/magic/ros2_ws/install/controller_manager_msgs:/home/megan/magic/ros2_ws/install/control_msgs:/opt/ros/humble LD_LIBRARY_PATH=/home/megan/magic/ros2_ws/install/controller_manager/lib:/home/megan/magic/ros2_ws/install/hardware_interface_testing/lib:/home/megan/magic/ros2_ws/install/controller_interface/lib:/home/megan/magic/ros2_ws/install/hardware_interface/lib:/home/megan/magic/ros2_ws/install/controller_manager_msgs/lib:/home/megan/magic/ros2_ws/install/control_msgs/lib:${LD_LIBRARY_PATH} PYTHONPATH=/home/megan/magic/ros2_ws/install/controller_manager/lib/python3.10/site-packages:/home/megan/magic/ros2_ws/install/controller_manager_msgs/lib/python3.10/site-packages:/home/megan/magic/ros2_ws/install/control_msgs/lib/python3.10/site-packages:${PYTHONPATH} VIRTUAL_ENV_PROMPT=(magic) /usr/bin/cmake --build /home/megan/magic/ros2_ws/build/pid_controller -- -j20 -l20
[0.107s] [ 11%] Built target pid_controller_parameters
[0.111s] [ 29%] Built target gmock
[0.113s] [ 41%] Built target gmock_main
[0.145s] [ 52%] Built target pid_controller
[0.155s] [ 64%] Built target test_load_pid_controller
[0.177s] [ 76%] Built target test_pid_controller_preceding
[0.179s] [ 88%] Built target test_pid_controller
[0.182s] [100%] Built target test_pid_controller_dual_interface
[0.195s] Invoked command in '/home/megan/magic/ros2_ws/build/pid_controller' returned '0': AMENT_PREFIX_PATH=/home/megan/magic/ros2_ws/install/controller_manager:/home/megan/magic/ros2_ws/install/hardware_interface_testing:/home/megan/magic/ros2_ws/install/controller_interface:/home/megan/magic/ros2_ws/install/hardware_interface:/home/megan/magic/ros2_ws/install/ros2_control_test_assets:/home/megan/magic/ros2_ws/install/controller_manager_msgs:/home/megan/magic/ros2_ws/install/control_msgs:${AMENT_PREFIX_PATH} CMAKE_PREFIX_PATH=/home/megan/magic/ros2_ws/install/controller_manager:/home/megan/magic/ros2_ws/install/hardware_interface_testing:/home/megan/magic/ros2_ws/install/controller_interface:/home/megan/magic/ros2_ws/install/hardware_interface:/home/megan/magic/ros2_ws/install/ros2_control_test_assets:/home/megan/magic/ros2_ws/install/controller_manager_msgs:/home/megan/magic/ros2_ws/install/control_msgs:/opt/ros/humble LD_LIBRARY_PATH=/home/megan/magic/ros2_ws/install/controller_manager/lib:/home/megan/magic/ros2_ws/install/hardware_interface_testing/lib:/home/megan/magic/ros2_ws/install/controller_interface/lib:/home/megan/magic/ros2_ws/install/hardware_interface/lib:/home/megan/magic/ros2_ws/install/controller_manager_msgs/lib:/home/megan/magic/ros2_ws/install/control_msgs/lib:${LD_LIBRARY_PATH} PYTHONPATH=/home/megan/magic/ros2_ws/install/controller_manager/lib/python3.10/site-packages:/home/megan/magic/ros2_ws/install/controller_manager_msgs/lib/python3.10/site-packages:/home/megan/magic/ros2_ws/install/control_msgs/lib/python3.10/site-packages:${PYTHONPATH} VIRTUAL_ENV_PROMPT=(magic) /usr/bin/cmake --build /home/megan/magic/ros2_ws/build/pid_controller -- -j20 -l20
[0.196s] Invoking command in '/home/megan/magic/ros2_ws/build/pid_controller': AMENT_PREFIX_PATH=/home/megan/magic/ros2_ws/install/controller_manager:/home/megan/magic/ros2_ws/install/hardware_interface_testing:/home/megan/magic/ros2_ws/install/controller_interface:/home/megan/magic/ros2_ws/install/hardware_interface:/home/megan/magic/ros2_ws/install/ros2_control_test_assets:/home/megan/magic/ros2_ws/install/controller_manager_msgs:/home/megan/magic/ros2_ws/install/control_msgs:${AMENT_PREFIX_PATH} CMAKE_PREFIX_PATH=/home/megan/magic/ros2_ws/install/controller_manager:/home/megan/magic/ros2_ws/install/hardware_interface_testing:/home/megan/magic/ros2_ws/install/controller_interface:/home/megan/magic/ros2_ws/install/hardware_interface:/home/megan/magic/ros2_ws/install/ros2_control_test_assets:/home/megan/magic/ros2_ws/install/controller_manager_msgs:/home/megan/magic/ros2_ws/install/control_msgs:/opt/ros/humble LD_LIBRARY_PATH=/home/megan/magic/ros2_ws/install/controller_manager/lib:/home/megan/magic/ros2_ws/install/hardware_interface_testing/lib:/home/megan/magic/ros2_ws/install/controller_interface/lib:/home/megan/magic/ros2_ws/install/hardware_interface/lib:/home/megan/magic/ros2_ws/install/controller_manager_msgs/lib:/home/megan/magic/ros2_ws/install/control_msgs/lib:${LD_LIBRARY_PATH} PYTHONPATH=/home/megan/magic/ros2_ws/install/controller_manager/lib/python3.10/site-packages:/home/megan/magic/ros2_ws/install/controller_manager_msgs/lib/python3.10/site-packages:/home/megan/magic/ros2_ws/install/control_msgs/lib/python3.10/site-packages:${PYTHONPATH} VIRTUAL_ENV_PROMPT=(magic) /usr/bin/cmake --install /home/megan/magic/ros2_ws/build/pid_controller
[0.203s] -- Install configuration: "Release"
[0.204s] -- Up-to-date: /home/megan/magic/ros2_ws/install/pid_controller/include/pid_controller
[0.204s] -- Up-to-date: /home/megan/magic/ros2_ws/install/pid_controller/include/pid_controller/pid_controller_parameters.hpp
[0.204s] -- Up-to-date: /home/megan/magic/ros2_ws/install/pid_controller/share/pid_controller/pid_controller.xml
[0.204s] -- Up-to-date: /home/megan/magic/ros2_ws/install/pid_controller/include/pid_controller
[0.204s] -- Up-to-date: /home/megan/magic/ros2_ws/install/pid_controller/include/pid_controller/pid_controller
[0.204s] -- Up-to-date: /home/megan/magic/ros2_ws/install/pid_controller/include/pid_controller/pid_controller/visibility_control.h
[0.204s] -- Up-to-date: /home/megan/magic/ros2_ws/install/pid_controller/include/pid_controller/pid_controller/pid_controller.hpp
[0.204s] -- Up-to-date: /home/megan/magic/ros2_ws/install/pid_controller/lib/libpid_controller.so
[0.204s] -- Up-to-date: /home/megan/magic/ros2_ws/install/pid_controller/share/pid_controller/environment/library_path.sh
[0.205s] -- Up-to-date: /home/megan/magic/ros2_ws/install/pid_controller/share/pid_controller/environment/library_path.dsv
[0.205s] -- Up-to-date: /home/megan/magic/ros2_ws/install/pid_controller/share/ament_index/resource_index/package_run_dependencies/pid_controller
[0.205s] -- Up-to-date: /home/megan/magic/ros2_ws/install/pid_controller/share/ament_index/resource_index/parent_prefix_path/pid_controller
[0.205s] -- Up-to-date: /home/megan/magic/ros2_ws/install/pid_controller/share/pid_controller/environment/ament_prefix_path.sh
[0.205s] -- Up-to-date: /home/megan/magic/ros2_ws/install/pid_controller/share/pid_controller/environment/ament_prefix_path.dsv
[0.205s] -- Up-to-date: /home/megan/magic/ros2_ws/install/pid_controller/share/pid_controller/environment/path.sh
[0.205s] -- Up-to-date: /home/megan/magic/ros2_ws/install/pid_controller/share/pid_controller/environment/path.dsv
[0.205s] -- Up-to-date: /home/megan/magic/ros2_ws/install/pid_controller/share/pid_controller/local_setup.bash
[0.205s] -- Up-to-date: /home/megan/magic/ros2_ws/install/pid_controller/share/pid_controller/local_setup.sh
[0.205s] -- Up-to-date: /home/megan/magic/ros2_ws/install/pid_controller/share/pid_controller/local_setup.zsh
[0.205s] -- Up-to-date: /home/megan/magic/ros2_ws/install/pid_controller/share/pid_controller/local_setup.dsv
[0.205s] -- Installing: /home/megan/magic/ros2_ws/install/pid_controller/share/pid_controller/package.dsv
[0.205s] -- Up-to-date: /home/megan/magic/ros2_ws/install/pid_controller/share/ament_index/resource_index/packages/pid_controller
[0.205s] -- Up-to-date: /home/megan/magic/ros2_ws/install/pid_controller/share/ament_index/resource_index/controller_interface__pluginlib__plugin/pid_controller
[0.205s] -- Up-to-date: /home/megan/magic/ros2_ws/install/pid_controller/share/pid_controller/cmake/export_pid_controllerExport.cmake
[0.206s] -- Up-to-date: /home/megan/magic/ros2_ws/install/pid_controller/share/pid_controller/cmake/export_pid_controllerExport-release.cmake
[0.206s] -- Up-to-date: /home/megan/magic/ros2_ws/install/pid_controller/share/pid_controller/cmake/ament_cmake_export_dependencies-extras.cmake
[0.206s] -- Up-to-date: /home/megan/magic/ros2_ws/install/pid_controller/share/pid_controller/cmake/ament_cmake_export_targets-extras.cmake
[0.206s] -- Up-to-date: /home/megan/magic/ros2_ws/install/pid_controller/share/pid_controller/cmake/pid_controllerConfig.cmake
[0.206s] -- Up-to-date: /home/megan/magic/ros2_ws/install/pid_controller/share/pid_controller/cmake/pid_controllerConfig-version.cmake
[0.206s] -- Up-to-date: /home/megan/magic/ros2_ws/install/pid_controller/share/pid_controller/package.xml
[0.208s] Invoked command in '/home/megan/magic/ros2_ws/build/pid_controller' returned '0': AMENT_PREFIX_PATH=/home/megan/magic/ros2_ws/install/controller_manager:/home/megan/magic/ros2_ws/install/hardware_interface_testing:/home/megan/magic/ros2_ws/install/controller_interface:/home/megan/magic/ros2_ws/install/hardware_interface:/home/megan/magic/ros2_ws/install/ros2_control_test_assets:/home/megan/magic/ros2_ws/install/controller_manager_msgs:/home/megan/magic/ros2_ws/install/control_msgs:${AMENT_PREFIX_PATH} CMAKE_PREFIX_PATH=/home/megan/magic/ros2_ws/install/controller_manager:/home/megan/magic/ros2_ws/install/hardware_interface_testing:/home/megan/magic/ros2_ws/install/controller_interface:/home/megan/magic/ros2_ws/install/hardware_interface:/home/megan/magic/ros2_ws/install/ros2_control_test_assets:/home/megan/magic/ros2_ws/install/controller_manager_msgs:/home/megan/magic/ros2_ws/install/control_msgs:/opt/ros/humble LD_LIBRARY_PATH=/home/megan/magic/ros2_ws/install/controller_manager/lib:/home/megan/magic/ros2_ws/install/hardware_interface_testing/lib:/home/megan/magic/ros2_ws/install/controller_interface/lib:/home/megan/magic/ros2_ws/install/hardware_interface/lib:/home/megan/magic/ros2_ws/install/controller_manager_msgs/lib:/home/megan/magic/ros2_ws/install/control_msgs/lib:${LD_LIBRARY_PATH} PYTHONPATH=/home/megan/magic/ros2_ws/install/controller_manager/lib/python3.10/site-packages:/home/megan/magic/ros2_ws/install/controller_manager_msgs/lib/python3.10/site-packages:/home/megan/magic/ros2_ws/install/control_msgs/lib/python3.10/site-packages:${PYTHONPATH} VIRTUAL_ENV_PROMPT=(magic) /usr/bin/cmake --install /home/megan/magic/ros2_ws/build/pid_controller
