[0.008s] Invoking command in '/home/megan/magic/ros2_ws/build/ros_ign_gazebo': AMENT_PREFIX_PATH=/home/megan/magic/ros2_ws/install/ros_gz_sim:${AMENT_PREFIX_PATH} CMAKE_PREFIX_PATH=/home/megan/magic/ros2_ws/install/ros_gz_sim:/opt/ros/humble LD_LIBRARY_PATH=/home/megan/magic/ros2_ws/install/ros_gz_sim/lib:${LD_LIBRARY_PATH} VIRTUAL_ENV_PROMPT=(magic) /usr/bin/cmake --build /home/megan/magic/ros2_ws/build/ros_ign_gazebo -- -j20 -l20
[0.047s] [35m[1mConsolidate compiler generated dependencies of target create[0m
[0.060s] [100%] Built target create
[0.072s] Invoked command in '/home/megan/magic/ros2_ws/build/ros_ign_gazebo' returned '0': AMENT_PREFIX_PATH=/home/megan/magic/ros2_ws/install/ros_gz_sim:${AMENT_PREFIX_PATH} CMAKE_PREFIX_PATH=/home/megan/magic/ros2_ws/install/ros_gz_sim:/opt/ros/humble LD_LIBRARY_PATH=/home/megan/magic/ros2_ws/install/ros_gz_sim/lib:${LD_LIBRARY_PATH} VIRTUAL_ENV_PROMPT=(magic) /usr/bin/cmake --build /home/megan/magic/ros2_ws/build/ros_ign_gazebo -- -j20 -l20
[0.074s] Invoking command in '/home/megan/magic/ros2_ws/build/ros_ign_gazebo': AMENT_PREFIX_PATH=/home/megan/magic/ros2_ws/install/ros_gz_sim:${AMENT_PREFIX_PATH} CMAKE_PREFIX_PATH=/home/megan/magic/ros2_ws/install/ros_gz_sim:/opt/ros/humble LD_LIBRARY_PATH=/home/megan/magic/ros2_ws/install/ros_gz_sim/lib:${LD_LIBRARY_PATH} VIRTUAL_ENV_PROMPT=(magic) /usr/bin/cmake --install /home/megan/magic/ros2_ws/build/ros_ign_gazebo
[0.082s] -- Install configuration: "Release"
[0.082s] -- Up-to-date: /home/megan/magic/ros2_ws/install/ros_ign_gazebo/share/ros_ign_gazebo/launch/ign_gazebo.launch.py
[0.082s] -- Up-to-date: /home/megan/magic/ros2_ws/install/ros_ign_gazebo/lib/ros_ign_gazebo/create
[0.082s] -- Up-to-date: /home/megan/magic/ros2_ws/install/ros_ign_gazebo/share/ament_index/resource_index/package_run_dependencies/ros_ign_gazebo
[0.082s] -- Up-to-date: /home/megan/magic/ros2_ws/install/ros_ign_gazebo/share/ament_index/resource_index/parent_prefix_path/ros_ign_gazebo
[0.082s] -- Up-to-date: /home/megan/magic/ros2_ws/install/ros_ign_gazebo/share/ros_ign_gazebo/environment/ament_prefix_path.sh
[0.082s] -- Up-to-date: /home/megan/magic/ros2_ws/install/ros_ign_gazebo/share/ros_ign_gazebo/environment/ament_prefix_path.dsv
[0.082s] -- Up-to-date: /home/megan/magic/ros2_ws/install/ros_ign_gazebo/share/ros_ign_gazebo/environment/path.sh
[0.083s] -- Up-to-date: /home/megan/magic/ros2_ws/install/ros_ign_gazebo/share/ros_ign_gazebo/environment/path.dsv
[0.083s] -- Up-to-date: /home/megan/magic/ros2_ws/install/ros_ign_gazebo/share/ros_ign_gazebo/local_setup.bash
[0.083s] -- Up-to-date: /home/megan/magic/ros2_ws/install/ros_ign_gazebo/share/ros_ign_gazebo/local_setup.sh
[0.083s] -- Up-to-date: /home/megan/magic/ros2_ws/install/ros_ign_gazebo/share/ros_ign_gazebo/local_setup.zsh
[0.083s] -- Up-to-date: /home/megan/magic/ros2_ws/install/ros_ign_gazebo/share/ros_ign_gazebo/local_setup.dsv
[0.083s] -- Up-to-date: /home/megan/magic/ros2_ws/install/ros_ign_gazebo/share/ros_ign_gazebo/package.dsv
[0.083s] -- Up-to-date: /home/megan/magic/ros2_ws/install/ros_ign_gazebo/share/ament_index/resource_index/packages/ros_ign_gazebo
[0.083s] -- Up-to-date: /home/megan/magic/ros2_ws/install/ros_ign_gazebo/share/ros_ign_gazebo/cmake/ament_cmake_export_dependencies-extras.cmake
[0.083s] -- Up-to-date: /home/megan/magic/ros2_ws/install/ros_ign_gazebo/share/ros_ign_gazebo/cmake/ros_ign_gazeboConfig.cmake
[0.083s] -- Up-to-date: /home/megan/magic/ros2_ws/install/ros_ign_gazebo/share/ros_ign_gazebo/cmake/ros_ign_gazeboConfig-version.cmake
[0.083s] -- Up-to-date: /home/megan/magic/ros2_ws/install/ros_ign_gazebo/share/ros_ign_gazebo/package.xml
[0.085s] Invoked command in '/home/megan/magic/ros2_ws/build/ros_ign_gazebo' returned '0': AMENT_PREFIX_PATH=/home/megan/magic/ros2_ws/install/ros_gz_sim:${AMENT_PREFIX_PATH} CMAKE_PREFIX_PATH=/home/megan/magic/ros2_ws/install/ros_gz_sim:/opt/ros/humble LD_LIBRARY_PATH=/home/megan/magic/ros2_ws/install/ros_gz_sim/lib:${LD_LIBRARY_PATH} VIRTUAL_ENV_PROMPT=(magic) /usr/bin/cmake --install /home/megan/magic/ros2_ws/build/ros_ign_gazebo
