[0.015s] Invoking command in '/home/megan/magic/ros2_ws/build/controller_interface': AMENT_PREFIX_PATH=/home/megan/magic/ros2_ws/install/hardware_interface:/home/megan/magic/ros2_ws/install/ros2_control_test_assets:/home/megan/magic/ros2_ws/install/control_msgs:${AMENT_PREFIX_PATH} CMAKE_PREFIX_PATH=/home/megan/magic/ros2_ws/install/hardware_interface:/home/megan/magic/ros2_ws/install/ros2_control_test_assets:/home/megan/magic/ros2_ws/install/control_msgs:/opt/ros/humble LD_LIBRARY_PATH=/home/megan/magic/ros2_ws/install/hardware_interface/lib:/home/megan/magic/ros2_ws/install/control_msgs/lib:${LD_LIBRARY_PATH} PYTHONPATH=/home/megan/magic/ros2_ws/install/control_msgs/lib/python3.10/site-packages:${PYTHONPATH} VIRTUAL_ENV_PROMPT=(magic) /usr/bin/cmake /home/megan/magic/ros2_ws/src/ros2_control/controller_interface -DCMAKE_BUILD_TYPE=Release -DCMAKE_INSTALL_PREFIX=/home/megan/magic/ros2_ws/install/controller_interface
[0.067s] -- The C compiler identification is GNU 11.4.0
[0.116s] -- The CXX compiler identification is GNU 11.4.0
[0.123s] -- Detecting C compiler ABI info
[0.178s] -- Detecting C compiler ABI info - done
[0.183s] -- Check for working C compiler: /usr/bin/cc - skipped
[0.184s] -- Detecting C compile features
[0.184s] -- Detecting C compile features - done
[0.186s] -- Detecting CXX compiler ABI info
[0.247s] -- Detecting CXX compiler ABI info - done
[0.253s] -- Check for working CXX compiler: /usr/bin/c++ - skipped
[0.253s] -- Detecting CXX compile features
[0.253s] -- Detecting CXX compile features - done
[0.255s] -- Found ament_cmake: 1.3.11 (/opt/ros/humble/share/ament_cmake/cmake)
[0.751s] -- Found Python3: /home/megan/.pyenv/versions/3.10.15/envs/magic/bin/python3 (found version "3.10.15") found components: Interpreter 
[0.838s] -- Found hardware_interface: 2.48.0 (/home/megan/magic/ros2_ws/install/hardware_interface/share/hardware_interface/cmake)
[0.868s] -- Found rosidl_generator_c: 3.1.6 (/opt/ros/humble/share/rosidl_generator_c/cmake)
[0.871s] -- Found rosidl_adapter: 3.1.6 (/opt/ros/humble/share/rosidl_adapter/cmake)
[0.877s] -- Found rosidl_generator_cpp: 3.1.6 (/opt/ros/humble/share/rosidl_generator_cpp/cmake)
[0.888s] -- Using all available rosidl_typesupport_c: rosidl_typesupport_fastrtps_c;rosidl_typesupport_introspection_c
[0.902s] -- Using all available rosidl_typesupport_cpp: rosidl_typesupport_fastrtps_cpp;rosidl_typesupport_introspection_cpp
[1.054s] -- Found rmw_implementation_cmake: 6.1.2 (/opt/ros/humble/share/rmw_implementation_cmake/cmake)
[1.055s] -- Found rmw_cyclonedds_cpp: 1.3.4 (/opt/ros/humble/share/rmw_cyclonedds_cpp/cmake)
[1.071s] -- Using RMW implementation 'rmw_cyclonedds_cpp' as default
[1.077s] -- Looking for pthread.h
[1.142s] -- Looking for pthread.h - found
[1.142s] -- Performing Test CMAKE_HAVE_LIBC_PTHREAD
[1.207s] -- Performing Test CMAKE_HAVE_LIBC_PTHREAD - Success
[1.208s] -- Found Threads: TRUE  
[1.245s] -- Found ament_cmake_gmock: 1.3.11 (/opt/ros/humble/share/ament_cmake_gmock/cmake)
[1.247s] -- Found gmock sources under '/opt/ros/humble/src/gmock_vendor': C++ tests using 'Google Mock' will be built
[1.251s] -- Found ament_cmake_gtest: 1.3.11 (/opt/ros/humble/share/ament_cmake_gtest/cmake)
[1.252s] -- Found gtest sources under '/opt/ros/humble/src/gtest_vendor': C++ tests using 'Google Test' will be built
[1.343s] -- Configuring done
[1.432s] -- Generating done
[1.447s] -- Build files have been written to: /home/megan/magic/ros2_ws/build/controller_interface
[1.454s] Invoked command in '/home/megan/magic/ros2_ws/build/controller_interface' returned '0': AMENT_PREFIX_PATH=/home/megan/magic/ros2_ws/install/hardware_interface:/home/megan/magic/ros2_ws/install/ros2_control_test_assets:/home/megan/magic/ros2_ws/install/control_msgs:${AMENT_PREFIX_PATH} CMAKE_PREFIX_PATH=/home/megan/magic/ros2_ws/install/hardware_interface:/home/megan/magic/ros2_ws/install/ros2_control_test_assets:/home/megan/magic/ros2_ws/install/control_msgs:/opt/ros/humble LD_LIBRARY_PATH=/home/megan/magic/ros2_ws/install/hardware_interface/lib:/home/megan/magic/ros2_ws/install/control_msgs/lib:${LD_LIBRARY_PATH} PYTHONPATH=/home/megan/magic/ros2_ws/install/control_msgs/lib/python3.10/site-packages:${PYTHONPATH} VIRTUAL_ENV_PROMPT=(magic) /usr/bin/cmake /home/megan/magic/ros2_ws/src/ros2_control/controller_interface -DCMAKE_BUILD_TYPE=Release -DCMAKE_INSTALL_PREFIX=/home/megan/magic/ros2_ws/install/controller_interface
[1.456s] Invoking command in '/home/megan/magic/ros2_ws/build/controller_interface': AMENT_PREFIX_PATH=/home/megan/magic/ros2_ws/install/hardware_interface:/home/megan/magic/ros2_ws/install/ros2_control_test_assets:/home/megan/magic/ros2_ws/install/control_msgs:${AMENT_PREFIX_PATH} CMAKE_PREFIX_PATH=/home/megan/magic/ros2_ws/install/hardware_interface:/home/megan/magic/ros2_ws/install/ros2_control_test_assets:/home/megan/magic/ros2_ws/install/control_msgs:/opt/ros/humble LD_LIBRARY_PATH=/home/megan/magic/ros2_ws/install/hardware_interface/lib:/home/megan/magic/ros2_ws/install/control_msgs/lib:${LD_LIBRARY_PATH} PYTHONPATH=/home/megan/magic/ros2_ws/install/control_msgs/lib/python3.10/site-packages:${PYTHONPATH} VIRTUAL_ENV_PROMPT=(magic) /usr/bin/cmake --build /home/megan/magic/ros2_ws/build/controller_interface -- -j20 -l20
[1.506s] [  4%] [34m[1mGenerating controller_interface/version.h[0m
[1.507s] [ 12%] [32mBuilding CXX object gmock/CMakeFiles/gmock.dir/opt/ros/humble/src/gtest_vendor/src/gtest-all.cc.o[0m
[1.507s] [ 12%] [32mBuilding CXX object gmock/CMakeFiles/gmock.dir/src/gmock-all.cc.o[0m
[1.508s] [ 16%] [32mBuilding CXX object gmock/CMakeFiles/gmock_main.dir/src/gmock_main.cc.o[0m
[1.521s] [ 16%] Built target ament_generate_version_header__controller_interface
[1.544s] [ 20%] [32mBuilding CXX object CMakeFiles/controller_interface.dir/src/controller_interface.cpp.o[0m
[1.546s] [ 25%] [32mBuilding CXX object CMakeFiles/controller_interface.dir/src/chainable_controller_interface.cpp.o[0m
[1.546s] [ 29%] [32mBuilding CXX object CMakeFiles/controller_interface.dir/src/controller_interface_base.cpp.o[0m
[2.407s] [ 33%] [32m[1mLinking CXX static library libgmock_main.a[0m
[2.469s] [ 33%] Built target gmock_main
[4.413s] [ 37%] [32m[1mLinking CXX shared library libcontroller_interface.so[0m
[4.512s] [ 37%] Built target controller_interface
[7.273s] [ 41%] [32m[1mLinking CXX static library libgmock.a[0m
[7.339s] [ 41%] Built target gmock
[7.357s] [ 54%] [32mBuilding CXX object CMakeFiles/test_semantic_component_interface.dir/test/test_semantic_component_interface.cpp.o[0m
[7.357s] [ 54%] [32mBuilding CXX object CMakeFiles/test_controller_interface.dir/test/test_controller_interface.cpp.o[0m
[7.357s] [ 54%] [32mBuilding CXX object CMakeFiles/test_pose_sensor.dir/test/test_pose_sensor.cpp.o[0m
[7.357s] [ 58%] [32mBuilding CXX object CMakeFiles/test_imu_sensor.dir/test/test_imu_sensor.cpp.o[0m
[7.359s] [ 62%] [32mBuilding CXX object CMakeFiles/test_controller_with_options.dir/test/test_controller_with_options.cpp.o[0m
[7.362s] [ 66%] [32mBuilding CXX object CMakeFiles/test_chainable_controller_interface.dir/test/test_chainable_controller_interface.cpp.o[0m
[7.365s] [ 70%] [32mBuilding CXX object CMakeFiles/test_force_torque_sensor.dir/test/test_force_torque_sensor.cpp.o[0m
[9.390s] [ 75%] [32m[1mLinking CXX executable test_semantic_component_interface[0m
[9.489s] [ 79%] [32m[1mLinking CXX executable test_pose_sensor[0m
[9.716s] [ 83%] [32m[1mLinking CXX executable test_force_torque_sensor[0m
[9.723s] [ 83%] Built target test_semantic_component_interface
[9.788s] [ 83%] Built target test_pose_sensor
[10.007s] [ 83%] Built target test_force_torque_sensor
[10.722s] [ 87%] [32m[1mLinking CXX executable test_imu_sensor[0m
[11.065s] [ 87%] Built target test_imu_sensor
[11.578s] [ 91%] [32m[1mLinking CXX executable test_controller_interface[0m
[11.720s] [ 91%] Built target test_controller_interface
[11.941s] [ 95%] [32m[1mLinking CXX executable test_controller_with_options[0m
[11.971s] [100%] [32m[1mLinking CXX executable test_chainable_controller_interface[0m
[12.075s] [100%] Built target test_controller_with_options
[12.096s] [100%] Built target test_chainable_controller_interface
[12.104s] Invoked command in '/home/megan/magic/ros2_ws/build/controller_interface' returned '0': AMENT_PREFIX_PATH=/home/megan/magic/ros2_ws/install/hardware_interface:/home/megan/magic/ros2_ws/install/ros2_control_test_assets:/home/megan/magic/ros2_ws/install/control_msgs:${AMENT_PREFIX_PATH} CMAKE_PREFIX_PATH=/home/megan/magic/ros2_ws/install/hardware_interface:/home/megan/magic/ros2_ws/install/ros2_control_test_assets:/home/megan/magic/ros2_ws/install/control_msgs:/opt/ros/humble LD_LIBRARY_PATH=/home/megan/magic/ros2_ws/install/hardware_interface/lib:/home/megan/magic/ros2_ws/install/control_msgs/lib:${LD_LIBRARY_PATH} PYTHONPATH=/home/megan/magic/ros2_ws/install/control_msgs/lib/python3.10/site-packages:${PYTHONPATH} VIRTUAL_ENV_PROMPT=(magic) /usr/bin/cmake --build /home/megan/magic/ros2_ws/build/controller_interface -- -j20 -l20
[12.107s] Invoking command in '/home/megan/magic/ros2_ws/build/controller_interface': AMENT_PREFIX_PATH=/home/megan/magic/ros2_ws/install/hardware_interface:/home/megan/magic/ros2_ws/install/ros2_control_test_assets:/home/megan/magic/ros2_ws/install/control_msgs:${AMENT_PREFIX_PATH} CMAKE_PREFIX_PATH=/home/megan/magic/ros2_ws/install/hardware_interface:/home/megan/magic/ros2_ws/install/ros2_control_test_assets:/home/megan/magic/ros2_ws/install/control_msgs:/opt/ros/humble LD_LIBRARY_PATH=/home/megan/magic/ros2_ws/install/hardware_interface/lib:/home/megan/magic/ros2_ws/install/control_msgs/lib:${LD_LIBRARY_PATH} PYTHONPATH=/home/megan/magic/ros2_ws/install/control_msgs/lib/python3.10/site-packages:${PYTHONPATH} VIRTUAL_ENV_PROMPT=(magic) /usr/bin/cmake --install /home/megan/magic/ros2_ws/build/controller_interface
[12.115s] -- Install configuration: "Release"
[12.115s] -- Installing: /home/megan/magic/ros2_ws/install/controller_interface/include
[12.115s] -- Installing: /home/megan/magic/ros2_ws/install/controller_interface/include/semantic_components
[12.115s] -- Installing: /home/megan/magic/ros2_ws/install/controller_interface/include/semantic_components/force_torque_sensor.hpp
[12.115s] -- Installing: /home/megan/magic/ros2_ws/install/controller_interface/include/semantic_components/pose_sensor.hpp
[12.116s] -- Installing: /home/megan/magic/ros2_ws/install/controller_interface/include/semantic_components/semantic_component_interface.hpp
[12.116s] -- Installing: /home/megan/magic/ros2_ws/install/controller_interface/include/semantic_components/range_sensor.hpp
[12.116s] -- Installing: /home/megan/magic/ros2_ws/install/controller_interface/include/semantic_components/imu_sensor.hpp
[12.116s] -- Installing: /home/megan/magic/ros2_ws/install/controller_interface/include/controller_interface
[12.116s] -- Installing: /home/megan/magic/ros2_ws/install/controller_interface/include/controller_interface/helpers.hpp
[12.116s] -- Installing: /home/megan/magic/ros2_ws/install/controller_interface/include/controller_interface/chainable_controller_interface.hpp
[12.116s] -- Installing: /home/megan/magic/ros2_ws/install/controller_interface/include/controller_interface/visibility_control.h
[12.116s] -- Installing: /home/megan/magic/ros2_ws/install/controller_interface/include/controller_interface/controller_interface.hpp
[12.116s] -- Installing: /home/megan/magic/ros2_ws/install/controller_interface/include/controller_interface/controller_interface_base.hpp
[12.116s] -- Installing: /home/megan/magic/ros2_ws/install/controller_interface/lib/libcontroller_interface.so
[12.116s] -- Set runtime path of "/home/megan/magic/ros2_ws/install/controller_interface/lib/libcontroller_interface.so" to ""
[12.117s] -- Installing: /home/megan/magic/ros2_ws/install/controller_interface/share/controller_interface/environment/library_path.sh
[12.117s] -- Installing: /home/megan/magic/ros2_ws/install/controller_interface/share/controller_interface/environment/library_path.dsv
[12.117s] -- Installing: /home/megan/magic/ros2_ws/install/controller_interface/share/ament_index/resource_index/package_run_dependencies/controller_interface
[12.117s] -- Installing: /home/megan/magic/ros2_ws/install/controller_interface/share/ament_index/resource_index/parent_prefix_path/controller_interface
[12.117s] -- Installing: /home/megan/magic/ros2_ws/install/controller_interface/share/controller_interface/environment/ament_prefix_path.sh
[12.117s] -- Installing: /home/megan/magic/ros2_ws/install/controller_interface/share/controller_interface/environment/ament_prefix_path.dsv
[12.117s] -- Installing: /home/megan/magic/ros2_ws/install/controller_interface/share/controller_interface/environment/path.sh
[12.118s] -- Installing: /home/megan/magic/ros2_ws/install/controller_interface/share/controller_interface/environment/path.dsv
[12.118s] -- Installing: /home/megan/magic/ros2_ws/install/controller_interface/share/controller_interface/local_setup.bash
[12.118s] -- Installing: /home/megan/magic/ros2_ws/install/controller_interface/share/controller_interface/local_setup.sh
[12.118s] -- Installing: /home/megan/magic/ros2_ws/install/controller_interface/share/controller_interface/local_setup.zsh
[12.121s] -- Installing: /home/megan/magic/ros2_ws/install/controller_interface/share/controller_interface/local_setup.dsv
[12.123s] -- Installing: /home/megan/magic/ros2_ws/install/controller_interface/share/controller_interface/package.dsv
[12.124s] -- Installing: /home/megan/magic/ros2_ws/install/controller_interface/share/ament_index/resource_index/packages/controller_interface
[12.124s] -- Installing: /home/megan/magic/ros2_ws/install/controller_interface/share/controller_interface/cmake/ament_cmake_export_dependencies-extras.cmake
[12.125s] -- Installing: /home/megan/magic/ros2_ws/install/controller_interface/share/controller_interface/cmake/ament_cmake_export_include_directories-extras.cmake
[12.125s] -- Installing: /home/megan/magic/ros2_ws/install/controller_interface/share/controller_interface/cmake/ament_cmake_export_libraries-extras.cmake
[12.125s] -- Installing: /home/megan/magic/ros2_ws/install/controller_interface/share/controller_interface/cmake/controller_interfaceConfig.cmake
[12.125s] -- Installing: /home/megan/magic/ros2_ws/install/controller_interface/share/controller_interface/cmake/controller_interfaceConfig-version.cmake
[12.125s] -- Installing: /home/megan/magic/ros2_ws/install/controller_interface/share/controller_interface/package.xml
[12.125s] -- Installing: /home/megan/magic/ros2_ws/install/controller_interface/include/controller_interface/controller_interface/version.h
[12.162s] Invoked command in '/home/megan/magic/ros2_ws/build/controller_interface' returned '0': AMENT_PREFIX_PATH=/home/megan/magic/ros2_ws/install/hardware_interface:/home/megan/magic/ros2_ws/install/ros2_control_test_assets:/home/megan/magic/ros2_ws/install/control_msgs:${AMENT_PREFIX_PATH} CMAKE_PREFIX_PATH=/home/megan/magic/ros2_ws/install/hardware_interface:/home/megan/magic/ros2_ws/install/ros2_control_test_assets:/home/megan/magic/ros2_ws/install/control_msgs:/opt/ros/humble LD_LIBRARY_PATH=/home/megan/magic/ros2_ws/install/hardware_interface/lib:/home/megan/magic/ros2_ws/install/control_msgs/lib:${LD_LIBRARY_PATH} PYTHONPATH=/home/megan/magic/ros2_ws/install/control_msgs/lib/python3.10/site-packages:${PYTHONPATH} VIRTUAL_ENV_PROMPT=(magic) /usr/bin/cmake --install /home/megan/magic/ros2_ws/build/controller_interface
