[0.040s] Invoking command in '/home/emma/Documents/GitHub/magic/build/realtime_tools': CMAKE_PREFIX_PATH=${CMAKE_PREFIX_PATH}:/home/emma/Documents/GitHub/install/rqt_joint_trajectory_controller:/home/emma/Documents/GitHub/install/rqt_controller_manager:/home/emma/Documents/GitHub/install/ros2controlcli:/home/emma/Documents/GitHub/install/ros2_controllers_test_nodes:/home/emma/Documents/GitHub/install/mujoco_ros2:/home/emma/Documents/GitHub/install/control:/opt/ros/humble CONDA_PROMPT_MODIFIER=(base) /usr/bin/cmake /home/emma/Documents/GitHub/magic/ros2_ws/src/realtime_tools -DCMAKE_INSTALL_PREFIX=/home/emma/Documents/GitHub/magic/install/realtime_tools
[0.331s] -- The CXX compiler identification is GNU 11.4.0
[0.331s] -- Detecting CXX compiler ABI info
[0.331s] -- Detecting CXX compiler ABI info - done
[0.331s] -- Check for working CXX compiler: /usr/bin/c++ - skipped
[0.331s] -- Detecting CXX compile features
[0.331s] -- Detecting CXX compile features - done
[0.331s] -- Found ament_cmake: 1.3.12 (/opt/ros/humble/share/ament_cmake/cmake)
[0.370s] -- Found Python3: /usr/bin/python3 (found version "3.10.12") found components: Interpreter 
[0.566s] -- Found rclcpp: 16.0.12 (/opt/ros/humble/share/rclcpp/cmake)
[0.683s] -- Found rosidl_generator_c: 3.1.6 (/opt/ros/humble/share/rosidl_generator_c/cmake)
[0.701s] -- Found rosidl_adapter: 3.1.6 (/opt/ros/humble/share/rosidl_adapter/cmake)
[0.724s] -- Found rosidl_generator_cpp: 3.1.6 (/opt/ros/humble/share/rosidl_generator_cpp/cmake)
[0.753s] -- Using all available rosidl_typesupport_c: rosidl_typesupport_fastrtps_c;rosidl_typesupport_introspection_c
[0.793s] -- Using all available rosidl_typesupport_cpp: rosidl_typesupport_fastrtps_cpp;rosidl_typesupport_introspection_cpp
[0.914s] -- Found rmw_implementation_cmake: 6.1.2 (/opt/ros/humble/share/rmw_implementation_cmake/cmake)
[0.926s] -- Found rmw_fastrtps_cpp: 6.2.7 (/opt/ros/humble/share/rmw_fastrtps_cpp/cmake)
[1.080s] -- Found OpenSSL: /usr/lib/x86_64-linux-gnu/libcrypto.so (found version "3.0.2")  
[1.131s] -- Found FastRTPS: /opt/ros/humble/include  
[1.203s] -- Using RMW implementation 'rmw_fastrtps_cpp' as default
[1.219s] -- Looking for C++ include pthread.h
[1.302s] -- Looking for C++ include pthread.h - found
[1.302s] -- Performing Test CMAKE_HAVE_LIBC_PTHREAD
[1.385s] -- Performing Test CMAKE_HAVE_LIBC_PTHREAD - Success
[1.386s] -- Found Threads: TRUE  
[1.442s] -- Found rclcpp_action: 16.0.12 (/opt/ros/humble/share/rclcpp_action/cmake)
[1.488s] -- Found Boost: /usr/lib/x86_64-linux-gnu/cmake/Boost-1.74.0/BoostConfig.cmake (found version "1.74.0") found components: headers 
[1.500s] -- Found ament_cmake_gmock: 1.3.11 (/opt/ros/humble/share/ament_cmake_gmock/cmake)
[1.506s] -- Found lifecycle_msgs: 1.2.1 (/opt/ros/humble/share/lifecycle_msgs/cmake)
[1.524s] -- Found rclcpp_lifecycle: 16.0.12 (/opt/ros/humble/share/rclcpp_lifecycle/cmake)
[1.549s] -- Found test_msgs: 1.2.2 (/opt/ros/humble/share/test_msgs/cmake)
[1.576s] -- Found gmock sources under '/opt/ros/humble/src/gmock_vendor': C++ tests using 'Google Mock' will be built
[1.621s] -- The C compiler identification is GNU 11.4.0
[1.627s] -- Detecting C compiler ABI info
[1.698s] -- Detecting C compiler ABI info - done
[1.707s] -- Check for working C compiler: /usr/bin/cc - skipped
[1.707s] -- Detecting C compile features
[1.707s] -- Detecting C compile features - done
[1.722s] -- Found ament_cmake_gtest: 1.3.11 (/opt/ros/humble/share/ament_cmake_gtest/cmake)
[1.723s] -- Found gtest sources under '/opt/ros/humble/src/gtest_vendor': C++ tests using 'Google Test' will be built
[1.829s] -- Configuring done
[1.870s] -- Generating done
[1.886s] -- Build files have been written to: /home/emma/Documents/GitHub/magic/build/realtime_tools
[1.897s] Invoked command in '/home/emma/Documents/GitHub/magic/build/realtime_tools' returned '0': CMAKE_PREFIX_PATH=${CMAKE_PREFIX_PATH}:/home/emma/Documents/GitHub/install/rqt_joint_trajectory_controller:/home/emma/Documents/GitHub/install/rqt_controller_manager:/home/emma/Documents/GitHub/install/ros2controlcli:/home/emma/Documents/GitHub/install/ros2_controllers_test_nodes:/home/emma/Documents/GitHub/install/mujoco_ros2:/home/emma/Documents/GitHub/install/control:/opt/ros/humble CONDA_PROMPT_MODIFIER=(base) /usr/bin/cmake /home/emma/Documents/GitHub/magic/ros2_ws/src/realtime_tools -DCMAKE_INSTALL_PREFIX=/home/emma/Documents/GitHub/magic/install/realtime_tools
[1.899s] Invoking command in '/home/emma/Documents/GitHub/magic/build/realtime_tools': CMAKE_PREFIX_PATH=${CMAKE_PREFIX_PATH}:/home/emma/Documents/GitHub/install/rqt_joint_trajectory_controller:/home/emma/Documents/GitHub/install/rqt_controller_manager:/home/emma/Documents/GitHub/install/ros2controlcli:/home/emma/Documents/GitHub/install/ros2_controllers_test_nodes:/home/emma/Documents/GitHub/install/mujoco_ros2:/home/emma/Documents/GitHub/install/control:/opt/ros/humble CONDA_PROMPT_MODIFIER=(base) /usr/bin/cmake --build /home/emma/Documents/GitHub/magic/build/realtime_tools -- -j20 -l20
[1.963s] [  3%] [32mBuilding CXX object gmock/CMakeFiles/gmock.dir/opt/ros/humble/src/gtest_vendor/src/gtest-all.cc.o[0m
[1.963s] [  6%] [32mBuilding CXX object gmock/CMakeFiles/gmock_main.dir/src/gmock_main.cc.o[0m
[1.963s] [  9%] [32mBuilding CXX object gmock/CMakeFiles/gmock.dir/src/gmock-all.cc.o[0m
[1.966s] [ 15%] [32mBuilding CXX object CMakeFiles/realtime_tools.dir/src/realtime_clock.cpp.o[0m
[1.966s] [ 15%] [32mBuilding CXX object CMakeFiles/realtime_tools.dir/src/realtime_helpers.cpp.o[0m
[1.966s] [ 18%] [32mBuilding CXX object CMakeFiles/thread_priority.dir/src/realtime_helpers.cpp.o[0m
[2.633s] [ 21%] [32m[1mLinking CXX shared library libthread_priority.so[0m
[2.754s] [ 21%] Built target thread_priority
[2.759s] [ 25%] [32m[1mLinking CXX shared library librealtime_tools.so[0m
[2.897s] [ 25%] Built target realtime_tools
[3.077s] [ 28%] [32m[1mLinking CXX static library libgmock_main.a[0m
[3.147s] [ 28%] Built target gmock_main
[6.519s] [ 31%] [32m[1mLinking CXX static library libgmock.a[0m
[6.781s] [ 31%] Built target gmock
[6.840s] [ 34%] [32mBuilding CXX object CMakeFiles/thread_priority_tests.dir/test/thread_priority_tests.cpp.o[0m
[6.840s] [ 37%] [32mBuilding CXX object CMakeFiles/realtime_box_best_effort_tests.dir/test/realtime_box_best_effort_tests.cpp.o[0m
[6.842s] [ 40%] [32mBuilding CXX object CMakeFiles/realtime_box_tests.dir/test/realtime_box_tests.cpp.o[0m
[6.860s] [ 43%] [32mBuilding CXX object CMakeFiles/realtime_server_goal_handle_tests.dir/test/realtime_server_goal_handle_tests.cpp.o[0m
[6.860s] [ 46%] [32mBuilding CXX object CMakeFiles/realtime_buffer_tests.dir/test/realtime_buffer_tests.cpp.o[0m
[6.860s] [ 50%] [32mBuilding CXX object CMakeFiles/realtime_clock_tests.dir/test/realtime_clock_tests.cpp.o[0m
[6.874s] [ 53%] [32mBuilding CXX object CMakeFiles/realtime_publisher_tests_non_polling.dir/test/realtime_publisher_tests_non_polling.cpp.o[0m
[6.876s] [ 56%] [32mBuilding CXX object CMakeFiles/lock_free_queue_tests.dir/test/lock_free_queue_tests.cpp.o[0m
[6.889s] [ 62%] [32mBuilding CXX object CMakeFiles/realtime_publisher_tests.dir/test/realtime_publisher_tests.cpp.o[0m
[6.889s] [ 62%] [32mBuilding CXX object CMakeFiles/realtime_mutex_tests.dir/test/realtime_mutex_tests.cpp.o[0m
[6.889s] [ 65%] [32mBuilding CXX object CMakeFiles/test_async_function_handler.dir/test/test_async_function_handler.cpp.o[0m
[9.242s] [ 68%] [32m[1mLinking CXX executable realtime_box_tests[0m
[9.305s] [ 71%] [32m[1mLinking CXX executable realtime_buffer_tests[0m
[9.642s] [ 75%] [32m[1mLinking CXX executable thread_priority_tests[0m
[9.654s] [ 75%] Built target realtime_buffer_tests
[9.706s] [ 75%] Built target realtime_box_tests
[9.905s] [ 78%] [32m[1mLinking CXX executable realtime_clock_tests[0m
[9.916s] [ 78%] Built target thread_priority_tests
[10.161s] [ 81%] [32m[1mLinking CXX executable realtime_box_best_effort_tests[0m
[10.381s] [ 81%] Built target realtime_clock_tests
[10.494s] [ 81%] Built target realtime_box_best_effort_tests
[10.533s] [ 84%] [32m[1mLinking CXX executable realtime_mutex_tests[0m
[10.819s] [ 84%] Built target realtime_mutex_tests
[10.997s] [01m[K/home/emma/Documents/GitHub/magic/ros2_ws/src/realtime_tools/test/realtime_publisher_tests.cpp:[m[K In member function ‘[01m[Kvirtual void RealtimePublisher_construct_destruct_Test::TestBody()[m[K’:
[10.998s] [01m[K/home/emma/Documents/GitHub/magic/ros2_ws/src/realtime_tools/test/realtime_publisher_tests.cpp:45:76:[m[K [01;35m[Kwarning: [m[K‘[01m[Krealtime_tools::RealtimePublisher<MessageT>::RealtimePublisher() [with MessageT = test_msgs::msg::Strings_<std::allocator<void> >][m[K’ is deprecated: Use constructor with rclcpp::Publisher<T>::SharedPtr instead - this class does not make sense without a real publisher [[01;35m[K]8;;https://gcc.gnu.org/onlinedocs/gcc/Warning-Options.html#index-Wdeprecated-declarations-Wdeprecated-declarations]8;;[m[K]
[10.998s]    45 | TEST(RealtimePublisher, construct_destruct) { RealtimePublisher<StringMsg> [01;35m[Krt_pub[m[K; }
[10.998s]       |                                                                            [01;35m[K^~~~~~[m[K
[10.998s] In file included from [01m[K/home/emma/Documents/GitHub/magic/ros2_ws/src/realtime_tools/test/realtime_publisher_tests.cpp:39[m[K:
[10.998s] [01m[K/home/emma/Documents/GitHub/magic/ros2_ws/src/realtime_tools/include/realtime_tools/realtime_publisher.hpp:86:3:[m[K [01;36m[Knote: [m[Kdeclared here
[10.998s]    86 |   [01;36m[KRealtimePublisher[m[K()
[10.998s]       |   [01;36m[K^~~~~~~~~~~~~~~~~[m[K
[11.132s] [01m[K/home/emma/Documents/GitHub/magic/ros2_ws/src/realtime_tools/test/realtime_publisher_tests_non_polling.cpp:[m[K In member function ‘[01m[Kvirtual void RealtimePublisherNonPolling_construct_destruct_Test::TestBody()[m[K’:
[11.135s] [01m[K/home/emma/Documents/GitHub/magic/ros2_ws/src/realtime_tools/test/realtime_publisher_tests_non_polling.cpp:47:86:[m[K [01;35m[Kwarning: [m[K‘[01m[Krealtime_tools::RealtimePublisher<MessageT>::RealtimePublisher() [with MessageT = test_msgs::msg::Strings_<std::allocator<void> >][m[K’ is deprecated: Use constructor with rclcpp::Publisher<T>::SharedPtr instead - this class does not make sense without a real publisher [[01;35m[K]8;;https://gcc.gnu.org/onlinedocs/gcc/Warning-Options.html#index-Wdeprecated-declarations-Wdeprecated-declarations]8;;[m[K]
[11.135s]    47 | TEST(RealtimePublisherNonPolling, construct_destruct) { RealtimePublisher<StringMsg> [01;35m[Krt_pub[m[K; }
[11.135s]       |                                                                                      [01;35m[K^~~~~~[m[K
[11.135s] In file included from [01m[K/home/emma/Documents/GitHub/magic/ros2_ws/src/realtime_tools/test/realtime_publisher_tests_non_polling.cpp:41[m[K:
[11.135s] [01m[K/home/emma/Documents/GitHub/magic/ros2_ws/src/realtime_tools/include/realtime_tools/realtime_publisher.hpp:86:3:[m[K [01;36m[Knote: [m[Kdeclared here
[11.136s]    86 |   [01;36m[KRealtimePublisher[m[K()
[11.136s]       |   [01;36m[K^~~~~~~~~~~~~~~~~[m[K
[12.639s] [ 87%] [32m[1mLinking CXX executable lock_free_queue_tests[0m
[13.167s] [ 87%] Built target lock_free_queue_tests
[15.653s] [ 90%] [32m[1mLinking CXX executable test_async_function_handler[0m
[16.059s] [ 90%] Built target test_async_function_handler
[16.551s] [ 93%] [32m[1mLinking CXX executable realtime_server_goal_handle_tests[0m
[17.341s] [ 93%] Built target realtime_server_goal_handle_tests
[20.222s] [ 96%] [32m[1mLinking CXX executable realtime_publisher_tests_non_polling[0m
[20.388s] [100%] [32m[1mLinking CXX executable realtime_publisher_tests[0m
[20.648s] [100%] Built target realtime_publisher_tests_non_polling
[20.779s] [100%] Built target realtime_publisher_tests
[20.793s] Invoked command in '/home/emma/Documents/GitHub/magic/build/realtime_tools' returned '0': CMAKE_PREFIX_PATH=${CMAKE_PREFIX_PATH}:/home/emma/Documents/GitHub/install/rqt_joint_trajectory_controller:/home/emma/Documents/GitHub/install/rqt_controller_manager:/home/emma/Documents/GitHub/install/ros2controlcli:/home/emma/Documents/GitHub/install/ros2_controllers_test_nodes:/home/emma/Documents/GitHub/install/mujoco_ros2:/home/emma/Documents/GitHub/install/control:/opt/ros/humble CONDA_PROMPT_MODIFIER=(base) /usr/bin/cmake --build /home/emma/Documents/GitHub/magic/build/realtime_tools -- -j20 -l20
[20.795s] Invoking command in '/home/emma/Documents/GitHub/magic/build/realtime_tools': CMAKE_PREFIX_PATH=${CMAKE_PREFIX_PATH}:/home/emma/Documents/GitHub/install/rqt_joint_trajectory_controller:/home/emma/Documents/GitHub/install/rqt_controller_manager:/home/emma/Documents/GitHub/install/ros2controlcli:/home/emma/Documents/GitHub/install/ros2_controllers_test_nodes:/home/emma/Documents/GitHub/install/mujoco_ros2:/home/emma/Documents/GitHub/install/control:/opt/ros/humble CONDA_PROMPT_MODIFIER=(base) /usr/bin/cmake --install /home/emma/Documents/GitHub/magic/build/realtime_tools
[20.804s] -- Install configuration: ""
[20.804s] -- Installing: /home/emma/Documents/GitHub/magic/install/realtime_tools/include/realtime_tools
[20.804s] -- Installing: /home/emma/Documents/GitHub/magic/install/realtime_tools/include/realtime_tools/realtime_tools
[20.804s] -- Installing: /home/emma/Documents/GitHub/magic/install/realtime_tools/include/realtime_tools/realtime_tools/realtime_box_best_effort.hpp
[20.804s] -- Installing: /home/emma/Documents/GitHub/magic/install/realtime_tools/include/realtime_tools/realtime_tools/realtime_box.hpp
[20.804s] -- Installing: /home/emma/Documents/GitHub/magic/install/realtime_tools/include/realtime_tools/realtime_tools/realtime_buffer.h
[20.804s] -- Installing: /home/emma/Documents/GitHub/magic/install/realtime_tools/include/realtime_tools/realtime_tools/realtime_buffer.hpp
[20.804s] -- Installing: /home/emma/Documents/GitHub/magic/install/realtime_tools/include/realtime_tools/realtime_tools/realtime_clock.h
[20.804s] -- Installing: /home/emma/Documents/GitHub/magic/install/realtime_tools/include/realtime_tools/realtime_tools/realtime_helpers.hpp
[20.805s] -- Installing: /home/emma/Documents/GitHub/magic/install/realtime_tools/include/realtime_tools/realtime_tools/thread_priority.hpp
[20.805s] -- Installing: /home/emma/Documents/GitHub/magic/install/realtime_tools/include/realtime_tools/realtime_tools/realtime_publisher.h
[20.805s] -- Installing: /home/emma/Documents/GitHub/magic/install/realtime_tools/include/realtime_tools/realtime_tools/lock_free_queue.hpp
[20.805s] -- Installing: /home/emma/Documents/GitHub/magic/install/realtime_tools/include/realtime_tools/realtime_tools/realtime_box.h
[20.805s] -- Installing: /home/emma/Documents/GitHub/magic/install/realtime_tools/include/realtime_tools/realtime_tools/realtime_server_goal_handle.hpp
[20.805s] -- Installing: /home/emma/Documents/GitHub/magic/install/realtime_tools/include/realtime_tools/realtime_tools/realtime_box_best_effort.h
[20.805s] -- Installing: /home/emma/Documents/GitHub/magic/install/realtime_tools/include/realtime_tools/realtime_tools/mutex.hpp
[20.805s] -- Installing: /home/emma/Documents/GitHub/magic/install/realtime_tools/include/realtime_tools/realtime_tools/realtime_clock.hpp
[20.805s] -- Installing: /home/emma/Documents/GitHub/magic/install/realtime_tools/include/realtime_tools/realtime_tools/realtime_server_goal_handle.h
[20.805s] -- Installing: /home/emma/Documents/GitHub/magic/install/realtime_tools/include/realtime_tools/realtime_tools/async_function_handler.hpp
[20.805s] -- Installing: /home/emma/Documents/GitHub/magic/install/realtime_tools/include/realtime_tools/realtime_tools/realtime_publisher.hpp
[20.805s] -- Installing: /home/emma/Documents/GitHub/magic/install/realtime_tools/lib/librealtime_tools.so
[20.805s] -- Set runtime path of "/home/emma/Documents/GitHub/magic/install/realtime_tools/lib/librealtime_tools.so" to ""
[20.805s] -- Installing: /home/emma/Documents/GitHub/magic/install/realtime_tools/lib/libthread_priority.so
[20.806s] -- Set runtime path of "/home/emma/Documents/GitHub/magic/install/realtime_tools/lib/libthread_priority.so" to ""
[20.806s] -- Installing: /home/emma/Documents/GitHub/magic/install/realtime_tools/share/realtime_tools/environment/library_path.sh
[20.806s] -- Installing: /home/emma/Documents/GitHub/magic/install/realtime_tools/share/realtime_tools/environment/library_path.dsv
[20.806s] -- Installing: /home/emma/Documents/GitHub/magic/install/realtime_tools/share/ament_index/resource_index/package_run_dependencies/realtime_tools
[20.806s] -- Installing: /home/emma/Documents/GitHub/magic/install/realtime_tools/share/ament_index/resource_index/parent_prefix_path/realtime_tools
[20.806s] -- Installing: /home/emma/Documents/GitHub/magic/install/realtime_tools/share/realtime_tools/environment/ament_prefix_path.sh
[20.806s] -- Installing: /home/emma/Documents/GitHub/magic/install/realtime_tools/share/realtime_tools/environment/ament_prefix_path.dsv
[20.806s] -- Installing: /home/emma/Documents/GitHub/magic/install/realtime_tools/share/realtime_tools/environment/path.sh
[20.806s] -- Installing: /home/emma/Documents/GitHub/magic/install/realtime_tools/share/realtime_tools/environment/path.dsv
[20.806s] -- Installing: /home/emma/Documents/GitHub/magic/install/realtime_tools/share/realtime_tools/local_setup.bash
[20.807s] -- Installing: /home/emma/Documents/GitHub/magic/install/realtime_tools/share/realtime_tools/local_setup.sh
[20.807s] -- Installing: /home/emma/Documents/GitHub/magic/install/realtime_tools/share/realtime_tools/local_setup.zsh
[20.807s] -- Installing: /home/emma/Documents/GitHub/magic/install/realtime_tools/share/realtime_tools/local_setup.dsv
[20.807s] -- Installing: /home/emma/Documents/GitHub/magic/install/realtime_tools/share/realtime_tools/package.dsv
[20.807s] -- Installing: /home/emma/Documents/GitHub/magic/install/realtime_tools/share/ament_index/resource_index/packages/realtime_tools
[20.807s] -- Installing: /home/emma/Documents/GitHub/magic/install/realtime_tools/share/realtime_tools/cmake/export_realtime_toolsExport.cmake
[20.807s] -- Installing: /home/emma/Documents/GitHub/magic/install/realtime_tools/share/realtime_tools/cmake/export_realtime_toolsExport-noconfig.cmake
[20.807s] -- Installing: /home/emma/Documents/GitHub/magic/install/realtime_tools/share/realtime_tools/cmake/ament_cmake_export_targets-extras.cmake
[20.807s] -- Installing: /home/emma/Documents/GitHub/magic/install/realtime_tools/share/realtime_tools/cmake/ament_cmake_export_dependencies-extras.cmake
[20.808s] -- Installing: /home/emma/Documents/GitHub/magic/install/realtime_tools/share/realtime_tools/cmake/realtime_toolsConfig.cmake
[20.808s] -- Installing: /home/emma/Documents/GitHub/magic/install/realtime_tools/share/realtime_tools/cmake/realtime_toolsConfig-version.cmake
[20.808s] -- Installing: /home/emma/Documents/GitHub/magic/install/realtime_tools/share/realtime_tools/package.xml
[20.808s] Invoked command in '/home/emma/Documents/GitHub/magic/build/realtime_tools' returned '0': CMAKE_PREFIX_PATH=${CMAKE_PREFIX_PATH}:/home/emma/Documents/GitHub/install/rqt_joint_trajectory_controller:/home/emma/Documents/GitHub/install/rqt_controller_manager:/home/emma/Documents/GitHub/install/ros2controlcli:/home/emma/Documents/GitHub/install/ros2_controllers_test_nodes:/home/emma/Documents/GitHub/install/mujoco_ros2:/home/emma/Documents/GitHub/install/control:/opt/ros/humble CONDA_PROMPT_MODIFIER=(base) /usr/bin/cmake --install /home/emma/Documents/GitHub/magic/build/realtime_tools
