[0.022s] Invoking command in '/home/megan/magic/ros2_ws/build/admittance_controller': AMENT_PREFIX_PATH=/home/megan/magic/ros2_ws/install/controller_manager:/home/megan/magic/ros2_ws/install/hardware_interface_testing:/home/megan/magic/ros2_ws/install/controller_interface:/home/megan/magic/ros2_ws/install/hardware_interface:/home/megan/magic/ros2_ws/install/ros2_control_test_assets:/home/megan/magic/ros2_ws/install/controller_manager_msgs:/home/megan/magic/ros2_ws/install/control_msgs:${AMENT_PREFIX_PATH} CMAKE_PREFIX_PATH=/home/megan/magic/ros2_ws/install/controller_manager:/home/megan/magic/ros2_ws/install/hardware_interface_testing:/home/megan/magic/ros2_ws/install/controller_interface:/home/megan/magic/ros2_ws/install/hardware_interface:/home/megan/magic/ros2_ws/install/ros2_control_test_assets:/home/megan/magic/ros2_ws/install/controller_manager_msgs:/home/megan/magic/ros2_ws/install/control_msgs:/opt/ros/humble LD_LIBRARY_PATH=/home/megan/magic/ros2_ws/install/controller_manager/lib:/home/megan/magic/ros2_ws/install/hardware_interface_testing/lib:/home/megan/magic/ros2_ws/install/controller_interface/lib:/home/megan/magic/ros2_ws/install/hardware_interface/lib:/home/megan/magic/ros2_ws/install/controller_manager_msgs/lib:/home/megan/magic/ros2_ws/install/control_msgs/lib:${LD_LIBRARY_PATH} PYTHONPATH=/home/megan/magic/ros2_ws/install/controller_manager/lib/python3.10/site-packages:/home/megan/magic/ros2_ws/install/controller_manager_msgs/lib/python3.10/site-packages:/home/megan/magic/ros2_ws/install/control_msgs/lib/python3.10/site-packages:${PYTHONPATH} VIRTUAL_ENV_PROMPT=(magic) /usr/bin/cmake --build /home/megan/magic/ros2_ws/build/admittance_controller -- -j20 -l20
[0.065s] [35m[1mConsolidate compiler generated dependencies of target gmock[0m
[0.079s] [ 36%] Built target gmock
[0.079s] [ 45%] Built target admittance_controller_parameters
[0.092s] [35m[1mConsolidate compiler generated dependencies of target test_load_admittance_controller[0m
[0.092s] [35m[1mConsolidate compiler generated dependencies of target admittance_controller[0m
[0.111s] [ 63%] Built target admittance_controller
[0.113s] [ 81%] Built target test_load_admittance_controller
[0.121s] [35m[1mConsolidate compiler generated dependencies of target test_admittance_controller[0m
[0.139s] [100%] Built target test_admittance_controller
[0.149s] Invoked command in '/home/megan/magic/ros2_ws/build/admittance_controller' returned '0': AMENT_PREFIX_PATH=/home/megan/magic/ros2_ws/install/controller_manager:/home/megan/magic/ros2_ws/install/hardware_interface_testing:/home/megan/magic/ros2_ws/install/controller_interface:/home/megan/magic/ros2_ws/install/hardware_interface:/home/megan/magic/ros2_ws/install/ros2_control_test_assets:/home/megan/magic/ros2_ws/install/controller_manager_msgs:/home/megan/magic/ros2_ws/install/control_msgs:${AMENT_PREFIX_PATH} CMAKE_PREFIX_PATH=/home/megan/magic/ros2_ws/install/controller_manager:/home/megan/magic/ros2_ws/install/hardware_interface_testing:/home/megan/magic/ros2_ws/install/controller_interface:/home/megan/magic/ros2_ws/install/hardware_interface:/home/megan/magic/ros2_ws/install/ros2_control_test_assets:/home/megan/magic/ros2_ws/install/controller_manager_msgs:/home/megan/magic/ros2_ws/install/control_msgs:/opt/ros/humble LD_LIBRARY_PATH=/home/megan/magic/ros2_ws/install/controller_manager/lib:/home/megan/magic/ros2_ws/install/hardware_interface_testing/lib:/home/megan/magic/ros2_ws/install/controller_interface/lib:/home/megan/magic/ros2_ws/install/hardware_interface/lib:/home/megan/magic/ros2_ws/install/controller_manager_msgs/lib:/home/megan/magic/ros2_ws/install/control_msgs/lib:${LD_LIBRARY_PATH} PYTHONPATH=/home/megan/magic/ros2_ws/install/controller_manager/lib/python3.10/site-packages:/home/megan/magic/ros2_ws/install/controller_manager_msgs/lib/python3.10/site-packages:/home/megan/magic/ros2_ws/install/control_msgs/lib/python3.10/site-packages:${PYTHONPATH} VIRTUAL_ENV_PROMPT=(magic) /usr/bin/cmake --build /home/megan/magic/ros2_ws/build/admittance_controller -- -j20 -l20
[0.150s] Invoking command in '/home/megan/magic/ros2_ws/build/admittance_controller': AMENT_PREFIX_PATH=/home/megan/magic/ros2_ws/install/controller_manager:/home/megan/magic/ros2_ws/install/hardware_interface_testing:/home/megan/magic/ros2_ws/install/controller_interface:/home/megan/magic/ros2_ws/install/hardware_interface:/home/megan/magic/ros2_ws/install/ros2_control_test_assets:/home/megan/magic/ros2_ws/install/controller_manager_msgs:/home/megan/magic/ros2_ws/install/control_msgs:${AMENT_PREFIX_PATH} CMAKE_PREFIX_PATH=/home/megan/magic/ros2_ws/install/controller_manager:/home/megan/magic/ros2_ws/install/hardware_interface_testing:/home/megan/magic/ros2_ws/install/controller_interface:/home/megan/magic/ros2_ws/install/hardware_interface:/home/megan/magic/ros2_ws/install/ros2_control_test_assets:/home/megan/magic/ros2_ws/install/controller_manager_msgs:/home/megan/magic/ros2_ws/install/control_msgs:/opt/ros/humble LD_LIBRARY_PATH=/home/megan/magic/ros2_ws/install/controller_manager/lib:/home/megan/magic/ros2_ws/install/hardware_interface_testing/lib:/home/megan/magic/ros2_ws/install/controller_interface/lib:/home/megan/magic/ros2_ws/install/hardware_interface/lib:/home/megan/magic/ros2_ws/install/controller_manager_msgs/lib:/home/megan/magic/ros2_ws/install/control_msgs/lib:${LD_LIBRARY_PATH} PYTHONPATH=/home/megan/magic/ros2_ws/install/controller_manager/lib/python3.10/site-packages:/home/megan/magic/ros2_ws/install/controller_manager_msgs/lib/python3.10/site-packages:/home/megan/magic/ros2_ws/install/control_msgs/lib/python3.10/site-packages:${PYTHONPATH} VIRTUAL_ENV_PROMPT=(magic) /usr/bin/cmake --install /home/megan/magic/ros2_ws/build/admittance_controller
[0.156s] -- Install configuration: "Release"
[0.156s] -- Up-to-date: /home/megan/magic/ros2_ws/install/admittance_controller/include/admittance_controller
[0.156s] -- Up-to-date: /home/megan/magic/ros2_ws/install/admittance_controller/include/admittance_controller/admittance_controller_parameters.hpp
[0.156s] -- Up-to-date: /home/megan/magic/ros2_ws/install/admittance_controller/share/admittance_controller/admittance_controller.xml
[0.156s] -- Up-to-date: /home/megan/magic/ros2_ws/install/admittance_controller/include/admittance_controller
[0.156s] -- Up-to-date: /home/megan/magic/ros2_ws/install/admittance_controller/include/admittance_controller/admittance_controller
[0.156s] -- Up-to-date: /home/megan/magic/ros2_ws/install/admittance_controller/include/admittance_controller/admittance_controller/admittance_rule.hpp
[0.156s] -- Up-to-date: /home/megan/magic/ros2_ws/install/admittance_controller/include/admittance_controller/admittance_controller/visibility_control.h
[0.156s] -- Up-to-date: /home/megan/magic/ros2_ws/install/admittance_controller/include/admittance_controller/admittance_controller/admittance_controller.hpp
[0.156s] -- Up-to-date: /home/megan/magic/ros2_ws/install/admittance_controller/include/admittance_controller/admittance_controller/admittance_rule_impl.hpp
[0.157s] -- Up-to-date: /home/megan/magic/ros2_ws/install/admittance_controller/lib/libadmittance_controller.so
[0.157s] -- Up-to-date: /home/megan/magic/ros2_ws/install/admittance_controller/share/admittance_controller/environment/library_path.sh
[0.157s] -- Up-to-date: /home/megan/magic/ros2_ws/install/admittance_controller/share/admittance_controller/environment/library_path.dsv
[0.157s] -- Up-to-date: /home/megan/magic/ros2_ws/install/admittance_controller/share/ament_index/resource_index/package_run_dependencies/admittance_controller
[0.157s] -- Up-to-date: /home/megan/magic/ros2_ws/install/admittance_controller/share/ament_index/resource_index/parent_prefix_path/admittance_controller
[0.157s] -- Up-to-date: /home/megan/magic/ros2_ws/install/admittance_controller/share/admittance_controller/environment/ament_prefix_path.sh
[0.157s] -- Up-to-date: /home/megan/magic/ros2_ws/install/admittance_controller/share/admittance_controller/environment/ament_prefix_path.dsv
[0.157s] -- Up-to-date: /home/megan/magic/ros2_ws/install/admittance_controller/share/admittance_controller/environment/path.sh
[0.157s] -- Up-to-date: /home/megan/magic/ros2_ws/install/admittance_controller/share/admittance_controller/environment/path.dsv
[0.157s] -- Up-to-date: /home/megan/magic/ros2_ws/install/admittance_controller/share/admittance_controller/local_setup.bash
[0.157s] -- Up-to-date: /home/megan/magic/ros2_ws/install/admittance_controller/share/admittance_controller/local_setup.sh
[0.157s] -- Up-to-date: /home/megan/magic/ros2_ws/install/admittance_controller/share/admittance_controller/local_setup.zsh
[0.157s] -- Up-to-date: /home/megan/magic/ros2_ws/install/admittance_controller/share/admittance_controller/local_setup.dsv
[0.157s] -- Installing: /home/megan/magic/ros2_ws/install/admittance_controller/share/admittance_controller/package.dsv
[0.157s] -- Up-to-date: /home/megan/magic/ros2_ws/install/admittance_controller/share/ament_index/resource_index/packages/admittance_controller
[0.157s] -- Up-to-date: /home/megan/magic/ros2_ws/install/admittance_controller/share/ament_index/resource_index/controller_interface__pluginlib__plugin/admittance_controller
[0.157s] -- Up-to-date: /home/megan/magic/ros2_ws/install/admittance_controller/share/admittance_controller/cmake/export_admittance_controllerExport.cmake
[0.158s] -- Up-to-date: /home/megan/magic/ros2_ws/install/admittance_controller/share/admittance_controller/cmake/export_admittance_controllerExport-release.cmake
[0.158s] -- Up-to-date: /home/megan/magic/ros2_ws/install/admittance_controller/share/admittance_controller/cmake/ament_cmake_export_dependencies-extras.cmake
[0.158s] -- Up-to-date: /home/megan/magic/ros2_ws/install/admittance_controller/share/admittance_controller/cmake/ament_cmake_export_targets-extras.cmake
[0.158s] -- Up-to-date: /home/megan/magic/ros2_ws/install/admittance_controller/share/admittance_controller/cmake/admittance_controllerConfig.cmake
[0.158s] -- Up-to-date: /home/megan/magic/ros2_ws/install/admittance_controller/share/admittance_controller/cmake/admittance_controllerConfig-version.cmake
[0.158s] -- Up-to-date: /home/megan/magic/ros2_ws/install/admittance_controller/share/admittance_controller/package.xml
[0.159s] Invoked command in '/home/megan/magic/ros2_ws/build/admittance_controller' returned '0': AMENT_PREFIX_PATH=/home/megan/magic/ros2_ws/install/controller_manager:/home/megan/magic/ros2_ws/install/hardware_interface_testing:/home/megan/magic/ros2_ws/install/controller_interface:/home/megan/magic/ros2_ws/install/hardware_interface:/home/megan/magic/ros2_ws/install/ros2_control_test_assets:/home/megan/magic/ros2_ws/install/controller_manager_msgs:/home/megan/magic/ros2_ws/install/control_msgs:${AMENT_PREFIX_PATH} CMAKE_PREFIX_PATH=/home/megan/magic/ros2_ws/install/controller_manager:/home/megan/magic/ros2_ws/install/hardware_interface_testing:/home/megan/magic/ros2_ws/install/controller_interface:/home/megan/magic/ros2_ws/install/hardware_interface:/home/megan/magic/ros2_ws/install/ros2_control_test_assets:/home/megan/magic/ros2_ws/install/controller_manager_msgs:/home/megan/magic/ros2_ws/install/control_msgs:/opt/ros/humble LD_LIBRARY_PATH=/home/megan/magic/ros2_ws/install/controller_manager/lib:/home/megan/magic/ros2_ws/install/hardware_interface_testing/lib:/home/megan/magic/ros2_ws/install/controller_interface/lib:/home/megan/magic/ros2_ws/install/hardware_interface/lib:/home/megan/magic/ros2_ws/install/controller_manager_msgs/lib:/home/megan/magic/ros2_ws/install/control_msgs/lib:${LD_LIBRARY_PATH} PYTHONPATH=/home/megan/magic/ros2_ws/install/controller_manager/lib/python3.10/site-packages:/home/megan/magic/ros2_ws/install/controller_manager_msgs/lib/python3.10/site-packages:/home/megan/magic/ros2_ws/install/control_msgs/lib/python3.10/site-packages:${PYTHONPATH} VIRTUAL_ENV_PROMPT=(magic) /usr/bin/cmake --install /home/megan/magic/ros2_ws/build/admittance_controller
