[0.020s] Invoking command in '/home/megan/magic/ros2_ws/build/hardware_interface': AMENT_PREFIX_PATH=/home/megan/magic/ros2_ws/install/ros2_control_test_assets:/home/megan/magic/ros2_ws/install/control_msgs:${AMENT_PREFIX_PATH} CMAKE_PREFIX_PATH=/home/megan/magic/ros2_ws/install/ros2_control_test_assets:/home/megan/magic/ros2_ws/install/control_msgs:/opt/ros/humble LD_LIBRARY_PATH=/home/megan/magic/ros2_ws/install/control_msgs/lib:${LD_LIBRARY_PATH} PYTHONPATH=/home/megan/magic/ros2_ws/install/control_msgs/lib/python3.10/site-packages:${PYTHONPATH} VIRTUAL_ENV_PROMPT=(magic) /usr/bin/cmake --build /home/megan/magic/ros2_ws/build/hardware_interface -- -j20 -l20
[0.058s] [  2%] Built target ament_generate_version_header__hardware_interface
[0.061s] [ 11%] Built target gmock
[0.061s] [ 17%] Built target gmock_main
[0.085s] [ 22%] Built target test_macros
[0.086s] [ 42%] Built target hardware_interface
[0.105s] [ 48%] Built target test_component_parser
[0.105s] [ 54%] Built target test_joint_handle
[0.106s] [ 60%] Built target test_inst_hardwares
[0.107s] [ 74%] Built target test_hardware_components
[0.107s] [ 80%] Built target test_component_interfaces
[0.108s] [ 85%] Built target test_generic_system
[0.110s] [100%] Built target fake_components
[0.110s] [100%] Built target mock_components
[0.120s] Invoked command in '/home/megan/magic/ros2_ws/build/hardware_interface' returned '0': AMENT_PREFIX_PATH=/home/megan/magic/ros2_ws/install/ros2_control_test_assets:/home/megan/magic/ros2_ws/install/control_msgs:${AMENT_PREFIX_PATH} CMAKE_PREFIX_PATH=/home/megan/magic/ros2_ws/install/ros2_control_test_assets:/home/megan/magic/ros2_ws/install/control_msgs:/opt/ros/humble LD_LIBRARY_PATH=/home/megan/magic/ros2_ws/install/control_msgs/lib:${LD_LIBRARY_PATH} PYTHONPATH=/home/megan/magic/ros2_ws/install/control_msgs/lib/python3.10/site-packages:${PYTHONPATH} VIRTUAL_ENV_PROMPT=(magic) /usr/bin/cmake --build /home/megan/magic/ros2_ws/build/hardware_interface -- -j20 -l20
[0.121s] Invoking command in '/home/megan/magic/ros2_ws/build/hardware_interface': AMENT_PREFIX_PATH=/home/megan/magic/ros2_ws/install/ros2_control_test_assets:/home/megan/magic/ros2_ws/install/control_msgs:${AMENT_PREFIX_PATH} CMAKE_PREFIX_PATH=/home/megan/magic/ros2_ws/install/ros2_control_test_assets:/home/megan/magic/ros2_ws/install/control_msgs:/opt/ros/humble LD_LIBRARY_PATH=/home/megan/magic/ros2_ws/install/control_msgs/lib:${LD_LIBRARY_PATH} PYTHONPATH=/home/megan/magic/ros2_ws/install/control_msgs/lib/python3.10/site-packages:${PYTHONPATH} VIRTUAL_ENV_PROMPT=(magic) /usr/bin/cmake --install /home/megan/magic/ros2_ws/build/hardware_interface
[0.126s] -- Install configuration: "Release"
[0.126s] -- Up-to-date: /home/megan/magic/ros2_ws/install/hardware_interface/share/hardware_interface/mock_components_plugin_description.xml
[0.126s] -- Up-to-date: /home/megan/magic/ros2_ws/install/hardware_interface/share/hardware_interface/fake_components_plugin_description.xml
[0.126s] -- Up-to-date: /home/megan/magic/ros2_ws/install/hardware_interface/include
[0.126s] -- Up-to-date: /home/megan/magic/ros2_ws/install/hardware_interface/include/fake_components
[0.126s] -- Up-to-date: /home/megan/magic/ros2_ws/install/hardware_interface/include/fake_components/generic_system.hpp
[0.126s] -- Up-to-date: /home/megan/magic/ros2_ws/install/hardware_interface/include/fake_components/visibility_control.h
[0.126s] -- Up-to-date: /home/megan/magic/ros2_ws/install/hardware_interface/include/hardware_interface
[0.126s] -- Up-to-date: /home/megan/magic/ros2_ws/install/hardware_interface/include/hardware_interface/macros.hpp
[0.126s] -- Up-to-date: /home/megan/magic/ros2_ws/install/hardware_interface/include/hardware_interface/component_parser.hpp
[0.126s] -- Up-to-date: /home/megan/magic/ros2_ws/install/hardware_interface/include/hardware_interface/controller_info.hpp
[0.126s] -- Up-to-date: /home/megan/magic/ros2_ws/install/hardware_interface/include/hardware_interface/hardware_info.hpp
[0.126s] -- Up-to-date: /home/megan/magic/ros2_ws/install/hardware_interface/include/hardware_interface/actuator.hpp
[0.127s] -- Up-to-date: /home/megan/magic/ros2_ws/install/hardware_interface/include/hardware_interface/visibility_control.h
[0.127s] -- Up-to-date: /home/megan/magic/ros2_ws/install/hardware_interface/include/hardware_interface/types
[0.127s] -- Up-to-date: /home/megan/magic/ros2_ws/install/hardware_interface/include/hardware_interface/types/lifecycle_state_names.hpp
[0.127s] -- Up-to-date: /home/megan/magic/ros2_ws/install/hardware_interface/include/hardware_interface/types/hardware_interface_return_values.hpp
[0.127s] -- Up-to-date: /home/megan/magic/ros2_ws/install/hardware_interface/include/hardware_interface/types/hardware_interface_type_values.hpp
[0.127s] -- Up-to-date: /home/megan/magic/ros2_ws/install/hardware_interface/include/hardware_interface/lexical_casts.hpp
[0.127s] -- Up-to-date: /home/megan/magic/ros2_ws/install/hardware_interface/include/hardware_interface/handle.hpp
[0.127s] -- Up-to-date: /home/megan/magic/ros2_ws/install/hardware_interface/include/hardware_interface/resource_manager.hpp
[0.127s] -- Up-to-date: /home/megan/magic/ros2_ws/install/hardware_interface/include/hardware_interface/hardware_component_info.hpp
[0.128s] -- Up-to-date: /home/megan/magic/ros2_ws/install/hardware_interface/include/hardware_interface/loaned_command_interface.hpp
[0.128s] -- Up-to-date: /home/megan/magic/ros2_ws/install/hardware_interface/include/hardware_interface/loaned_state_interface.hpp
[0.128s] -- Up-to-date: /home/megan/magic/ros2_ws/install/hardware_interface/include/hardware_interface/sensor.hpp
[0.128s] -- Up-to-date: /home/megan/magic/ros2_ws/install/hardware_interface/include/hardware_interface/sensor_interface.hpp
[0.128s] -- Up-to-date: /home/megan/magic/ros2_ws/install/hardware_interface/include/hardware_interface/system.hpp
[0.128s] -- Up-to-date: /home/megan/magic/ros2_ws/install/hardware_interface/include/hardware_interface/system_interface.hpp
[0.128s] -- Up-to-date: /home/megan/magic/ros2_ws/install/hardware_interface/include/hardware_interface/actuator_interface.hpp
[0.128s] -- Up-to-date: /home/megan/magic/ros2_ws/install/hardware_interface/include/mock_components
[0.128s] -- Up-to-date: /home/megan/magic/ros2_ws/install/hardware_interface/include/mock_components/generic_system.hpp
[0.128s] -- Up-to-date: /home/megan/magic/ros2_ws/install/hardware_interface/include/mock_components/visibility_control.h
[0.129s] -- Up-to-date: /home/megan/magic/ros2_ws/install/hardware_interface/lib/libfake_components.so
[0.129s] -- Up-to-date: /home/megan/magic/ros2_ws/install/hardware_interface/lib/libmock_components.so
[0.129s] -- Up-to-date: /home/megan/magic/ros2_ws/install/hardware_interface/lib/libhardware_interface.so
[0.129s] -- Up-to-date: /home/megan/magic/ros2_ws/install/hardware_interface/lib/libtest_hardware_components.so
[0.129s] -- Up-to-date: /home/megan/magic/ros2_ws/install/hardware_interface/share/hardware_interface/test/test_hardware_components/test_hardware_components.xml
[0.129s] -- Up-to-date: /home/megan/magic/ros2_ws/install/hardware_interface/share/hardware_interface/environment/library_path.sh
[0.129s] -- Up-to-date: /home/megan/magic/ros2_ws/install/hardware_interface/share/hardware_interface/environment/library_path.dsv
[0.129s] -- Up-to-date: /home/megan/magic/ros2_ws/install/hardware_interface/share/ament_index/resource_index/package_run_dependencies/hardware_interface
[0.129s] -- Up-to-date: /home/megan/magic/ros2_ws/install/hardware_interface/share/ament_index/resource_index/parent_prefix_path/hardware_interface
[0.129s] -- Up-to-date: /home/megan/magic/ros2_ws/install/hardware_interface/share/hardware_interface/environment/ament_prefix_path.sh
[0.129s] -- Up-to-date: /home/megan/magic/ros2_ws/install/hardware_interface/share/hardware_interface/environment/ament_prefix_path.dsv
[0.129s] -- Up-to-date: /home/megan/magic/ros2_ws/install/hardware_interface/share/hardware_interface/environment/path.sh
[0.130s] -- Up-to-date: /home/megan/magic/ros2_ws/install/hardware_interface/share/hardware_interface/environment/path.dsv
[0.130s] -- Up-to-date: /home/megan/magic/ros2_ws/install/hardware_interface/share/hardware_interface/local_setup.bash
[0.130s] -- Up-to-date: /home/megan/magic/ros2_ws/install/hardware_interface/share/hardware_interface/local_setup.sh
[0.130s] -- Up-to-date: /home/megan/magic/ros2_ws/install/hardware_interface/share/hardware_interface/local_setup.zsh
[0.130s] -- Up-to-date: /home/megan/magic/ros2_ws/install/hardware_interface/share/hardware_interface/local_setup.dsv
[0.130s] -- Installing: /home/megan/magic/ros2_ws/install/hardware_interface/share/hardware_interface/package.dsv
[0.130s] -- Up-to-date: /home/megan/magic/ros2_ws/install/hardware_interface/share/ament_index/resource_index/packages/hardware_interface
[0.130s] -- Up-to-date: /home/megan/magic/ros2_ws/install/hardware_interface/share/ament_index/resource_index/hardware_interface__pluginlib__plugin/hardware_interface
[0.130s] -- Up-to-date: /home/megan/magic/ros2_ws/install/hardware_interface/share/hardware_interface/cmake/ament_cmake_export_include_directories-extras.cmake
[0.130s] -- Up-to-date: /home/megan/magic/ros2_ws/install/hardware_interface/share/hardware_interface/cmake/ament_cmake_export_libraries-extras.cmake
[0.130s] -- Up-to-date: /home/megan/magic/ros2_ws/install/hardware_interface/share/hardware_interface/cmake/ament_cmake_export_dependencies-extras.cmake
[0.130s] -- Up-to-date: /home/megan/magic/ros2_ws/install/hardware_interface/share/hardware_interface/cmake/hardware_interfaceConfig.cmake
[0.130s] -- Up-to-date: /home/megan/magic/ros2_ws/install/hardware_interface/share/hardware_interface/cmake/hardware_interfaceConfig-version.cmake
[0.130s] -- Up-to-date: /home/megan/magic/ros2_ws/install/hardware_interface/share/hardware_interface/package.xml
[0.130s] -- Up-to-date: /home/megan/magic/ros2_ws/install/hardware_interface/include/hardware_interface/hardware_interface/version.h
[0.131s] Invoked command in '/home/megan/magic/ros2_ws/build/hardware_interface' returned '0': AMENT_PREFIX_PATH=/home/megan/magic/ros2_ws/install/ros2_control_test_assets:/home/megan/magic/ros2_ws/install/control_msgs:${AMENT_PREFIX_PATH} CMAKE_PREFIX_PATH=/home/megan/magic/ros2_ws/install/ros2_control_test_assets:/home/megan/magic/ros2_ws/install/control_msgs:/opt/ros/humble LD_LIBRARY_PATH=/home/megan/magic/ros2_ws/install/control_msgs/lib:${LD_LIBRARY_PATH} PYTHONPATH=/home/megan/magic/ros2_ws/install/control_msgs/lib/python3.10/site-packages:${PYTHONPATH} VIRTUAL_ENV_PROMPT=(magic) /usr/bin/cmake --install /home/megan/magic/ros2_ws/build/hardware_interface
