[0.534s] Invoking command in '/home/megan/magic/ros2_ws/src/ros2_control/rqt_controller_manager': AMENT_PREFIX_PATH=/home/megan/magic/ros2_ws/install/controller_manager:/home/megan/magic/ros2_ws/install/hardware_interface_testing:/home/megan/magic/ros2_ws/install/controller_interface:/home/megan/magic/ros2_ws/install/hardware_interface:/home/megan/magic/ros2_ws/install/ros2_control_test_assets:/home/megan/magic/ros2_ws/install/controller_manager_msgs:/home/megan/magic/ros2_ws/install/control_msgs:${AMENT_PREFIX_PATH} CMAKE_PREFIX_PATH=/home/megan/magic/ros2_ws/install/controller_manager:/home/megan/magic/ros2_ws/install/hardware_interface_testing:/home/megan/magic/ros2_ws/install/controller_interface:/home/megan/magic/ros2_ws/install/hardware_interface:/home/megan/magic/ros2_ws/install/ros2_control_test_assets:/home/megan/magic/ros2_ws/install/controller_manager_msgs:/home/megan/magic/ros2_ws/install/control_msgs LD_LIBRARY_PATH=/home/megan/magic/ros2_ws/install/controller_manager/lib:/home/megan/magic/ros2_ws/install/hardware_interface_testing/lib:/home/megan/magic/ros2_ws/install/controller_interface/lib:/home/megan/magic/ros2_ws/install/hardware_interface/lib:/home/megan/magic/ros2_ws/install/controller_manager_msgs/lib:/home/megan/magic/ros2_ws/install/control_msgs/lib:${LD_LIBRARY_PATH} PYTHONPATH=/home/megan/magic/ros2_ws/build/rqt_controller_manager/prefix_override:/usr/lib/python3/dist-packages/colcon_core/task/python/colcon_distutils_commands:/home/megan/magic/ros2_ws/install/rqt_controller_manager/lib/python3.10/site-packages:/home/megan/magic/ros2_ws/install/controller_manager/lib/python3.10/site-packages:/home/megan/magic/ros2_ws/install/controller_manager_msgs/lib/python3.10/site-packages:/home/megan/magic/ros2_ws/install/control_msgs/lib/python3.10/site-packages:${PYTHONPATH} VIRTUAL_ENV_PROMPT=(magic) /usr/bin/python3 -W ignore:setup.py install is deprecated -W ignore:easy_install command is deprecated setup.py egg_info --egg-base ../../../build/rqt_controller_manager build --build-base /home/megan/magic/ros2_ws/build/rqt_controller_manager/build install --record /home/megan/magic/ros2_ws/build/rqt_controller_manager/install.log --single-version-externally-managed install_data
[0.728s] running egg_info
[0.728s] creating ../../../build/rqt_controller_manager/rqt_controller_manager.egg-info
[0.728s] writing ../../../build/rqt_controller_manager/rqt_controller_manager.egg-info/PKG-INFO
[0.728s] writing dependency_links to ../../../build/rqt_controller_manager/rqt_controller_manager.egg-info/dependency_links.txt
[0.728s] writing entry points to ../../../build/rqt_controller_manager/rqt_controller_manager.egg-info/entry_points.txt
[0.728s] writing requirements to ../../../build/rqt_controller_manager/rqt_controller_manager.egg-info/requires.txt
[0.728s] writing top-level names to ../../../build/rqt_controller_manager/rqt_controller_manager.egg-info/top_level.txt
[0.729s] writing manifest file '../../../build/rqt_controller_manager/rqt_controller_manager.egg-info/SOURCES.txt'
[0.730s] reading manifest file '../../../build/rqt_controller_manager/rqt_controller_manager.egg-info/SOURCES.txt'
[0.730s] writing manifest file '../../../build/rqt_controller_manager/rqt_controller_manager.egg-info/SOURCES.txt'
[0.730s] running build
[0.730s] running build_py
[0.730s] creating /home/megan/magic/ros2_ws/build/rqt_controller_manager/build
[0.730s] creating /home/megan/magic/ros2_ws/build/rqt_controller_manager/build/lib
[0.730s] creating /home/megan/magic/ros2_ws/build/rqt_controller_manager/build/lib/rqt_controller_manager
[0.730s] copying rqt_controller_manager/__init__.py -> /home/megan/magic/ros2_ws/build/rqt_controller_manager/build/lib/rqt_controller_manager
[0.730s] copying rqt_controller_manager/update_combo.py -> /home/megan/magic/ros2_ws/build/rqt_controller_manager/build/lib/rqt_controller_manager
[0.730s] copying rqt_controller_manager/controller_manager.py -> /home/megan/magic/ros2_ws/build/rqt_controller_manager/build/lib/rqt_controller_manager
[0.730s] copying rqt_controller_manager/main.py -> /home/megan/magic/ros2_ws/build/rqt_controller_manager/build/lib/rqt_controller_manager
[0.730s] running install
[0.731s] running install_lib
[0.731s] creating /home/megan/magic/ros2_ws/install/rqt_controller_manager/lib/python3.10/site-packages/rqt_controller_manager
[0.731s] copying /home/megan/magic/ros2_ws/build/rqt_controller_manager/build/lib/rqt_controller_manager/__init__.py -> /home/megan/magic/ros2_ws/install/rqt_controller_manager/lib/python3.10/site-packages/rqt_controller_manager
[0.731s] copying /home/megan/magic/ros2_ws/build/rqt_controller_manager/build/lib/rqt_controller_manager/update_combo.py -> /home/megan/magic/ros2_ws/install/rqt_controller_manager/lib/python3.10/site-packages/rqt_controller_manager
[0.731s] copying /home/megan/magic/ros2_ws/build/rqt_controller_manager/build/lib/rqt_controller_manager/controller_manager.py -> /home/megan/magic/ros2_ws/install/rqt_controller_manager/lib/python3.10/site-packages/rqt_controller_manager
[0.731s] copying /home/megan/magic/ros2_ws/build/rqt_controller_manager/build/lib/rqt_controller_manager/main.py -> /home/megan/magic/ros2_ws/install/rqt_controller_manager/lib/python3.10/site-packages/rqt_controller_manager
[0.732s] byte-compiling /home/megan/magic/ros2_ws/install/rqt_controller_manager/lib/python3.10/site-packages/rqt_controller_manager/__init__.py to __init__.cpython-310.pyc
[0.732s] byte-compiling /home/megan/magic/ros2_ws/install/rqt_controller_manager/lib/python3.10/site-packages/rqt_controller_manager/update_combo.py to update_combo.cpython-310.pyc
[0.732s] byte-compiling /home/megan/magic/ros2_ws/install/rqt_controller_manager/lib/python3.10/site-packages/rqt_controller_manager/controller_manager.py to controller_manager.cpython-310.pyc
[0.734s] byte-compiling /home/megan/magic/ros2_ws/install/rqt_controller_manager/lib/python3.10/site-packages/rqt_controller_manager/main.py to main.cpython-310.pyc
[0.734s] running install_data
[0.734s] creating /home/megan/magic/ros2_ws/install/rqt_controller_manager/share/ament_index
[0.734s] creating /home/megan/magic/ros2_ws/install/rqt_controller_manager/share/ament_index/resource_index
[0.735s] creating /home/megan/magic/ros2_ws/install/rqt_controller_manager/share/ament_index/resource_index/packages
[0.735s] copying resource/rqt_controller_manager -> /home/megan/magic/ros2_ws/install/rqt_controller_manager/share/ament_index/resource_index/packages
[0.735s] copying package.xml -> /home/megan/magic/ros2_ws/install/rqt_controller_manager/share/rqt_controller_manager
[0.735s] creating /home/megan/magic/ros2_ws/install/rqt_controller_manager/share/rqt_controller_manager/resource
[0.735s] copying resource/popup_info.ui -> /home/megan/magic/ros2_ws/install/rqt_controller_manager/share/rqt_controller_manager/resource
[0.735s] copying resource/controller_manager.ui -> /home/megan/magic/ros2_ws/install/rqt_controller_manager/share/rqt_controller_manager/resource
[0.735s] copying resource/cm_icon.png -> /home/megan/magic/ros2_ws/install/rqt_controller_manager/share/rqt_controller_manager/resource
[0.735s] copying resource/led_green.png -> /home/megan/magic/ros2_ws/install/rqt_controller_manager/share/rqt_controller_manager/resource
[0.735s] copying resource/led_red.png -> /home/megan/magic/ros2_ws/install/rqt_controller_manager/share/rqt_controller_manager/resource
[0.735s] copying resource/led_off.png -> /home/megan/magic/ros2_ws/install/rqt_controller_manager/share/rqt_controller_manager/resource
[0.735s] copying plugin.xml -> /home/megan/magic/ros2_ws/install/rqt_controller_manager/share/rqt_controller_manager
[0.735s] running install_egg_info
[0.736s] Copying ../../../build/rqt_controller_manager/rqt_controller_manager.egg-info to /home/megan/magic/ros2_ws/install/rqt_controller_manager/lib/python3.10/site-packages/rqt_controller_manager-2.48.0-py3.10.egg-info
[0.737s] running install_scripts
[0.754s] Installing rqt_controller_manager script to /home/megan/magic/ros2_ws/install/rqt_controller_manager/lib/rqt_controller_manager
[0.755s] writing list of installed files to '/home/megan/magic/ros2_ws/build/rqt_controller_manager/install.log'
[0.772s] Invoked command in '/home/megan/magic/ros2_ws/src/ros2_control/rqt_controller_manager' returned '0': AMENT_PREFIX_PATH=/home/megan/magic/ros2_ws/install/controller_manager:/home/megan/magic/ros2_ws/install/hardware_interface_testing:/home/megan/magic/ros2_ws/install/controller_interface:/home/megan/magic/ros2_ws/install/hardware_interface:/home/megan/magic/ros2_ws/install/ros2_control_test_assets:/home/megan/magic/ros2_ws/install/controller_manager_msgs:/home/megan/magic/ros2_ws/install/control_msgs:${AMENT_PREFIX_PATH} CMAKE_PREFIX_PATH=/home/megan/magic/ros2_ws/install/controller_manager:/home/megan/magic/ros2_ws/install/hardware_interface_testing:/home/megan/magic/ros2_ws/install/controller_interface:/home/megan/magic/ros2_ws/install/hardware_interface:/home/megan/magic/ros2_ws/install/ros2_control_test_assets:/home/megan/magic/ros2_ws/install/controller_manager_msgs:/home/megan/magic/ros2_ws/install/control_msgs LD_LIBRARY_PATH=/home/megan/magic/ros2_ws/install/controller_manager/lib:/home/megan/magic/ros2_ws/install/hardware_interface_testing/lib:/home/megan/magic/ros2_ws/install/controller_interface/lib:/home/megan/magic/ros2_ws/install/hardware_interface/lib:/home/megan/magic/ros2_ws/install/controller_manager_msgs/lib:/home/megan/magic/ros2_ws/install/control_msgs/lib:${LD_LIBRARY_PATH} PYTHONPATH=/home/megan/magic/ros2_ws/build/rqt_controller_manager/prefix_override:/usr/lib/python3/dist-packages/colcon_core/task/python/colcon_distutils_commands:/home/megan/magic/ros2_ws/install/rqt_controller_manager/lib/python3.10/site-packages:/home/megan/magic/ros2_ws/install/controller_manager/lib/python3.10/site-packages:/home/megan/magic/ros2_ws/install/controller_manager_msgs/lib/python3.10/site-packages:/home/megan/magic/ros2_ws/install/control_msgs/lib/python3.10/site-packages:${PYTHONPATH} VIRTUAL_ENV_PROMPT=(magic) /usr/bin/python3 -W ignore:setup.py install is deprecated -W ignore:easy_install command is deprecated setup.py egg_info --egg-base ../../../build/rqt_controller_manager build --build-base /home/megan/magic/ros2_ws/build/rqt_controller_manager/build install --record /home/megan/magic/ros2_ws/build/rqt_controller_manager/install.log --single-version-externally-managed install_data
