[0.331s] Invoking command in '/home/emma/Documents/GitHub/magic/build/robotiq_controllers': CMAKE_PREFIX_PATH=/opt/ros/humble CONDA_PROMPT_MODIFIER=(base) /usr/bin/cmake /home/emma/Documents/GitHub/magic/ros2_ws/src/ros2_robotiq_gripper/robotiq_controllers -DCMAKE_INSTALL_PREFIX=/home/emma/Documents/GitHub/magic/install/robotiq_controllers
[0.365s] -- The C compiler identification is GNU 11.4.0
[0.403s] -- The CXX compiler identification is GNU 11.4.0
[0.408s] -- Detecting C compiler ABI info
[0.463s] -- Detecting C compiler ABI info - done
[0.471s] -- Check for working C compiler: /usr/bin/cc - skipped
[0.471s] -- Detecting C compile features
[0.471s] -- Detecting C compile features - done
[0.473s] -- Detecting CXX compiler ABI info
[0.529s] -- Detecting CXX compiler ABI info - done
[0.534s] -- Check for working CXX compiler: /usr/bin/c++ - skipped
[0.534s] -- Detecting CXX compile features
[0.534s] -- Detecting CXX compile features - done
[0.536s] -- Found ament_cmake: 1.3.11 (/opt/ros/humble/share/ament_cmake/cmake)
[0.783s] -- Found Python3: /home/emma/anaconda3/bin/python3 (found version "3.12.7") found components: Interpreter 
[0.852s] -- Found controller_interface: 2.48.0 (/opt/ros/humble/share/controller_interface/cmake)
[0.887s] -- Found rosidl_generator_c: 3.1.6 (/opt/ros/humble/share/rosidl_generator_c/cmake)
[0.894s] -- Found rosidl_adapter: 3.1.6 (/opt/ros/humble/share/rosidl_adapter/cmake)
[0.906s] -- Found rosidl_generator_cpp: 3.1.6 (/opt/ros/humble/share/rosidl_generator_cpp/cmake)
[0.922s] -- Using all available rosidl_typesupport_c: rosidl_typesupport_fastrtps_c;rosidl_typesupport_introspection_c
[0.939s] -- Using all available rosidl_typesupport_cpp: rosidl_typesupport_fastrtps_cpp;rosidl_typesupport_introspection_cpp
[1.111s] -- Found rmw_implementation_cmake: 6.1.2 (/opt/ros/humble/share/rmw_implementation_cmake/cmake)
[1.114s] -- Found rmw_fastrtps_cpp: 6.2.7 (/opt/ros/humble/share/rmw_fastrtps_cpp/cmake)
[1.136s] -- Found TinyXML2 via Config file: TinyXML2_DIR-NOTFOUND
[1.176s] -- Found OpenSSL: /usr/lib/x86_64-linux-gnu/libcrypto.so (found version "3.0.2")  
[1.179s] -- Found TinyXML2 via Config file: TinyXML2_DIR-NOTFOUND
[1.191s] -- Found FastRTPS: /opt/ros/humble/include  
[1.193s] -- Found TinyXML2 via Config file: TinyXML2_DIR-NOTFOUND
[1.199s] -- Found TinyXML2 via Config file: TinyXML2_DIR-NOTFOUND
[1.208s] -- Using RMW implementation 'rmw_fastrtps_cpp' as default
[1.221s] -- Looking for pthread.h
[1.278s] -- Looking for pthread.h - found
[1.278s] -- Performing Test CMAKE_HAVE_LIBC_PTHREAD
[1.330s] -- Performing Test CMAKE_HAVE_LIBC_PTHREAD - Success
[1.330s] -- Found Threads: TRUE  
[1.370s] -- Found std_srvs: 4.2.4 (/opt/ros/humble/share/std_srvs/cmake)
[1.382s] -- Found ament_lint_auto: 0.12.11 (/opt/ros/humble/share/ament_lint_auto/cmake)
[1.460s] -- Added test 'cppcheck' to perform static code analysis on C / C++ code
[1.461s] -- Configured cppcheck include dirs: /home/emma/Documents/GitHub/magic/ros2_ws/src/ros2_robotiq_gripper/robotiq_controllers/include
[1.461s] -- Configured cppcheck exclude dirs and/or files: 
[1.461s] -- Added test 'lint_cmake' to check CMake code style
[1.463s] -- Configuring done
[1.494s] -- Generating done
[1.498s] -- Build files have been written to: /home/emma/Documents/GitHub/magic/build/robotiq_controllers
[1.507s] Invoked command in '/home/emma/Documents/GitHub/magic/build/robotiq_controllers' returned '0': CMAKE_PREFIX_PATH=/opt/ros/humble CONDA_PROMPT_MODIFIER=(base) /usr/bin/cmake /home/emma/Documents/GitHub/magic/ros2_ws/src/ros2_robotiq_gripper/robotiq_controllers -DCMAKE_INSTALL_PREFIX=/home/emma/Documents/GitHub/magic/install/robotiq_controllers
[1.509s] Invoking command in '/home/emma/Documents/GitHub/magic/build/robotiq_controllers': CMAKE_PREFIX_PATH=/opt/ros/humble CONDA_PROMPT_MODIFIER=(base) /usr/bin/cmake --build /home/emma/Documents/GitHub/magic/build/robotiq_controllers -- -j20 -l20
[1.547s] [ 50%] [32mBuilding CXX object CMakeFiles/robotiq_controllers.dir/src/robotiq_activation_controller.cpp.o[0m
[3.927s] [100%] [32m[1mLinking CXX shared library librobotiq_controllers.so[0m
[4.073s] [100%] Built target robotiq_controllers
[4.083s] Invoked command in '/home/emma/Documents/GitHub/magic/build/robotiq_controllers' returned '0': CMAKE_PREFIX_PATH=/opt/ros/humble CONDA_PROMPT_MODIFIER=(base) /usr/bin/cmake --build /home/emma/Documents/GitHub/magic/build/robotiq_controllers -- -j20 -l20
[4.084s] Invoking command in '/home/emma/Documents/GitHub/magic/build/robotiq_controllers': CMAKE_PREFIX_PATH=/opt/ros/humble CONDA_PROMPT_MODIFIER=(base) /usr/bin/cmake --install /home/emma/Documents/GitHub/magic/build/robotiq_controllers
[4.091s] -- Install configuration: ""
[4.092s] -- Installing: /home/emma/Documents/GitHub/magic/install/robotiq_controllers/share/robotiq_controllers/controller_plugins.xml
[4.092s] -- Installing: /home/emma/Documents/GitHub/magic/install/robotiq_controllers/lib/librobotiq_controllers.so
[4.093s] -- Set runtime path of "/home/emma/Documents/GitHub/magic/install/robotiq_controllers/lib/librobotiq_controllers.so" to ""
[4.093s] -- Installing: /home/emma/Documents/GitHub/magic/install/robotiq_controllers/include
[4.093s] -- Installing: /home/emma/Documents/GitHub/magic/install/robotiq_controllers/include/robotiq_controllers
[4.093s] -- Installing: /home/emma/Documents/GitHub/magic/install/robotiq_controllers/include/robotiq_controllers/robotiq_activation_controller.hpp
[4.093s] -- Installing: /home/emma/Documents/GitHub/magic/install/robotiq_controllers/share/robotiq_controllers/environment/library_path.sh
[4.093s] -- Installing: /home/emma/Documents/GitHub/magic/install/robotiq_controllers/share/robotiq_controllers/environment/library_path.dsv
[4.093s] -- Installing: /home/emma/Documents/GitHub/magic/install/robotiq_controllers/share/ament_index/resource_index/package_run_dependencies/robotiq_controllers
[4.093s] -- Installing: /home/emma/Documents/GitHub/magic/install/robotiq_controllers/share/ament_index/resource_index/parent_prefix_path/robotiq_controllers
[4.094s] -- Installing: /home/emma/Documents/GitHub/magic/install/robotiq_controllers/share/robotiq_controllers/environment/ament_prefix_path.sh
[4.094s] -- Installing: /home/emma/Documents/GitHub/magic/install/robotiq_controllers/share/robotiq_controllers/environment/ament_prefix_path.dsv
[4.094s] -- Installing: /home/emma/Documents/GitHub/magic/install/robotiq_controllers/share/robotiq_controllers/environment/path.sh
[4.094s] -- Installing: /home/emma/Documents/GitHub/magic/install/robotiq_controllers/share/robotiq_controllers/environment/path.dsv
[4.094s] -- Installing: /home/emma/Documents/GitHub/magic/install/robotiq_controllers/share/robotiq_controllers/local_setup.bash
[4.094s] -- Installing: /home/emma/Documents/GitHub/magic/install/robotiq_controllers/share/robotiq_controllers/local_setup.sh
[4.094s] -- Installing: /home/emma/Documents/GitHub/magic/install/robotiq_controllers/share/robotiq_controllers/local_setup.zsh
[4.094s] -- Installing: /home/emma/Documents/GitHub/magic/install/robotiq_controllers/share/robotiq_controllers/local_setup.dsv
[4.094s] -- Installing: /home/emma/Documents/GitHub/magic/install/robotiq_controllers/share/robotiq_controllers/package.dsv
[4.095s] -- Installing: /home/emma/Documents/GitHub/magic/install/robotiq_controllers/share/ament_index/resource_index/packages/robotiq_controllers
[4.095s] -- Installing: /home/emma/Documents/GitHub/magic/install/robotiq_controllers/share/ament_index/resource_index/controller_interface__pluginlib__plugin/robotiq_controllers
[4.095s] -- Installing: /home/emma/Documents/GitHub/magic/install/robotiq_controllers/share/robotiq_controllers/cmake/export_robotiq_controllersExport.cmake
[4.095s] -- Installing: /home/emma/Documents/GitHub/magic/install/robotiq_controllers/share/robotiq_controllers/cmake/export_robotiq_controllersExport-noconfig.cmake
[4.095s] -- Installing: /home/emma/Documents/GitHub/magic/install/robotiq_controllers/share/robotiq_controllers/cmake/ament_cmake_export_include_directories-extras.cmake
[4.095s] -- Installing: /home/emma/Documents/GitHub/magic/install/robotiq_controllers/share/robotiq_controllers/cmake/ament_cmake_export_libraries-extras.cmake
[4.095s] -- Installing: /home/emma/Documents/GitHub/magic/install/robotiq_controllers/share/robotiq_controllers/cmake/ament_cmake_export_targets-extras.cmake
[4.095s] -- Installing: /home/emma/Documents/GitHub/magic/install/robotiq_controllers/share/robotiq_controllers/cmake/ament_cmake_export_dependencies-extras.cmake
[4.096s] -- Installing: /home/emma/Documents/GitHub/magic/install/robotiq_controllers/share/robotiq_controllers/cmake/robotiq_controllersConfig.cmake
[4.096s] -- Installing: /home/emma/Documents/GitHub/magic/install/robotiq_controllers/share/robotiq_controllers/cmake/robotiq_controllersConfig-version.cmake
[4.096s] -- Installing: /home/emma/Documents/GitHub/magic/install/robotiq_controllers/share/robotiq_controllers/package.xml
[4.097s] Invoked command in '/home/emma/Documents/GitHub/magic/build/robotiq_controllers' returned '0': CMAKE_PREFIX_PATH=/opt/ros/humble CONDA_PROMPT_MODIFIER=(base) /usr/bin/cmake --install /home/emma/Documents/GitHub/magic/build/robotiq_controllers
