[0.006s] Invoking command in '/home/emma/Documents/GitHub/magic/build/robotiq_driver': AMENT_PREFIX_PATH=/home/emma/Documents/GitHub/magic/install/serial:${AMENT_PREFIX_PATH} CMAKE_PREFIX_PATH=/home/emma/Documents/GitHub/magic/install/serial:/opt/ros/humble CONDA_PROMPT_MODIFIER=(base) LD_LIBRARY_PATH=/home/emma/Documents/GitHub/magic/install/serial/lib:${LD_LIBRARY_PATH} /usr/bin/cmake /home/emma/Documents/GitHub/magic/ros2_ws/src/ros2_robotiq_gripper/robotiq_driver -DCMAKE_INSTALL_PREFIX=/home/emma/Documents/GitHub/magic/install/robotiq_driver
[0.052s] -- The CXX compiler identification is GNU 11.4.0
[0.056s] -- Detecting CXX compiler ABI info
[0.119s] -- Detecting CXX compiler ABI info - done
[0.124s] -- Check for working CXX compiler: /usr/bin/c++ - skipped
[0.125s] -- Detecting CXX compile features
[0.125s] -- Detecting CXX compile features - done
[0.127s] -- Found ament_cmake: 1.3.11 (/opt/ros/humble/share/ament_cmake/cmake)
[0.369s] -- Found Python3: /home/emma/anaconda3/bin/python3 (found version "3.12.7") found components: Interpreter 
[0.443s] -- Found hardware_interface: 2.48.0 (/opt/ros/humble/share/hardware_interface/cmake)
[0.471s] -- Found rosidl_generator_c: 3.1.6 (/opt/ros/humble/share/rosidl_generator_c/cmake)
[0.474s] -- Found rosidl_adapter: 3.1.6 (/opt/ros/humble/share/rosidl_adapter/cmake)
[0.480s] -- Found rosidl_generator_cpp: 3.1.6 (/opt/ros/humble/share/rosidl_generator_cpp/cmake)
[0.487s] -- Using all available rosidl_typesupport_c: rosidl_typesupport_fastrtps_c;rosidl_typesupport_introspection_c
[0.498s] -- Using all available rosidl_typesupport_cpp: rosidl_typesupport_fastrtps_cpp;rosidl_typesupport_introspection_cpp
[0.630s] -- Found rmw_implementation_cmake: 6.1.2 (/opt/ros/humble/share/rmw_implementation_cmake/cmake)
[0.632s] -- Found rmw_fastrtps_cpp: 6.2.7 (/opt/ros/humble/share/rmw_fastrtps_cpp/cmake)
[0.651s] -- Found TinyXML2 via Config file: TinyXML2_DIR-NOTFOUND
[0.703s] -- Found OpenSSL: /usr/lib/x86_64-linux-gnu/libcrypto.so (found version "3.0.2")  
[0.705s] -- Found TinyXML2 via Config file: TinyXML2_DIR-NOTFOUND
[0.716s] -- Found FastRTPS: /opt/ros/humble/include  
[0.718s] -- Found TinyXML2 via Config file: TinyXML2_DIR-NOTFOUND
[0.726s] -- Found TinyXML2 via Config file: TinyXML2_DIR-NOTFOUND
[0.736s] -- Using RMW implementation 'rmw_fastrtps_cpp' as default
[0.761s] -- Looking for C++ include pthread.h
[0.828s] -- Looking for C++ include pthread.h - found
[0.828s] -- Performing Test CMAKE_HAVE_LIBC_PTHREAD
[0.894s] -- Performing Test CMAKE_HAVE_LIBC_PTHREAD - Success
[0.895s] -- Found Threads: TRUE  
[0.927s] -- Found serial: 1.2.1 (/home/emma/Documents/GitHub/magic/install/serial/share/serial/cmake)
[0.939s] -- Found ament_cmake_gtest: 1.3.11 (/opt/ros/humble/share/ament_cmake_gtest/cmake)
[0.942s] -- Found ament_cmake_gmock: 1.3.11 (/opt/ros/humble/share/ament_cmake_gmock/cmake)
[0.945s] -- Found ament_lint_auto: 0.12.11 (/opt/ros/humble/share/ament_lint_auto/cmake)
[0.947s] -- Found ros2_control_test_assets: 2.48.0 (/opt/ros/humble/share/ros2_control_test_assets/cmake)
[1.030s] -- Found gmock sources under '/opt/ros/humble/src/gmock_vendor': C++ tests using 'Google Mock' will be built
[1.057s] -- The C compiler identification is GNU 11.4.0
[1.061s] -- Detecting C compiler ABI info
[1.107s] -- Detecting C compiler ABI info - done
[1.111s] -- Check for working C compiler: /usr/bin/cc - skipped
[1.111s] -- Detecting C compile features
[1.112s] -- Detecting C compile features - done
[1.114s] -- Found gtest sources under '/opt/ros/humble/src/gtest_vendor': C++ tests using 'Google Test' will be built
[1.178s] -- Configuring done
[1.234s] -- Generating done
[1.247s] -- Build files have been written to: /home/emma/Documents/GitHub/magic/build/robotiq_driver
[1.256s] Invoked command in '/home/emma/Documents/GitHub/magic/build/robotiq_driver' returned '0': AMENT_PREFIX_PATH=/home/emma/Documents/GitHub/magic/install/serial:${AMENT_PREFIX_PATH} CMAKE_PREFIX_PATH=/home/emma/Documents/GitHub/magic/install/serial:/opt/ros/humble CONDA_PROMPT_MODIFIER=(base) LD_LIBRARY_PATH=/home/emma/Documents/GitHub/magic/install/serial/lib:${LD_LIBRARY_PATH} /usr/bin/cmake /home/emma/Documents/GitHub/magic/ros2_ws/src/ros2_robotiq_gripper/robotiq_driver -DCMAKE_INSTALL_PREFIX=/home/emma/Documents/GitHub/magic/install/robotiq_driver
[1.256s] Invoking command in '/home/emma/Documents/GitHub/magic/build/robotiq_driver': AMENT_PREFIX_PATH=/home/emma/Documents/GitHub/magic/install/serial:${AMENT_PREFIX_PATH} CMAKE_PREFIX_PATH=/home/emma/Documents/GitHub/magic/install/serial:/opt/ros/humble CONDA_PROMPT_MODIFIER=(base) LD_LIBRARY_PATH=/home/emma/Documents/GitHub/magic/install/serial/lib:${LD_LIBRARY_PATH} /usr/bin/cmake --build /home/emma/Documents/GitHub/magic/build/robotiq_driver -- -j20 -l20
[1.299s] [  8%] [32mBuilding CXX object CMakeFiles/robotiq_driver.dir/src/data_utils.cpp.o[0m
[1.299s] [  8%] [32mBuilding CXX object CMakeFiles/robotiq_driver.dir/src/hardware_interface.cpp.o[0m
[1.299s] [ 12%] [32mBuilding CXX object CMakeFiles/robotiq_driver.dir/src/default_serial.cpp.o[0m
[1.300s] [ 16%] [32mBuilding CXX object CMakeFiles/robotiq_driver.dir/src/default_serial_factory.cpp.o[0m
[1.300s] [ 20%] [32mBuilding CXX object gmock/CMakeFiles/gmock_main.dir/src/gmock_main.cc.o[0m
[1.300s] [ 25%] [32mBuilding CXX object CMakeFiles/robotiq_driver.dir/src/default_driver.cpp.o[0m
[1.300s] [ 29%] [32mBuilding CXX object gmock/CMakeFiles/gmock.dir/opt/ros/humble/src/gtest_vendor/src/gtest-all.cc.o[0m
[1.301s] [ 37%] [32mBuilding CXX object gmock/CMakeFiles/gmock.dir/src/gmock-all.cc.o[0m
[1.301s] [ 37%] [32mBuilding CXX object CMakeFiles/robotiq_driver.dir/src/crc_utils.cpp.o[0m
[1.301s] [ 41%] [32mBuilding CXX object CMakeFiles/robotiq_driver.dir/src/default_driver_factory.cpp.o[0m
[1.301s] [ 45%] [32mBuilding CXX object CMakeFiles/robotiq_driver.dir/src/fake/fake_driver.cpp.o[0m
[2.133s] [ 50%] [32m[1mLinking CXX static library libgmock_main.a[0m
[2.180s] [ 50%] Built target gmock_main
[3.616s] [ 54%] [32m[1mLinking CXX static library libgmock.a[0m
[3.677s] [ 54%] Built target gmock
[3.841s] [ 58%] [32m[1mLinking CXX shared library librobotiq_driver.so[0m
[3.963s] [ 58%] Built target robotiq_driver
[3.977s] [ 62%] [32mBuilding CXX object tests/CMakeFiles/test_robotiq_gripper_hardware_interface.dir/test_robotiq_gripper_hardware_interface.cpp.o[0m
[3.979s] [ 66%] [32mBuilding CXX object tests/CMakeFiles/test_crc_utils.dir/test_crc_utils.cpp.o[0m
[3.979s] [ 70%] [32mBuilding CXX object tests/CMakeFiles/test_data_utils.dir/test_data_utils.cpp.o[0m
[3.980s] [ 79%] [32mBuilding CXX object tests/CMakeFiles/test_default_serial_factory.dir/test_default_serial_factory.cpp.o[0m
[3.980s] [ 79%] [32mBuilding CXX object tests/CMakeFiles/test_default_driver_factory.dir/test_default_driver_factory.cpp.o[0m
[4.603s] [ 83%] [32m[1mLinking CXX executable test_crc_utils[0m
[4.643s] [ 87%] [32m[1mLinking CXX executable test_data_utils[0m
[4.813s] [ 87%] Built target test_crc_utils
[4.844s] [ 87%] Built target test_data_utils
[5.590s] [ 91%] [32m[1mLinking CXX executable test_default_serial_factory[0m
[5.825s] [ 91%] Built target test_default_serial_factory
[6.400s] [ 95%] [32m[1mLinking CXX executable test_robotiq_gripper_hardware_interface[0m
[6.552s] [ 95%] Built target test_robotiq_gripper_hardware_interface
[6.659s] [100%] [32m[1mLinking CXX executable test_default_driver_factory[0m
[6.834s] [100%] Built target test_default_driver_factory
[6.844s] Invoked command in '/home/emma/Documents/GitHub/magic/build/robotiq_driver' returned '0': AMENT_PREFIX_PATH=/home/emma/Documents/GitHub/magic/install/serial:${AMENT_PREFIX_PATH} CMAKE_PREFIX_PATH=/home/emma/Documents/GitHub/magic/install/serial:/opt/ros/humble CONDA_PROMPT_MODIFIER=(base) LD_LIBRARY_PATH=/home/emma/Documents/GitHub/magic/install/serial/lib:${LD_LIBRARY_PATH} /usr/bin/cmake --build /home/emma/Documents/GitHub/magic/build/robotiq_driver -- -j20 -l20
[6.846s] Invoking command in '/home/emma/Documents/GitHub/magic/build/robotiq_driver': AMENT_PREFIX_PATH=/home/emma/Documents/GitHub/magic/install/serial:${AMENT_PREFIX_PATH} CMAKE_PREFIX_PATH=/home/emma/Documents/GitHub/magic/install/serial:/opt/ros/humble CONDA_PROMPT_MODIFIER=(base) LD_LIBRARY_PATH=/home/emma/Documents/GitHub/magic/install/serial/lib:${LD_LIBRARY_PATH} /usr/bin/cmake --install /home/emma/Documents/GitHub/magic/build/robotiq_driver
[6.851s] -- Install configuration: ""
[6.851s] -- Installing: /home/emma/Documents/GitHub/magic/install/robotiq_driver/share/robotiq_driver/hardware_interface_plugin.xml
[6.851s] -- Installing: /home/emma/Documents/GitHub/magic/install/robotiq_driver/share/robotiq_driver/environment/library_path.sh
[6.851s] -- Installing: /home/emma/Documents/GitHub/magic/install/robotiq_driver/share/robotiq_driver/environment/library_path.dsv
[6.851s] -- Installing: /home/emma/Documents/GitHub/magic/install/robotiq_driver/include
[6.851s] -- Installing: /home/emma/Documents/GitHub/magic/install/robotiq_driver/include/robotiq_driver
[6.851s] -- Installing: /home/emma/Documents/GitHub/magic/install/robotiq_driver/include/robotiq_driver/default_driver_factory.hpp
[6.851s] -- Installing: /home/emma/Documents/GitHub/magic/install/robotiq_driver/include/robotiq_driver/default_serial_factory.hpp
[6.852s] -- Installing: /home/emma/Documents/GitHub/magic/install/robotiq_driver/include/robotiq_driver/driver.hpp
[6.852s] -- Installing: /home/emma/Documents/GitHub/magic/install/robotiq_driver/include/robotiq_driver/hardware_interface.hpp
[6.852s] -- Installing: /home/emma/Documents/GitHub/magic/install/robotiq_driver/include/robotiq_driver/default_driver.hpp
[6.852s] -- Installing: /home/emma/Documents/GitHub/magic/install/robotiq_driver/include/robotiq_driver/serial.hpp
[6.852s] -- Installing: /home/emma/Documents/GitHub/magic/install/robotiq_driver/include/robotiq_driver/driver_exception.hpp
[6.852s] -- Installing: /home/emma/Documents/GitHub/magic/install/robotiq_driver/include/robotiq_driver/data_utils.hpp
[6.852s] -- Installing: /home/emma/Documents/GitHub/magic/install/robotiq_driver/include/robotiq_driver/driver_factory.hpp
[6.852s] -- Installing: /home/emma/Documents/GitHub/magic/install/robotiq_driver/include/robotiq_driver/default_serial.hpp
[6.852s] -- Installing: /home/emma/Documents/GitHub/magic/install/robotiq_driver/include/robotiq_driver/fake
[6.852s] -- Installing: /home/emma/Documents/GitHub/magic/install/robotiq_driver/include/robotiq_driver/fake/fake_driver.hpp
[6.852s] -- Installing: /home/emma/Documents/GitHub/magic/install/robotiq_driver/include/robotiq_driver/crc_utils.hpp
[6.852s] -- Installing: /home/emma/Documents/GitHub/magic/install/robotiq_driver/include/robotiq_driver/serial_factory.hpp
[6.852s] -- Installing: /home/emma/Documents/GitHub/magic/install/robotiq_driver/include/robotiq_driver/visibility_control.hpp
[6.852s] -- Installing: /home/emma/Documents/GitHub/magic/install/robotiq_driver/lib/librobotiq_driver.so
[6.852s] -- Set runtime path of "/home/emma/Documents/GitHub/magic/install/robotiq_driver/lib/librobotiq_driver.so" to ""
[6.853s] -- Installing: /home/emma/Documents/GitHub/magic/install/robotiq_driver/share/ament_index/resource_index/package_run_dependencies/robotiq_driver
[6.853s] -- Installing: /home/emma/Documents/GitHub/magic/install/robotiq_driver/share/ament_index/resource_index/parent_prefix_path/robotiq_driver
[6.853s] -- Installing: /home/emma/Documents/GitHub/magic/install/robotiq_driver/share/robotiq_driver/environment/ament_prefix_path.sh
[6.853s] -- Installing: /home/emma/Documents/GitHub/magic/install/robotiq_driver/share/robotiq_driver/environment/ament_prefix_path.dsv
[6.853s] -- Installing: /home/emma/Documents/GitHub/magic/install/robotiq_driver/share/robotiq_driver/environment/path.sh
[6.853s] -- Installing: /home/emma/Documents/GitHub/magic/install/robotiq_driver/share/robotiq_driver/environment/path.dsv
[6.853s] -- Installing: /home/emma/Documents/GitHub/magic/install/robotiq_driver/share/robotiq_driver/local_setup.bash
[6.853s] -- Installing: /home/emma/Documents/GitHub/magic/install/robotiq_driver/share/robotiq_driver/local_setup.sh
[6.853s] -- Installing: /home/emma/Documents/GitHub/magic/install/robotiq_driver/share/robotiq_driver/local_setup.zsh
[6.853s] -- Installing: /home/emma/Documents/GitHub/magic/install/robotiq_driver/share/robotiq_driver/local_setup.dsv
[6.853s] -- Installing: /home/emma/Documents/GitHub/magic/install/robotiq_driver/share/robotiq_driver/package.dsv
[6.853s] -- Installing: /home/emma/Documents/GitHub/magic/install/robotiq_driver/share/ament_index/resource_index/packages/robotiq_driver
[6.853s] -- Installing: /home/emma/Documents/GitHub/magic/install/robotiq_driver/share/ament_index/resource_index/hardware_interface__pluginlib__plugin/robotiq_driver
[6.853s] -- Installing: /home/emma/Documents/GitHub/magic/install/robotiq_driver/share/robotiq_driver/cmake/robotiq_driver_targetsExport.cmake
[6.853s] -- Installing: /home/emma/Documents/GitHub/magic/install/robotiq_driver/share/robotiq_driver/cmake/robotiq_driver_targetsExport-noconfig.cmake
[6.853s] -- Installing: /home/emma/Documents/GitHub/magic/install/robotiq_driver/share/robotiq_driver/cmake/ament_cmake_export_targets-extras.cmake
[6.853s] -- Installing: /home/emma/Documents/GitHub/magic/install/robotiq_driver/share/robotiq_driver/cmake/ament_cmake_export_dependencies-extras.cmake
[6.853s] -- Installing: /home/emma/Documents/GitHub/magic/install/robotiq_driver/share/robotiq_driver/cmake/ament_cmake_export_include_directories-extras.cmake
[6.853s] -- Installing: /home/emma/Documents/GitHub/magic/install/robotiq_driver/share/robotiq_driver/cmake/ament_cmake_export_libraries-extras.cmake
[6.853s] -- Installing: /home/emma/Documents/GitHub/magic/install/robotiq_driver/share/robotiq_driver/cmake/robotiq_driverConfig.cmake
[6.854s] -- Installing: /home/emma/Documents/GitHub/magic/install/robotiq_driver/share/robotiq_driver/cmake/robotiq_driverConfig-version.cmake
[6.854s] -- Installing: /home/emma/Documents/GitHub/magic/install/robotiq_driver/share/robotiq_driver/package.xml
[6.855s] Invoked command in '/home/emma/Documents/GitHub/magic/build/robotiq_driver' returned '0': AMENT_PREFIX_PATH=/home/emma/Documents/GitHub/magic/install/serial:${AMENT_PREFIX_PATH} CMAKE_PREFIX_PATH=/home/emma/Documents/GitHub/magic/install/serial:/opt/ros/humble CONDA_PROMPT_MODIFIER=(base) LD_LIBRARY_PATH=/home/emma/Documents/GitHub/magic/install/serial/lib:${LD_LIBRARY_PATH} /usr/bin/cmake --install /home/emma/Documents/GitHub/magic/build/robotiq_driver
