[0.020s] Invoking command in '/home/megan/magic/ros2_ws/build/steering_controllers_library': AMENT_PREFIX_PATH=/home/megan/magic/ros2_ws/install/controller_manager:/home/megan/magic/ros2_ws/install/hardware_interface_testing:/home/megan/magic/ros2_ws/install/controller_interface:/home/megan/magic/ros2_ws/install/hardware_interface:/home/megan/magic/ros2_ws/install/ros2_control_test_assets:/home/megan/magic/ros2_ws/install/controller_manager_msgs:/home/megan/magic/ros2_ws/install/control_msgs:${AMENT_PREFIX_PATH} CMAKE_PREFIX_PATH=/home/megan/magic/ros2_ws/install/controller_manager:/home/megan/magic/ros2_ws/install/hardware_interface_testing:/home/megan/magic/ros2_ws/install/controller_interface:/home/megan/magic/ros2_ws/install/hardware_interface:/home/megan/magic/ros2_ws/install/ros2_control_test_assets:/home/megan/magic/ros2_ws/install/controller_manager_msgs:/home/megan/magic/ros2_ws/install/control_msgs:/opt/ros/humble LD_LIBRARY_PATH=/home/megan/magic/ros2_ws/install/controller_manager/lib:/home/megan/magic/ros2_ws/install/hardware_interface_testing/lib:/home/megan/magic/ros2_ws/install/controller_interface/lib:/home/megan/magic/ros2_ws/install/hardware_interface/lib:/home/megan/magic/ros2_ws/install/controller_manager_msgs/lib:/home/megan/magic/ros2_ws/install/control_msgs/lib:${LD_LIBRARY_PATH} PYTHONPATH=/home/megan/magic/ros2_ws/install/controller_manager/lib/python3.10/site-packages:/home/megan/magic/ros2_ws/install/controller_manager_msgs/lib/python3.10/site-packages:/home/megan/magic/ros2_ws/install/control_msgs/lib/python3.10/site-packages:${PYTHONPATH} VIRTUAL_ENV_PROMPT=(magic) /usr/bin/cmake --build /home/megan/magic/ros2_ws/build/steering_controllers_library -- -j20 -l20
[0.059s] [35m[1mConsolidate compiler generated dependencies of target gmock[0m
[0.059s] [35m[1mConsolidate compiler generated dependencies of target gmock_main[0m
[0.067s] [ 14%] Built target steering_controllers_library_parameters
[0.069s] [ 28%] Built target gmock_main
[0.070s] [ 50%] Built target gmock
[0.077s] [35m[1mConsolidate compiler generated dependencies of target steering_controllers_library[0m
[0.093s] [ 57%] [32m[1mLinking CXX shared library libsteering_controllers_library.so[0m
[0.279s] [ 71%] Built target steering_controllers_library
[0.302s] [ 78%] [32mBuilding CXX object CMakeFiles/test_steering_odometry.dir/test/test_steering_odometry.cpp.o[0m
[0.303s] [ 85%] [32mBuilding CXX object CMakeFiles/test_steering_controllers_library.dir/test/test_steering_controllers_library.cpp.o[0m
[2.301s] [ 92%] [32m[1mLinking CXX executable test_steering_odometry[0m
[2.479s] [ 92%] Built target test_steering_odometry
[6.887s] [100%] [32m[1mLinking CXX executable test_steering_controllers_library[0m
[7.047s] [100%] Built target test_steering_controllers_library
[7.059s] Invoked command in '/home/megan/magic/ros2_ws/build/steering_controllers_library' returned '0': AMENT_PREFIX_PATH=/home/megan/magic/ros2_ws/install/controller_manager:/home/megan/magic/ros2_ws/install/hardware_interface_testing:/home/megan/magic/ros2_ws/install/controller_interface:/home/megan/magic/ros2_ws/install/hardware_interface:/home/megan/magic/ros2_ws/install/ros2_control_test_assets:/home/megan/magic/ros2_ws/install/controller_manager_msgs:/home/megan/magic/ros2_ws/install/control_msgs:${AMENT_PREFIX_PATH} CMAKE_PREFIX_PATH=/home/megan/magic/ros2_ws/install/controller_manager:/home/megan/magic/ros2_ws/install/hardware_interface_testing:/home/megan/magic/ros2_ws/install/controller_interface:/home/megan/magic/ros2_ws/install/hardware_interface:/home/megan/magic/ros2_ws/install/ros2_control_test_assets:/home/megan/magic/ros2_ws/install/controller_manager_msgs:/home/megan/magic/ros2_ws/install/control_msgs:/opt/ros/humble LD_LIBRARY_PATH=/home/megan/magic/ros2_ws/install/controller_manager/lib:/home/megan/magic/ros2_ws/install/hardware_interface_testing/lib:/home/megan/magic/ros2_ws/install/controller_interface/lib:/home/megan/magic/ros2_ws/install/hardware_interface/lib:/home/megan/magic/ros2_ws/install/controller_manager_msgs/lib:/home/megan/magic/ros2_ws/install/control_msgs/lib:${LD_LIBRARY_PATH} PYTHONPATH=/home/megan/magic/ros2_ws/install/controller_manager/lib/python3.10/site-packages:/home/megan/magic/ros2_ws/install/controller_manager_msgs/lib/python3.10/site-packages:/home/megan/magic/ros2_ws/install/control_msgs/lib/python3.10/site-packages:${PYTHONPATH} VIRTUAL_ENV_PROMPT=(magic) /usr/bin/cmake --build /home/megan/magic/ros2_ws/build/steering_controllers_library -- -j20 -l20
[7.060s] Invoking command in '/home/megan/magic/ros2_ws/build/steering_controllers_library': AMENT_PREFIX_PATH=/home/megan/magic/ros2_ws/install/controller_manager:/home/megan/magic/ros2_ws/install/hardware_interface_testing:/home/megan/magic/ros2_ws/install/controller_interface:/home/megan/magic/ros2_ws/install/hardware_interface:/home/megan/magic/ros2_ws/install/ros2_control_test_assets:/home/megan/magic/ros2_ws/install/controller_manager_msgs:/home/megan/magic/ros2_ws/install/control_msgs:${AMENT_PREFIX_PATH} CMAKE_PREFIX_PATH=/home/megan/magic/ros2_ws/install/controller_manager:/home/megan/magic/ros2_ws/install/hardware_interface_testing:/home/megan/magic/ros2_ws/install/controller_interface:/home/megan/magic/ros2_ws/install/hardware_interface:/home/megan/magic/ros2_ws/install/ros2_control_test_assets:/home/megan/magic/ros2_ws/install/controller_manager_msgs:/home/megan/magic/ros2_ws/install/control_msgs:/opt/ros/humble LD_LIBRARY_PATH=/home/megan/magic/ros2_ws/install/controller_manager/lib:/home/megan/magic/ros2_ws/install/hardware_interface_testing/lib:/home/megan/magic/ros2_ws/install/controller_interface/lib:/home/megan/magic/ros2_ws/install/hardware_interface/lib:/home/megan/magic/ros2_ws/install/controller_manager_msgs/lib:/home/megan/magic/ros2_ws/install/control_msgs/lib:${LD_LIBRARY_PATH} PYTHONPATH=/home/megan/magic/ros2_ws/install/controller_manager/lib/python3.10/site-packages:/home/megan/magic/ros2_ws/install/controller_manager_msgs/lib/python3.10/site-packages:/home/megan/magic/ros2_ws/install/control_msgs/lib/python3.10/site-packages:${PYTHONPATH} VIRTUAL_ENV_PROMPT=(magic) /usr/bin/cmake --install /home/megan/magic/ros2_ws/build/steering_controllers_library
[7.067s] -- Install configuration: "Release"
[7.068s] -- Installing: /home/megan/magic/ros2_ws/install/steering_controllers_library/include/steering_controllers_library
[7.068s] -- Installing: /home/megan/magic/ros2_ws/install/steering_controllers_library/include/steering_controllers_library/steering_controllers_library_parameters.hpp
[7.068s] -- Up-to-date: /home/megan/magic/ros2_ws/install/steering_controllers_library/include/steering_controllers_library
[7.068s] -- Installing: /home/megan/magic/ros2_ws/install/steering_controllers_library/include/steering_controllers_library/steering_controllers_library
[7.068s] -- Installing: /home/megan/magic/ros2_ws/install/steering_controllers_library/include/steering_controllers_library/steering_controllers_library/visibility_control.h
[7.068s] -- Installing: /home/megan/magic/ros2_ws/install/steering_controllers_library/include/steering_controllers_library/steering_controllers_library/steering_odometry.hpp
[7.068s] -- Installing: /home/megan/magic/ros2_ws/install/steering_controllers_library/include/steering_controllers_library/steering_controllers_library/steering_controllers_library.hpp
[7.068s] -- Installing: /home/megan/magic/ros2_ws/install/steering_controllers_library/lib/libsteering_controllers_library.so
[7.069s] -- Set runtime path of "/home/megan/magic/ros2_ws/install/steering_controllers_library/lib/libsteering_controllers_library.so" to ""
[7.069s] -- Installing: /home/megan/magic/ros2_ws/install/steering_controllers_library/share/steering_controllers_library/environment/library_path.sh
[7.070s] -- Installing: /home/megan/magic/ros2_ws/install/steering_controllers_library/share/steering_controllers_library/environment/library_path.dsv
[7.070s] -- Installing: /home/megan/magic/ros2_ws/install/steering_controllers_library/share/ament_index/resource_index/package_run_dependencies/steering_controllers_library
[7.070s] -- Installing: /home/megan/magic/ros2_ws/install/steering_controllers_library/share/ament_index/resource_index/parent_prefix_path/steering_controllers_library
[7.070s] -- Installing: /home/megan/magic/ros2_ws/install/steering_controllers_library/share/steering_controllers_library/environment/ament_prefix_path.sh
[7.070s] -- Installing: /home/megan/magic/ros2_ws/install/steering_controllers_library/share/steering_controllers_library/environment/ament_prefix_path.dsv
[7.070s] -- Installing: /home/megan/magic/ros2_ws/install/steering_controllers_library/share/steering_controllers_library/environment/path.sh
[7.070s] -- Installing: /home/megan/magic/ros2_ws/install/steering_controllers_library/share/steering_controllers_library/environment/path.dsv
[7.070s] -- Installing: /home/megan/magic/ros2_ws/install/steering_controllers_library/share/steering_controllers_library/local_setup.bash
[7.070s] -- Installing: /home/megan/magic/ros2_ws/install/steering_controllers_library/share/steering_controllers_library/local_setup.sh
[7.070s] -- Installing: /home/megan/magic/ros2_ws/install/steering_controllers_library/share/steering_controllers_library/local_setup.zsh
[7.070s] -- Installing: /home/megan/magic/ros2_ws/install/steering_controllers_library/share/steering_controllers_library/local_setup.dsv
[7.071s] -- Installing: /home/megan/magic/ros2_ws/install/steering_controllers_library/share/steering_controllers_library/package.dsv
[7.071s] -- Installing: /home/megan/magic/ros2_ws/install/steering_controllers_library/share/ament_index/resource_index/packages/steering_controllers_library
[7.071s] -- Installing: /home/megan/magic/ros2_ws/install/steering_controllers_library/share/steering_controllers_library/cmake/export_steering_controllers_libraryExport.cmake
[7.071s] -- Installing: /home/megan/magic/ros2_ws/install/steering_controllers_library/share/steering_controllers_library/cmake/export_steering_controllers_libraryExport-release.cmake
[7.071s] -- Installing: /home/megan/magic/ros2_ws/install/steering_controllers_library/share/steering_controllers_library/cmake/ament_cmake_export_dependencies-extras.cmake
[7.071s] -- Installing: /home/megan/magic/ros2_ws/install/steering_controllers_library/share/steering_controllers_library/cmake/ament_cmake_export_targets-extras.cmake
[7.071s] -- Installing: /home/megan/magic/ros2_ws/install/steering_controllers_library/share/steering_controllers_library/cmake/steering_controllers_libraryConfig.cmake
[7.071s] -- Installing: /home/megan/magic/ros2_ws/install/steering_controllers_library/share/steering_controllers_library/cmake/steering_controllers_libraryConfig-version.cmake
[7.071s] -- Installing: /home/megan/magic/ros2_ws/install/steering_controllers_library/share/steering_controllers_library/package.xml
[7.073s] Invoked command in '/home/megan/magic/ros2_ws/build/steering_controllers_library' returned '0': AMENT_PREFIX_PATH=/home/megan/magic/ros2_ws/install/controller_manager:/home/megan/magic/ros2_ws/install/hardware_interface_testing:/home/megan/magic/ros2_ws/install/controller_interface:/home/megan/magic/ros2_ws/install/hardware_interface:/home/megan/magic/ros2_ws/install/ros2_control_test_assets:/home/megan/magic/ros2_ws/install/controller_manager_msgs:/home/megan/magic/ros2_ws/install/control_msgs:${AMENT_PREFIX_PATH} CMAKE_PREFIX_PATH=/home/megan/magic/ros2_ws/install/controller_manager:/home/megan/magic/ros2_ws/install/hardware_interface_testing:/home/megan/magic/ros2_ws/install/controller_interface:/home/megan/magic/ros2_ws/install/hardware_interface:/home/megan/magic/ros2_ws/install/ros2_control_test_assets:/home/megan/magic/ros2_ws/install/controller_manager_msgs:/home/megan/magic/ros2_ws/install/control_msgs:/opt/ros/humble LD_LIBRARY_PATH=/home/megan/magic/ros2_ws/install/controller_manager/lib:/home/megan/magic/ros2_ws/install/hardware_interface_testing/lib:/home/megan/magic/ros2_ws/install/controller_interface/lib:/home/megan/magic/ros2_ws/install/hardware_interface/lib:/home/megan/magic/ros2_ws/install/controller_manager_msgs/lib:/home/megan/magic/ros2_ws/install/control_msgs/lib:${LD_LIBRARY_PATH} PYTHONPATH=/home/megan/magic/ros2_ws/install/controller_manager/lib/python3.10/site-packages:/home/megan/magic/ros2_ws/install/controller_manager_msgs/lib/python3.10/site-packages:/home/megan/magic/ros2_ws/install/control_msgs/lib/python3.10/site-packages:${PYTHONPATH} VIRTUAL_ENV_PROMPT=(magic) /usr/bin/cmake --install /home/megan/magic/ros2_ws/build/steering_controllers_library
