[0.024s] Invoking command in '/home/emma/Documents/GitHub/magic/build/kinova_gen3_6dof_robotiq_2f_85_moveit_config': AMENT_PREFIX_PATH=/home/emma/Documents/GitHub/magic/install/kortex_description:/home/emma/Documents/GitHub/magic/install/robotiq_description:${AMENT_PREFIX_PATH} CMAKE_PREFIX_PATH=/home/emma/Documents/GitHub/magic/install/kortex_description:/home/emma/Documents/GitHub/magic/install/robotiq_description:/opt/ros/humble CONDA_PROMPT_MODIFIER=(base) /usr/bin/cmake --build /home/emma/Documents/GitHub/magic/build/kinova_gen3_6dof_robotiq_2f_85_moveit_config -- -j20 -l20
[0.062s] Invoked command in '/home/emma/Documents/GitHub/magic/build/kinova_gen3_6dof_robotiq_2f_85_moveit_config' returned '0': AMENT_PREFIX_PATH=/home/emma/Documents/GitHub/magic/install/kortex_description:/home/emma/Documents/GitHub/magic/install/robotiq_description:${AMENT_PREFIX_PATH} CMAKE_PREFIX_PATH=/home/emma/Documents/GitHub/magic/install/kortex_description:/home/emma/Documents/GitHub/magic/install/robotiq_description:/opt/ros/humble CONDA_PROMPT_MODIFIER=(base) /usr/bin/cmake --build /home/emma/Documents/GitHub/magic/build/kinova_gen3_6dof_robotiq_2f_85_moveit_config -- -j20 -l20
[0.063s] Invoking command in '/home/emma/Documents/GitHub/magic/build/kinova_gen3_6dof_robotiq_2f_85_moveit_config': AMENT_PREFIX_PATH=/home/emma/Documents/GitHub/magic/install/kortex_description:/home/emma/Documents/GitHub/magic/install/robotiq_description:${AMENT_PREFIX_PATH} CMAKE_PREFIX_PATH=/home/emma/Documents/GitHub/magic/install/kortex_description:/home/emma/Documents/GitHub/magic/install/robotiq_description:/opt/ros/humble CONDA_PROMPT_MODIFIER=(base) /usr/bin/cmake --install /home/emma/Documents/GitHub/magic/build/kinova_gen3_6dof_robotiq_2f_85_moveit_config
[0.068s] -- Install configuration: ""
[0.068s] -- Up-to-date: /home/emma/Documents/GitHub/magic/install/kinova_gen3_6dof_robotiq_2f_85_moveit_config/share/ament_index/resource_index/package_run_dependencies/kinova_gen3_6dof_robotiq_2f_85_moveit_config
[0.068s] -- Up-to-date: /home/emma/Documents/GitHub/magic/install/kinova_gen3_6dof_robotiq_2f_85_moveit_config/share/ament_index/resource_index/parent_prefix_path/kinova_gen3_6dof_robotiq_2f_85_moveit_config
[0.069s] -- Up-to-date: /home/emma/Documents/GitHub/magic/install/kinova_gen3_6dof_robotiq_2f_85_moveit_config/share/kinova_gen3_6dof_robotiq_2f_85_moveit_config/environment/ament_prefix_path.sh
[0.069s] -- Up-to-date: /home/emma/Documents/GitHub/magic/install/kinova_gen3_6dof_robotiq_2f_85_moveit_config/share/kinova_gen3_6dof_robotiq_2f_85_moveit_config/environment/ament_prefix_path.dsv
[0.069s] -- Up-to-date: /home/emma/Documents/GitHub/magic/install/kinova_gen3_6dof_robotiq_2f_85_moveit_config/share/kinova_gen3_6dof_robotiq_2f_85_moveit_config/environment/path.sh
[0.069s] -- Up-to-date: /home/emma/Documents/GitHub/magic/install/kinova_gen3_6dof_robotiq_2f_85_moveit_config/share/kinova_gen3_6dof_robotiq_2f_85_moveit_config/environment/path.dsv
[0.069s] -- Up-to-date: /home/emma/Documents/GitHub/magic/install/kinova_gen3_6dof_robotiq_2f_85_moveit_config/share/kinova_gen3_6dof_robotiq_2f_85_moveit_config/local_setup.bash
[0.069s] -- Up-to-date: /home/emma/Documents/GitHub/magic/install/kinova_gen3_6dof_robotiq_2f_85_moveit_config/share/kinova_gen3_6dof_robotiq_2f_85_moveit_config/local_setup.sh
[0.069s] -- Up-to-date: /home/emma/Documents/GitHub/magic/install/kinova_gen3_6dof_robotiq_2f_85_moveit_config/share/kinova_gen3_6dof_robotiq_2f_85_moveit_config/local_setup.zsh
[0.069s] -- Up-to-date: /home/emma/Documents/GitHub/magic/install/kinova_gen3_6dof_robotiq_2f_85_moveit_config/share/kinova_gen3_6dof_robotiq_2f_85_moveit_config/local_setup.dsv
[0.069s] -- Installing: /home/emma/Documents/GitHub/magic/install/kinova_gen3_6dof_robotiq_2f_85_moveit_config/share/kinova_gen3_6dof_robotiq_2f_85_moveit_config/package.dsv
[0.069s] -- Up-to-date: /home/emma/Documents/GitHub/magic/install/kinova_gen3_6dof_robotiq_2f_85_moveit_config/share/ament_index/resource_index/packages/kinova_gen3_6dof_robotiq_2f_85_moveit_config
[0.069s] -- Up-to-date: /home/emma/Documents/GitHub/magic/install/kinova_gen3_6dof_robotiq_2f_85_moveit_config/share/kinova_gen3_6dof_robotiq_2f_85_moveit_config/cmake/kinova_gen3_6dof_robotiq_2f_85_moveit_configConfig.cmake
[0.070s] -- Up-to-date: /home/emma/Documents/GitHub/magic/install/kinova_gen3_6dof_robotiq_2f_85_moveit_config/share/kinova_gen3_6dof_robotiq_2f_85_moveit_config/cmake/kinova_gen3_6dof_robotiq_2f_85_moveit_configConfig-version.cmake
[0.070s] -- Up-to-date: /home/emma/Documents/GitHub/magic/install/kinova_gen3_6dof_robotiq_2f_85_moveit_config/share/kinova_gen3_6dof_robotiq_2f_85_moveit_config/package.xml
[0.070s] -- Up-to-date: /home/emma/Documents/GitHub/magic/install/kinova_gen3_6dof_robotiq_2f_85_moveit_config/share/kinova_gen3_6dof_robotiq_2f_85_moveit_config/launch
[0.070s] -- Up-to-date: /home/emma/Documents/GitHub/magic/install/kinova_gen3_6dof_robotiq_2f_85_moveit_config/share/kinova_gen3_6dof_robotiq_2f_85_moveit_config/launch/rsp.launch.py
[0.070s] -- Up-to-date: /home/emma/Documents/GitHub/magic/install/kinova_gen3_6dof_robotiq_2f_85_moveit_config/share/kinova_gen3_6dof_robotiq_2f_85_moveit_config/launch/move_group.launch.py
[0.070s] -- Up-to-date: /home/emma/Documents/GitHub/magic/install/kinova_gen3_6dof_robotiq_2f_85_moveit_config/share/kinova_gen3_6dof_robotiq_2f_85_moveit_config/launch/sim.launch.py
[0.070s] -- Up-to-date: /home/emma/Documents/GitHub/magic/install/kinova_gen3_6dof_robotiq_2f_85_moveit_config/share/kinova_gen3_6dof_robotiq_2f_85_moveit_config/launch/moveit_rviz.launch.py
[0.070s] -- Up-to-date: /home/emma/Documents/GitHub/magic/install/kinova_gen3_6dof_robotiq_2f_85_moveit_config/share/kinova_gen3_6dof_robotiq_2f_85_moveit_config/launch/static_virtual_joint_tfs.launch.py
[0.070s] -- Up-to-date: /home/emma/Documents/GitHub/magic/install/kinova_gen3_6dof_robotiq_2f_85_moveit_config/share/kinova_gen3_6dof_robotiq_2f_85_moveit_config/launch/spawn_controllers.launch.py
[0.071s] -- Up-to-date: /home/emma/Documents/GitHub/magic/install/kinova_gen3_6dof_robotiq_2f_85_moveit_config/share/kinova_gen3_6dof_robotiq_2f_85_moveit_config/launch/setup_assistant.launch.py
[0.071s] -- Up-to-date: /home/emma/Documents/GitHub/magic/install/kinova_gen3_6dof_robotiq_2f_85_moveit_config/share/kinova_gen3_6dof_robotiq_2f_85_moveit_config/launch/robot.launch.py
[0.071s] -- Up-to-date: /home/emma/Documents/GitHub/magic/install/kinova_gen3_6dof_robotiq_2f_85_moveit_config/share/kinova_gen3_6dof_robotiq_2f_85_moveit_config/config
[0.071s] -- Up-to-date: /home/emma/Documents/GitHub/magic/install/kinova_gen3_6dof_robotiq_2f_85_moveit_config/share/kinova_gen3_6dof_robotiq_2f_85_moveit_config/config/pilz_cartesian_limits.yaml
[0.071s] -- Up-to-date: /home/emma/Documents/GitHub/magic/install/kinova_gen3_6dof_robotiq_2f_85_moveit_config/share/kinova_gen3_6dof_robotiq_2f_85_moveit_config/config/moveit.rviz
[0.071s] -- Up-to-date: /home/emma/Documents/GitHub/magic/install/kinova_gen3_6dof_robotiq_2f_85_moveit_config/share/kinova_gen3_6dof_robotiq_2f_85_moveit_config/config/initial_positions.yaml
[0.071s] -- Up-to-date: /home/emma/Documents/GitHub/magic/install/kinova_gen3_6dof_robotiq_2f_85_moveit_config/share/kinova_gen3_6dof_robotiq_2f_85_moveit_config/config/gen3.srdf
[0.071s] -- Up-to-date: /home/emma/Documents/GitHub/magic/install/kinova_gen3_6dof_robotiq_2f_85_moveit_config/share/kinova_gen3_6dof_robotiq_2f_85_moveit_config/config/ompl_planning.yaml
[0.071s] -- Up-to-date: /home/emma/Documents/GitHub/magic/install/kinova_gen3_6dof_robotiq_2f_85_moveit_config/share/kinova_gen3_6dof_robotiq_2f_85_moveit_config/config/ros2_controllers.yaml
[0.071s] -- Up-to-date: /home/emma/Documents/GitHub/magic/install/kinova_gen3_6dof_robotiq_2f_85_moveit_config/share/kinova_gen3_6dof_robotiq_2f_85_moveit_config/config/moveit_controllers.yaml
[0.071s] -- Up-to-date: /home/emma/Documents/GitHub/magic/install/kinova_gen3_6dof_robotiq_2f_85_moveit_config/share/kinova_gen3_6dof_robotiq_2f_85_moveit_config/config/joint_limits.yaml
[0.071s] -- Up-to-date: /home/emma/Documents/GitHub/magic/install/kinova_gen3_6dof_robotiq_2f_85_moveit_config/share/kinova_gen3_6dof_robotiq_2f_85_moveit_config/config/kinematics.yaml
[0.071s] -- Up-to-date: /home/emma/Documents/GitHub/magic/install/kinova_gen3_6dof_robotiq_2f_85_moveit_config/share/kinova_gen3_6dof_robotiq_2f_85_moveit_config/.setup_assistant
[0.093s] Invoked command in '/home/emma/Documents/GitHub/magic/build/kinova_gen3_6dof_robotiq_2f_85_moveit_config' returned '0': AMENT_PREFIX_PATH=/home/emma/Documents/GitHub/magic/install/kortex_description:/home/emma/Documents/GitHub/magic/install/robotiq_description:${AMENT_PREFIX_PATH} CMAKE_PREFIX_PATH=/home/emma/Documents/GitHub/magic/install/kortex_description:/home/emma/Documents/GitHub/magic/install/robotiq_description:/opt/ros/humble CONDA_PROMPT_MODIFIER=(base) /usr/bin/cmake --install /home/emma/Documents/GitHub/magic/build/kinova_gen3_6dof_robotiq_2f_85_moveit_config
