[0.044s] Invoking command in '/home/megan/magic/ros2_ws/build/bicycle_steering_controller': AMENT_PREFIX_PATH=/home/megan/magic/ros2_ws/install/steering_controllers_library:/home/megan/magic/ros2_ws/install/controller_manager:/home/megan/magic/ros2_ws/install/hardware_interface_testing:/home/megan/magic/ros2_ws/install/controller_interface:/home/megan/magic/ros2_ws/install/hardware_interface:/home/megan/magic/ros2_ws/install/ros2_control_test_assets:/home/megan/magic/ros2_ws/install/controller_manager_msgs:/home/megan/magic/ros2_ws/install/control_msgs:${AMENT_PREFIX_PATH} CMAKE_PREFIX_PATH=/home/megan/magic/ros2_ws/install/steering_controllers_library:/home/megan/magic/ros2_ws/install/controller_manager:/home/megan/magic/ros2_ws/install/hardware_interface_testing:/home/megan/magic/ros2_ws/install/controller_interface:/home/megan/magic/ros2_ws/install/hardware_interface:/home/megan/magic/ros2_ws/install/ros2_control_test_assets:/home/megan/magic/ros2_ws/install/controller_manager_msgs:/home/megan/magic/ros2_ws/install/control_msgs:/opt/ros/humble LD_LIBRARY_PATH=/home/megan/magic/ros2_ws/install/steering_controllers_library/lib:/home/megan/magic/ros2_ws/install/controller_manager/lib:/home/megan/magic/ros2_ws/install/hardware_interface_testing/lib:/home/megan/magic/ros2_ws/install/controller_interface/lib:/home/megan/magic/ros2_ws/install/hardware_interface/lib:/home/megan/magic/ros2_ws/install/controller_manager_msgs/lib:/home/megan/magic/ros2_ws/install/control_msgs/lib:${LD_LIBRARY_PATH} PYTHONPATH=/home/megan/magic/ros2_ws/install/controller_manager/lib/python3.10/site-packages:/home/megan/magic/ros2_ws/install/controller_manager_msgs/lib/python3.10/site-packages:/home/megan/magic/ros2_ws/install/control_msgs/lib/python3.10/site-packages:${PYTHONPATH} VIRTUAL_ENV_PROMPT=(magic) /usr/bin/cmake --build /home/megan/magic/ros2_ws/build/bicycle_steering_controller -- -j20 -l20
[0.092s] [35m[1mConsolidate compiler generated dependencies of target gmock[0m
[0.102s] [ 15%] Built target bicycle_steering_controller_parameters
[0.107s] [ 38%] Built target gmock
[0.113s] [35m[1mConsolidate compiler generated dependencies of target bicycle_steering_controller[0m
[0.118s] [35m[1mConsolidate compiler generated dependencies of target test_load_bicycle_steering_controller[0m
[0.128s] [ 53%] Built target bicycle_steering_controller
[0.135s] [ 69%] Built target test_load_bicycle_steering_controller
[0.138s] [35m[1mConsolidate compiler generated dependencies of target test_bicycle_steering_controller_preceeding[0m
[0.141s] [35m[1mConsolidate compiler generated dependencies of target test_bicycle_steering_controller[0m
[0.153s] [ 84%] Built target test_bicycle_steering_controller_preceeding
[0.157s] [100%] Built target test_bicycle_steering_controller
[0.167s] Invoked command in '/home/megan/magic/ros2_ws/build/bicycle_steering_controller' returned '0': AMENT_PREFIX_PATH=/home/megan/magic/ros2_ws/install/steering_controllers_library:/home/megan/magic/ros2_ws/install/controller_manager:/home/megan/magic/ros2_ws/install/hardware_interface_testing:/home/megan/magic/ros2_ws/install/controller_interface:/home/megan/magic/ros2_ws/install/hardware_interface:/home/megan/magic/ros2_ws/install/ros2_control_test_assets:/home/megan/magic/ros2_ws/install/controller_manager_msgs:/home/megan/magic/ros2_ws/install/control_msgs:${AMENT_PREFIX_PATH} CMAKE_PREFIX_PATH=/home/megan/magic/ros2_ws/install/steering_controllers_library:/home/megan/magic/ros2_ws/install/controller_manager:/home/megan/magic/ros2_ws/install/hardware_interface_testing:/home/megan/magic/ros2_ws/install/controller_interface:/home/megan/magic/ros2_ws/install/hardware_interface:/home/megan/magic/ros2_ws/install/ros2_control_test_assets:/home/megan/magic/ros2_ws/install/controller_manager_msgs:/home/megan/magic/ros2_ws/install/control_msgs:/opt/ros/humble LD_LIBRARY_PATH=/home/megan/magic/ros2_ws/install/steering_controllers_library/lib:/home/megan/magic/ros2_ws/install/controller_manager/lib:/home/megan/magic/ros2_ws/install/hardware_interface_testing/lib:/home/megan/magic/ros2_ws/install/controller_interface/lib:/home/megan/magic/ros2_ws/install/hardware_interface/lib:/home/megan/magic/ros2_ws/install/controller_manager_msgs/lib:/home/megan/magic/ros2_ws/install/control_msgs/lib:${LD_LIBRARY_PATH} PYTHONPATH=/home/megan/magic/ros2_ws/install/controller_manager/lib/python3.10/site-packages:/home/megan/magic/ros2_ws/install/controller_manager_msgs/lib/python3.10/site-packages:/home/megan/magic/ros2_ws/install/control_msgs/lib/python3.10/site-packages:${PYTHONPATH} VIRTUAL_ENV_PROMPT=(magic) /usr/bin/cmake --build /home/megan/magic/ros2_ws/build/bicycle_steering_controller -- -j20 -l20
[0.168s] Invoking command in '/home/megan/magic/ros2_ws/build/bicycle_steering_controller': AMENT_PREFIX_PATH=/home/megan/magic/ros2_ws/install/steering_controllers_library:/home/megan/magic/ros2_ws/install/controller_manager:/home/megan/magic/ros2_ws/install/hardware_interface_testing:/home/megan/magic/ros2_ws/install/controller_interface:/home/megan/magic/ros2_ws/install/hardware_interface:/home/megan/magic/ros2_ws/install/ros2_control_test_assets:/home/megan/magic/ros2_ws/install/controller_manager_msgs:/home/megan/magic/ros2_ws/install/control_msgs:${AMENT_PREFIX_PATH} CMAKE_PREFIX_PATH=/home/megan/magic/ros2_ws/install/steering_controllers_library:/home/megan/magic/ros2_ws/install/controller_manager:/home/megan/magic/ros2_ws/install/hardware_interface_testing:/home/megan/magic/ros2_ws/install/controller_interface:/home/megan/magic/ros2_ws/install/hardware_interface:/home/megan/magic/ros2_ws/install/ros2_control_test_assets:/home/megan/magic/ros2_ws/install/controller_manager_msgs:/home/megan/magic/ros2_ws/install/control_msgs:/opt/ros/humble LD_LIBRARY_PATH=/home/megan/magic/ros2_ws/install/steering_controllers_library/lib:/home/megan/magic/ros2_ws/install/controller_manager/lib:/home/megan/magic/ros2_ws/install/hardware_interface_testing/lib:/home/megan/magic/ros2_ws/install/controller_interface/lib:/home/megan/magic/ros2_ws/install/hardware_interface/lib:/home/megan/magic/ros2_ws/install/controller_manager_msgs/lib:/home/megan/magic/ros2_ws/install/control_msgs/lib:${LD_LIBRARY_PATH} PYTHONPATH=/home/megan/magic/ros2_ws/install/controller_manager/lib/python3.10/site-packages:/home/megan/magic/ros2_ws/install/controller_manager_msgs/lib/python3.10/site-packages:/home/megan/magic/ros2_ws/install/control_msgs/lib/python3.10/site-packages:${PYTHONPATH} VIRTUAL_ENV_PROMPT=(magic) /usr/bin/cmake --install /home/megan/magic/ros2_ws/build/bicycle_steering_controller
[0.174s] -- Install configuration: "Release"
[0.174s] -- Up-to-date: /home/megan/magic/ros2_ws/install/bicycle_steering_controller/include/bicycle_steering_controller
[0.174s] -- Up-to-date: /home/megan/magic/ros2_ws/install/bicycle_steering_controller/include/bicycle_steering_controller/bicycle_steering_controller_parameters.hpp
[0.174s] -- Up-to-date: /home/megan/magic/ros2_ws/install/bicycle_steering_controller/share/bicycle_steering_controller/bicycle_steering_controller.xml
[0.174s] -- Up-to-date: /home/megan/magic/ros2_ws/install/bicycle_steering_controller/include/bicycle_steering_controller
[0.174s] -- Up-to-date: /home/megan/magic/ros2_ws/install/bicycle_steering_controller/include/bicycle_steering_controller/bicycle_steering_controller
[0.174s] -- Up-to-date: /home/megan/magic/ros2_ws/install/bicycle_steering_controller/include/bicycle_steering_controller/bicycle_steering_controller/visibility_control.h
[0.174s] -- Up-to-date: /home/megan/magic/ros2_ws/install/bicycle_steering_controller/include/bicycle_steering_controller/bicycle_steering_controller/bicycle_steering_controller.hpp
[0.174s] -- Up-to-date: /home/megan/magic/ros2_ws/install/bicycle_steering_controller/lib/libbicycle_steering_controller.so
[0.174s] -- Up-to-date: /home/megan/magic/ros2_ws/install/bicycle_steering_controller/share/bicycle_steering_controller/environment/library_path.sh
[0.174s] -- Up-to-date: /home/megan/magic/ros2_ws/install/bicycle_steering_controller/share/bicycle_steering_controller/environment/library_path.dsv
[0.174s] -- Up-to-date: /home/megan/magic/ros2_ws/install/bicycle_steering_controller/share/ament_index/resource_index/package_run_dependencies/bicycle_steering_controller
[0.175s] -- Up-to-date: /home/megan/magic/ros2_ws/install/bicycle_steering_controller/share/ament_index/resource_index/parent_prefix_path/bicycle_steering_controller
[0.175s] -- Up-to-date: /home/megan/magic/ros2_ws/install/bicycle_steering_controller/share/bicycle_steering_controller/environment/ament_prefix_path.sh
[0.175s] -- Up-to-date: /home/megan/magic/ros2_ws/install/bicycle_steering_controller/share/bicycle_steering_controller/environment/ament_prefix_path.dsv
[0.175s] -- Up-to-date: /home/megan/magic/ros2_ws/install/bicycle_steering_controller/share/bicycle_steering_controller/environment/path.sh
[0.175s] -- Up-to-date: /home/megan/magic/ros2_ws/install/bicycle_steering_controller/share/bicycle_steering_controller/environment/path.dsv
[0.175s] -- Up-to-date: /home/megan/magic/ros2_ws/install/bicycle_steering_controller/share/bicycle_steering_controller/local_setup.bash
[0.175s] -- Up-to-date: /home/megan/magic/ros2_ws/install/bicycle_steering_controller/share/bicycle_steering_controller/local_setup.sh
[0.175s] -- Up-to-date: /home/megan/magic/ros2_ws/install/bicycle_steering_controller/share/bicycle_steering_controller/local_setup.zsh
[0.175s] -- Up-to-date: /home/megan/magic/ros2_ws/install/bicycle_steering_controller/share/bicycle_steering_controller/local_setup.dsv
[0.175s] -- Installing: /home/megan/magic/ros2_ws/install/bicycle_steering_controller/share/bicycle_steering_controller/package.dsv
[0.175s] -- Up-to-date: /home/megan/magic/ros2_ws/install/bicycle_steering_controller/share/ament_index/resource_index/packages/bicycle_steering_controller
[0.175s] -- Up-to-date: /home/megan/magic/ros2_ws/install/bicycle_steering_controller/share/ament_index/resource_index/controller_interface__pluginlib__plugin/bicycle_steering_controller
[0.175s] -- Up-to-date: /home/megan/magic/ros2_ws/install/bicycle_steering_controller/share/bicycle_steering_controller/cmake/export_bicycle_steering_controllerExport.cmake
[0.175s] -- Up-to-date: /home/megan/magic/ros2_ws/install/bicycle_steering_controller/share/bicycle_steering_controller/cmake/export_bicycle_steering_controllerExport-release.cmake
[0.175s] -- Up-to-date: /home/megan/magic/ros2_ws/install/bicycle_steering_controller/share/bicycle_steering_controller/cmake/ament_cmake_export_dependencies-extras.cmake
[0.175s] -- Up-to-date: /home/megan/magic/ros2_ws/install/bicycle_steering_controller/share/bicycle_steering_controller/cmake/ament_cmake_export_targets-extras.cmake
[0.175s] -- Up-to-date: /home/megan/magic/ros2_ws/install/bicycle_steering_controller/share/bicycle_steering_controller/cmake/bicycle_steering_controllerConfig.cmake
[0.175s] -- Up-to-date: /home/megan/magic/ros2_ws/install/bicycle_steering_controller/share/bicycle_steering_controller/cmake/bicycle_steering_controllerConfig-version.cmake
[0.175s] -- Up-to-date: /home/megan/magic/ros2_ws/install/bicycle_steering_controller/share/bicycle_steering_controller/package.xml
[0.197s] Invoked command in '/home/megan/magic/ros2_ws/build/bicycle_steering_controller' returned '0': AMENT_PREFIX_PATH=/home/megan/magic/ros2_ws/install/steering_controllers_library:/home/megan/magic/ros2_ws/install/controller_manager:/home/megan/magic/ros2_ws/install/hardware_interface_testing:/home/megan/magic/ros2_ws/install/controller_interface:/home/megan/magic/ros2_ws/install/hardware_interface:/home/megan/magic/ros2_ws/install/ros2_control_test_assets:/home/megan/magic/ros2_ws/install/controller_manager_msgs:/home/megan/magic/ros2_ws/install/control_msgs:${AMENT_PREFIX_PATH} CMAKE_PREFIX_PATH=/home/megan/magic/ros2_ws/install/steering_controllers_library:/home/megan/magic/ros2_ws/install/controller_manager:/home/megan/magic/ros2_ws/install/hardware_interface_testing:/home/megan/magic/ros2_ws/install/controller_interface:/home/megan/magic/ros2_ws/install/hardware_interface:/home/megan/magic/ros2_ws/install/ros2_control_test_assets:/home/megan/magic/ros2_ws/install/controller_manager_msgs:/home/megan/magic/ros2_ws/install/control_msgs:/opt/ros/humble LD_LIBRARY_PATH=/home/megan/magic/ros2_ws/install/steering_controllers_library/lib:/home/megan/magic/ros2_ws/install/controller_manager/lib:/home/megan/magic/ros2_ws/install/hardware_interface_testing/lib:/home/megan/magic/ros2_ws/install/controller_interface/lib:/home/megan/magic/ros2_ws/install/hardware_interface/lib:/home/megan/magic/ros2_ws/install/controller_manager_msgs/lib:/home/megan/magic/ros2_ws/install/control_msgs/lib:${LD_LIBRARY_PATH} PYTHONPATH=/home/megan/magic/ros2_ws/install/controller_manager/lib/python3.10/site-packages:/home/megan/magic/ros2_ws/install/controller_manager_msgs/lib/python3.10/site-packages:/home/megan/magic/ros2_ws/install/control_msgs/lib/python3.10/site-packages:${PYTHONPATH} VIRTUAL_ENV_PROMPT=(magic) /usr/bin/cmake --install /home/megan/magic/ros2_ws/build/bicycle_steering_controller
