-- The C compiler identification is GNU 11.4.0
-- The CXX compiler identification is GNU 11.4.0
-- Detecting C compiler ABI info
-- Detecting C compiler ABI info - done
-- Check for working C compiler: /usr/bin/cc - skipped
-- Detecting C compile features
-- Detecting C compile features - done
-- Detecting CXX compiler ABI info
-- Detecting CXX compiler ABI info - done
-- Check for working CXX compiler: /usr/bin/c++ - skipped
-- Detecting CXX compile features
-- Detecting CXX compile features - done
-- Found ament_cmake: 1.3.12 (/opt/ros/humble/share/ament_cmake/cmake)
-- Found Python3: /usr/bin/python3 (found version "3.10.12") found components: Interpreter 
-- Found moveit_ros_planning_interface: 2.5.8 (/opt/ros/humble/share/moveit_ros_planning_interface/cmake)
-- Found Boost: /usr/lib/x86_64-linux-gnu/cmake/Boost-1.74.0/BoostConfig.cmake (found version "1.74.0") found components: date_time filesystem program_options system thread 
-- Found rosidl_generator_c: 3.1.6 (/opt/ros/humble/share/rosidl_generator_c/cmake)
-- Found rosidl_adapter: 3.1.6 (/opt/ros/humble/share/rosidl_adapter/cmake)
-- Found rosidl_generator_cpp: 3.1.6 (/opt/ros/humble/share/rosidl_generator_cpp/cmake)
-- Using all available rosidl_typesupport_c: rosidl_typesupport_fastrtps_c;rosidl_typesupport_introspection_c
-- Using all available rosidl_typesupport_cpp: rosidl_typesupport_fastrtps_cpp;rosidl_typesupport_introspection_cpp
-- Found Boost: /usr/lib/x86_64-linux-gnu/cmake/Boost-1.74.0/BoostConfig.cmake (found version "1.74.0") found components: chrono date_time filesystem iostreams program_options regex serialization system thread 
-- Found parameter_traits: 0.4.0 (/opt/ros/humble/share/parameter_traits/cmake)
-- Found rmw_implementation_cmake: 6.1.2 (/opt/ros/humble/share/rmw_implementation_cmake/cmake)
-- Found rmw_fastrtps_cpp: 6.2.7 (/opt/ros/humble/share/rmw_fastrtps_cpp/cmake)
-- Found OpenSSL: /usr/lib/x86_64-linux-gnu/libcrypto.so (found version "3.0.2")  
-- Found FastRTPS: /opt/ros/humble/include  
-- Using RMW implementation 'rmw_fastrtps_cpp' as default
-- Found Threads: TRUE  
-- Found Eigen3: TRUE (found version "3.4.0") 
-- Found rclcpp_lifecycle: 16.0.12 (/opt/ros/humble/share/rclcpp_lifecycle/cmake)
-- Found Boost: /usr/lib/x86_64-linux-gnu/cmake/Boost-1.74.0/BoostConfig.cmake (found version "1.74.0") found components: filesystem 
-- library: /usr/lib/x86_64-linux-gnu/libcurl.so
-- Ensuring Eigen3 include directory is part of orocos-kdl CMake target
-- Found Boost: /usr/lib/x86_64-linux-gnu/cmake/Boost-1.74.0/BoostConfig.cmake (found version "1.74.0") found components: system filesystem date_time program_options thread chrono 
-- Found Boost: /usr/lib/x86_64-linux-gnu/cmake/Boost-1.74.0/BoostConfig.cmake (found version "1.74.0") found components: thread system filesystem regex date_time program_options 
-- Found Boost: /usr/lib/x86_64-linux-gnu/cmake/Boost-1.74.0/BoostConfig.cmake (found version "1.74.0") found components: system filesystem date_time program_options thread 
-- Found moveit_visual_tools: 4.1.2 (/opt/ros/humble/share/moveit_visual_tools/cmake)
-- Setting assimp_DIR to: '/opt/ros/humble/share/rviz_assimp_vendor/cmake/../../../opt/rviz_assimp_vendor/lib/cmake/assimp-4.1'
-- Setting OGRE_DIR to: '/opt/ros/humble/share/rviz_ogre_vendor/cmake/../../../opt/rviz_ogre_vendor/lib/OGRE/cmake'
-- Found OGRE
--   static     : OFF
--   components : HLMS;MeshLodGenerator;Overlay;Paging;Property;RTShaderSystem;Terrain;Volume
--   plugins    : Plugin_BSPSceneManager;Plugin_OctreeSceneManager;Plugin_PCZSceneManager;Plugin_ParticleFX;RenderSystem_GL;RenderSystem_GL3Plus;Codec_STBI
--   media      : /opt/ros/humble/opt/rviz_ogre_vendor/share/OGRE/Media
-- OGRE_LIBRARIES: OgreHLMS;OgreMeshLodGenerator;OgreOverlay;OgrePaging;OgreProperty;OgreRTShaderSystem;OgreTerrain;OgreVolume;OgreMain
-- OGRE_LIBRARY_DIRS: /opt/ros/humble/opt/rviz_ogre_vendor/lib
-- OGRE_PLUGINS: Plugin_BSPSceneManager;Plugin_OctreeSceneManager;Plugin_PCZSceneManager;Plugin_ParticleFX;RenderSystem_GL;RenderSystem_GL3Plus;Codec_STBI
-- OGRE_PLUGIN_DIR: /opt/ros/humble/opt/rviz_ogre_vendor/lib/OGRE
-- rviz_ogre_vendor::OgreOverlay for IMPORTED_LOCATION_RELEASE: /opt/ros/humble/opt/rviz_ogre_vendor/lib/libOgreOverlay.so
-- rviz_ogre_vendor::OgreOverlay for IMPORTED_LOCATION_DEBUG: /opt/ros/humble/opt/rviz_ogre_vendor/lib/libOgreOverlay.so
-- rviz_ogre_vendor::OgreMain for IMPORTED_LOCATION_RELEASE: /opt/ros/humble/opt/rviz_ogre_vendor/lib/libOgreMain.so
-- rviz_ogre_vendor::OgreMain for IMPORTED_LOCATION_DEBUG: /opt/ros/humble/opt/rviz_ogre_vendor/lib/libOgreMain.so
-- Found ZLIB: /usr/lib/x86_64-linux-gnu/libz.so (found version "1.2.11") 
-- Found OpenGL: /usr/lib/x86_64-linux-gnu/libOpenGL.so   
-- Found X11: /usr/include   
-- Looking for XOpenDisplay in /usr/lib/x86_64-linux-gnu/libX11.so;/usr/lib/x86_64-linux-gnu/libXext.so
-- Looking for XOpenDisplay in /usr/lib/x86_64-linux-gnu/libX11.so;/usr/lib/x86_64-linux-gnu/libXext.so - found
-- Looking for gethostbyname
-- Looking for gethostbyname - found
-- Looking for connect
-- Looking for connect - found
-- Looking for remove
-- Looking for remove - found
-- Looking for shmat
-- Looking for shmat - found
-- Looking for IceConnectionNumber in ICE
-- Looking for IceConnectionNumber in ICE - found
-- Found ament_lint_auto: 0.12.12 (/opt/ros/humble/share/ament_lint_auto/cmake)
-- Added test 'cppcheck' to perform static code analysis on C / C++ code
-- Configured cppcheck include dirs: $<BUILD_INTERFACE:/home/emma/Documents/GitHub/magic/ros2_ws/src/moveit_go/include>
-- Configured cppcheck exclude dirs and/or files: 
-- Added test 'flake8' to check Python code syntax and style conventions
-- Added test 'lint_cmake' to check CMake code style
-- Added test 'pep257' to check Python code against some of the docstring style conventions in PEP 257
-- Added test 'uncrustify' to check C / C++ code style
-- Configured uncrustify additional arguments: 
-- Added test 'xmllint' to check XML markup files
-- Configuring done
-- Generating done
-- Build files have been written to: /home/emma/Documents/GitHub/magic/build/moveit_go
[ 12%] [32mBuilding CXX object CMakeFiles/motion_planning_single_arm_RRT.dir/src/motion_planning_single_arm_RRT.cpp.o[0m
[ 25%] [32mBuilding CXX object CMakeFiles/dual_arm_fsm.dir/src/dual_arm_fsm.cpp.o[0m
[ 62%] [32mBuilding CXX object CMakeFiles/dual_arm_fsm.dir/src/dual_arm_planner.cpp.o[0m
[ 62%] [32mBuilding CXX object CMakeFiles/moveit_go_dual_test_IK.dir/src/moveit_go_dual_test_IK.cpp.o[0m
[ 62%] [32mBuilding CXX object CMakeFiles/dual_arm_fsm.dir/src/object_definitions.cpp.o[0m
[ 75%] [32m[1mLinking CXX executable moveit_go_dual_test_IK[0m
[ 75%] Built target moveit_go_dual_test_IK
[ 87%] [32m[1mLinking CXX executable motion_planning_single_arm_RRT[0m
[100%] [32m[1mLinking CXX executable dual_arm_fsm[0m
[100%] Built target motion_planning_single_arm_RRT
[100%] Built target dual_arm_fsm
-- Install configuration: ""
-- Installing: /home/emma/Documents/GitHub/magic/install/moveit_go/share/moveit_go/launch
-- Installing: /home/emma/Documents/GitHub/magic/install/moveit_go/share/moveit_go/launch/dual_arm_plan.launch.py
-- Installing: /home/emma/Documents/GitHub/magic/install/moveit_go/lib/moveit_go/dual_arm_fsm
-- Set runtime path of "/home/emma/Documents/GitHub/magic/install/moveit_go/lib/moveit_go/dual_arm_fsm" to ""
-- Installing: /home/emma/Documents/GitHub/magic/install/moveit_go/lib/moveit_go/moveit_go_dual_test_IK
-- Set runtime path of "/home/emma/Documents/GitHub/magic/install/moveit_go/lib/moveit_go/moveit_go_dual_test_IK" to ""
-- Installing: /home/emma/Documents/GitHub/magic/install/moveit_go/include/
-- Installing: /home/emma/Documents/GitHub/magic/install/moveit_go/include//fsm_states.hpp
-- Installing: /home/emma/Documents/GitHub/magic/install/moveit_go/include//object_definitions.hpp
-- Installing: /home/emma/Documents/GitHub/magic/install/moveit_go/include//dual_arm_planner.hpp
-- Installing: /home/emma/Documents/GitHub/magic/install/moveit_go/share/ament_index/resource_index/package_run_dependencies/moveit_go
-- Installing: /home/emma/Documents/GitHub/magic/install/moveit_go/share/ament_index/resource_index/parent_prefix_path/moveit_go
-- Installing: /home/emma/Documents/GitHub/magic/install/moveit_go/share/moveit_go/environment/ament_prefix_path.sh
-- Installing: /home/emma/Documents/GitHub/magic/install/moveit_go/share/moveit_go/environment/ament_prefix_path.dsv
-- Installing: /home/emma/Documents/GitHub/magic/install/moveit_go/share/moveit_go/environment/path.sh
-- Installing: /home/emma/Documents/GitHub/magic/install/moveit_go/share/moveit_go/environment/path.dsv
-- Installing: /home/emma/Documents/GitHub/magic/install/moveit_go/share/moveit_go/local_setup.bash
-- Installing: /home/emma/Documents/GitHub/magic/install/moveit_go/share/moveit_go/local_setup.sh
-- Installing: /home/emma/Documents/GitHub/magic/install/moveit_go/share/moveit_go/local_setup.zsh
-- Installing: /home/emma/Documents/GitHub/magic/install/moveit_go/share/moveit_go/local_setup.dsv
-- Installing: /home/emma/Documents/GitHub/magic/install/moveit_go/share/moveit_go/package.dsv
-- Installing: /home/emma/Documents/GitHub/magic/install/moveit_go/share/ament_index/resource_index/packages/moveit_go
-- Installing: /home/emma/Documents/GitHub/magic/install/moveit_go/share/moveit_go/cmake/moveit_goConfig.cmake
-- Installing: /home/emma/Documents/GitHub/magic/install/moveit_go/share/moveit_go/cmake/moveit_goConfig-version.cmake
-- Installing: /home/emma/Documents/GitHub/magic/install/moveit_go/share/moveit_go/package.xml
