[0.007s] Invoking command in '/home/megan/magic/ros2_ws/build/ros_gz_sim': CMAKE_PREFIX_PATH=/opt/ros/humble VIRTUAL_ENV_PROMPT=(magic) /usr/bin/cmake /home/megan/magic/ros2_ws/src/ros_gz/ros_gz_sim -DCMAKE_BUILD_TYPE=Release -DCMAKE_INSTALL_PREFIX=/home/megan/magic/ros2_ws/install/ros_gz_sim
[0.059s] -- The C compiler identification is GNU 11.4.0
[0.104s] -- The CXX compiler identification is GNU 11.4.0
[0.110s] -- Detecting C compiler ABI info
[0.171s] -- Detecting C compiler ABI info - done
[0.181s] -- Check for working C compiler: /usr/bin/cc - skipped
[0.181s] -- Detecting C compile features
[0.181s] -- Detecting C compile features - done
[0.185s] -- Detecting CXX compiler ABI info
[0.248s] -- Detecting CXX compiler ABI info - done
[0.253s] -- Check for working CXX compiler: /usr/bin/c++ - skipped
[0.254s] -- Detecting CXX compile features
[0.254s] -- Detecting CXX compile features - done
[0.255s] -- Found ament_cmake: 1.3.11 (/opt/ros/humble/share/ament_cmake/cmake)
[0.729s] -- Found Python3: /home/megan/.pyenv/versions/3.10.15/envs/magic/bin/python3 (found version "3.10.15") found components: Interpreter 
[0.808s] -- Found rclcpp: 16.0.11 (/opt/ros/humble/share/rclcpp/cmake)
[0.838s] -- Found rosidl_generator_c: 3.1.6 (/opt/ros/humble/share/rosidl_generator_c/cmake)
[0.841s] -- Found rosidl_adapter: 3.1.6 (/opt/ros/humble/share/rosidl_adapter/cmake)
[0.846s] -- Found rosidl_generator_cpp: 3.1.6 (/opt/ros/humble/share/rosidl_generator_cpp/cmake)
[0.854s] -- Using all available rosidl_typesupport_c: rosidl_typesupport_fastrtps_c;rosidl_typesupport_introspection_c
[0.864s] -- Using all available rosidl_typesupport_cpp: rosidl_typesupport_fastrtps_cpp;rosidl_typesupport_introspection_cpp
[0.913s] -- Found rmw_implementation_cmake: 6.1.2 (/opt/ros/humble/share/rmw_implementation_cmake/cmake)
[0.914s] -- Found rmw_cyclonedds_cpp: 1.3.4 (/opt/ros/humble/share/rmw_cyclonedds_cpp/cmake)
[0.928s] -- Using RMW implementation 'rmw_cyclonedds_cpp' as default
[0.933s] -- Looking for pthread.h
[0.999s] -- Looking for pthread.h - found
[0.999s] -- Performing Test CMAKE_HAVE_LIBC_PTHREAD
[1.064s] -- Performing Test CMAKE_HAVE_LIBC_PTHREAD - Success
[1.065s] -- Found Threads: TRUE  
[1.109s] -- Looking for ignition-math6 -- found version 6.15.1
[1.115s] -- Searching for dependencies of ignition-math6
[1.118s] -- Looking for ignition-transport11 -- found version 11.4.1
[1.118s] -- Searching for dependencies of ignition-transport11
[1.141s] -- Found Protobuf: /usr/lib/x86_64-linux-gnu/libprotobuf.so (found version "3.12.4") 
[1.151s] -- Config-file not installed for ZeroMQ -- checking for pkg-config
[1.156s] -- Checking for module 'libzmq >= 4'
[1.170s] --   Found libzmq , version 4.3.4
[1.198s] -- Found ZeroMQ: TRUE (Required is at least version "4") 
[1.204s] -- Checking for module 'uuid'
[1.215s] --   Found uuid, version 2.37.2
[1.242s] -- Found UUID: TRUE  
[1.245s] -- Looking for ignition-utils1 -- found version 1.5.1
[1.246s] -- Searching for dependencies of ignition-utils1
[1.247s] -- Searching for <ignition-utils1> component [cli]
[1.249s] -- Looking for ignition-utils1-cli -- found version 1.5.1
[1.249s] -- Searching for dependencies of ignition-utils1-cli
[1.251s] -- Looking for ignition-msgs8 -- found version 8.7.0
[1.251s] -- Searching for dependencies of ignition-msgs8
[1.265s] -- Found Protobuf: /usr/lib/x86_64-linux-gnu/libprotobuf.so (found suitable version "3.12.4", minimum required is "3") 
[1.267s] -- Looking for ignition-math6 -- found version 6.15.1
[1.272s] -- Checking for module 'tinyxml2'
[1.282s] --   Found tinyxml2, version 9.0.0
[1.313s] -- Looking for ignition-msgs8 -- found version 8.7.0
[1.318s] -- Looking for ignition-gazebo6 -- found version 6.17.0
[1.318s] -- Searching for dependencies of ignition-gazebo6
[1.320s] -- Looking for sdformat12 -- found version 12.8.0
[1.320s] -- Searching for dependencies of sdformat12
[1.329s] -- Looking for ignition-math6 -- found version 6.15.1
[1.329s] -- Looking for ignition-utils1 -- found version 1.5.1
[1.332s] -- Looking for ignition-plugin1 -- found version 1.4.0
[1.332s] -- Searching for dependencies of ignition-plugin1
[1.333s] -- Searching for <ignition-plugin1> component [loader]
[1.335s] -- Looking for ignition-plugin1-loader -- found version 1.4.0
[1.335s] -- Searching for dependencies of ignition-plugin1-loader
[1.335s] -- Searching for <ignition-plugin1> component [register]
[1.337s] -- Looking for ignition-plugin1-register -- found version 1.4.0
[1.337s] -- Searching for dependencies of ignition-plugin1-register
[1.338s] -- Looking for ignition-transport11 -- found version 11.4.1
[1.339s] -- Searching for dependencies of ignition-transport11
[1.351s] -- Found Protobuf: /usr/lib/x86_64-linux-gnu/libprotobuf.so (found version "3.12.4") 
[1.359s] -- Config-file not installed for ZeroMQ -- checking for pkg-config
[1.362s] -- Checking for module 'libzmq >= 4'
[1.374s] --   Found libzmq , version 4.3.4
[1.412s] -- Looking for ignition-utils1 -- found version 1.5.1
[1.412s] -- Looking for ignition-msgs8 -- found version 8.7.0
[1.412s] -- Searching for <ignition-transport11> component [log]
[1.415s] -- Looking for ignition-transport11-log -- found version 11.4.1
[1.415s] -- Searching for dependencies of ignition-transport11-log
[1.416s] -- Searching for <ignition-transport11> component [parameters]
[1.418s] -- Looking for ignition-transport11-parameters -- found version 11.4.1
[1.418s] -- Searching for dependencies of ignition-transport11-parameters
[1.419s] -- Looking for ignition-msgs8 -- found version 8.7.0
[1.421s] -- Looking for ignition-common4 -- found version 4.7.0
[1.421s] -- Searching for dependencies of ignition-common4
[1.422s] -- Looking for dlfcn.h - found
[1.422s] -- Looking for libdl - found
[1.423s] -- Found DL: TRUE  
[1.431s] -- Searching for <ignition-common4> component [profiler]
[1.433s] -- Looking for ignition-common4-profiler -- found version 4.7.0
[1.434s] -- Searching for dependencies of ignition-common4-profiler
[1.434s] -- Searching for <ignition-common4> component [events]
[1.436s] -- Looking for ignition-common4-events -- found version 4.7.0
[1.437s] -- Searching for dependencies of ignition-common4-events
[1.437s] -- Looking for ignition-math6 -- found version 6.15.1
[1.437s] -- Searching for <ignition-common4> component [av]
[1.439s] -- Looking for ignition-common4-av -- found version 4.7.0
[1.440s] -- Searching for dependencies of ignition-common4-av
[1.445s] -- Checking for module 'libswscale'
[1.457s] --   Found libswscale, version 5.9.100
[1.485s] -- Found SWSCALE: TRUE  
[1.490s] -- Checking for module 'libavdevice >= 56.4.100'
[1.503s] --   Found libavdevice , version 58.13.100
[1.536s] -- Found AVDEVICE: TRUE (Required is at least version "56.4.100") 
[1.541s] -- Checking for module 'libavformat'
[1.554s] --   Found libavformat, version 58.76.100
[1.591s] -- Found AVFORMAT: TRUE  
[1.598s] -- Checking for module 'libavcodec'
[1.611s] --   Found libavcodec, version 58.134.100
[1.642s] -- Found AVCODEC: TRUE  
[1.648s] -- Checking for module 'libavutil'
[1.660s] --   Found libavutil, version 56.70.100
[1.692s] -- Found AVUTIL: TRUE  
[1.697s] -- Looking for ignition-fuel_tools7 -- found version 7.3.1
[1.697s] -- Searching for dependencies of ignition-fuel_tools7
[1.770s] -- Found CURL: /usr/lib/x86_64-linux-gnu/libcurl.so (found version "7.81.0")  
[1.780s] -- Checking for module 'jsoncpp'
[1.792s] --   Found jsoncpp, version 1.9.5
[1.823s] -- Found JSONCPP: TRUE  
[1.829s] -- Checking for module 'libzip'
[1.841s] --   Found libzip, version 1.7.3
[1.872s] -- Found ZIP: TRUE  
[1.873s] -- Looking for ignition-common4 -- found version 4.7.0
[1.873s] -- Looking for ignition-math6 -- found version 6.15.1
[1.874s] -- Looking for ignition-msgs8 -- found version 8.7.0
[1.880s] -- Looking for ignition-gui6 -- found version 6.8.0
[1.880s] -- Searching for dependencies of ignition-gui6
[1.900s] -- Found Protobuf: /usr/lib/x86_64-linux-gnu/libprotobuf.so (found suitable version "3.12.4", minimum required is "3") 
[1.908s] -- Looking for ignition-math6 -- found version 6.15.1
[1.908s] -- Looking for ignition-common4 -- found version 4.7.0
[1.909s] -- Looking for ignition-plugin1 -- found version 1.4.0
[1.909s] -- Looking for ignition-transport11 -- found version 11.4.1
[1.913s] -- Looking for ignition-rendering6 -- found version 6.6.3
[1.914s] -- Searching for dependencies of ignition-rendering6
[1.914s] -- Looking for ignition-math6 -- found version 6.15.1
[1.914s] -- Searching for dependencies of ignition-math6
[1.914s] -- Searching for <ignition-math6> component [eigen3]
[1.917s] -- Looking for ignition-math6-eigen3 -- found version 6.15.1
[1.917s] -- Searching for dependencies of ignition-math6-eigen3
[1.923s] -- Looking for ignition-common4 -- found version 4.7.0
[1.924s] -- Searching for dependencies of ignition-common4
[1.924s] -- Looking for dlfcn.h - found
[1.924s] -- Looking for libdl - found
[1.933s] -- Searching for <ignition-common4> component [graphics]
[1.935s] -- Looking for ignition-common4-graphics -- found version 4.7.0
[1.935s] -- Searching for dependencies of ignition-common4-graphics
[1.935s] -- Looking for ignition-math6 -- found version 6.15.1
[1.936s] -- Looking for ignition-utils1 -- found version 1.5.1
[1.936s] -- Searching for <ignition-common4> component [events]
[1.937s] -- Looking for ignition-plugin1 -- found version 1.4.0
[1.937s] -- Searching for dependencies of ignition-plugin1
[1.937s] -- Searching for <ignition-plugin1> component [all]
[1.939s] -- Looking for all libraries of ignition-plugin1 -- found version 1.4.0
[1.939s] -- Looking for ignition-plugin1 -- found version 1.4.0
[1.941s] -- Looking for ignition-msgs8 -- found version 8.7.0
[1.963s] -- Looking for ignition-physics5 -- found version 5.3.2
[1.964s] -- Searching for dependencies of ignition-physics5
[1.964s] -- Looking for ignition-math6 -- found version 6.15.1
[1.964s] -- Looking for ignition-plugin1 -- found version 1.4.0
[1.965s] -- Looking for ignition-utils1 -- found version 1.5.1
[1.966s] -- Searching for <ignition-physics5> component [heightmap]
[1.971s] -- Looking for ignition-physics5-heightmap -- found version 5.3.2
[1.971s] -- Searching for dependencies of ignition-physics5-heightmap
[1.972s] -- Looking for ignition-common4 -- found version 4.7.0
[1.973s] -- Searching for <ignition-physics5> component [mesh]
[1.978s] -- Looking for ignition-physics5-mesh -- found version 5.3.2
[1.978s] -- Searching for dependencies of ignition-physics5-mesh
[1.979s] -- Looking for ignition-common4 -- found version 4.7.0
[1.980s] -- Searching for <ignition-physics5> component [sdf]
[1.984s] -- Looking for ignition-physics5-sdf -- found version 5.3.2
[1.985s] -- Searching for dependencies of ignition-physics5-sdf
[1.985s] -- Looking for sdformat12 -- found version 12.8.0
[1.990s] -- Looking for ignition-sensors6 -- found version 6.8.1
[1.991s] -- Searching for dependencies of ignition-sensors6
[2.010s] -- Found Protobuf: /usr/lib/x86_64-linux-gnu/libprotobuf.so (found version "3.12.4") 
[2.011s] -- Looking for ignition-math6 -- found version 6.15.1
[2.011s] -- Looking for ignition-common4 -- found version 4.7.0
[2.012s] -- Looking for ignition-transport11 -- found version 11.4.1
[2.012s] -- Looking for ignition-rendering6 -- found version 6.6.3
[2.013s] -- Looking for ignition-msgs8 -- found version 8.7.0
[2.013s] -- Looking for sdformat12 -- found version 12.8.0
[2.015s] -- Searching for <ignition-sensors6> component [air_pressure]
[2.017s] -- Looking for ignition-sensors6-air_pressure -- found version 6.8.1
[2.018s] -- Searching for dependencies of ignition-sensors6-air_pressure
[2.018s] -- Searching for <ignition-sensors6> component [altimeter]
[2.020s] -- Looking for ignition-sensors6-altimeter -- found version 6.8.1
[2.021s] -- Searching for dependencies of ignition-sensors6-altimeter
[2.021s] -- Searching for <ignition-sensors6> component [imu]
[2.023s] -- Looking for ignition-sensors6-imu -- found version 6.8.1
[2.024s] -- Searching for dependencies of ignition-sensors6-imu
[2.024s] -- Searching for <ignition-sensors6> component [force_torque]
[2.027s] -- Looking for ignition-sensors6-force_torque -- found version 6.8.1
[2.027s] -- Searching for dependencies of ignition-sensors6-force_torque
[2.028s] -- Searching for <ignition-sensors6> component [logical_camera]
[2.030s] -- Looking for ignition-sensors6-logical_camera -- found version 6.8.1
[2.030s] -- Searching for dependencies of ignition-sensors6-logical_camera
[2.031s] -- Searching for <ignition-sensors6> component [magnetometer]
[2.033s] -- Looking for ignition-sensors6-magnetometer -- found version 6.8.1
[2.033s] -- Searching for dependencies of ignition-sensors6-magnetometer
[2.034s] -- Searching for <ignition-sensors6> component [navsat]
[2.036s] -- Looking for ignition-sensors6-navsat -- found version 6.8.1
[2.036s] -- Searching for dependencies of ignition-sensors6-navsat
[2.037s] -- Searching for <ignition-sensors6> component [rendering]
[2.039s] -- Looking for ignition-sensors6-rendering -- found version 6.8.1
[2.040s] -- Searching for dependencies of ignition-sensors6-rendering
[2.040s] -- Searching for <ignition-sensors6> component [lidar]
[2.042s] -- Looking for ignition-sensors6-lidar -- found version 6.8.1
[2.042s] -- Searching for dependencies of ignition-sensors6-lidar
[2.043s] -- Looking for ignition-sensors6 -- found version 6.8.1
[2.043s] -- Searching for <ignition-sensors6> component [gpu_lidar]
[2.045s] -- Looking for ignition-sensors6-gpu_lidar -- found version 6.8.1
[2.046s] -- Searching for dependencies of ignition-sensors6-gpu_lidar
[2.046s] -- Looking for ignition-sensors6 -- found version 6.8.1
[2.047s] -- Searching for <ignition-sensors6> component [camera]
[2.049s] -- Looking for ignition-sensors6-camera -- found version 6.8.1
[2.049s] -- Searching for dependencies of ignition-sensors6-camera
[2.049s] -- Looking for ignition-sensors6 -- found version 6.8.1
[2.050s] -- Searching for <ignition-sensors6> component [boundingbox_camera]
[2.052s] -- Looking for ignition-sensors6-boundingbox_camera -- found version 6.8.1
[2.052s] -- Searching for dependencies of ignition-sensors6-boundingbox_camera
[2.053s] -- Searching for <ignition-sensors6> component [segmentation_camera]
[2.055s] -- Looking for ignition-sensors6-segmentation_camera -- found version 6.8.1
[2.055s] -- Searching for dependencies of ignition-sensors6-segmentation_camera
[2.055s] -- Searching for <ignition-sensors6> component [depth_camera]
[2.057s] -- Looking for ignition-sensors6-depth_camera -- found version 6.8.1
[2.057s] -- Searching for dependencies of ignition-sensors6-depth_camera
[2.058s] -- Looking for ignition-sensors6 -- found version 6.8.1
[2.059s] -- Searching for <ignition-sensors6> component [rgbd_camera]
[2.061s] -- Looking for ignition-sensors6-rgbd_camera -- found version 6.8.1
[2.061s] -- Searching for dependencies of ignition-sensors6-rgbd_camera
[2.061s] -- Looking for ignition-sensors6 -- found version 6.8.1
[2.062s] -- Searching for <ignition-sensors6> component [thermal_camera]
[2.064s] -- Looking for ignition-sensors6-thermal_camera -- found version 6.8.1
[2.064s] -- Searching for dependencies of ignition-sensors6-thermal_camera
[2.064s] -- Looking for ignition-sensors6 -- found version 6.8.1
[2.065s] -- Looking for ignition-rendering6 -- found version 6.6.3
[2.065s] -- Looking for ignition-math6 -- found version 6.15.1
[2.068s] -- Looking for ignition-utils1 -- found version 1.5.1
[2.094s] -- Compiling against Gazebo Fortress
[2.099s] -- Looking for gflags - found
[2.099s] 
[2.105s] -- Found ament_lint_auto: 0.12.11 (/opt/ros/humble/share/ament_lint_auto/cmake)
[2.204s] -- Found ament_cmake_gtest: 1.3.11 (/opt/ros/humble/share/ament_cmake_gtest/cmake)
[2.205s] -- Found gtest sources under '/opt/ros/humble/src/gtest_vendor': C++ tests using 'Google Test' will be built
[2.211s] -- Added test 'copyright' to check source files copyright and LICENSE
[2.213s] -- Added test 'cppcheck' to perform static code analysis on C / C++ code
[2.213s] -- Configured cppcheck include dirs: $<BUILD_INTERFACE:/home/megan/magic/ros2_ws/src/ros_gz/ros_gz_sim/include>
[2.213s] -- Configured cppcheck exclude dirs and/or files: 
[2.213s] -- Added test 'cpplint' to check C / C++ code against the Google style
[2.214s] -- Configured cpplint exclude dirs and/or files: 
[2.214s] -- Added test 'lint_cmake' to check CMake code style
[2.215s] -- Added test 'uncrustify' to check C / C++ code style
[2.215s] -- Configured uncrustify additional arguments: 
[2.216s] -- Added test 'xmllint' to check XML markup files
[2.217s] -- Configuring done
[2.229s] -- Generating done
[2.234s] -- Build files have been written to: /home/megan/magic/ros2_ws/build/ros_gz_sim
[2.244s] Invoked command in '/home/megan/magic/ros2_ws/build/ros_gz_sim' returned '0': CMAKE_PREFIX_PATH=/opt/ros/humble VIRTUAL_ENV_PROMPT=(magic) /usr/bin/cmake /home/megan/magic/ros2_ws/src/ros_gz/ros_gz_sim -DCMAKE_BUILD_TYPE=Release -DCMAKE_INSTALL_PREFIX=/home/megan/magic/ros2_ws/install/ros_gz_sim
[2.245s] Invoking command in '/home/megan/magic/ros2_ws/build/ros_gz_sim': CMAKE_PREFIX_PATH=/opt/ros/humble VIRTUAL_ENV_PROMPT=(magic) /usr/bin/cmake --build /home/megan/magic/ros2_ws/build/ros_gz_sim -- -j20 -l20
[2.290s] [ 10%] [32mBuilding CXX object CMakeFiles/ros_gz_sim.dir/src/Stopwatch.cpp.o[0m
[2.291s] [ 20%] [32mBuilding CXX object gtest/CMakeFiles/gtest_main.dir/src/gtest_main.cc.o[0m
[2.291s] [ 30%] [32mBuilding CXX object gtest/CMakeFiles/gtest.dir/src/gtest-all.cc.o[0m
[2.291s] [ 40%] [32mBuilding CXX object CMakeFiles/create.dir/src/create.cpp.o[0m
[2.737s] [ 50%] [32m[1mLinking CXX static library libgtest_main.a[0m
[2.794s] [ 50%] Built target gtest_main
[2.883s] [ 60%] [32m[1mLinking CXX shared library libros_gz_sim.so[0m
[2.958s] [ 60%] Built target ros_gz_sim
[7.747s] [ 70%] [32m[1mLinking CXX static library libgtest.a[0m
[7.803s] [ 70%] Built target gtest
[7.823s] [ 80%] [32mBuilding CXX object CMakeFiles/test_stopwatch.dir/test/test_stopwatch.cpp.o[0m
[13.776s] [ 90%] [32m[1mLinking CXX executable test_stopwatch[0m
[13.899s] [ 90%] Built target test_stopwatch
[15.009s] [100%] [32m[1mLinking CXX executable create[0m
[15.179s] [100%] Built target create
[15.188s] Invoked command in '/home/megan/magic/ros2_ws/build/ros_gz_sim' returned '0': CMAKE_PREFIX_PATH=/opt/ros/humble VIRTUAL_ENV_PROMPT=(magic) /usr/bin/cmake --build /home/megan/magic/ros2_ws/build/ros_gz_sim -- -j20 -l20
[15.190s] Invoking command in '/home/megan/magic/ros2_ws/build/ros_gz_sim': CMAKE_PREFIX_PATH=/opt/ros/humble VIRTUAL_ENV_PROMPT=(magic) /usr/bin/cmake --install /home/megan/magic/ros2_ws/build/ros_gz_sim
[15.200s] -- Install configuration: "Release"
[15.200s] -- Installing: /home/megan/magic/ros2_ws/install/ros_gz_sim/include/ros_gz_sim
[15.200s] -- Installing: /home/megan/magic/ros2_ws/install/ros_gz_sim/include/ros_gz_sim/Stopwatch.hpp
[15.201s] -- Installing: /home/megan/magic/ros2_ws/install/ros_gz_sim/share/ros_gz_sim/launch/gz_sim.launch.py
[15.201s] -- Installing: /home/megan/magic/ros2_ws/install/ros_gz_sim/lib/ros_gz_sim/create
[15.202s] -- Set runtime path of "/home/megan/magic/ros2_ws/install/ros_gz_sim/lib/ros_gz_sim/create" to ""
[15.202s] -- Installing: /home/megan/magic/ros2_ws/install/ros_gz_sim/lib/libros_gz_sim.so
[15.202s] -- Set runtime path of "/home/megan/magic/ros2_ws/install/ros_gz_sim/lib/libros_gz_sim.so" to ""
[15.202s] -- Installing: /home/megan/magic/ros2_ws/install/ros_gz_sim/lib/ros_gz_sim/test_stopwatch
[15.204s] -- Set runtime path of "/home/megan/magic/ros2_ws/install/ros_gz_sim/lib/ros_gz_sim/test_stopwatch" to ""
[15.204s] -- Installing: /home/megan/magic/ros2_ws/install/ros_gz_sim/share/ament_index/resource_index/package_run_dependencies/ros_gz_sim
[15.204s] -- Installing: /home/megan/magic/ros2_ws/install/ros_gz_sim/share/ament_index/resource_index/parent_prefix_path/ros_gz_sim
[15.204s] -- Installing: /home/megan/magic/ros2_ws/install/ros_gz_sim/share/ros_gz_sim/environment/ament_prefix_path.sh
[15.204s] -- Installing: /home/megan/magic/ros2_ws/install/ros_gz_sim/share/ros_gz_sim/environment/ament_prefix_path.dsv
[15.204s] -- Installing: /home/megan/magic/ros2_ws/install/ros_gz_sim/share/ros_gz_sim/environment/path.sh
[15.205s] -- Installing: /home/megan/magic/ros2_ws/install/ros_gz_sim/share/ros_gz_sim/environment/path.dsv
[15.205s] -- Installing: /home/megan/magic/ros2_ws/install/ros_gz_sim/share/ros_gz_sim/local_setup.bash
[15.205s] -- Installing: /home/megan/magic/ros2_ws/install/ros_gz_sim/share/ros_gz_sim/local_setup.sh
[15.205s] -- Installing: /home/megan/magic/ros2_ws/install/ros_gz_sim/share/ros_gz_sim/local_setup.zsh
[15.205s] -- Installing: /home/megan/magic/ros2_ws/install/ros_gz_sim/share/ros_gz_sim/local_setup.dsv
[15.205s] -- Installing: /home/megan/magic/ros2_ws/install/ros_gz_sim/share/ros_gz_sim/package.dsv
[15.209s] -- Installing: /home/megan/magic/ros2_ws/install/ros_gz_sim/share/ament_index/resource_index/packages/ros_gz_sim
[15.209s] -- Installing: /home/megan/magic/ros2_ws/install/ros_gz_sim/share/ros_gz_sim/cmake/ros_gz_simExport.cmake
[15.210s] -- Installing: /home/megan/magic/ros2_ws/install/ros_gz_sim/share/ros_gz_sim/cmake/ros_gz_simExport-release.cmake
[15.210s] -- Installing: /home/megan/magic/ros2_ws/install/ros_gz_sim/share/ros_gz_sim/cmake/ament_cmake_export_targets-extras.cmake
[15.211s] -- Installing: /home/megan/magic/ros2_ws/install/ros_gz_sim/share/ros_gz_sim/cmake/ament_cmake_export_dependencies-extras.cmake
[15.211s] -- Installing: /home/megan/magic/ros2_ws/install/ros_gz_sim/share/ros_gz_sim/cmake/ros_gz_simConfig.cmake
[15.211s] -- Installing: /home/megan/magic/ros2_ws/install/ros_gz_sim/share/ros_gz_sim/cmake/ros_gz_simConfig-version.cmake
[15.212s] -- Installing: /home/megan/magic/ros2_ws/install/ros_gz_sim/share/ros_gz_sim/package.xml
[15.215s] Invoked command in '/home/megan/magic/ros2_ws/build/ros_gz_sim' returned '0': CMAKE_PREFIX_PATH=/opt/ros/humble VIRTUAL_ENV_PROMPT=(magic) /usr/bin/cmake --install /home/megan/magic/ros2_ws/build/ros_gz_sim
