[1.299s] Invoking command in '/home/emma/Documents/GitHub/magic/ros2_ws/src/ros2_control/ros2controlcli': AMENT_PREFIX_PATH=/home/emma/Documents/GitHub/magic/install/controller_manager:/home/emma/Documents/GitHub/magic/install/hardware_interface_testing:/home/emma/Documents/GitHub/magic/install/controller_interface:/home/emma/Documents/GitHub/magic/install/hardware_interface:/home/emma/Documents/GitHub/magic/install/ros2_control_test_assets:/home/emma/Documents/GitHub/magic/install/realtime_tools:/home/emma/Documents/GitHub/magic/install/controller_manager_msgs:/home/emma/Documents/GitHub/magic/install/control_msgs:${AMENT_PREFIX_PATH} CMAKE_PREFIX_PATH=/home/emma/Documents/GitHub/magic/install/controller_manager:/home/emma/Documents/GitHub/magic/install/hardware_interface_testing:/home/emma/Documents/GitHub/magic/install/controller_interface:/home/emma/Documents/GitHub/magic/install/hardware_interface:/home/emma/Documents/GitHub/magic/install/ros2_control_test_assets:/home/emma/Documents/GitHub/magic/install/realtime_tools:/home/emma/Documents/GitHub/magic/install/controller_manager_msgs:/home/emma/Documents/GitHub/magic/install/control_msgs:${CMAKE_PREFIX_PATH} CONDA_PROMPT_MODIFIER=(base) LD_LIBRARY_PATH=/home/emma/Documents/GitHub/magic/install/controller_manager/lib:/home/emma/Documents/GitHub/magic/install/hardware_interface_testing/lib:/home/emma/Documents/GitHub/magic/install/controller_interface/lib:/home/emma/Documents/GitHub/magic/install/hardware_interface/lib:/home/emma/Documents/GitHub/magic/install/realtime_tools/lib:/home/emma/Documents/GitHub/magic/install/controller_manager_msgs/lib:/home/emma/Documents/GitHub/magic/install/control_msgs/lib:${LD_LIBRARY_PATH} PYTHONPATH=/home/emma/Documents/GitHub/magic/build/ros2controlcli/prefix_override:/usr/lib/python3/dist-packages/colcon_core/task/python/colcon_distutils_commands:/home/emma/Documents/GitHub/magic/install/ros2controlcli/lib/python3.10/site-packages:/home/emma/Documents/GitHub/magic/install/controller_manager/local/lib/python3.10/dist-packages:/home/emma/Documents/GitHub/magic/install/controller_manager_msgs/local/lib/python3.10/dist-packages:/home/emma/Documents/GitHub/magic/install/control_msgs/local/lib/python3.10/dist-packages:${PYTHONPATH} /usr/bin/python3 -W ignore:setup.py install is deprecated -W ignore:easy_install command is deprecated setup.py egg_info --egg-base ../../../../build/ros2controlcli build --build-base /home/emma/Documents/GitHub/magic/build/ros2controlcli/build install --record /home/emma/Documents/GitHub/magic/build/ros2controlcli/install.log --single-version-externally-managed install_data
[2.810s] running egg_info
[2.811s] creating ../../../../build/ros2controlcli/ros2controlcli.egg-info
[2.811s] writing ../../../../build/ros2controlcli/ros2controlcli.egg-info/PKG-INFO
[2.811s] writing dependency_links to ../../../../build/ros2controlcli/ros2controlcli.egg-info/dependency_links.txt
[2.811s] writing entry points to ../../../../build/ros2controlcli/ros2controlcli.egg-info/entry_points.txt
[2.811s] writing requirements to ../../../../build/ros2controlcli/ros2controlcli.egg-info/requires.txt
[2.811s] writing top-level names to ../../../../build/ros2controlcli/ros2controlcli.egg-info/top_level.txt
[2.811s] writing manifest file '../../../../build/ros2controlcli/ros2controlcli.egg-info/SOURCES.txt'
[2.811s] reading manifest file '../../../../build/ros2controlcli/ros2controlcli.egg-info/SOURCES.txt'
[2.811s] writing manifest file '../../../../build/ros2controlcli/ros2controlcli.egg-info/SOURCES.txt'
[2.811s] running build
[2.811s] running build_py
[2.811s] creating /home/emma/Documents/GitHub/magic/build/ros2controlcli/build
[2.811s] creating /home/emma/Documents/GitHub/magic/build/ros2controlcli/build/lib
[2.811s] creating /home/emma/Documents/GitHub/magic/build/ros2controlcli/build/lib/ros2controlcli
[2.812s] copying ros2controlcli/__init__.py -> /home/emma/Documents/GitHub/magic/build/ros2controlcli/build/lib/ros2controlcli
[2.812s] creating /home/emma/Documents/GitHub/magic/build/ros2controlcli/build/lib/ros2controlcli/api
[2.812s] copying ros2controlcli/api/__init__.py -> /home/emma/Documents/GitHub/magic/build/ros2controlcli/build/lib/ros2controlcli/api
[2.812s] creating /home/emma/Documents/GitHub/magic/build/ros2controlcli/build/lib/ros2controlcli/verb
[2.812s] copying ros2controlcli/verb/unload_controller.py -> /home/emma/Documents/GitHub/magic/build/ros2controlcli/build/lib/ros2controlcli/verb
[2.818s] copying ros2controlcli/verb/switch_controllers.py -> /home/emma/Documents/GitHub/magic/build/ros2controlcli/build/lib/ros2controlcli/verb
[2.818s] copying ros2controlcli/verb/set_hardware_component_state.py -> /home/emma/Documents/GitHub/magic/build/ros2controlcli/build/lib/ros2controlcli/verb
[2.818s] copying ros2controlcli/verb/view_controller_chains.py -> /home/emma/Documents/GitHub/magic/build/ros2controlcli/build/lib/ros2controlcli/verb
[2.818s] copying ros2controlcli/verb/load_controller.py -> /home/emma/Documents/GitHub/magic/build/ros2controlcli/build/lib/ros2controlcli/verb
[2.818s] copying ros2controlcli/verb/set_controller_state.py -> /home/emma/Documents/GitHub/magic/build/ros2controlcli/build/lib/ros2controlcli/verb
[2.818s] copying ros2controlcli/verb/__init__.py -> /home/emma/Documents/GitHub/magic/build/ros2controlcli/build/lib/ros2controlcli/verb
[2.818s] copying ros2controlcli/verb/list_controller_types.py -> /home/emma/Documents/GitHub/magic/build/ros2controlcli/build/lib/ros2controlcli/verb
[2.818s] copying ros2controlcli/verb/list_hardware_components.py -> /home/emma/Documents/GitHub/magic/build/ros2controlcli/build/lib/ros2controlcli/verb
[2.819s] copying ros2controlcli/verb/list_controllers.py -> /home/emma/Documents/GitHub/magic/build/ros2controlcli/build/lib/ros2controlcli/verb
[2.819s] copying ros2controlcli/verb/list_hardware_interfaces.py -> /home/emma/Documents/GitHub/magic/build/ros2controlcli/build/lib/ros2controlcli/verb
[2.819s] copying ros2controlcli/verb/reload_controller_libraries.py -> /home/emma/Documents/GitHub/magic/build/ros2controlcli/build/lib/ros2controlcli/verb
[2.819s] creating /home/emma/Documents/GitHub/magic/build/ros2controlcli/build/lib/ros2controlcli/command
[2.819s] copying ros2controlcli/command/control.py -> /home/emma/Documents/GitHub/magic/build/ros2controlcli/build/lib/ros2controlcli/command
[2.819s] copying ros2controlcli/command/__init__.py -> /home/emma/Documents/GitHub/magic/build/ros2controlcli/build/lib/ros2controlcli/command
[2.819s] running install
[2.819s] running install_lib
[2.819s] creating /home/emma/Documents/GitHub/magic/install/ros2controlcli/lib/python3.10/site-packages/ros2controlcli
[2.819s] creating /home/emma/Documents/GitHub/magic/install/ros2controlcli/lib/python3.10/site-packages/ros2controlcli/api
[2.819s] copying /home/emma/Documents/GitHub/magic/build/ros2controlcli/build/lib/ros2controlcli/api/__init__.py -> /home/emma/Documents/GitHub/magic/install/ros2controlcli/lib/python3.10/site-packages/ros2controlcli/api
[2.819s] copying /home/emma/Documents/GitHub/magic/build/ros2controlcli/build/lib/ros2controlcli/__init__.py -> /home/emma/Documents/GitHub/magic/install/ros2controlcli/lib/python3.10/site-packages/ros2controlcli
[2.819s] creating /home/emma/Documents/GitHub/magic/install/ros2controlcli/lib/python3.10/site-packages/ros2controlcli/verb
[2.819s] copying /home/emma/Documents/GitHub/magic/build/ros2controlcli/build/lib/ros2controlcli/verb/unload_controller.py -> /home/emma/Documents/GitHub/magic/install/ros2controlcli/lib/python3.10/site-packages/ros2controlcli/verb
[2.819s] copying /home/emma/Documents/GitHub/magic/build/ros2controlcli/build/lib/ros2controlcli/verb/switch_controllers.py -> /home/emma/Documents/GitHub/magic/install/ros2controlcli/lib/python3.10/site-packages/ros2controlcli/verb
[2.819s] copying /home/emma/Documents/GitHub/magic/build/ros2controlcli/build/lib/ros2controlcli/verb/set_hardware_component_state.py -> /home/emma/Documents/GitHub/magic/install/ros2controlcli/lib/python3.10/site-packages/ros2controlcli/verb
[2.819s] copying /home/emma/Documents/GitHub/magic/build/ros2controlcli/build/lib/ros2controlcli/verb/view_controller_chains.py -> /home/emma/Documents/GitHub/magic/install/ros2controlcli/lib/python3.10/site-packages/ros2controlcli/verb
[2.819s] copying /home/emma/Documents/GitHub/magic/build/ros2controlcli/build/lib/ros2controlcli/verb/load_controller.py -> /home/emma/Documents/GitHub/magic/install/ros2controlcli/lib/python3.10/site-packages/ros2controlcli/verb
[2.819s] copying /home/emma/Documents/GitHub/magic/build/ros2controlcli/build/lib/ros2controlcli/verb/set_controller_state.py -> /home/emma/Documents/GitHub/magic/install/ros2controlcli/lib/python3.10/site-packages/ros2controlcli/verb
[2.819s] copying /home/emma/Documents/GitHub/magic/build/ros2controlcli/build/lib/ros2controlcli/verb/__init__.py -> /home/emma/Documents/GitHub/magic/install/ros2controlcli/lib/python3.10/site-packages/ros2controlcli/verb
[2.819s] copying /home/emma/Documents/GitHub/magic/build/ros2controlcli/build/lib/ros2controlcli/verb/list_controller_types.py -> /home/emma/Documents/GitHub/magic/install/ros2controlcli/lib/python3.10/site-packages/ros2controlcli/verb
[2.819s] copying /home/emma/Documents/GitHub/magic/build/ros2controlcli/build/lib/ros2controlcli/verb/list_hardware_components.py -> /home/emma/Documents/GitHub/magic/install/ros2controlcli/lib/python3.10/site-packages/ros2controlcli/verb
[2.820s] copying /home/emma/Documents/GitHub/magic/build/ros2controlcli/build/lib/ros2controlcli/verb/list_controllers.py -> /home/emma/Documents/GitHub/magic/install/ros2controlcli/lib/python3.10/site-packages/ros2controlcli/verb
[2.820s] copying /home/emma/Documents/GitHub/magic/build/ros2controlcli/build/lib/ros2controlcli/verb/list_hardware_interfaces.py -> /home/emma/Documents/GitHub/magic/install/ros2controlcli/lib/python3.10/site-packages/ros2controlcli/verb
[2.820s] copying /home/emma/Documents/GitHub/magic/build/ros2controlcli/build/lib/ros2controlcli/verb/reload_controller_libraries.py -> /home/emma/Documents/GitHub/magic/install/ros2controlcli/lib/python3.10/site-packages/ros2controlcli/verb
[2.820s] creating /home/emma/Documents/GitHub/magic/install/ros2controlcli/lib/python3.10/site-packages/ros2controlcli/command
[2.820s] copying /home/emma/Documents/GitHub/magic/build/ros2controlcli/build/lib/ros2controlcli/command/control.py -> /home/emma/Documents/GitHub/magic/install/ros2controlcli/lib/python3.10/site-packages/ros2controlcli/command
[2.820s] copying /home/emma/Documents/GitHub/magic/build/ros2controlcli/build/lib/ros2controlcli/command/__init__.py -> /home/emma/Documents/GitHub/magic/install/ros2controlcli/lib/python3.10/site-packages/ros2controlcli/command
[2.820s] byte-compiling /home/emma/Documents/GitHub/magic/install/ros2controlcli/lib/python3.10/site-packages/ros2controlcli/api/__init__.py to __init__.cpython-310.pyc
[2.820s] byte-compiling /home/emma/Documents/GitHub/magic/install/ros2controlcli/lib/python3.10/site-packages/ros2controlcli/__init__.py to __init__.cpython-310.pyc
[2.820s] byte-compiling /home/emma/Documents/GitHub/magic/install/ros2controlcli/lib/python3.10/site-packages/ros2controlcli/verb/unload_controller.py to unload_controller.cpython-310.pyc
[2.820s] byte-compiling /home/emma/Documents/GitHub/magic/install/ros2controlcli/lib/python3.10/site-packages/ros2controlcli/verb/switch_controllers.py to switch_controllers.cpython-310.pyc
[2.820s] byte-compiling /home/emma/Documents/GitHub/magic/install/ros2controlcli/lib/python3.10/site-packages/ros2controlcli/verb/set_hardware_component_state.py to set_hardware_component_state.cpython-310.pyc
[2.820s] byte-compiling /home/emma/Documents/GitHub/magic/install/ros2controlcli/lib/python3.10/site-packages/ros2controlcli/verb/view_controller_chains.py to view_controller_chains.cpython-310.pyc
[2.820s] byte-compiling /home/emma/Documents/GitHub/magic/install/ros2controlcli/lib/python3.10/site-packages/ros2controlcli/verb/load_controller.py to load_controller.cpython-310.pyc
[2.820s] byte-compiling /home/emma/Documents/GitHub/magic/install/ros2controlcli/lib/python3.10/site-packages/ros2controlcli/verb/set_controller_state.py to set_controller_state.cpython-310.pyc
[2.820s] byte-compiling /home/emma/Documents/GitHub/magic/install/ros2controlcli/lib/python3.10/site-packages/ros2controlcli/verb/__init__.py to __init__.cpython-310.pyc
[2.820s] byte-compiling /home/emma/Documents/GitHub/magic/install/ros2controlcli/lib/python3.10/site-packages/ros2controlcli/verb/list_controller_types.py to list_controller_types.cpython-310.pyc
[2.820s] byte-compiling /home/emma/Documents/GitHub/magic/install/ros2controlcli/lib/python3.10/site-packages/ros2controlcli/verb/list_hardware_components.py to list_hardware_components.cpython-310.pyc
[2.820s] byte-compiling /home/emma/Documents/GitHub/magic/install/ros2controlcli/lib/python3.10/site-packages/ros2controlcli/verb/list_controllers.py to list_controllers.cpython-310.pyc
[2.820s] byte-compiling /home/emma/Documents/GitHub/magic/install/ros2controlcli/lib/python3.10/site-packages/ros2controlcli/verb/list_hardware_interfaces.py to list_hardware_interfaces.cpython-310.pyc
[2.820s] byte-compiling /home/emma/Documents/GitHub/magic/install/ros2controlcli/lib/python3.10/site-packages/ros2controlcli/verb/reload_controller_libraries.py to reload_controller_libraries.cpython-310.pyc
[2.821s] byte-compiling /home/emma/Documents/GitHub/magic/install/ros2controlcli/lib/python3.10/site-packages/ros2controlcli/command/control.py to control.cpython-310.pyc
[2.821s] byte-compiling /home/emma/Documents/GitHub/magic/install/ros2controlcli/lib/python3.10/site-packages/ros2controlcli/command/__init__.py to __init__.cpython-310.pyc
[2.821s] running install_data
[2.821s] copying package.xml -> /home/emma/Documents/GitHub/magic/install/ros2controlcli/share/ros2controlcli
[2.821s] creating /home/emma/Documents/GitHub/magic/install/ros2controlcli/share/ament_index
[2.821s] creating /home/emma/Documents/GitHub/magic/install/ros2controlcli/share/ament_index/resource_index
[2.821s] creating /home/emma/Documents/GitHub/magic/install/ros2controlcli/share/ament_index/resource_index/packages
[2.821s] copying resource/ros2controlcli -> /home/emma/Documents/GitHub/magic/install/ros2controlcli/share/ament_index/resource_index/packages
[2.821s] running install_egg_info
[2.821s] Copying ../../../../build/ros2controlcli/ros2controlcli.egg-info to /home/emma/Documents/GitHub/magic/install/ros2controlcli/lib/python3.10/site-packages/ros2controlcli-2.49.0-py3.10.egg-info
[2.821s] running install_scripts
[2.821s] writing list of installed files to '/home/emma/Documents/GitHub/magic/build/ros2controlcli/install.log'
[2.825s] Invoked command in '/home/emma/Documents/GitHub/magic/ros2_ws/src/ros2_control/ros2controlcli' returned '0': AMENT_PREFIX_PATH=/home/emma/Documents/GitHub/magic/install/controller_manager:/home/emma/Documents/GitHub/magic/install/hardware_interface_testing:/home/emma/Documents/GitHub/magic/install/controller_interface:/home/emma/Documents/GitHub/magic/install/hardware_interface:/home/emma/Documents/GitHub/magic/install/ros2_control_test_assets:/home/emma/Documents/GitHub/magic/install/realtime_tools:/home/emma/Documents/GitHub/magic/install/controller_manager_msgs:/home/emma/Documents/GitHub/magic/install/control_msgs:${AMENT_PREFIX_PATH} CMAKE_PREFIX_PATH=/home/emma/Documents/GitHub/magic/install/controller_manager:/home/emma/Documents/GitHub/magic/install/hardware_interface_testing:/home/emma/Documents/GitHub/magic/install/controller_interface:/home/emma/Documents/GitHub/magic/install/hardware_interface:/home/emma/Documents/GitHub/magic/install/ros2_control_test_assets:/home/emma/Documents/GitHub/magic/install/realtime_tools:/home/emma/Documents/GitHub/magic/install/controller_manager_msgs:/home/emma/Documents/GitHub/magic/install/control_msgs:${CMAKE_PREFIX_PATH} CONDA_PROMPT_MODIFIER=(base) LD_LIBRARY_PATH=/home/emma/Documents/GitHub/magic/install/controller_manager/lib:/home/emma/Documents/GitHub/magic/install/hardware_interface_testing/lib:/home/emma/Documents/GitHub/magic/install/controller_interface/lib:/home/emma/Documents/GitHub/magic/install/hardware_interface/lib:/home/emma/Documents/GitHub/magic/install/realtime_tools/lib:/home/emma/Documents/GitHub/magic/install/controller_manager_msgs/lib:/home/emma/Documents/GitHub/magic/install/control_msgs/lib:${LD_LIBRARY_PATH} PYTHONPATH=/home/emma/Documents/GitHub/magic/build/ros2controlcli/prefix_override:/usr/lib/python3/dist-packages/colcon_core/task/python/colcon_distutils_commands:/home/emma/Documents/GitHub/magic/install/ros2controlcli/lib/python3.10/site-packages:/home/emma/Documents/GitHub/magic/install/controller_manager/local/lib/python3.10/dist-packages:/home/emma/Documents/GitHub/magic/install/controller_manager_msgs/local/lib/python3.10/dist-packages:/home/emma/Documents/GitHub/magic/install/control_msgs/local/lib/python3.10/dist-packages:${PYTHONPATH} /usr/bin/python3 -W ignore:setup.py install is deprecated -W ignore:easy_install command is deprecated setup.py egg_info --egg-base ../../../../build/ros2controlcli build --build-base /home/emma/Documents/GitHub/magic/build/ros2controlcli/build install --record /home/emma/Documents/GitHub/magic/build/ros2controlcli/install.log --single-version-externally-managed install_data
