[0.012s] Invoking command in '/home/megan/magic/ros2_ws/build/controller_interface': AMENT_PREFIX_PATH=/home/megan/magic/ros2_ws/install/hardware_interface:/home/megan/magic/ros2_ws/install/ros2_control_test_assets:/home/megan/magic/ros2_ws/install/control_msgs:${AMENT_PREFIX_PATH} CMAKE_PREFIX_PATH=/home/megan/magic/ros2_ws/install/hardware_interface:/home/megan/magic/ros2_ws/install/ros2_control_test_assets:/home/megan/magic/ros2_ws/install/control_msgs:/opt/ros/humble LD_LIBRARY_PATH=/home/megan/magic/ros2_ws/install/hardware_interface/lib:/home/megan/magic/ros2_ws/install/control_msgs/lib:${LD_LIBRARY_PATH} PYTHONPATH=/home/megan/magic/ros2_ws/install/control_msgs/lib/python3.10/site-packages:${PYTHONPATH} VIRTUAL_ENV_PROMPT=(magic) /usr/bin/cmake --build /home/megan/magic/ros2_ws/build/controller_interface -- -j20 -l20
[0.059s] [  4%] Built target ament_generate_version_header__controller_interface
[0.068s] [ 12%] Built target gmock_main
[0.070s] [ 25%] Built target gmock
[0.090s] [ 37%] Built target test_semantic_component_interface
[0.090s] [ 50%] Built target test_force_torque_sensor
[0.091s] [ 58%] Built target controller_interface
[0.094s] [ 66%] Built target test_imu_sensor
[0.095s] [ 75%] Built target test_pose_sensor
[0.114s] [ 83%] Built target test_controller_interface
[0.117s] [ 91%] Built target test_controller_with_options
[0.121s] [100%] Built target test_chainable_controller_interface
[0.130s] Invoked command in '/home/megan/magic/ros2_ws/build/controller_interface' returned '0': AMENT_PREFIX_PATH=/home/megan/magic/ros2_ws/install/hardware_interface:/home/megan/magic/ros2_ws/install/ros2_control_test_assets:/home/megan/magic/ros2_ws/install/control_msgs:${AMENT_PREFIX_PATH} CMAKE_PREFIX_PATH=/home/megan/magic/ros2_ws/install/hardware_interface:/home/megan/magic/ros2_ws/install/ros2_control_test_assets:/home/megan/magic/ros2_ws/install/control_msgs:/opt/ros/humble LD_LIBRARY_PATH=/home/megan/magic/ros2_ws/install/hardware_interface/lib:/home/megan/magic/ros2_ws/install/control_msgs/lib:${LD_LIBRARY_PATH} PYTHONPATH=/home/megan/magic/ros2_ws/install/control_msgs/lib/python3.10/site-packages:${PYTHONPATH} VIRTUAL_ENV_PROMPT=(magic) /usr/bin/cmake --build /home/megan/magic/ros2_ws/build/controller_interface -- -j20 -l20
[0.131s] Invoking command in '/home/megan/magic/ros2_ws/build/controller_interface': AMENT_PREFIX_PATH=/home/megan/magic/ros2_ws/install/hardware_interface:/home/megan/magic/ros2_ws/install/ros2_control_test_assets:/home/megan/magic/ros2_ws/install/control_msgs:${AMENT_PREFIX_PATH} CMAKE_PREFIX_PATH=/home/megan/magic/ros2_ws/install/hardware_interface:/home/megan/magic/ros2_ws/install/ros2_control_test_assets:/home/megan/magic/ros2_ws/install/control_msgs:/opt/ros/humble LD_LIBRARY_PATH=/home/megan/magic/ros2_ws/install/hardware_interface/lib:/home/megan/magic/ros2_ws/install/control_msgs/lib:${LD_LIBRARY_PATH} PYTHONPATH=/home/megan/magic/ros2_ws/install/control_msgs/lib/python3.10/site-packages:${PYTHONPATH} VIRTUAL_ENV_PROMPT=(magic) /usr/bin/cmake --install /home/megan/magic/ros2_ws/build/controller_interface
[0.140s] -- Install configuration: "Release"
[0.140s] -- Up-to-date: /home/megan/magic/ros2_ws/install/controller_interface/include
[0.140s] -- Up-to-date: /home/megan/magic/ros2_ws/install/controller_interface/include/semantic_components
[0.140s] -- Up-to-date: /home/megan/magic/ros2_ws/install/controller_interface/include/semantic_components/force_torque_sensor.hpp
[0.140s] -- Up-to-date: /home/megan/magic/ros2_ws/install/controller_interface/include/semantic_components/pose_sensor.hpp
[0.140s] -- Up-to-date: /home/megan/magic/ros2_ws/install/controller_interface/include/semantic_components/semantic_component_interface.hpp
[0.140s] -- Up-to-date: /home/megan/magic/ros2_ws/install/controller_interface/include/semantic_components/range_sensor.hpp
[0.140s] -- Up-to-date: /home/megan/magic/ros2_ws/install/controller_interface/include/semantic_components/imu_sensor.hpp
[0.140s] -- Up-to-date: /home/megan/magic/ros2_ws/install/controller_interface/include/controller_interface
[0.141s] -- Up-to-date: /home/megan/magic/ros2_ws/install/controller_interface/include/controller_interface/helpers.hpp
[0.141s] -- Up-to-date: /home/megan/magic/ros2_ws/install/controller_interface/include/controller_interface/chainable_controller_interface.hpp
[0.142s] -- Up-to-date: /home/megan/magic/ros2_ws/install/controller_interface/include/controller_interface/visibility_control.h
[0.142s] -- Up-to-date: /home/megan/magic/ros2_ws/install/controller_interface/include/controller_interface/controller_interface.hpp
[0.142s] -- Up-to-date: /home/megan/magic/ros2_ws/install/controller_interface/include/controller_interface/controller_interface_base.hpp
[0.142s] -- Up-to-date: /home/megan/magic/ros2_ws/install/controller_interface/lib/libcontroller_interface.so
[0.142s] -- Up-to-date: /home/megan/magic/ros2_ws/install/controller_interface/share/controller_interface/environment/library_path.sh
[0.143s] -- Up-to-date: /home/megan/magic/ros2_ws/install/controller_interface/share/controller_interface/environment/library_path.dsv
[0.143s] -- Up-to-date: /home/megan/magic/ros2_ws/install/controller_interface/share/ament_index/resource_index/package_run_dependencies/controller_interface
[0.143s] -- Up-to-date: /home/megan/magic/ros2_ws/install/controller_interface/share/ament_index/resource_index/parent_prefix_path/controller_interface
[0.143s] -- Up-to-date: /home/megan/magic/ros2_ws/install/controller_interface/share/controller_interface/environment/ament_prefix_path.sh
[0.143s] -- Up-to-date: /home/megan/magic/ros2_ws/install/controller_interface/share/controller_interface/environment/ament_prefix_path.dsv
[0.143s] -- Up-to-date: /home/megan/magic/ros2_ws/install/controller_interface/share/controller_interface/environment/path.sh
[0.143s] -- Up-to-date: /home/megan/magic/ros2_ws/install/controller_interface/share/controller_interface/environment/path.dsv
[0.143s] -- Up-to-date: /home/megan/magic/ros2_ws/install/controller_interface/share/controller_interface/local_setup.bash
[0.143s] -- Up-to-date: /home/megan/magic/ros2_ws/install/controller_interface/share/controller_interface/local_setup.sh
[0.144s] -- Up-to-date: /home/megan/magic/ros2_ws/install/controller_interface/share/controller_interface/local_setup.zsh
[0.144s] -- Up-to-date: /home/megan/magic/ros2_ws/install/controller_interface/share/controller_interface/local_setup.dsv
[0.144s] -- Installing: /home/megan/magic/ros2_ws/install/controller_interface/share/controller_interface/package.dsv
[0.144s] -- Up-to-date: /home/megan/magic/ros2_ws/install/controller_interface/share/ament_index/resource_index/packages/controller_interface
[0.144s] -- Up-to-date: /home/megan/magic/ros2_ws/install/controller_interface/share/controller_interface/cmake/ament_cmake_export_dependencies-extras.cmake
[0.145s] -- Up-to-date: /home/megan/magic/ros2_ws/install/controller_interface/share/controller_interface/cmake/ament_cmake_export_include_directories-extras.cmake
[0.147s] -- Up-to-date: /home/megan/magic/ros2_ws/install/controller_interface/share/controller_interface/cmake/ament_cmake_export_libraries-extras.cmake
[0.147s] -- Up-to-date: /home/megan/magic/ros2_ws/install/controller_interface/share/controller_interface/cmake/controller_interfaceConfig.cmake
[0.147s] -- Up-to-date: /home/megan/magic/ros2_ws/install/controller_interface/share/controller_interface/cmake/controller_interfaceConfig-version.cmake
[0.148s] -- Up-to-date: /home/megan/magic/ros2_ws/install/controller_interface/share/controller_interface/package.xml
[0.148s] -- Up-to-date: /home/megan/magic/ros2_ws/install/controller_interface/include/controller_interface/controller_interface/version.h
[0.148s] Invoked command in '/home/megan/magic/ros2_ws/build/controller_interface' returned '0': AMENT_PREFIX_PATH=/home/megan/magic/ros2_ws/install/hardware_interface:/home/megan/magic/ros2_ws/install/ros2_control_test_assets:/home/megan/magic/ros2_ws/install/control_msgs:${AMENT_PREFIX_PATH} CMAKE_PREFIX_PATH=/home/megan/magic/ros2_ws/install/hardware_interface:/home/megan/magic/ros2_ws/install/ros2_control_test_assets:/home/megan/magic/ros2_ws/install/control_msgs:/opt/ros/humble LD_LIBRARY_PATH=/home/megan/magic/ros2_ws/install/hardware_interface/lib:/home/megan/magic/ros2_ws/install/control_msgs/lib:${LD_LIBRARY_PATH} PYTHONPATH=/home/megan/magic/ros2_ws/install/control_msgs/lib/python3.10/site-packages:${PYTHONPATH} VIRTUAL_ENV_PROMPT=(magic) /usr/bin/cmake --install /home/megan/magic/ros2_ws/build/controller_interface
