[0.033s] Invoking command in '/home/megan/magic/ros2_ws/build/pose_broadcaster': AMENT_PREFIX_PATH=/home/megan/magic/ros2_ws/install/controller_manager:/home/megan/magic/ros2_ws/install/hardware_interface_testing:/home/megan/magic/ros2_ws/install/controller_interface:/home/megan/magic/ros2_ws/install/hardware_interface:/home/megan/magic/ros2_ws/install/ros2_control_test_assets:/home/megan/magic/ros2_ws/install/controller_manager_msgs:/home/megan/magic/ros2_ws/install/control_msgs:${AMENT_PREFIX_PATH} CMAKE_PREFIX_PATH=/home/megan/magic/ros2_ws/install/controller_manager:/home/megan/magic/ros2_ws/install/hardware_interface_testing:/home/megan/magic/ros2_ws/install/controller_interface:/home/megan/magic/ros2_ws/install/hardware_interface:/home/megan/magic/ros2_ws/install/ros2_control_test_assets:/home/megan/magic/ros2_ws/install/controller_manager_msgs:/home/megan/magic/ros2_ws/install/control_msgs:/opt/ros/humble LD_LIBRARY_PATH=/home/megan/magic/ros2_ws/install/controller_manager/lib:/home/megan/magic/ros2_ws/install/hardware_interface_testing/lib:/home/megan/magic/ros2_ws/install/controller_interface/lib:/home/megan/magic/ros2_ws/install/hardware_interface/lib:/home/megan/magic/ros2_ws/install/controller_manager_msgs/lib:/home/megan/magic/ros2_ws/install/control_msgs/lib:${LD_LIBRARY_PATH} PYTHONPATH=/home/megan/magic/ros2_ws/install/controller_manager/lib/python3.10/site-packages:/home/megan/magic/ros2_ws/install/controller_manager_msgs/lib/python3.10/site-packages:/home/megan/magic/ros2_ws/install/control_msgs/lib/python3.10/site-packages:${PYTHONPATH} VIRTUAL_ENV_PROMPT=(magic) /usr/bin/cmake --build /home/megan/magic/ros2_ws/build/pose_broadcaster -- -j20 -l20
[0.069s] [35m[1mConsolidate compiler generated dependencies of target gmock_main[0m
[0.070s] [35m[1mConsolidate compiler generated dependencies of target gmock[0m
[0.079s] [ 15%] Built target pose_broadcaster_parameters
[0.084s] [ 30%] Built target gmock_main
[0.086s] [ 53%] Built target gmock
[0.092s] [35m[1mConsolidate compiler generated dependencies of target pose_broadcaster[0m
[0.113s] [ 69%] Built target pose_broadcaster
[0.124s] [35m[1mConsolidate compiler generated dependencies of target test_load_pose_broadcaster[0m
[0.126s] [35m[1mConsolidate compiler generated dependencies of target test_pose_broadcaster[0m
[0.143s] [ 84%] Built target test_load_pose_broadcaster
[0.144s] [100%] Built target test_pose_broadcaster
[0.152s] Invoked command in '/home/megan/magic/ros2_ws/build/pose_broadcaster' returned '0': AMENT_PREFIX_PATH=/home/megan/magic/ros2_ws/install/controller_manager:/home/megan/magic/ros2_ws/install/hardware_interface_testing:/home/megan/magic/ros2_ws/install/controller_interface:/home/megan/magic/ros2_ws/install/hardware_interface:/home/megan/magic/ros2_ws/install/ros2_control_test_assets:/home/megan/magic/ros2_ws/install/controller_manager_msgs:/home/megan/magic/ros2_ws/install/control_msgs:${AMENT_PREFIX_PATH} CMAKE_PREFIX_PATH=/home/megan/magic/ros2_ws/install/controller_manager:/home/megan/magic/ros2_ws/install/hardware_interface_testing:/home/megan/magic/ros2_ws/install/controller_interface:/home/megan/magic/ros2_ws/install/hardware_interface:/home/megan/magic/ros2_ws/install/ros2_control_test_assets:/home/megan/magic/ros2_ws/install/controller_manager_msgs:/home/megan/magic/ros2_ws/install/control_msgs:/opt/ros/humble LD_LIBRARY_PATH=/home/megan/magic/ros2_ws/install/controller_manager/lib:/home/megan/magic/ros2_ws/install/hardware_interface_testing/lib:/home/megan/magic/ros2_ws/install/controller_interface/lib:/home/megan/magic/ros2_ws/install/hardware_interface/lib:/home/megan/magic/ros2_ws/install/controller_manager_msgs/lib:/home/megan/magic/ros2_ws/install/control_msgs/lib:${LD_LIBRARY_PATH} PYTHONPATH=/home/megan/magic/ros2_ws/install/controller_manager/lib/python3.10/site-packages:/home/megan/magic/ros2_ws/install/controller_manager_msgs/lib/python3.10/site-packages:/home/megan/magic/ros2_ws/install/control_msgs/lib/python3.10/site-packages:${PYTHONPATH} VIRTUAL_ENV_PROMPT=(magic) /usr/bin/cmake --build /home/megan/magic/ros2_ws/build/pose_broadcaster -- -j20 -l20
[0.154s] Invoking command in '/home/megan/magic/ros2_ws/build/pose_broadcaster': AMENT_PREFIX_PATH=/home/megan/magic/ros2_ws/install/controller_manager:/home/megan/magic/ros2_ws/install/hardware_interface_testing:/home/megan/magic/ros2_ws/install/controller_interface:/home/megan/magic/ros2_ws/install/hardware_interface:/home/megan/magic/ros2_ws/install/ros2_control_test_assets:/home/megan/magic/ros2_ws/install/controller_manager_msgs:/home/megan/magic/ros2_ws/install/control_msgs:${AMENT_PREFIX_PATH} CMAKE_PREFIX_PATH=/home/megan/magic/ros2_ws/install/controller_manager:/home/megan/magic/ros2_ws/install/hardware_interface_testing:/home/megan/magic/ros2_ws/install/controller_interface:/home/megan/magic/ros2_ws/install/hardware_interface:/home/megan/magic/ros2_ws/install/ros2_control_test_assets:/home/megan/magic/ros2_ws/install/controller_manager_msgs:/home/megan/magic/ros2_ws/install/control_msgs:/opt/ros/humble LD_LIBRARY_PATH=/home/megan/magic/ros2_ws/install/controller_manager/lib:/home/megan/magic/ros2_ws/install/hardware_interface_testing/lib:/home/megan/magic/ros2_ws/install/controller_interface/lib:/home/megan/magic/ros2_ws/install/hardware_interface/lib:/home/megan/magic/ros2_ws/install/controller_manager_msgs/lib:/home/megan/magic/ros2_ws/install/control_msgs/lib:${LD_LIBRARY_PATH} PYTHONPATH=/home/megan/magic/ros2_ws/install/controller_manager/lib/python3.10/site-packages:/home/megan/magic/ros2_ws/install/controller_manager_msgs/lib/python3.10/site-packages:/home/megan/magic/ros2_ws/install/control_msgs/lib/python3.10/site-packages:${PYTHONPATH} VIRTUAL_ENV_PROMPT=(magic) /usr/bin/cmake --install /home/megan/magic/ros2_ws/build/pose_broadcaster
[0.162s] -- Install configuration: "Release"
[0.162s] -- Up-to-date: /home/megan/magic/ros2_ws/install/pose_broadcaster/include/pose_broadcaster
[0.162s] -- Up-to-date: /home/megan/magic/ros2_ws/install/pose_broadcaster/include/pose_broadcaster/pose_broadcaster_parameters.hpp
[0.162s] -- Up-to-date: /home/megan/magic/ros2_ws/install/pose_broadcaster/share/pose_broadcaster/pose_broadcaster.xml
[0.162s] -- Up-to-date: /home/megan/magic/ros2_ws/install/pose_broadcaster/include/pose_broadcaster
[0.163s] -- Up-to-date: /home/megan/magic/ros2_ws/install/pose_broadcaster/include/pose_broadcaster/pose_broadcaster
[0.163s] -- Up-to-date: /home/megan/magic/ros2_ws/install/pose_broadcaster/include/pose_broadcaster/pose_broadcaster/pose_broadcaster.hpp
[0.163s] -- Up-to-date: /home/megan/magic/ros2_ws/install/pose_broadcaster/include/pose_broadcaster/pose_broadcaster/visibility_control.h
[0.163s] -- Up-to-date: /home/megan/magic/ros2_ws/install/pose_broadcaster/lib/libpose_broadcaster.so
[0.163s] -- Up-to-date: /home/megan/magic/ros2_ws/install/pose_broadcaster/share/pose_broadcaster/environment/library_path.sh
[0.163s] -- Up-to-date: /home/megan/magic/ros2_ws/install/pose_broadcaster/share/pose_broadcaster/environment/library_path.dsv
[0.163s] -- Up-to-date: /home/megan/magic/ros2_ws/install/pose_broadcaster/share/ament_index/resource_index/package_run_dependencies/pose_broadcaster
[0.163s] -- Up-to-date: /home/megan/magic/ros2_ws/install/pose_broadcaster/share/ament_index/resource_index/parent_prefix_path/pose_broadcaster
[0.163s] -- Up-to-date: /home/megan/magic/ros2_ws/install/pose_broadcaster/share/pose_broadcaster/environment/ament_prefix_path.sh
[0.164s] -- Up-to-date: /home/megan/magic/ros2_ws/install/pose_broadcaster/share/pose_broadcaster/environment/ament_prefix_path.dsv
[0.164s] -- Up-to-date: /home/megan/magic/ros2_ws/install/pose_broadcaster/share/pose_broadcaster/environment/path.sh
[0.164s] -- Up-to-date: /home/megan/magic/ros2_ws/install/pose_broadcaster/share/pose_broadcaster/environment/path.dsv
[0.164s] -- Up-to-date: /home/megan/magic/ros2_ws/install/pose_broadcaster/share/pose_broadcaster/local_setup.bash
[0.164s] -- Up-to-date: /home/megan/magic/ros2_ws/install/pose_broadcaster/share/pose_broadcaster/local_setup.sh
[0.164s] -- Up-to-date: /home/megan/magic/ros2_ws/install/pose_broadcaster/share/pose_broadcaster/local_setup.zsh
[0.164s] -- Up-to-date: /home/megan/magic/ros2_ws/install/pose_broadcaster/share/pose_broadcaster/local_setup.dsv
[0.164s] -- Installing: /home/megan/magic/ros2_ws/install/pose_broadcaster/share/pose_broadcaster/package.dsv
[0.164s] -- Up-to-date: /home/megan/magic/ros2_ws/install/pose_broadcaster/share/ament_index/resource_index/packages/pose_broadcaster
[0.164s] -- Up-to-date: /home/megan/magic/ros2_ws/install/pose_broadcaster/share/ament_index/resource_index/controller_interface__pluginlib__plugin/pose_broadcaster
[0.165s] -- Up-to-date: /home/megan/magic/ros2_ws/install/pose_broadcaster/share/pose_broadcaster/cmake/export_pose_broadcasterExport.cmake
[0.165s] -- Up-to-date: /home/megan/magic/ros2_ws/install/pose_broadcaster/share/pose_broadcaster/cmake/export_pose_broadcasterExport-release.cmake
[0.165s] -- Up-to-date: /home/megan/magic/ros2_ws/install/pose_broadcaster/share/pose_broadcaster/cmake/ament_cmake_export_dependencies-extras.cmake
[0.165s] -- Up-to-date: /home/megan/magic/ros2_ws/install/pose_broadcaster/share/pose_broadcaster/cmake/ament_cmake_export_targets-extras.cmake
[0.165s] -- Up-to-date: /home/megan/magic/ros2_ws/install/pose_broadcaster/share/pose_broadcaster/cmake/pose_broadcasterConfig.cmake
[0.165s] -- Up-to-date: /home/megan/magic/ros2_ws/install/pose_broadcaster/share/pose_broadcaster/cmake/pose_broadcasterConfig-version.cmake
[0.165s] -- Up-to-date: /home/megan/magic/ros2_ws/install/pose_broadcaster/share/pose_broadcaster/package.xml
[0.166s] Invoked command in '/home/megan/magic/ros2_ws/build/pose_broadcaster' returned '0': AMENT_PREFIX_PATH=/home/megan/magic/ros2_ws/install/controller_manager:/home/megan/magic/ros2_ws/install/hardware_interface_testing:/home/megan/magic/ros2_ws/install/controller_interface:/home/megan/magic/ros2_ws/install/hardware_interface:/home/megan/magic/ros2_ws/install/ros2_control_test_assets:/home/megan/magic/ros2_ws/install/controller_manager_msgs:/home/megan/magic/ros2_ws/install/control_msgs:${AMENT_PREFIX_PATH} CMAKE_PREFIX_PATH=/home/megan/magic/ros2_ws/install/controller_manager:/home/megan/magic/ros2_ws/install/hardware_interface_testing:/home/megan/magic/ros2_ws/install/controller_interface:/home/megan/magic/ros2_ws/install/hardware_interface:/home/megan/magic/ros2_ws/install/ros2_control_test_assets:/home/megan/magic/ros2_ws/install/controller_manager_msgs:/home/megan/magic/ros2_ws/install/control_msgs:/opt/ros/humble LD_LIBRARY_PATH=/home/megan/magic/ros2_ws/install/controller_manager/lib:/home/megan/magic/ros2_ws/install/hardware_interface_testing/lib:/home/megan/magic/ros2_ws/install/controller_interface/lib:/home/megan/magic/ros2_ws/install/hardware_interface/lib:/home/megan/magic/ros2_ws/install/controller_manager_msgs/lib:/home/megan/magic/ros2_ws/install/control_msgs/lib:${LD_LIBRARY_PATH} PYTHONPATH=/home/megan/magic/ros2_ws/install/controller_manager/lib/python3.10/site-packages:/home/megan/magic/ros2_ws/install/controller_manager_msgs/lib/python3.10/site-packages:/home/megan/magic/ros2_ws/install/control_msgs/lib/python3.10/site-packages:${PYTHONPATH} VIRTUAL_ENV_PROMPT=(magic) /usr/bin/cmake --install /home/megan/magic/ros2_ws/build/pose_broadcaster
