[0.041s] Invoking command in '/home/emma/Documents/GitHub/magic/build/serial': CMAKE_PREFIX_PATH=${CMAKE_PREFIX_PATH}:/home/emma/Documents/GitHub/install/rqt_joint_trajectory_controller:/home/emma/Documents/GitHub/install/rqt_controller_manager:/home/emma/Documents/GitHub/install/ros2controlcli:/home/emma/Documents/GitHub/install/ros2_controllers_test_nodes:/home/emma/Documents/GitHub/install/mujoco_ros2:/home/emma/Documents/GitHub/install/control:/opt/ros/humble CONDA_PROMPT_MODIFIER=(base) /usr/bin/cmake /home/emma/Documents/GitHub/magic/ros2_ws/src/serial -DCMAKE_INSTALL_PREFIX=/home/emma/Documents/GitHub/magic/install/serial
[0.317s] -- The C compiler identification is GNU 11.4.0
[0.317s] -- The CXX compiler identification is GNU 11.4.0
[0.317s] -- Detecting C compiler ABI info
[0.317s] -- Detecting C compiler ABI info - done
[0.317s] -- Check for working C compiler: /usr/bin/cc - skipped
[0.317s] -- Detecting C compile features
[0.317s] -- Detecting C compile features - done
[0.317s] -- Detecting CXX compiler ABI info
[0.317s] -- Detecting CXX compiler ABI info - done
[0.320s] -- Check for working CXX compiler: /usr/bin/c++ - skipped
[0.321s] -- Detecting CXX compile features
[0.321s] -- Detecting CXX compile features - done
[0.330s] -- Found ament_cmake: 1.3.12 (/opt/ros/humble/share/ament_cmake/cmake)
[0.509s] -- Found Python3: /usr/bin/python3 (found version "3.10.12") found components: Interpreter 
[0.681s] -- Configuring done
[0.684s] -- Generating done
[0.686s] -- Build files have been written to: /home/emma/Documents/GitHub/magic/build/serial
[0.689s] Invoked command in '/home/emma/Documents/GitHub/magic/build/serial' returned '0': CMAKE_PREFIX_PATH=${CMAKE_PREFIX_PATH}:/home/emma/Documents/GitHub/install/rqt_joint_trajectory_controller:/home/emma/Documents/GitHub/install/rqt_controller_manager:/home/emma/Documents/GitHub/install/ros2controlcli:/home/emma/Documents/GitHub/install/ros2_controllers_test_nodes:/home/emma/Documents/GitHub/install/mujoco_ros2:/home/emma/Documents/GitHub/install/control:/opt/ros/humble CONDA_PROMPT_MODIFIER=(base) /usr/bin/cmake /home/emma/Documents/GitHub/magic/ros2_ws/src/serial -DCMAKE_INSTALL_PREFIX=/home/emma/Documents/GitHub/magic/install/serial
[0.691s] Invoking command in '/home/emma/Documents/GitHub/magic/build/serial': CMAKE_PREFIX_PATH=${CMAKE_PREFIX_PATH}:/home/emma/Documents/GitHub/install/rqt_joint_trajectory_controller:/home/emma/Documents/GitHub/install/rqt_controller_manager:/home/emma/Documents/GitHub/install/ros2controlcli:/home/emma/Documents/GitHub/install/ros2_controllers_test_nodes:/home/emma/Documents/GitHub/install/mujoco_ros2:/home/emma/Documents/GitHub/install/control:/opt/ros/humble CONDA_PROMPT_MODIFIER=(base) /usr/bin/cmake --build /home/emma/Documents/GitHub/magic/build/serial -- -j20 -l20
[0.749s] [ 50%] [32mBuilding CXX object CMakeFiles/serial.dir/src/serial.cc.o[0m
[0.749s] [ 50%] [32mBuilding CXX object CMakeFiles/serial.dir/src/impl/unix.cc.o[0m
[0.751s] [ 75%] [32mBuilding CXX object CMakeFiles/serial.dir/src/impl/list_ports/list_ports_linux.cc.o[0m
[1.182s] [100%] [32m[1mLinking CXX static library libserial.a[0m
[1.249s] [100%] Built target serial
[1.263s] Invoked command in '/home/emma/Documents/GitHub/magic/build/serial' returned '0': CMAKE_PREFIX_PATH=${CMAKE_PREFIX_PATH}:/home/emma/Documents/GitHub/install/rqt_joint_trajectory_controller:/home/emma/Documents/GitHub/install/rqt_controller_manager:/home/emma/Documents/GitHub/install/ros2controlcli:/home/emma/Documents/GitHub/install/ros2_controllers_test_nodes:/home/emma/Documents/GitHub/install/mujoco_ros2:/home/emma/Documents/GitHub/install/control:/opt/ros/humble CONDA_PROMPT_MODIFIER=(base) /usr/bin/cmake --build /home/emma/Documents/GitHub/magic/build/serial -- -j20 -l20
[1.265s] Invoking command in '/home/emma/Documents/GitHub/magic/build/serial': CMAKE_PREFIX_PATH=${CMAKE_PREFIX_PATH}:/home/emma/Documents/GitHub/install/rqt_joint_trajectory_controller:/home/emma/Documents/GitHub/install/rqt_controller_manager:/home/emma/Documents/GitHub/install/ros2controlcli:/home/emma/Documents/GitHub/install/ros2_controllers_test_nodes:/home/emma/Documents/GitHub/install/mujoco_ros2:/home/emma/Documents/GitHub/install/control:/opt/ros/humble CONDA_PROMPT_MODIFIER=(base) /usr/bin/cmake --install /home/emma/Documents/GitHub/magic/build/serial
[1.275s] -- Install configuration: ""
[1.275s] -- Installing: /home/emma/Documents/GitHub/magic/install/serial/lib/libserial.a
[1.275s] -- Installing: /home/emma/Documents/GitHub/magic/install/serial/include
[1.275s] -- Installing: /home/emma/Documents/GitHub/magic/install/serial/include/serial
[1.275s] -- Installing: /home/emma/Documents/GitHub/magic/install/serial/include/serial/serial.h
[1.275s] -- Installing: /home/emma/Documents/GitHub/magic/install/serial/include/serial/v8stdint.h
[1.275s] -- Installing: /home/emma/Documents/GitHub/magic/install/serial/include/serial/impl
[1.275s] -- Installing: /home/emma/Documents/GitHub/magic/install/serial/include/serial/impl/win.h
[1.275s] -- Installing: /home/emma/Documents/GitHub/magic/install/serial/include/serial/impl/unix.h
[1.275s] -- Installing: /home/emma/Documents/GitHub/magic/install/serial/share/serial/environment/library_path.sh
[1.276s] -- Installing: /home/emma/Documents/GitHub/magic/install/serial/share/serial/environment/library_path.dsv
[1.276s] -- Installing: /home/emma/Documents/GitHub/magic/install/serial/share/ament_index/resource_index/package_run_dependencies/serial
[1.276s] -- Installing: /home/emma/Documents/GitHub/magic/install/serial/share/ament_index/resource_index/parent_prefix_path/serial
[1.276s] -- Installing: /home/emma/Documents/GitHub/magic/install/serial/share/serial/environment/ament_prefix_path.sh
[1.276s] -- Installing: /home/emma/Documents/GitHub/magic/install/serial/share/serial/environment/ament_prefix_path.dsv
[1.276s] -- Installing: /home/emma/Documents/GitHub/magic/install/serial/share/serial/environment/path.sh
[1.276s] -- Installing: /home/emma/Documents/GitHub/magic/install/serial/share/serial/environment/path.dsv
[1.276s] -- Installing: /home/emma/Documents/GitHub/magic/install/serial/share/serial/local_setup.bash
[1.276s] -- Installing: /home/emma/Documents/GitHub/magic/install/serial/share/serial/local_setup.sh
[1.276s] -- Installing: /home/emma/Documents/GitHub/magic/install/serial/share/serial/local_setup.zsh
[1.276s] -- Installing: /home/emma/Documents/GitHub/magic/install/serial/share/serial/local_setup.dsv
[1.276s] -- Installing: /home/emma/Documents/GitHub/magic/install/serial/share/serial/package.dsv
[1.276s] -- Installing: /home/emma/Documents/GitHub/magic/install/serial/share/ament_index/resource_index/packages/serial
[1.277s] -- Installing: /home/emma/Documents/GitHub/magic/install/serial/share/serial/cmake/export_serialExport.cmake
[1.277s] -- Installing: /home/emma/Documents/GitHub/magic/install/serial/share/serial/cmake/export_serialExport-noconfig.cmake
[1.277s] -- Installing: /home/emma/Documents/GitHub/magic/install/serial/share/serial/cmake/ament_cmake_export_include_directories-extras.cmake
[1.277s] -- Installing: /home/emma/Documents/GitHub/magic/install/serial/share/serial/cmake/ament_cmake_export_libraries-extras.cmake
[1.277s] -- Installing: /home/emma/Documents/GitHub/magic/install/serial/share/serial/cmake/ament_cmake_export_targets-extras.cmake
[1.277s] -- Installing: /home/emma/Documents/GitHub/magic/install/serial/share/serial/cmake/serialConfig.cmake
[1.277s] -- Installing: /home/emma/Documents/GitHub/magic/install/serial/share/serial/cmake/serialConfig-version.cmake
[1.277s] -- Installing: /home/emma/Documents/GitHub/magic/install/serial/share/serial/package.xml
[1.278s] Invoked command in '/home/emma/Documents/GitHub/magic/build/serial' returned '0': CMAKE_PREFIX_PATH=${CMAKE_PREFIX_PATH}:/home/emma/Documents/GitHub/install/rqt_joint_trajectory_controller:/home/emma/Documents/GitHub/install/rqt_controller_manager:/home/emma/Documents/GitHub/install/ros2controlcli:/home/emma/Documents/GitHub/install/ros2_controllers_test_nodes:/home/emma/Documents/GitHub/install/mujoco_ros2:/home/emma/Documents/GitHub/install/control:/opt/ros/humble CONDA_PROMPT_MODIFIER=(base) /usr/bin/cmake --install /home/emma/Documents/GitHub/magic/build/serial
