[0.015s] Invoking command in '/home/megan/magic/ros2_ws/build/transmission_interface': AMENT_PREFIX_PATH=/home/megan/magic/ros2_ws/install/hardware_interface:/home/megan/magic/ros2_ws/install/ros2_control_test_assets:/home/megan/magic/ros2_ws/install/control_msgs:${AMENT_PREFIX_PATH} CMAKE_PREFIX_PATH=/home/megan/magic/ros2_ws/install/hardware_interface:/home/megan/magic/ros2_ws/install/ros2_control_test_assets:/home/megan/magic/ros2_ws/install/control_msgs:/opt/ros/humble LD_LIBRARY_PATH=/home/megan/magic/ros2_ws/install/hardware_interface/lib:/home/megan/magic/ros2_ws/install/control_msgs/lib:${LD_LIBRARY_PATH} PYTHONPATH=/home/megan/magic/ros2_ws/install/control_msgs/lib/python3.10/site-packages:${PYTHONPATH} VIRTUAL_ENV_PROMPT=(magic) /usr/bin/cmake --build /home/megan/magic/ros2_ws/build/transmission_interface -- -j20 -l20
[0.073s] [  4%] Built target ament_generate_version_header__transmission_interface
[0.075s] [ 12%] Built target gmock_main
[0.078s] [ 25%] Built target gmock
[0.102s] [ 37%] Built target test_simple_transmission
[0.102s] [ 41%] Built target test_differential_transmission_loader
[0.103s] [ 50%] Built target test_differential_transmission
[0.104s] [ 62%] Built target test_four_bar_linkage_transmission_loader
[0.104s] [ 66%] Built target test_simple_transmission_loader
[0.105s] [ 79%] Built target test_utils
[0.105s] [ 83%] Built target test_four_bar_linkage_transmission
[0.106s] [100%] Built target transmission_interface
[0.119s] Invoked command in '/home/megan/magic/ros2_ws/build/transmission_interface' returned '0': AMENT_PREFIX_PATH=/home/megan/magic/ros2_ws/install/hardware_interface:/home/megan/magic/ros2_ws/install/ros2_control_test_assets:/home/megan/magic/ros2_ws/install/control_msgs:${AMENT_PREFIX_PATH} CMAKE_PREFIX_PATH=/home/megan/magic/ros2_ws/install/hardware_interface:/home/megan/magic/ros2_ws/install/ros2_control_test_assets:/home/megan/magic/ros2_ws/install/control_msgs:/opt/ros/humble LD_LIBRARY_PATH=/home/megan/magic/ros2_ws/install/hardware_interface/lib:/home/megan/magic/ros2_ws/install/control_msgs/lib:${LD_LIBRARY_PATH} PYTHONPATH=/home/megan/magic/ros2_ws/install/control_msgs/lib/python3.10/site-packages:${PYTHONPATH} VIRTUAL_ENV_PROMPT=(magic) /usr/bin/cmake --build /home/megan/magic/ros2_ws/build/transmission_interface -- -j20 -l20
[0.121s] Invoking command in '/home/megan/magic/ros2_ws/build/transmission_interface': AMENT_PREFIX_PATH=/home/megan/magic/ros2_ws/install/hardware_interface:/home/megan/magic/ros2_ws/install/ros2_control_test_assets:/home/megan/magic/ros2_ws/install/control_msgs:${AMENT_PREFIX_PATH} CMAKE_PREFIX_PATH=/home/megan/magic/ros2_ws/install/hardware_interface:/home/megan/magic/ros2_ws/install/ros2_control_test_assets:/home/megan/magic/ros2_ws/install/control_msgs:/opt/ros/humble LD_LIBRARY_PATH=/home/megan/magic/ros2_ws/install/hardware_interface/lib:/home/megan/magic/ros2_ws/install/control_msgs/lib:${LD_LIBRARY_PATH} PYTHONPATH=/home/megan/magic/ros2_ws/install/control_msgs/lib/python3.10/site-packages:${PYTHONPATH} VIRTUAL_ENV_PROMPT=(magic) /usr/bin/cmake --install /home/megan/magic/ros2_ws/build/transmission_interface
[0.128s] -- Install configuration: "Release"
[0.128s] -- Up-to-date: /home/megan/magic/ros2_ws/install/transmission_interface/include
[0.128s] -- Up-to-date: /home/megan/magic/ros2_ws/install/transmission_interface/include/transmission_interface
[0.128s] -- Up-to-date: /home/megan/magic/ros2_ws/install/transmission_interface/include/transmission_interface/four_bar_linkage_transmission_loader.hpp
[0.128s] -- Up-to-date: /home/megan/magic/ros2_ws/install/transmission_interface/include/transmission_interface/simple_transmission.hpp
[0.128s] -- Up-to-date: /home/megan/magic/ros2_ws/install/transmission_interface/include/transmission_interface/exception.hpp
[0.128s] -- Up-to-date: /home/megan/magic/ros2_ws/install/transmission_interface/include/transmission_interface/four_bar_linkage_transmission.hpp
[0.128s] -- Up-to-date: /home/megan/magic/ros2_ws/install/transmission_interface/include/transmission_interface/transmission_interface_exception.hpp
[0.129s] -- Up-to-date: /home/megan/magic/ros2_ws/install/transmission_interface/include/transmission_interface/differential_transmission.hpp
[0.129s] -- Up-to-date: /home/megan/magic/ros2_ws/install/transmission_interface/include/transmission_interface/visibility_control.h
[0.129s] -- Up-to-date: /home/megan/magic/ros2_ws/install/transmission_interface/include/transmission_interface/simple_transmission_loader.hpp
[0.129s] -- Up-to-date: /home/megan/magic/ros2_ws/install/transmission_interface/include/transmission_interface/transmission.hpp
[0.129s] -- Up-to-date: /home/megan/magic/ros2_ws/install/transmission_interface/include/transmission_interface/handle.hpp
[0.129s] -- Up-to-date: /home/megan/magic/ros2_ws/install/transmission_interface/include/transmission_interface/differential_transmission_loader.hpp
[0.130s] -- Up-to-date: /home/megan/magic/ros2_ws/install/transmission_interface/include/transmission_interface/accessor.hpp
[0.130s] -- Up-to-date: /home/megan/magic/ros2_ws/install/transmission_interface/include/transmission_interface/transmission_loader.hpp
[0.130s] -- Up-to-date: /home/megan/magic/ros2_ws/install/transmission_interface/share/transmission_interface/ros2_control_plugins.xml
[0.130s] -- Up-to-date: /home/megan/magic/ros2_ws/install/transmission_interface/lib/libtransmission_interface.so
[0.130s] -- Up-to-date: /home/megan/magic/ros2_ws/install/transmission_interface/share/transmission_interface/environment/library_path.sh
[0.130s] -- Up-to-date: /home/megan/magic/ros2_ws/install/transmission_interface/share/transmission_interface/environment/library_path.dsv
[0.130s] -- Up-to-date: /home/megan/magic/ros2_ws/install/transmission_interface/share/ament_index/resource_index/package_run_dependencies/transmission_interface
[0.130s] -- Up-to-date: /home/megan/magic/ros2_ws/install/transmission_interface/share/ament_index/resource_index/parent_prefix_path/transmission_interface
[0.130s] -- Up-to-date: /home/megan/magic/ros2_ws/install/transmission_interface/share/transmission_interface/environment/ament_prefix_path.sh
[0.130s] -- Up-to-date: /home/megan/magic/ros2_ws/install/transmission_interface/share/transmission_interface/environment/ament_prefix_path.dsv
[0.130s] -- Up-to-date: /home/megan/magic/ros2_ws/install/transmission_interface/share/transmission_interface/environment/path.sh
[0.130s] -- Up-to-date: /home/megan/magic/ros2_ws/install/transmission_interface/share/transmission_interface/environment/path.dsv
[0.133s] -- Up-to-date: /home/megan/magic/ros2_ws/install/transmission_interface/share/transmission_interface/local_setup.bash
[0.134s] -- Up-to-date: /home/megan/magic/ros2_ws/install/transmission_interface/share/transmission_interface/local_setup.sh
[0.134s] -- Up-to-date: /home/megan/magic/ros2_ws/install/transmission_interface/share/transmission_interface/local_setup.zsh
[0.134s] -- Up-to-date: /home/megan/magic/ros2_ws/install/transmission_interface/share/transmission_interface/local_setup.dsv
[0.134s] -- Installing: /home/megan/magic/ros2_ws/install/transmission_interface/share/transmission_interface/package.dsv
[0.134s] -- Up-to-date: /home/megan/magic/ros2_ws/install/transmission_interface/share/ament_index/resource_index/packages/transmission_interface
[0.134s] -- Up-to-date: /home/megan/magic/ros2_ws/install/transmission_interface/share/ament_index/resource_index/transmission_interface__pluginlib__plugin/transmission_interface
[0.134s] -- Up-to-date: /home/megan/magic/ros2_ws/install/transmission_interface/share/transmission_interface/cmake/ament_cmake_export_include_directories-extras.cmake
[0.134s] -- Up-to-date: /home/megan/magic/ros2_ws/install/transmission_interface/share/transmission_interface/cmake/ament_cmake_export_dependencies-extras.cmake
[0.134s] -- Up-to-date: /home/megan/magic/ros2_ws/install/transmission_interface/share/transmission_interface/cmake/ament_cmake_export_libraries-extras.cmake
[0.134s] -- Up-to-date: /home/megan/magic/ros2_ws/install/transmission_interface/share/transmission_interface/cmake/transmission_interfaceConfig.cmake
[0.135s] -- Up-to-date: /home/megan/magic/ros2_ws/install/transmission_interface/share/transmission_interface/cmake/transmission_interfaceConfig-version.cmake
[0.135s] -- Up-to-date: /home/megan/magic/ros2_ws/install/transmission_interface/share/transmission_interface/package.xml
[0.135s] -- Up-to-date: /home/megan/magic/ros2_ws/install/transmission_interface/include/transmission_interface/transmission_interface/version.h
[0.135s] Invoked command in '/home/megan/magic/ros2_ws/build/transmission_interface' returned '0': AMENT_PREFIX_PATH=/home/megan/magic/ros2_ws/install/hardware_interface:/home/megan/magic/ros2_ws/install/ros2_control_test_assets:/home/megan/magic/ros2_ws/install/control_msgs:${AMENT_PREFIX_PATH} CMAKE_PREFIX_PATH=/home/megan/magic/ros2_ws/install/hardware_interface:/home/megan/magic/ros2_ws/install/ros2_control_test_assets:/home/megan/magic/ros2_ws/install/control_msgs:/opt/ros/humble LD_LIBRARY_PATH=/home/megan/magic/ros2_ws/install/hardware_interface/lib:/home/megan/magic/ros2_ws/install/control_msgs/lib:${LD_LIBRARY_PATH} PYTHONPATH=/home/megan/magic/ros2_ws/install/control_msgs/lib/python3.10/site-packages:${PYTHONPATH} VIRTUAL_ENV_PROMPT=(magic) /usr/bin/cmake --install /home/megan/magic/ros2_ws/build/transmission_interface
