[0.012s] Invoking command in '/home/megan/magic/ros2_ws/build/robotiq_controllers': AMENT_PREFIX_PATH=/home/megan/magic/ros2_ws/install/controller_interface:/home/megan/magic/ros2_ws/install/hardware_interface:/home/megan/magic/ros2_ws/install/ros2_control_test_assets:/home/megan/magic/ros2_ws/install/control_msgs:${AMENT_PREFIX_PATH} CMAKE_PREFIX_PATH=/home/megan/magic/ros2_ws/install/controller_interface:/home/megan/magic/ros2_ws/install/hardware_interface:/home/megan/magic/ros2_ws/install/ros2_control_test_assets:/home/megan/magic/ros2_ws/install/control_msgs:/opt/ros/humble LD_LIBRARY_PATH=/home/megan/magic/ros2_ws/install/controller_interface/lib:/home/megan/magic/ros2_ws/install/hardware_interface/lib:/home/megan/magic/ros2_ws/install/control_msgs/lib:${LD_LIBRARY_PATH} PYTHONPATH=/home/megan/magic/ros2_ws/install/control_msgs/lib/python3.10/site-packages:${PYTHONPATH} VIRTUAL_ENV_PROMPT=(magic) /usr/bin/cmake /home/megan/magic/ros2_ws/src/ros2_robotiq_gripper/robotiq_controllers -DCMAKE_BUILD_TYPE=Release -DCMAKE_INSTALL_PREFIX=/home/megan/magic/ros2_ws/install/robotiq_controllers
[0.071s] -- The C compiler identification is GNU 11.4.0
[0.129s] -- The CXX compiler identification is GNU 11.4.0
[0.136s] -- Detecting C compiler ABI info
[0.191s] -- Detecting C compiler ABI info - done
[0.196s] -- Check for working C compiler: /usr/bin/cc - skipped
[0.196s] -- Detecting C compile features
[0.196s] -- Detecting C compile features - done
[0.198s] -- Detecting CXX compiler ABI info
[0.265s] -- Detecting CXX compiler ABI info - done
[0.270s] -- Check for working CXX compiler: /usr/bin/c++ - skipped
[0.270s] -- Detecting CXX compile features
[0.271s] -- Detecting CXX compile features - done
[0.272s] -- Found ament_cmake: 1.3.11 (/opt/ros/humble/share/ament_cmake/cmake)
[0.917s] -- Found Python3: /home/megan/.pyenv/versions/3.10.15/envs/magic/bin/python3 (found version "3.10.15") found components: Interpreter 
[1.011s] -- Found controller_interface: 2.48.0 (/home/megan/magic/ros2_ws/install/controller_interface/share/controller_interface/cmake)
[1.050s] -- Found rosidl_generator_c: 3.1.6 (/opt/ros/humble/share/rosidl_generator_c/cmake)
[1.054s] -- Found rosidl_adapter: 3.1.6 (/opt/ros/humble/share/rosidl_adapter/cmake)
[1.061s] -- Found rosidl_generator_cpp: 3.1.6 (/opt/ros/humble/share/rosidl_generator_cpp/cmake)
[1.070s] -- Using all available rosidl_typesupport_c: rosidl_typesupport_fastrtps_c;rosidl_typesupport_introspection_c
[1.082s] -- Using all available rosidl_typesupport_cpp: rosidl_typesupport_fastrtps_cpp;rosidl_typesupport_introspection_cpp
[1.253s] -- Found rmw_implementation_cmake: 6.1.2 (/opt/ros/humble/share/rmw_implementation_cmake/cmake)
[1.255s] -- Found rmw_cyclonedds_cpp: 1.3.4 (/opt/ros/humble/share/rmw_cyclonedds_cpp/cmake)
[1.271s] -- Using RMW implementation 'rmw_cyclonedds_cpp' as default
[1.277s] -- Looking for pthread.h
[1.349s] -- Looking for pthread.h - found
[1.349s] -- Performing Test CMAKE_HAVE_LIBC_PTHREAD
[1.423s] -- Performing Test CMAKE_HAVE_LIBC_PTHREAD - Success
[1.424s] -- Found Threads: TRUE  
[1.475s] -- Found std_srvs: 4.2.4 (/opt/ros/humble/share/std_srvs/cmake)
[1.486s] -- Found ament_lint_auto: 0.12.11 (/opt/ros/humble/share/ament_lint_auto/cmake)
[1.592s] -- Added test 'cppcheck' to perform static code analysis on C / C++ code
[1.592s] -- Configured cppcheck include dirs: /home/megan/magic/ros2_ws/src/ros2_robotiq_gripper/robotiq_controllers/include
[1.592s] -- Configured cppcheck exclude dirs and/or files: 
[1.593s] -- Added test 'lint_cmake' to check CMake code style
[1.595s] -- Configuring done
[1.612s] -- Generating done
[1.617s] -- Build files have been written to: /home/megan/magic/ros2_ws/build/robotiq_controllers
[1.626s] Invoked command in '/home/megan/magic/ros2_ws/build/robotiq_controllers' returned '0': AMENT_PREFIX_PATH=/home/megan/magic/ros2_ws/install/controller_interface:/home/megan/magic/ros2_ws/install/hardware_interface:/home/megan/magic/ros2_ws/install/ros2_control_test_assets:/home/megan/magic/ros2_ws/install/control_msgs:${AMENT_PREFIX_PATH} CMAKE_PREFIX_PATH=/home/megan/magic/ros2_ws/install/controller_interface:/home/megan/magic/ros2_ws/install/hardware_interface:/home/megan/magic/ros2_ws/install/ros2_control_test_assets:/home/megan/magic/ros2_ws/install/control_msgs:/opt/ros/humble LD_LIBRARY_PATH=/home/megan/magic/ros2_ws/install/controller_interface/lib:/home/megan/magic/ros2_ws/install/hardware_interface/lib:/home/megan/magic/ros2_ws/install/control_msgs/lib:${LD_LIBRARY_PATH} PYTHONPATH=/home/megan/magic/ros2_ws/install/control_msgs/lib/python3.10/site-packages:${PYTHONPATH} VIRTUAL_ENV_PROMPT=(magic) /usr/bin/cmake /home/megan/magic/ros2_ws/src/ros2_robotiq_gripper/robotiq_controllers -DCMAKE_BUILD_TYPE=Release -DCMAKE_INSTALL_PREFIX=/home/megan/magic/ros2_ws/install/robotiq_controllers
[1.628s] Invoking command in '/home/megan/magic/ros2_ws/build/robotiq_controllers': AMENT_PREFIX_PATH=/home/megan/magic/ros2_ws/install/controller_interface:/home/megan/magic/ros2_ws/install/hardware_interface:/home/megan/magic/ros2_ws/install/ros2_control_test_assets:/home/megan/magic/ros2_ws/install/control_msgs:${AMENT_PREFIX_PATH} CMAKE_PREFIX_PATH=/home/megan/magic/ros2_ws/install/controller_interface:/home/megan/magic/ros2_ws/install/hardware_interface:/home/megan/magic/ros2_ws/install/ros2_control_test_assets:/home/megan/magic/ros2_ws/install/control_msgs:/opt/ros/humble LD_LIBRARY_PATH=/home/megan/magic/ros2_ws/install/controller_interface/lib:/home/megan/magic/ros2_ws/install/hardware_interface/lib:/home/megan/magic/ros2_ws/install/control_msgs/lib:${LD_LIBRARY_PATH} PYTHONPATH=/home/megan/magic/ros2_ws/install/control_msgs/lib/python3.10/site-packages:${PYTHONPATH} VIRTUAL_ENV_PROMPT=(magic) /usr/bin/cmake --build /home/megan/magic/ros2_ws/build/robotiq_controllers -- -j20 -l20
[1.682s] [ 50%] [32mBuilding CXX object CMakeFiles/robotiq_controllers.dir/src/robotiq_activation_controller.cpp.o[0m
[5.765s] [100%] [32m[1mLinking CXX shared library librobotiq_controllers.so[0m
[5.874s] [100%] Built target robotiq_controllers
[5.884s] Invoked command in '/home/megan/magic/ros2_ws/build/robotiq_controllers' returned '0': AMENT_PREFIX_PATH=/home/megan/magic/ros2_ws/install/controller_interface:/home/megan/magic/ros2_ws/install/hardware_interface:/home/megan/magic/ros2_ws/install/ros2_control_test_assets:/home/megan/magic/ros2_ws/install/control_msgs:${AMENT_PREFIX_PATH} CMAKE_PREFIX_PATH=/home/megan/magic/ros2_ws/install/controller_interface:/home/megan/magic/ros2_ws/install/hardware_interface:/home/megan/magic/ros2_ws/install/ros2_control_test_assets:/home/megan/magic/ros2_ws/install/control_msgs:/opt/ros/humble LD_LIBRARY_PATH=/home/megan/magic/ros2_ws/install/controller_interface/lib:/home/megan/magic/ros2_ws/install/hardware_interface/lib:/home/megan/magic/ros2_ws/install/control_msgs/lib:${LD_LIBRARY_PATH} PYTHONPATH=/home/megan/magic/ros2_ws/install/control_msgs/lib/python3.10/site-packages:${PYTHONPATH} VIRTUAL_ENV_PROMPT=(magic) /usr/bin/cmake --build /home/megan/magic/ros2_ws/build/robotiq_controllers -- -j20 -l20
[5.886s] Invoking command in '/home/megan/magic/ros2_ws/build/robotiq_controllers': AMENT_PREFIX_PATH=/home/megan/magic/ros2_ws/install/controller_interface:/home/megan/magic/ros2_ws/install/hardware_interface:/home/megan/magic/ros2_ws/install/ros2_control_test_assets:/home/megan/magic/ros2_ws/install/control_msgs:${AMENT_PREFIX_PATH} CMAKE_PREFIX_PATH=/home/megan/magic/ros2_ws/install/controller_interface:/home/megan/magic/ros2_ws/install/hardware_interface:/home/megan/magic/ros2_ws/install/ros2_control_test_assets:/home/megan/magic/ros2_ws/install/control_msgs:/opt/ros/humble LD_LIBRARY_PATH=/home/megan/magic/ros2_ws/install/controller_interface/lib:/home/megan/magic/ros2_ws/install/hardware_interface/lib:/home/megan/magic/ros2_ws/install/control_msgs/lib:${LD_LIBRARY_PATH} PYTHONPATH=/home/megan/magic/ros2_ws/install/control_msgs/lib/python3.10/site-packages:${PYTHONPATH} VIRTUAL_ENV_PROMPT=(magic) /usr/bin/cmake --install /home/megan/magic/ros2_ws/build/robotiq_controllers
[5.891s] -- Install configuration: "Release"
[5.891s] -- Installing: /home/megan/magic/ros2_ws/install/robotiq_controllers/share/robotiq_controllers/controller_plugins.xml
[5.891s] -- Installing: /home/megan/magic/ros2_ws/install/robotiq_controllers/lib/librobotiq_controllers.so
[5.892s] -- Set runtime path of "/home/megan/magic/ros2_ws/install/robotiq_controllers/lib/librobotiq_controllers.so" to ""
[5.892s] -- Installing: /home/megan/magic/ros2_ws/install/robotiq_controllers/include
[5.892s] -- Installing: /home/megan/magic/ros2_ws/install/robotiq_controllers/include/robotiq_controllers
[5.892s] -- Installing: /home/megan/magic/ros2_ws/install/robotiq_controllers/include/robotiq_controllers/robotiq_activation_controller.hpp
[5.892s] -- Installing: /home/megan/magic/ros2_ws/install/robotiq_controllers/share/robotiq_controllers/environment/library_path.sh
[5.892s] -- Installing: /home/megan/magic/ros2_ws/install/robotiq_controllers/share/robotiq_controllers/environment/library_path.dsv
[5.892s] -- Installing: /home/megan/magic/ros2_ws/install/robotiq_controllers/share/ament_index/resource_index/package_run_dependencies/robotiq_controllers
[5.893s] -- Installing: /home/megan/magic/ros2_ws/install/robotiq_controllers/share/ament_index/resource_index/parent_prefix_path/robotiq_controllers
[5.893s] -- Installing: /home/megan/magic/ros2_ws/install/robotiq_controllers/share/robotiq_controllers/environment/ament_prefix_path.sh
[5.893s] -- Installing: /home/megan/magic/ros2_ws/install/robotiq_controllers/share/robotiq_controllers/environment/ament_prefix_path.dsv
[5.893s] -- Installing: /home/megan/magic/ros2_ws/install/robotiq_controllers/share/robotiq_controllers/environment/path.sh
[5.893s] -- Installing: /home/megan/magic/ros2_ws/install/robotiq_controllers/share/robotiq_controllers/environment/path.dsv
[5.893s] -- Installing: /home/megan/magic/ros2_ws/install/robotiq_controllers/share/robotiq_controllers/local_setup.bash
[5.893s] -- Installing: /home/megan/magic/ros2_ws/install/robotiq_controllers/share/robotiq_controllers/local_setup.sh
[5.893s] -- Installing: /home/megan/magic/ros2_ws/install/robotiq_controllers/share/robotiq_controllers/local_setup.zsh
[5.893s] -- Installing: /home/megan/magic/ros2_ws/install/robotiq_controllers/share/robotiq_controllers/local_setup.dsv
[5.893s] -- Installing: /home/megan/magic/ros2_ws/install/robotiq_controllers/share/robotiq_controllers/package.dsv
[5.893s] -- Installing: /home/megan/magic/ros2_ws/install/robotiq_controllers/share/ament_index/resource_index/packages/robotiq_controllers
[5.894s] -- Installing: /home/megan/magic/ros2_ws/install/robotiq_controllers/share/ament_index/resource_index/controller_interface__pluginlib__plugin/robotiq_controllers
[5.894s] -- Installing: /home/megan/magic/ros2_ws/install/robotiq_controllers/share/robotiq_controllers/cmake/export_robotiq_controllersExport.cmake
[5.894s] -- Installing: /home/megan/magic/ros2_ws/install/robotiq_controllers/share/robotiq_controllers/cmake/export_robotiq_controllersExport-release.cmake
[5.894s] -- Installing: /home/megan/magic/ros2_ws/install/robotiq_controllers/share/robotiq_controllers/cmake/ament_cmake_export_include_directories-extras.cmake
[5.894s] -- Installing: /home/megan/magic/ros2_ws/install/robotiq_controllers/share/robotiq_controllers/cmake/ament_cmake_export_libraries-extras.cmake
[5.894s] -- Installing: /home/megan/magic/ros2_ws/install/robotiq_controllers/share/robotiq_controllers/cmake/ament_cmake_export_targets-extras.cmake
[5.894s] -- Installing: /home/megan/magic/ros2_ws/install/robotiq_controllers/share/robotiq_controllers/cmake/ament_cmake_export_dependencies-extras.cmake
[5.894s] -- Installing: /home/megan/magic/ros2_ws/install/robotiq_controllers/share/robotiq_controllers/cmake/robotiq_controllersConfig.cmake
[5.894s] -- Installing: /home/megan/magic/ros2_ws/install/robotiq_controllers/share/robotiq_controllers/cmake/robotiq_controllersConfig-version.cmake
[5.894s] -- Installing: /home/megan/magic/ros2_ws/install/robotiq_controllers/share/robotiq_controllers/package.xml
[5.895s] Invoked command in '/home/megan/magic/ros2_ws/build/robotiq_controllers' returned '0': AMENT_PREFIX_PATH=/home/megan/magic/ros2_ws/install/controller_interface:/home/megan/magic/ros2_ws/install/hardware_interface:/home/megan/magic/ros2_ws/install/ros2_control_test_assets:/home/megan/magic/ros2_ws/install/control_msgs:${AMENT_PREFIX_PATH} CMAKE_PREFIX_PATH=/home/megan/magic/ros2_ws/install/controller_interface:/home/megan/magic/ros2_ws/install/hardware_interface:/home/megan/magic/ros2_ws/install/ros2_control_test_assets:/home/megan/magic/ros2_ws/install/control_msgs:/opt/ros/humble LD_LIBRARY_PATH=/home/megan/magic/ros2_ws/install/controller_interface/lib:/home/megan/magic/ros2_ws/install/hardware_interface/lib:/home/megan/magic/ros2_ws/install/control_msgs/lib:${LD_LIBRARY_PATH} PYTHONPATH=/home/megan/magic/ros2_ws/install/control_msgs/lib/python3.10/site-packages:${PYTHONPATH} VIRTUAL_ENV_PROMPT=(magic) /usr/bin/cmake --install /home/megan/magic/ros2_ws/build/robotiq_controllers
