[0.020s] Invoking command in '/home/megan/magic/ros2_ws/build/pid_controller': AMENT_PREFIX_PATH=/home/megan/magic/ros2_ws/install/controller_manager:/home/megan/magic/ros2_ws/install/hardware_interface_testing:/home/megan/magic/ros2_ws/install/controller_interface:/home/megan/magic/ros2_ws/install/hardware_interface:/home/megan/magic/ros2_ws/install/ros2_control_test_assets:/home/megan/magic/ros2_ws/install/controller_manager_msgs:/home/megan/magic/ros2_ws/install/control_msgs:${AMENT_PREFIX_PATH} CMAKE_PREFIX_PATH=/home/megan/magic/ros2_ws/install/controller_manager:/home/megan/magic/ros2_ws/install/hardware_interface_testing:/home/megan/magic/ros2_ws/install/controller_interface:/home/megan/magic/ros2_ws/install/hardware_interface:/home/megan/magic/ros2_ws/install/ros2_control_test_assets:/home/megan/magic/ros2_ws/install/controller_manager_msgs:/home/megan/magic/ros2_ws/install/control_msgs:/opt/ros/humble LD_LIBRARY_PATH=/home/megan/magic/ros2_ws/install/controller_manager/lib:/home/megan/magic/ros2_ws/install/hardware_interface_testing/lib:/home/megan/magic/ros2_ws/install/controller_interface/lib:/home/megan/magic/ros2_ws/install/hardware_interface/lib:/home/megan/magic/ros2_ws/install/controller_manager_msgs/lib:/home/megan/magic/ros2_ws/install/control_msgs/lib:${LD_LIBRARY_PATH} PYTHONPATH=/home/megan/magic/ros2_ws/install/controller_manager/lib/python3.10/site-packages:/home/megan/magic/ros2_ws/install/controller_manager_msgs/lib/python3.10/site-packages:/home/megan/magic/ros2_ws/install/control_msgs/lib/python3.10/site-packages:${PYTHONPATH} VIRTUAL_ENV_PROMPT=(magic) /usr/bin/cmake /home/megan/magic/ros2_ws/src/ros2_controllers/pid_controller -DCMAKE_BUILD_TYPE=Release -DCMAKE_INSTALL_PREFIX=/home/megan/magic/ros2_ws/install/pid_controller
[0.081s] -- The CXX compiler identification is GNU 11.4.0
[0.090s] -- Detecting CXX compiler ABI info
[0.154s] -- Detecting CXX compiler ABI info - done
[0.159s] -- Check for working CXX compiler: /usr/bin/c++ - skipped
[0.159s] -- Detecting CXX compile features
[0.160s] -- Detecting CXX compile features - done
[0.162s] -- Found ament_cmake: 1.3.11 (/opt/ros/humble/share/ament_cmake/cmake)
[0.675s] -- Found Python3: /home/megan/.pyenv/versions/3.10.15/envs/magic/bin/python3 (found version "3.10.15") found components: Interpreter 
[0.761s] -- Found angles: 1.15.0 (/opt/ros/humble/share/angles/cmake)
[0.762s] -- Found control_msgs: 4.7.0 (/home/megan/magic/ros2_ws/install/control_msgs/share/control_msgs/cmake)
[0.811s] -- Found rosidl_generator_c: 3.1.6 (/opt/ros/humble/share/rosidl_generator_c/cmake)
[0.815s] -- Found rosidl_adapter: 3.1.6 (/opt/ros/humble/share/rosidl_adapter/cmake)
[0.821s] -- Found rosidl_generator_cpp: 3.1.6 (/opt/ros/humble/share/rosidl_generator_cpp/cmake)
[0.830s] -- Using all available rosidl_typesupport_c: rosidl_typesupport_fastrtps_c;rosidl_typesupport_introspection_c
[0.842s] -- Using all available rosidl_typesupport_cpp: rosidl_typesupport_fastrtps_cpp;rosidl_typesupport_introspection_cpp
[0.931s] -- Found control_toolbox: 3.6.0 (/opt/ros/humble/share/control_toolbox/cmake)
[0.969s] -- Found rmw_implementation_cmake: 6.1.2 (/opt/ros/humble/share/rmw_implementation_cmake/cmake)
[0.971s] -- Found rmw_cyclonedds_cpp: 1.3.4 (/opt/ros/humble/share/rmw_cyclonedds_cpp/cmake)
[0.989s] -- Using RMW implementation 'rmw_cyclonedds_cpp' as default
[0.996s] -- Looking for C++ include pthread.h
[1.093s] -- Looking for C++ include pthread.h - found
[1.093s] -- Performing Test CMAKE_HAVE_LIBC_PTHREAD
[1.207s] -- Performing Test CMAKE_HAVE_LIBC_PTHREAD - Success
[1.208s] -- Found Threads: TRUE  
[1.325s] -- Found controller_interface: 2.48.0 (/home/megan/magic/ros2_ws/install/controller_interface/share/controller_interface/cmake)
[1.335s] -- Found std_srvs: 4.2.4 (/opt/ros/humble/share/std_srvs/cmake)
[1.353s] -- Found ament_cmake_gmock: 1.3.11 (/opt/ros/humble/share/ament_cmake_gmock/cmake)
[1.353s] -- Found controller_manager: 2.48.0 (/home/megan/magic/ros2_ws/install/controller_manager/share/controller_manager/cmake)
[1.373s] -- Found ros2_control_test_assets: 2.48.0 (/home/megan/magic/ros2_ws/install/ros2_control_test_assets/share/ros2_control_test_assets/cmake)
[1.377s] -- Found gmock sources under '/opt/ros/humble/src/gmock_vendor': C++ tests using 'Google Mock' will be built
[1.417s] -- The C compiler identification is GNU 11.4.0
[1.423s] -- Detecting C compiler ABI info
[1.508s] -- Detecting C compiler ABI info - done
[1.513s] -- Check for working C compiler: /usr/bin/cc - skipped
[1.514s] -- Detecting C compile features
[1.514s] -- Detecting C compile features - done
[1.517s] -- Found ament_cmake_gtest: 1.3.11 (/opt/ros/humble/share/ament_cmake_gtest/cmake)
[1.518s] -- Found gtest sources under '/opt/ros/humble/src/gtest_vendor': C++ tests using 'Google Test' will be built
[1.530s] -- Found gmock sources under '/opt/ros/humble/src/gmock_vendor': C++ tests using 'Google Mock' will be built
[1.531s] -- Found ament_cmake_gtest: 1.3.11 (/opt/ros/humble/share/ament_cmake_gtest/cmake)
[1.531s] -- Found gtest sources under '/opt/ros/humble/src/gtest_vendor': C++ tests using 'Google Test' will be built
[1.542s] -- Found gmock sources under '/opt/ros/humble/src/gmock_vendor': C++ tests using 'Google Mock' will be built
[1.542s] -- Found ament_cmake_gtest: 1.3.11 (/opt/ros/humble/share/ament_cmake_gtest/cmake)
[1.542s] -- Found gtest sources under '/opt/ros/humble/src/gtest_vendor': C++ tests using 'Google Test' will be built
[1.551s] -- Found gmock sources under '/opt/ros/humble/src/gmock_vendor': C++ tests using 'Google Mock' will be built
[1.551s] -- Found ament_cmake_gtest: 1.3.11 (/opt/ros/humble/share/ament_cmake_gtest/cmake)
[1.552s] -- Found gtest sources under '/opt/ros/humble/src/gtest_vendor': C++ tests using 'Google Test' will be built
[1.633s] -- Configuring done
[1.691s] -- Generating done
[1.703s] -- Build files have been written to: /home/megan/magic/ros2_ws/build/pid_controller
[1.713s] Invoked command in '/home/megan/magic/ros2_ws/build/pid_controller' returned '0': AMENT_PREFIX_PATH=/home/megan/magic/ros2_ws/install/controller_manager:/home/megan/magic/ros2_ws/install/hardware_interface_testing:/home/megan/magic/ros2_ws/install/controller_interface:/home/megan/magic/ros2_ws/install/hardware_interface:/home/megan/magic/ros2_ws/install/ros2_control_test_assets:/home/megan/magic/ros2_ws/install/controller_manager_msgs:/home/megan/magic/ros2_ws/install/control_msgs:${AMENT_PREFIX_PATH} CMAKE_PREFIX_PATH=/home/megan/magic/ros2_ws/install/controller_manager:/home/megan/magic/ros2_ws/install/hardware_interface_testing:/home/megan/magic/ros2_ws/install/controller_interface:/home/megan/magic/ros2_ws/install/hardware_interface:/home/megan/magic/ros2_ws/install/ros2_control_test_assets:/home/megan/magic/ros2_ws/install/controller_manager_msgs:/home/megan/magic/ros2_ws/install/control_msgs:/opt/ros/humble LD_LIBRARY_PATH=/home/megan/magic/ros2_ws/install/controller_manager/lib:/home/megan/magic/ros2_ws/install/hardware_interface_testing/lib:/home/megan/magic/ros2_ws/install/controller_interface/lib:/home/megan/magic/ros2_ws/install/hardware_interface/lib:/home/megan/magic/ros2_ws/install/controller_manager_msgs/lib:/home/megan/magic/ros2_ws/install/control_msgs/lib:${LD_LIBRARY_PATH} PYTHONPATH=/home/megan/magic/ros2_ws/install/controller_manager/lib/python3.10/site-packages:/home/megan/magic/ros2_ws/install/controller_manager_msgs/lib/python3.10/site-packages:/home/megan/magic/ros2_ws/install/control_msgs/lib/python3.10/site-packages:${PYTHONPATH} VIRTUAL_ENV_PROMPT=(magic) /usr/bin/cmake /home/megan/magic/ros2_ws/src/ros2_controllers/pid_controller -DCMAKE_BUILD_TYPE=Release -DCMAKE_INSTALL_PREFIX=/home/megan/magic/ros2_ws/install/pid_controller
[1.713s] Invoking command in '/home/megan/magic/ros2_ws/build/pid_controller': AMENT_PREFIX_PATH=/home/megan/magic/ros2_ws/install/controller_manager:/home/megan/magic/ros2_ws/install/hardware_interface_testing:/home/megan/magic/ros2_ws/install/controller_interface:/home/megan/magic/ros2_ws/install/hardware_interface:/home/megan/magic/ros2_ws/install/ros2_control_test_assets:/home/megan/magic/ros2_ws/install/controller_manager_msgs:/home/megan/magic/ros2_ws/install/control_msgs:${AMENT_PREFIX_PATH} CMAKE_PREFIX_PATH=/home/megan/magic/ros2_ws/install/controller_manager:/home/megan/magic/ros2_ws/install/hardware_interface_testing:/home/megan/magic/ros2_ws/install/controller_interface:/home/megan/magic/ros2_ws/install/hardware_interface:/home/megan/magic/ros2_ws/install/ros2_control_test_assets:/home/megan/magic/ros2_ws/install/controller_manager_msgs:/home/megan/magic/ros2_ws/install/control_msgs:/opt/ros/humble LD_LIBRARY_PATH=/home/megan/magic/ros2_ws/install/controller_manager/lib:/home/megan/magic/ros2_ws/install/hardware_interface_testing/lib:/home/megan/magic/ros2_ws/install/controller_interface/lib:/home/megan/magic/ros2_ws/install/hardware_interface/lib:/home/megan/magic/ros2_ws/install/controller_manager_msgs/lib:/home/megan/magic/ros2_ws/install/control_msgs/lib:${LD_LIBRARY_PATH} PYTHONPATH=/home/megan/magic/ros2_ws/install/controller_manager/lib/python3.10/site-packages:/home/megan/magic/ros2_ws/install/controller_manager_msgs/lib/python3.10/site-packages:/home/megan/magic/ros2_ws/install/control_msgs/lib/python3.10/site-packages:${PYTHONPATH} VIRTUAL_ENV_PROMPT=(magic) /usr/bin/cmake --build /home/megan/magic/ros2_ws/build/pid_controller -- -j20 -l20
[1.760s] [  5%] [32mBuilding CXX object gmock/CMakeFiles/gmock.dir/opt/ros/humble/src/gtest_vendor/src/gtest-all.cc.o[0m
[1.761s] [ 11%] [32mBuilding CXX object gmock/CMakeFiles/gmock_main.dir/src/gmock_main.cc.o[0m
[1.761s] [ 17%] [34m[1mRunning `/opt/ros/humble/bin/generate_parameter_library_cpp /home/megan/magic/ros2_ws/build/pid_controller/include/pid_controller/pid_controller_parameters.hpp /home/megan/magic/ros2_ws/src/ros2_controllers/pid_controller/src/pid_controller.yaml `[0m
[1.762s] [ 23%] [32mBuilding CXX object gmock/CMakeFiles/gmock.dir/src/gmock-all.cc.o[0m
[2.183s] [ 29%] [34m[1mCreating deprecated header file /home/megan/magic/ros2_ws/build/pid_controller/include/pid_controller_parameters.hpp[0m
[2.227s] [ 29%] Built target pid_controller_parameters
[2.248s] [ 35%] [32mBuilding CXX object CMakeFiles/pid_controller.dir/src/pid_controller.cpp.o[0m
[2.630s] [ 41%] [32m[1mLinking CXX static library libgmock_main.a[0m
[2.684s] [ 41%] Built target gmock_main
[7.574s] [ 47%] [32m[1mLinking CXX static library libgmock.a[0m
[7.638s] [ 47%] Built target gmock
[7.662s] [ 52%] [32mBuilding CXX object CMakeFiles/test_load_pid_controller.dir/test/test_load_pid_controller.cpp.o[0m
[11.466s] [ 58%] [32m[1mLinking CXX executable test_load_pid_controller[0m
[11.652s] [ 58%] Built target test_load_pid_controller
[13.668s] [ 64%] [32m[1mLinking CXX shared library libpid_controller.so[0m
[13.806s] [ 64%] Built target pid_controller
[13.825s] [ 70%] [32mBuilding CXX object CMakeFiles/test_pid_controller_preceding.dir/test/test_pid_controller_preceding.cpp.o[0m
[13.826s] [ 82%] [32mBuilding CXX object CMakeFiles/test_pid_controller.dir/test/test_pid_controller.cpp.o[0m
[13.826s] [ 82%] [32mBuilding CXX object CMakeFiles/test_pid_controller_dual_interface.dir/test/test_pid_controller_dual_interface.cpp.o[0m
[19.502s] [ 88%] [32m[1mLinking CXX executable test_pid_controller_preceding[0m
[19.544s] [ 94%] [32m[1mLinking CXX executable test_pid_controller_dual_interface[0m
[19.689s] [ 94%] Built target test_pid_controller_preceding
[19.717s] [ 94%] Built target test_pid_controller_dual_interface
[26.387s] [100%] [32m[1mLinking CXX executable test_pid_controller[0m
[26.584s] [100%] Built target test_pid_controller
[26.593s] Invoked command in '/home/megan/magic/ros2_ws/build/pid_controller' returned '0': AMENT_PREFIX_PATH=/home/megan/magic/ros2_ws/install/controller_manager:/home/megan/magic/ros2_ws/install/hardware_interface_testing:/home/megan/magic/ros2_ws/install/controller_interface:/home/megan/magic/ros2_ws/install/hardware_interface:/home/megan/magic/ros2_ws/install/ros2_control_test_assets:/home/megan/magic/ros2_ws/install/controller_manager_msgs:/home/megan/magic/ros2_ws/install/control_msgs:${AMENT_PREFIX_PATH} CMAKE_PREFIX_PATH=/home/megan/magic/ros2_ws/install/controller_manager:/home/megan/magic/ros2_ws/install/hardware_interface_testing:/home/megan/magic/ros2_ws/install/controller_interface:/home/megan/magic/ros2_ws/install/hardware_interface:/home/megan/magic/ros2_ws/install/ros2_control_test_assets:/home/megan/magic/ros2_ws/install/controller_manager_msgs:/home/megan/magic/ros2_ws/install/control_msgs:/opt/ros/humble LD_LIBRARY_PATH=/home/megan/magic/ros2_ws/install/controller_manager/lib:/home/megan/magic/ros2_ws/install/hardware_interface_testing/lib:/home/megan/magic/ros2_ws/install/controller_interface/lib:/home/megan/magic/ros2_ws/install/hardware_interface/lib:/home/megan/magic/ros2_ws/install/controller_manager_msgs/lib:/home/megan/magic/ros2_ws/install/control_msgs/lib:${LD_LIBRARY_PATH} PYTHONPATH=/home/megan/magic/ros2_ws/install/controller_manager/lib/python3.10/site-packages:/home/megan/magic/ros2_ws/install/controller_manager_msgs/lib/python3.10/site-packages:/home/megan/magic/ros2_ws/install/control_msgs/lib/python3.10/site-packages:${PYTHONPATH} VIRTUAL_ENV_PROMPT=(magic) /usr/bin/cmake --build /home/megan/magic/ros2_ws/build/pid_controller -- -j20 -l20
[26.595s] Invoking command in '/home/megan/magic/ros2_ws/build/pid_controller': AMENT_PREFIX_PATH=/home/megan/magic/ros2_ws/install/controller_manager:/home/megan/magic/ros2_ws/install/hardware_interface_testing:/home/megan/magic/ros2_ws/install/controller_interface:/home/megan/magic/ros2_ws/install/hardware_interface:/home/megan/magic/ros2_ws/install/ros2_control_test_assets:/home/megan/magic/ros2_ws/install/controller_manager_msgs:/home/megan/magic/ros2_ws/install/control_msgs:${AMENT_PREFIX_PATH} CMAKE_PREFIX_PATH=/home/megan/magic/ros2_ws/install/controller_manager:/home/megan/magic/ros2_ws/install/hardware_interface_testing:/home/megan/magic/ros2_ws/install/controller_interface:/home/megan/magic/ros2_ws/install/hardware_interface:/home/megan/magic/ros2_ws/install/ros2_control_test_assets:/home/megan/magic/ros2_ws/install/controller_manager_msgs:/home/megan/magic/ros2_ws/install/control_msgs:/opt/ros/humble LD_LIBRARY_PATH=/home/megan/magic/ros2_ws/install/controller_manager/lib:/home/megan/magic/ros2_ws/install/hardware_interface_testing/lib:/home/megan/magic/ros2_ws/install/controller_interface/lib:/home/megan/magic/ros2_ws/install/hardware_interface/lib:/home/megan/magic/ros2_ws/install/controller_manager_msgs/lib:/home/megan/magic/ros2_ws/install/control_msgs/lib:${LD_LIBRARY_PATH} PYTHONPATH=/home/megan/magic/ros2_ws/install/controller_manager/lib/python3.10/site-packages:/home/megan/magic/ros2_ws/install/controller_manager_msgs/lib/python3.10/site-packages:/home/megan/magic/ros2_ws/install/control_msgs/lib/python3.10/site-packages:${PYTHONPATH} VIRTUAL_ENV_PROMPT=(magic) /usr/bin/cmake --install /home/megan/magic/ros2_ws/build/pid_controller
[26.601s] -- Install configuration: "Release"
[26.601s] -- Installing: /home/megan/magic/ros2_ws/install/pid_controller/include/pid_controller
[26.601s] -- Installing: /home/megan/magic/ros2_ws/install/pid_controller/include/pid_controller/pid_controller_parameters.hpp
[26.601s] -- Installing: /home/megan/magic/ros2_ws/install/pid_controller/share/pid_controller/pid_controller.xml
[26.601s] -- Up-to-date: /home/megan/magic/ros2_ws/install/pid_controller/include/pid_controller
[26.601s] -- Installing: /home/megan/magic/ros2_ws/install/pid_controller/include/pid_controller/pid_controller
[26.601s] -- Installing: /home/megan/magic/ros2_ws/install/pid_controller/include/pid_controller/pid_controller/visibility_control.h
[26.601s] -- Installing: /home/megan/magic/ros2_ws/install/pid_controller/include/pid_controller/pid_controller/pid_controller.hpp
[26.601s] -- Installing: /home/megan/magic/ros2_ws/install/pid_controller/lib/libpid_controller.so
[26.602s] -- Set runtime path of "/home/megan/magic/ros2_ws/install/pid_controller/lib/libpid_controller.so" to ""
[26.602s] -- Installing: /home/megan/magic/ros2_ws/install/pid_controller/share/pid_controller/environment/library_path.sh
[26.602s] -- Installing: /home/megan/magic/ros2_ws/install/pid_controller/share/pid_controller/environment/library_path.dsv
[26.602s] -- Installing: /home/megan/magic/ros2_ws/install/pid_controller/share/ament_index/resource_index/package_run_dependencies/pid_controller
[26.602s] -- Installing: /home/megan/magic/ros2_ws/install/pid_controller/share/ament_index/resource_index/parent_prefix_path/pid_controller
[26.603s] -- Installing: /home/megan/magic/ros2_ws/install/pid_controller/share/pid_controller/environment/ament_prefix_path.sh
[26.603s] -- Installing: /home/megan/magic/ros2_ws/install/pid_controller/share/pid_controller/environment/ament_prefix_path.dsv
[26.603s] -- Installing: /home/megan/magic/ros2_ws/install/pid_controller/share/pid_controller/environment/path.sh
[26.603s] -- Installing: /home/megan/magic/ros2_ws/install/pid_controller/share/pid_controller/environment/path.dsv
[26.603s] -- Installing: /home/megan/magic/ros2_ws/install/pid_controller/share/pid_controller/local_setup.bash
[26.603s] -- Installing: /home/megan/magic/ros2_ws/install/pid_controller/share/pid_controller/local_setup.sh
[26.603s] -- Installing: /home/megan/magic/ros2_ws/install/pid_controller/share/pid_controller/local_setup.zsh
[26.603s] -- Installing: /home/megan/magic/ros2_ws/install/pid_controller/share/pid_controller/local_setup.dsv
[26.603s] -- Installing: /home/megan/magic/ros2_ws/install/pid_controller/share/pid_controller/package.dsv
[26.603s] -- Installing: /home/megan/magic/ros2_ws/install/pid_controller/share/ament_index/resource_index/packages/pid_controller
[26.603s] -- Installing: /home/megan/magic/ros2_ws/install/pid_controller/share/ament_index/resource_index/controller_interface__pluginlib__plugin/pid_controller
[26.603s] -- Installing: /home/megan/magic/ros2_ws/install/pid_controller/share/pid_controller/cmake/export_pid_controllerExport.cmake
[26.604s] -- Installing: /home/megan/magic/ros2_ws/install/pid_controller/share/pid_controller/cmake/export_pid_controllerExport-release.cmake
[26.604s] -- Installing: /home/megan/magic/ros2_ws/install/pid_controller/share/pid_controller/cmake/ament_cmake_export_dependencies-extras.cmake
[26.604s] -- Installing: /home/megan/magic/ros2_ws/install/pid_controller/share/pid_controller/cmake/ament_cmake_export_targets-extras.cmake
[26.604s] -- Installing: /home/megan/magic/ros2_ws/install/pid_controller/share/pid_controller/cmake/pid_controllerConfig.cmake
[26.604s] -- Installing: /home/megan/magic/ros2_ws/install/pid_controller/share/pid_controller/cmake/pid_controllerConfig-version.cmake
[26.604s] -- Installing: /home/megan/magic/ros2_ws/install/pid_controller/share/pid_controller/package.xml
[26.605s] Invoked command in '/home/megan/magic/ros2_ws/build/pid_controller' returned '0': AMENT_PREFIX_PATH=/home/megan/magic/ros2_ws/install/controller_manager:/home/megan/magic/ros2_ws/install/hardware_interface_testing:/home/megan/magic/ros2_ws/install/controller_interface:/home/megan/magic/ros2_ws/install/hardware_interface:/home/megan/magic/ros2_ws/install/ros2_control_test_assets:/home/megan/magic/ros2_ws/install/controller_manager_msgs:/home/megan/magic/ros2_ws/install/control_msgs:${AMENT_PREFIX_PATH} CMAKE_PREFIX_PATH=/home/megan/magic/ros2_ws/install/controller_manager:/home/megan/magic/ros2_ws/install/hardware_interface_testing:/home/megan/magic/ros2_ws/install/controller_interface:/home/megan/magic/ros2_ws/install/hardware_interface:/home/megan/magic/ros2_ws/install/ros2_control_test_assets:/home/megan/magic/ros2_ws/install/controller_manager_msgs:/home/megan/magic/ros2_ws/install/control_msgs:/opt/ros/humble LD_LIBRARY_PATH=/home/megan/magic/ros2_ws/install/controller_manager/lib:/home/megan/magic/ros2_ws/install/hardware_interface_testing/lib:/home/megan/magic/ros2_ws/install/controller_interface/lib:/home/megan/magic/ros2_ws/install/hardware_interface/lib:/home/megan/magic/ros2_ws/install/controller_manager_msgs/lib:/home/megan/magic/ros2_ws/install/control_msgs/lib:${LD_LIBRARY_PATH} PYTHONPATH=/home/megan/magic/ros2_ws/install/controller_manager/lib/python3.10/site-packages:/home/megan/magic/ros2_ws/install/controller_manager_msgs/lib/python3.10/site-packages:/home/megan/magic/ros2_ws/install/control_msgs/lib/python3.10/site-packages:${PYTHONPATH} VIRTUAL_ENV_PROMPT=(magic) /usr/bin/cmake --install /home/megan/magic/ros2_ws/build/pid_controller
