[0.589s] Invoking command in '/home/megan/magic/ros2_ws/src/ros2_control/ros2controlcli': AMENT_PREFIX_PATH=/home/megan/magic/ros2_ws/install/controller_manager:/home/megan/magic/ros2_ws/install/hardware_interface_testing:/home/megan/magic/ros2_ws/install/controller_interface:/home/megan/magic/ros2_ws/install/hardware_interface:/home/megan/magic/ros2_ws/install/ros2_control_test_assets:/home/megan/magic/ros2_ws/install/controller_manager_msgs:/home/megan/magic/ros2_ws/install/control_msgs:${AMENT_PREFIX_PATH} CMAKE_PREFIX_PATH=/home/megan/magic/ros2_ws/install/controller_manager:/home/megan/magic/ros2_ws/install/hardware_interface_testing:/home/megan/magic/ros2_ws/install/controller_interface:/home/megan/magic/ros2_ws/install/hardware_interface:/home/megan/magic/ros2_ws/install/ros2_control_test_assets:/home/megan/magic/ros2_ws/install/controller_manager_msgs:/home/megan/magic/ros2_ws/install/control_msgs LD_LIBRARY_PATH=/home/megan/magic/ros2_ws/install/controller_manager/lib:/home/megan/magic/ros2_ws/install/hardware_interface_testing/lib:/home/megan/magic/ros2_ws/install/controller_interface/lib:/home/megan/magic/ros2_ws/install/hardware_interface/lib:/home/megan/magic/ros2_ws/install/controller_manager_msgs/lib:/home/megan/magic/ros2_ws/install/control_msgs/lib:${LD_LIBRARY_PATH} PYTHONPATH=/home/megan/magic/ros2_ws/build/ros2controlcli/prefix_override:/usr/lib/python3/dist-packages/colcon_core/task/python/colcon_distutils_commands:/home/megan/magic/ros2_ws/install/ros2controlcli/lib/python3.10/site-packages:/home/megan/magic/ros2_ws/install/controller_manager/lib/python3.10/site-packages:/home/megan/magic/ros2_ws/install/controller_manager_msgs/lib/python3.10/site-packages:/home/megan/magic/ros2_ws/install/control_msgs/lib/python3.10/site-packages:${PYTHONPATH} VIRTUAL_ENV_PROMPT=(magic) /usr/bin/python3 -W ignore:setup.py install is deprecated -W ignore:easy_install command is deprecated setup.py egg_info --egg-base ../../../build/ros2controlcli build --build-base /home/megan/magic/ros2_ws/build/ros2controlcli/build install --record /home/megan/magic/ros2_ws/build/ros2controlcli/install.log --single-version-externally-managed install_data
[0.775s] running egg_info
[0.776s] writing ../../../build/ros2controlcli/ros2controlcli.egg-info/PKG-INFO
[0.776s] writing dependency_links to ../../../build/ros2controlcli/ros2controlcli.egg-info/dependency_links.txt
[0.776s] writing entry points to ../../../build/ros2controlcli/ros2controlcli.egg-info/entry_points.txt
[0.776s] writing requirements to ../../../build/ros2controlcli/ros2controlcli.egg-info/requires.txt
[0.777s] writing top-level names to ../../../build/ros2controlcli/ros2controlcli.egg-info/top_level.txt
[0.778s] reading manifest file '../../../build/ros2controlcli/ros2controlcli.egg-info/SOURCES.txt'
[0.778s] writing manifest file '../../../build/ros2controlcli/ros2controlcli.egg-info/SOURCES.txt'
[0.778s] running build
[0.778s] running build_py
[0.779s] running install
[0.779s] running install_lib
[0.780s] running install_data
[0.781s] running install_egg_info
[0.782s] removing '/home/megan/magic/ros2_ws/install/ros2controlcli/lib/python3.10/site-packages/ros2controlcli-2.48.0-py3.10.egg-info' (and everything under it)
[0.782s] Copying ../../../build/ros2controlcli/ros2controlcli.egg-info to /home/megan/magic/ros2_ws/install/ros2controlcli/lib/python3.10/site-packages/ros2controlcli-2.48.0-py3.10.egg-info
[0.783s] running install_scripts
[0.798s] writing list of installed files to '/home/megan/magic/ros2_ws/build/ros2controlcli/install.log'
[0.817s] Invoked command in '/home/megan/magic/ros2_ws/src/ros2_control/ros2controlcli' returned '0': AMENT_PREFIX_PATH=/home/megan/magic/ros2_ws/install/controller_manager:/home/megan/magic/ros2_ws/install/hardware_interface_testing:/home/megan/magic/ros2_ws/install/controller_interface:/home/megan/magic/ros2_ws/install/hardware_interface:/home/megan/magic/ros2_ws/install/ros2_control_test_assets:/home/megan/magic/ros2_ws/install/controller_manager_msgs:/home/megan/magic/ros2_ws/install/control_msgs:${AMENT_PREFIX_PATH} CMAKE_PREFIX_PATH=/home/megan/magic/ros2_ws/install/controller_manager:/home/megan/magic/ros2_ws/install/hardware_interface_testing:/home/megan/magic/ros2_ws/install/controller_interface:/home/megan/magic/ros2_ws/install/hardware_interface:/home/megan/magic/ros2_ws/install/ros2_control_test_assets:/home/megan/magic/ros2_ws/install/controller_manager_msgs:/home/megan/magic/ros2_ws/install/control_msgs LD_LIBRARY_PATH=/home/megan/magic/ros2_ws/install/controller_manager/lib:/home/megan/magic/ros2_ws/install/hardware_interface_testing/lib:/home/megan/magic/ros2_ws/install/controller_interface/lib:/home/megan/magic/ros2_ws/install/hardware_interface/lib:/home/megan/magic/ros2_ws/install/controller_manager_msgs/lib:/home/megan/magic/ros2_ws/install/control_msgs/lib:${LD_LIBRARY_PATH} PYTHONPATH=/home/megan/magic/ros2_ws/build/ros2controlcli/prefix_override:/usr/lib/python3/dist-packages/colcon_core/task/python/colcon_distutils_commands:/home/megan/magic/ros2_ws/install/ros2controlcli/lib/python3.10/site-packages:/home/megan/magic/ros2_ws/install/controller_manager/lib/python3.10/site-packages:/home/megan/magic/ros2_ws/install/controller_manager_msgs/lib/python3.10/site-packages:/home/megan/magic/ros2_ws/install/control_msgs/lib/python3.10/site-packages:${PYTHONPATH} VIRTUAL_ENV_PROMPT=(magic) /usr/bin/python3 -W ignore:setup.py install is deprecated -W ignore:easy_install command is deprecated setup.py egg_info --egg-base ../../../build/ros2controlcli build --build-base /home/megan/magic/ros2_ws/build/ros2controlcli/build install --record /home/megan/magic/ros2_ws/build/ros2controlcli/install.log --single-version-externally-managed install_data
