[0.030s] Invoking command in '/home/megan/magic/ros2_ws/build/ign_ros2_control': AMENT_PREFIX_PATH=/home/megan/magic/ros2_ws/install/controller_manager:/home/megan/magic/ros2_ws/install/hardware_interface_testing:/home/megan/magic/ros2_ws/install/controller_interface:/home/megan/magic/ros2_ws/install/hardware_interface:/home/megan/magic/ros2_ws/install/ros2_control_test_assets:/home/megan/magic/ros2_ws/install/controller_manager_msgs:/home/megan/magic/ros2_ws/install/control_msgs:${AMENT_PREFIX_PATH} CMAKE_PREFIX_PATH=/home/megan/magic/ros2_ws/install/controller_manager:/home/megan/magic/ros2_ws/install/hardware_interface_testing:/home/megan/magic/ros2_ws/install/controller_interface:/home/megan/magic/ros2_ws/install/hardware_interface:/home/megan/magic/ros2_ws/install/ros2_control_test_assets:/home/megan/magic/ros2_ws/install/controller_manager_msgs:/home/megan/magic/ros2_ws/install/control_msgs:/opt/ros/humble LD_LIBRARY_PATH=/home/megan/magic/ros2_ws/install/controller_manager/lib:/home/megan/magic/ros2_ws/install/hardware_interface_testing/lib:/home/megan/magic/ros2_ws/install/controller_interface/lib:/home/megan/magic/ros2_ws/install/hardware_interface/lib:/home/megan/magic/ros2_ws/install/controller_manager_msgs/lib:/home/megan/magic/ros2_ws/install/control_msgs/lib:${LD_LIBRARY_PATH} PYTHONPATH=/home/megan/magic/ros2_ws/install/controller_manager/lib/python3.10/site-packages:/home/megan/magic/ros2_ws/install/controller_manager_msgs/lib/python3.10/site-packages:/home/megan/magic/ros2_ws/install/control_msgs/lib/python3.10/site-packages:${PYTHONPATH} VIRTUAL_ENV_PROMPT=(magic) /usr/bin/cmake /home/megan/magic/ros2_ws/src/gz_ros2_control/ign_ros2_control -DCMAKE_BUILD_TYPE=Release -DCMAKE_INSTALL_PREFIX=/home/megan/magic/ros2_ws/install/ign_ros2_control
[0.108s] -- The C compiler identification is GNU 11.4.0
[0.154s] -- The CXX compiler identification is GNU 11.4.0
[0.166s] -- Detecting C compiler ABI info
[0.243s] -- Detecting C compiler ABI info - done
[0.248s] -- Check for working C compiler: /usr/bin/cc - skipped
[0.248s] -- Detecting C compile features
[0.248s] -- Detecting C compile features - done
[0.250s] -- Detecting CXX compiler ABI info
[0.324s] -- Detecting CXX compiler ABI info - done
[0.329s] -- Check for working CXX compiler: /usr/bin/c++ - skipped
[0.329s] -- Detecting CXX compile features
[0.329s] -- Detecting CXX compile features - done
[0.331s] -- Found ament_cmake: 1.3.11 (/opt/ros/humble/share/ament_cmake/cmake)
[0.823s] -- Found Python3: /home/megan/.pyenv/versions/3.10.15/envs/magic/bin/python3 (found version "3.10.15") found components: Interpreter 
[0.914s] -- Found ament_index_cpp: 1.4.0 (/opt/ros/humble/share/ament_index_cpp/cmake)
[0.916s] -- Found controller_manager: 2.48.0 (/home/megan/magic/ros2_ws/install/controller_manager/share/controller_manager/cmake)
[0.953s] -- Found rosidl_generator_c: 3.1.6 (/opt/ros/humble/share/rosidl_generator_c/cmake)
[0.961s] -- Found rosidl_adapter: 3.1.6 (/opt/ros/humble/share/rosidl_adapter/cmake)
[0.972s] -- Found rosidl_generator_cpp: 3.1.6 (/opt/ros/humble/share/rosidl_generator_cpp/cmake)
[0.990s] -- Using all available rosidl_typesupport_c: rosidl_typesupport_fastrtps_c;rosidl_typesupport_introspection_c
[1.003s] -- Using all available rosidl_typesupport_cpp: rosidl_typesupport_fastrtps_cpp;rosidl_typesupport_introspection_cpp
[1.158s] -- Found rmw_implementation_cmake: 6.1.2 (/opt/ros/humble/share/rmw_implementation_cmake/cmake)
[1.161s] -- Found rmw_cyclonedds_cpp: 1.3.4 (/opt/ros/humble/share/rmw_cyclonedds_cpp/cmake)
[1.180s] -- Using RMW implementation 'rmw_cyclonedds_cpp' as default
[1.188s] -- Looking for pthread.h
[1.256s] -- Looking for pthread.h - found
[1.256s] -- Performing Test CMAKE_HAVE_LIBC_PTHREAD
[1.319s] -- Performing Test CMAKE_HAVE_LIBC_PTHREAD - Success
[1.320s] -- Found Threads: TRUE  
[1.394s] -- Found yaml_cpp_vendor: 8.0.2 (/opt/ros/humble/share/yaml_cpp_vendor/cmake)
[1.398s] -- Looking for ignition-gazebo6 -- found version 6.17.0
[1.403s] -- Searching for dependencies of ignition-gazebo6
[1.405s] -- Looking for sdformat12 -- found version 12.8.0
[1.406s] -- Searching for dependencies of sdformat12
[1.410s] -- Checking for module 'tinyxml2'
[1.422s] --   Found tinyxml2, version 9.0.0
[1.467s] -- Looking for ignition-math6 -- found version 6.15.1
[1.469s] -- Searching for dependencies of ignition-math6
[1.476s] -- Looking for ignition-utils1 -- found version 1.5.1
[1.477s] -- Searching for dependencies of ignition-utils1
[1.484s] -- Looking for ignition-plugin1 -- found version 1.4.0
[1.485s] -- Searching for dependencies of ignition-plugin1
[1.485s] -- Searching for <ignition-plugin1> component [loader]
[1.490s] -- Looking for ignition-plugin1-loader -- found version 1.4.0
[1.490s] -- Searching for dependencies of ignition-plugin1-loader
[1.491s] -- Searching for <ignition-plugin1> component [register]
[1.494s] -- Looking for ignition-plugin1-register -- found version 1.4.0
[1.495s] -- Searching for dependencies of ignition-plugin1-register
[1.498s] -- Looking for ignition-transport11 -- found version 11.4.1
[1.498s] -- Searching for dependencies of ignition-transport11
[1.517s] -- Found Protobuf: /usr/lib/x86_64-linux-gnu/libprotobuf.so (found version "3.12.4") 
[1.527s] -- Config-file not installed for ZeroMQ -- checking for pkg-config
[1.531s] -- Checking for module 'libzmq >= 4'
[1.545s] --   Found libzmq , version 4.3.4
[1.578s] -- Found ZeroMQ: TRUE (Required is at least version "4") 
[1.584s] -- Checking for module 'uuid'
[1.597s] --   Found uuid, version 2.37.2
[1.630s] -- Found UUID: TRUE  
[1.630s] -- Looking for ignition-utils1 -- found version 1.5.1
[1.630s] -- Searching for dependencies of ignition-utils1
[1.630s] -- Searching for <ignition-utils1> component [cli]
[1.632s] -- Looking for ignition-utils1-cli -- found version 1.5.1
[1.633s] -- Searching for dependencies of ignition-utils1-cli
[1.635s] -- Looking for ignition-msgs8 -- found version 8.7.0
[1.635s] -- Searching for dependencies of ignition-msgs8
[1.649s] -- Found Protobuf: /usr/lib/x86_64-linux-gnu/libprotobuf.so (found suitable version "3.12.4", minimum required is "3") 
[1.650s] -- Looking for ignition-math6 -- found version 6.15.1
[1.663s] -- Searching for <ignition-transport11> component [log]
[1.667s] -- Looking for ignition-transport11-log -- found version 11.4.1
[1.667s] -- Searching for dependencies of ignition-transport11-log
[1.668s] -- Searching for <ignition-transport11> component [parameters]
[1.672s] -- Looking for ignition-transport11-parameters -- found version 11.4.1
[1.672s] -- Searching for dependencies of ignition-transport11-parameters
[1.674s] -- Looking for ignition-msgs8 -- found version 8.7.0
[1.678s] -- Looking for ignition-common4 -- found version 4.7.0
[1.678s] -- Searching for dependencies of ignition-common4
[1.679s] -- Looking for dlfcn.h - found
[1.680s] -- Looking for libdl - found
[1.681s] -- Found DL: TRUE  
[1.691s] -- Searching for <ignition-common4> component [profiler]
[1.695s] -- Looking for ignition-common4-profiler -- found version 4.7.0
[1.696s] -- Searching for dependencies of ignition-common4-profiler
[1.696s] -- Searching for <ignition-common4> component [events]
[1.699s] -- Looking for ignition-common4-events -- found version 4.7.0
[1.699s] -- Searching for dependencies of ignition-common4-events
[1.700s] -- Looking for ignition-math6 -- found version 6.15.1
[1.700s] -- Searching for <ignition-common4> component [av]
[1.702s] -- Looking for ignition-common4-av -- found version 4.7.0
[1.702s] -- Searching for dependencies of ignition-common4-av
[1.707s] -- Checking for module 'libswscale'
[1.720s] --   Found libswscale, version 5.9.100
[1.755s] -- Found SWSCALE: TRUE  
[1.761s] -- Checking for module 'libavdevice >= 56.4.100'
[1.772s] --   Found libavdevice , version 58.13.100
[1.807s] -- Found AVDEVICE: TRUE (Required is at least version "56.4.100") 
[1.812s] -- Checking for module 'libavformat'
[1.824s] --   Found libavformat, version 58.76.100
[1.857s] -- Found AVFORMAT: TRUE  
[1.862s] -- Checking for module 'libavcodec'
[1.873s] --   Found libavcodec, version 58.134.100
[1.907s] -- Found AVCODEC: TRUE  
[1.912s] -- Checking for module 'libavutil'
[1.924s] --   Found libavutil, version 56.70.100
[1.956s] -- Found AVUTIL: TRUE  
[1.959s] -- Looking for ignition-fuel_tools7 -- found version 7.3.1
[1.960s] -- Searching for dependencies of ignition-fuel_tools7
[2.034s] -- Found CURL: /usr/lib/x86_64-linux-gnu/libcurl.so (found version "7.81.0")  
[2.043s] -- Checking for module 'jsoncpp'
[2.056s] --   Found jsoncpp, version 1.9.5
[2.086s] -- Found JSONCPP: TRUE  
[2.092s] -- Checking for module 'libzip'
[2.106s] --   Found libzip, version 1.7.3
[2.142s] -- Found ZIP: TRUE  
[2.142s] -- Looking for ignition-common4 -- found version 4.7.0
[2.143s] -- Looking for ignition-math6 -- found version 6.15.1
[2.143s] -- Looking for ignition-msgs8 -- found version 8.7.0
[2.146s] -- Looking for ignition-gui6 -- found version 6.8.0
[2.146s] -- Searching for dependencies of ignition-gui6
[2.171s] -- Looking for ignition-math6 -- found version 6.15.1
[2.171s] -- Looking for ignition-common4 -- found version 4.7.0
[2.172s] -- Looking for ignition-plugin1 -- found version 1.4.0
[2.172s] -- Looking for ignition-transport11 -- found version 11.4.1
[2.177s] -- Looking for ignition-rendering6 -- found version 6.6.3
[2.177s] -- Searching for dependencies of ignition-rendering6
[2.178s] -- Looking for ignition-math6 -- found version 6.15.1
[2.178s] -- Searching for dependencies of ignition-math6
[2.178s] -- Searching for <ignition-math6> component [eigen3]
[2.183s] -- Looking for ignition-math6-eigen3 -- found version 6.15.1
[2.184s] -- Searching for dependencies of ignition-math6-eigen3
[2.191s] -- Looking for ignition-common4 -- found version 4.7.0
[2.191s] -- Searching for dependencies of ignition-common4
[2.191s] -- Looking for dlfcn.h - found
[2.191s] -- Looking for libdl - found
[2.200s] -- Searching for <ignition-common4> component [graphics]
[2.205s] -- Looking for ignition-common4-graphics -- found version 4.7.0
[2.205s] -- Searching for dependencies of ignition-common4-graphics
[2.205s] -- Looking for ignition-math6 -- found version 6.15.1
[2.205s] -- Looking for ignition-utils1 -- found version 1.5.1
[2.206s] -- Searching for <ignition-common4> component [events]
[2.206s] -- Looking for ignition-plugin1 -- found version 1.4.0
[2.207s] -- Searching for dependencies of ignition-plugin1
[2.207s] -- Searching for <ignition-plugin1> component [all]
[2.209s] -- Looking for all libraries of ignition-plugin1 -- found version 1.4.0
[2.209s] -- Looking for ignition-plugin1 -- found version 1.4.0
[2.211s] -- Looking for ignition-msgs8 -- found version 8.7.0
[2.226s] -- Looking for ignition-physics5 -- found version 5.3.2
[2.226s] -- Searching for dependencies of ignition-physics5
[2.226s] -- Looking for ignition-math6 -- found version 6.15.1
[2.227s] -- Looking for ignition-plugin1 -- found version 1.4.0
[2.227s] -- Looking for ignition-utils1 -- found version 1.5.1
[2.228s] -- Searching for <ignition-physics5> component [heightmap]
[2.230s] -- Looking for ignition-physics5-heightmap -- found version 5.3.2
[2.230s] -- Searching for dependencies of ignition-physics5-heightmap
[2.230s] -- Looking for ignition-common4 -- found version 4.7.0
[2.231s] -- Searching for <ignition-physics5> component [mesh]
[2.233s] -- Looking for ignition-physics5-mesh -- found version 5.3.2
[2.233s] -- Searching for dependencies of ignition-physics5-mesh
[2.233s] -- Looking for ignition-common4 -- found version 4.7.0
[2.233s] -- Searching for <ignition-physics5> component [sdf]
[2.236s] -- Looking for ignition-physics5-sdf -- found version 5.3.2
[2.236s] -- Searching for dependencies of ignition-physics5-sdf
[2.236s] -- Looking for sdformat12 -- found version 12.8.0
[2.238s] -- Looking for ignition-sensors6 -- found version 6.8.1
[2.239s] -- Searching for dependencies of ignition-sensors6
[2.253s] -- Found Protobuf: /usr/lib/x86_64-linux-gnu/libprotobuf.so (found version "3.12.4") 
[2.254s] -- Looking for ignition-math6 -- found version 6.15.1
[2.254s] -- Looking for ignition-common4 -- found version 4.7.0
[2.254s] -- Looking for ignition-transport11 -- found version 11.4.1
[2.255s] -- Looking for ignition-rendering6 -- found version 6.6.3
[2.255s] -- Looking for ignition-msgs8 -- found version 8.7.0
[2.255s] -- Looking for sdformat12 -- found version 12.8.0
[2.256s] -- Searching for <ignition-sensors6> component [air_pressure]
[2.258s] -- Looking for ignition-sensors6-air_pressure -- found version 6.8.1
[2.258s] -- Searching for dependencies of ignition-sensors6-air_pressure
[2.258s] -- Searching for <ignition-sensors6> component [altimeter]
[2.260s] -- Looking for ignition-sensors6-altimeter -- found version 6.8.1
[2.261s] -- Searching for dependencies of ignition-sensors6-altimeter
[2.261s] -- Searching for <ignition-sensors6> component [imu]
[2.263s] -- Looking for ignition-sensors6-imu -- found version 6.8.1
[2.263s] -- Searching for dependencies of ignition-sensors6-imu
[2.264s] -- Searching for <ignition-sensors6> component [force_torque]
[2.267s] -- Looking for ignition-sensors6-force_torque -- found version 6.8.1
[2.267s] -- Searching for dependencies of ignition-sensors6-force_torque
[2.268s] -- Searching for <ignition-sensors6> component [logical_camera]
[2.271s] -- Looking for ignition-sensors6-logical_camera -- found version 6.8.1
[2.271s] -- Searching for dependencies of ignition-sensors6-logical_camera
[2.272s] -- Searching for <ignition-sensors6> component [magnetometer]
[2.274s] -- Looking for ignition-sensors6-magnetometer -- found version 6.8.1
[2.275s] -- Searching for dependencies of ignition-sensors6-magnetometer
[2.275s] -- Searching for <ignition-sensors6> component [navsat]
[2.279s] -- Looking for ignition-sensors6-navsat -- found version 6.8.1
[2.279s] -- Searching for dependencies of ignition-sensors6-navsat
[2.280s] -- Searching for <ignition-sensors6> component [rendering]
[2.284s] -- Looking for ignition-sensors6-rendering -- found version 6.8.1
[2.285s] -- Searching for dependencies of ignition-sensors6-rendering
[2.286s] -- Searching for <ignition-sensors6> component [lidar]
[2.290s] -- Looking for ignition-sensors6-lidar -- found version 6.8.1
[2.291s] -- Searching for dependencies of ignition-sensors6-lidar
[2.291s] -- Looking for ignition-sensors6 -- found version 6.8.1
[2.292s] -- Searching for <ignition-sensors6> component [gpu_lidar]
[2.296s] -- Looking for ignition-sensors6-gpu_lidar -- found version 6.8.1
[2.297s] -- Searching for dependencies of ignition-sensors6-gpu_lidar
[2.297s] -- Looking for ignition-sensors6 -- found version 6.8.1
[2.298s] -- Searching for <ignition-sensors6> component [camera]
[2.303s] -- Looking for ignition-sensors6-camera -- found version 6.8.1
[2.303s] -- Searching for dependencies of ignition-sensors6-camera
[2.304s] -- Looking for ignition-sensors6 -- found version 6.8.1
[2.305s] -- Searching for <ignition-sensors6> component [boundingbox_camera]
[2.309s] -- Looking for ignition-sensors6-boundingbox_camera -- found version 6.8.1
[2.309s] -- Searching for dependencies of ignition-sensors6-boundingbox_camera
[2.310s] -- Searching for <ignition-sensors6> component [segmentation_camera]
[2.314s] -- Looking for ignition-sensors6-segmentation_camera -- found version 6.8.1
[2.315s] -- Searching for dependencies of ignition-sensors6-segmentation_camera
[2.315s] -- Searching for <ignition-sensors6> component [depth_camera]
[2.319s] -- Looking for ignition-sensors6-depth_camera -- found version 6.8.1
[2.319s] -- Searching for dependencies of ignition-sensors6-depth_camera
[2.320s] -- Looking for ignition-sensors6 -- found version 6.8.1
[2.320s] -- Searching for <ignition-sensors6> component [rgbd_camera]
[2.322s] -- Looking for ignition-sensors6-rgbd_camera -- found version 6.8.1
[2.322s] -- Searching for dependencies of ignition-sensors6-rgbd_camera
[2.323s] -- Looking for ignition-sensors6 -- found version 6.8.1
[2.323s] -- Searching for <ignition-sensors6> component [thermal_camera]
[2.325s] -- Looking for ignition-sensors6-thermal_camera -- found version 6.8.1
[2.325s] -- Searching for dependencies of ignition-sensors6-thermal_camera
[2.326s] -- Looking for ignition-sensors6 -- found version 6.8.1
[2.327s] -- Looking for ignition-rendering6 -- found version 6.6.3
[2.327s] -- Looking for ignition-math6 -- found version 6.15.1
[2.330s] -- Looking for ignition-utils1 -- found version 1.5.1
[2.345s] -- Compiling against Ignition Fortress
[2.346s] -- Looking for ignition-plugin1 -- found version 1.4.0
[2.377s] -- Found ament_lint_auto: 0.12.11 (/opt/ros/humble/share/ament_lint_auto/cmake)
[2.474s] -- Added test 'copyright' to check source files copyright and LICENSE
[2.475s] -- Added test 'cppcheck' to perform static code analysis on C / C++ code
[2.475s] -- Configured cppcheck include dirs: /home/megan/magic/ros2_ws/src/gz_ros2_control/ign_ros2_control/include
[2.475s] -- Configured cppcheck exclude dirs and/or files: 
[2.476s] -- Added test 'cpplint' to check C / C++ code against the Google style
[2.476s] -- Configured cpplint exclude dirs and/or files: 
[2.477s] -- Added test 'lint_cmake' to check CMake code style
[2.478s] -- Added test 'uncrustify' to check C / C++ code style
[2.478s] -- Configured uncrustify additional arguments: 
[2.478s] -- Added test 'xmllint' to check XML markup files
[2.480s] -- Configuring done
[2.515s] -- Generating done
[2.521s] -- Build files have been written to: /home/megan/magic/ros2_ws/build/ign_ros2_control
[2.532s] Invoked command in '/home/megan/magic/ros2_ws/build/ign_ros2_control' returned '0': AMENT_PREFIX_PATH=/home/megan/magic/ros2_ws/install/controller_manager:/home/megan/magic/ros2_ws/install/hardware_interface_testing:/home/megan/magic/ros2_ws/install/controller_interface:/home/megan/magic/ros2_ws/install/hardware_interface:/home/megan/magic/ros2_ws/install/ros2_control_test_assets:/home/megan/magic/ros2_ws/install/controller_manager_msgs:/home/megan/magic/ros2_ws/install/control_msgs:${AMENT_PREFIX_PATH} CMAKE_PREFIX_PATH=/home/megan/magic/ros2_ws/install/controller_manager:/home/megan/magic/ros2_ws/install/hardware_interface_testing:/home/megan/magic/ros2_ws/install/controller_interface:/home/megan/magic/ros2_ws/install/hardware_interface:/home/megan/magic/ros2_ws/install/ros2_control_test_assets:/home/megan/magic/ros2_ws/install/controller_manager_msgs:/home/megan/magic/ros2_ws/install/control_msgs:/opt/ros/humble LD_LIBRARY_PATH=/home/megan/magic/ros2_ws/install/controller_manager/lib:/home/megan/magic/ros2_ws/install/hardware_interface_testing/lib:/home/megan/magic/ros2_ws/install/controller_interface/lib:/home/megan/magic/ros2_ws/install/hardware_interface/lib:/home/megan/magic/ros2_ws/install/controller_manager_msgs/lib:/home/megan/magic/ros2_ws/install/control_msgs/lib:${LD_LIBRARY_PATH} PYTHONPATH=/home/megan/magic/ros2_ws/install/controller_manager/lib/python3.10/site-packages:/home/megan/magic/ros2_ws/install/controller_manager_msgs/lib/python3.10/site-packages:/home/megan/magic/ros2_ws/install/control_msgs/lib/python3.10/site-packages:${PYTHONPATH} VIRTUAL_ENV_PROMPT=(magic) /usr/bin/cmake /home/megan/magic/ros2_ws/src/gz_ros2_control/ign_ros2_control -DCMAKE_BUILD_TYPE=Release -DCMAKE_INSTALL_PREFIX=/home/megan/magic/ros2_ws/install/ign_ros2_control
[2.533s] Invoking command in '/home/megan/magic/ros2_ws/build/ign_ros2_control': AMENT_PREFIX_PATH=/home/megan/magic/ros2_ws/install/controller_manager:/home/megan/magic/ros2_ws/install/hardware_interface_testing:/home/megan/magic/ros2_ws/install/controller_interface:/home/megan/magic/ros2_ws/install/hardware_interface:/home/megan/magic/ros2_ws/install/ros2_control_test_assets:/home/megan/magic/ros2_ws/install/controller_manager_msgs:/home/megan/magic/ros2_ws/install/control_msgs:${AMENT_PREFIX_PATH} CMAKE_PREFIX_PATH=/home/megan/magic/ros2_ws/install/controller_manager:/home/megan/magic/ros2_ws/install/hardware_interface_testing:/home/megan/magic/ros2_ws/install/controller_interface:/home/megan/magic/ros2_ws/install/hardware_interface:/home/megan/magic/ros2_ws/install/ros2_control_test_assets:/home/megan/magic/ros2_ws/install/controller_manager_msgs:/home/megan/magic/ros2_ws/install/control_msgs:/opt/ros/humble LD_LIBRARY_PATH=/home/megan/magic/ros2_ws/install/controller_manager/lib:/home/megan/magic/ros2_ws/install/hardware_interface_testing/lib:/home/megan/magic/ros2_ws/install/controller_interface/lib:/home/megan/magic/ros2_ws/install/hardware_interface/lib:/home/megan/magic/ros2_ws/install/controller_manager_msgs/lib:/home/megan/magic/ros2_ws/install/control_msgs/lib:${LD_LIBRARY_PATH} PYTHONPATH=/home/megan/magic/ros2_ws/install/controller_manager/lib/python3.10/site-packages:/home/megan/magic/ros2_ws/install/controller_manager_msgs/lib/python3.10/site-packages:/home/megan/magic/ros2_ws/install/control_msgs/lib/python3.10/site-packages:${PYTHONPATH} VIRTUAL_ENV_PROMPT=(magic) /usr/bin/cmake --build /home/megan/magic/ros2_ws/build/ign_ros2_control -- -j20 -l20
[2.590s] [ 25%] [32mBuilding CXX object CMakeFiles/ign_hardware_plugins.dir/src/ign_system.cpp.o[0m
[2.593s] [ 50%] [32mBuilding CXX object CMakeFiles/ign_ros2_control-system.dir/src/ign_ros2_control_plugin.cpp.o[0m
[13.668s] [ 75%] [32m[1mLinking CXX shared library libign_hardware_plugins.so[0m
[13.958s] [ 75%] Built target ign_hardware_plugins
[14.390s] [100%] [32m[1mLinking CXX shared library libign_ros2_control-system.so[0m
[14.719s] [100%] Built target ign_ros2_control-system
[14.728s] Invoked command in '/home/megan/magic/ros2_ws/build/ign_ros2_control' returned '0': AMENT_PREFIX_PATH=/home/megan/magic/ros2_ws/install/controller_manager:/home/megan/magic/ros2_ws/install/hardware_interface_testing:/home/megan/magic/ros2_ws/install/controller_interface:/home/megan/magic/ros2_ws/install/hardware_interface:/home/megan/magic/ros2_ws/install/ros2_control_test_assets:/home/megan/magic/ros2_ws/install/controller_manager_msgs:/home/megan/magic/ros2_ws/install/control_msgs:${AMENT_PREFIX_PATH} CMAKE_PREFIX_PATH=/home/megan/magic/ros2_ws/install/controller_manager:/home/megan/magic/ros2_ws/install/hardware_interface_testing:/home/megan/magic/ros2_ws/install/controller_interface:/home/megan/magic/ros2_ws/install/hardware_interface:/home/megan/magic/ros2_ws/install/ros2_control_test_assets:/home/megan/magic/ros2_ws/install/controller_manager_msgs:/home/megan/magic/ros2_ws/install/control_msgs:/opt/ros/humble LD_LIBRARY_PATH=/home/megan/magic/ros2_ws/install/controller_manager/lib:/home/megan/magic/ros2_ws/install/hardware_interface_testing/lib:/home/megan/magic/ros2_ws/install/controller_interface/lib:/home/megan/magic/ros2_ws/install/hardware_interface/lib:/home/megan/magic/ros2_ws/install/controller_manager_msgs/lib:/home/megan/magic/ros2_ws/install/control_msgs/lib:${LD_LIBRARY_PATH} PYTHONPATH=/home/megan/magic/ros2_ws/install/controller_manager/lib/python3.10/site-packages:/home/megan/magic/ros2_ws/install/controller_manager_msgs/lib/python3.10/site-packages:/home/megan/magic/ros2_ws/install/control_msgs/lib/python3.10/site-packages:${PYTHONPATH} VIRTUAL_ENV_PROMPT=(magic) /usr/bin/cmake --build /home/megan/magic/ros2_ws/build/ign_ros2_control -- -j20 -l20
[14.729s] Invoking command in '/home/megan/magic/ros2_ws/build/ign_ros2_control': AMENT_PREFIX_PATH=/home/megan/magic/ros2_ws/install/controller_manager:/home/megan/magic/ros2_ws/install/hardware_interface_testing:/home/megan/magic/ros2_ws/install/controller_interface:/home/megan/magic/ros2_ws/install/hardware_interface:/home/megan/magic/ros2_ws/install/ros2_control_test_assets:/home/megan/magic/ros2_ws/install/controller_manager_msgs:/home/megan/magic/ros2_ws/install/control_msgs:${AMENT_PREFIX_PATH} CMAKE_PREFIX_PATH=/home/megan/magic/ros2_ws/install/controller_manager:/home/megan/magic/ros2_ws/install/hardware_interface_testing:/home/megan/magic/ros2_ws/install/controller_interface:/home/megan/magic/ros2_ws/install/hardware_interface:/home/megan/magic/ros2_ws/install/ros2_control_test_assets:/home/megan/magic/ros2_ws/install/controller_manager_msgs:/home/megan/magic/ros2_ws/install/control_msgs:/opt/ros/humble LD_LIBRARY_PATH=/home/megan/magic/ros2_ws/install/controller_manager/lib:/home/megan/magic/ros2_ws/install/hardware_interface_testing/lib:/home/megan/magic/ros2_ws/install/controller_interface/lib:/home/megan/magic/ros2_ws/install/hardware_interface/lib:/home/megan/magic/ros2_ws/install/controller_manager_msgs/lib:/home/megan/magic/ros2_ws/install/control_msgs/lib:${LD_LIBRARY_PATH} PYTHONPATH=/home/megan/magic/ros2_ws/install/controller_manager/lib/python3.10/site-packages:/home/megan/magic/ros2_ws/install/controller_manager_msgs/lib/python3.10/site-packages:/home/megan/magic/ros2_ws/install/control_msgs/lib/python3.10/site-packages:${PYTHONPATH} VIRTUAL_ENV_PROMPT=(magic) /usr/bin/cmake --install /home/megan/magic/ros2_ws/build/ign_ros2_control
[14.737s] -- Install configuration: "Release"
[14.737s] -- Installing: /home/megan/magic/ros2_ws/install/ign_ros2_control/lib/libign_hardware_plugins.so
[14.738s] -- Set runtime path of "/home/megan/magic/ros2_ws/install/ign_ros2_control/lib/libign_hardware_plugins.so" to ""
[14.738s] -- Installing: /home/megan/magic/ros2_ws/install/ign_ros2_control/include
[14.738s] -- Installing: /home/megan/magic/ros2_ws/install/ign_ros2_control/include/ign_ros2_control
[14.738s] -- Installing: /home/megan/magic/ros2_ws/install/ign_ros2_control/include/ign_ros2_control/ign_system.hpp
[14.738s] -- Installing: /home/megan/magic/ros2_ws/install/ign_ros2_control/include/ign_ros2_control/ign_system_interface.hpp
[14.738s] -- Installing: /home/megan/magic/ros2_ws/install/ign_ros2_control/include/ign_ros2_control/ign_ros2_control_plugin.hpp
[14.738s] -- Installing: /home/megan/magic/ros2_ws/install/ign_ros2_control/share/ign_ros2_control/environment/library_path.sh
[14.738s] -- Installing: /home/megan/magic/ros2_ws/install/ign_ros2_control/share/ign_ros2_control/environment/library_path.dsv
[14.739s] -- Installing: /home/megan/magic/ros2_ws/install/ign_ros2_control/lib/libign_ros2_control-system.so
[14.739s] -- Set runtime path of "/home/megan/magic/ros2_ws/install/ign_ros2_control/lib/libign_ros2_control-system.so" to ""
[14.739s] -- Installing: /home/megan/magic/ros2_ws/install/ign_ros2_control/share/ign_ros2_control/ign_hardware_plugins.xml
[14.739s] -- Installing: /home/megan/magic/ros2_ws/install/ign_ros2_control/share/ament_index/resource_index/package_run_dependencies/ign_ros2_control
[14.739s] -- Installing: /home/megan/magic/ros2_ws/install/ign_ros2_control/share/ament_index/resource_index/parent_prefix_path/ign_ros2_control
[14.739s] -- Installing: /home/megan/magic/ros2_ws/install/ign_ros2_control/share/ign_ros2_control/environment/ament_prefix_path.sh
[14.739s] -- Installing: /home/megan/magic/ros2_ws/install/ign_ros2_control/share/ign_ros2_control/environment/ament_prefix_path.dsv
[14.739s] -- Installing: /home/megan/magic/ros2_ws/install/ign_ros2_control/share/ign_ros2_control/environment/path.sh
[14.739s] -- Installing: /home/megan/magic/ros2_ws/install/ign_ros2_control/share/ign_ros2_control/environment/path.dsv
[14.740s] -- Installing: /home/megan/magic/ros2_ws/install/ign_ros2_control/share/ign_ros2_control/local_setup.bash
[14.740s] -- Installing: /home/megan/magic/ros2_ws/install/ign_ros2_control/share/ign_ros2_control/local_setup.sh
[14.740s] -- Installing: /home/megan/magic/ros2_ws/install/ign_ros2_control/share/ign_ros2_control/local_setup.zsh
[14.740s] -- Installing: /home/megan/magic/ros2_ws/install/ign_ros2_control/share/ign_ros2_control/local_setup.dsv
[14.740s] -- Installing: /home/megan/magic/ros2_ws/install/ign_ros2_control/share/ign_ros2_control/package.dsv
[14.740s] -- Installing: /home/megan/magic/ros2_ws/install/ign_ros2_control/share/ament_index/resource_index/packages/ign_ros2_control
[14.740s] -- Installing: /home/megan/magic/ros2_ws/install/ign_ros2_control/share/ament_index/resource_index/ign_ros2_control__pluginlib__plugin/ign_ros2_control
[14.740s] -- Installing: /home/megan/magic/ros2_ws/install/ign_ros2_control/share/ign_ros2_control/cmake/ament_cmake_export_include_directories-extras.cmake
[14.740s] -- Installing: /home/megan/magic/ros2_ws/install/ign_ros2_control/share/ign_ros2_control/cmake/ament_cmake_export_libraries-extras.cmake
[14.740s] -- Installing: /home/megan/magic/ros2_ws/install/ign_ros2_control/share/ign_ros2_control/cmake/ign_ros2_controlConfig.cmake
[14.740s] -- Installing: /home/megan/magic/ros2_ws/install/ign_ros2_control/share/ign_ros2_control/cmake/ign_ros2_controlConfig-version.cmake
[14.741s] -- Installing: /home/megan/magic/ros2_ws/install/ign_ros2_control/share/ign_ros2_control/package.xml
[14.742s] Invoked command in '/home/megan/magic/ros2_ws/build/ign_ros2_control' returned '0': AMENT_PREFIX_PATH=/home/megan/magic/ros2_ws/install/controller_manager:/home/megan/magic/ros2_ws/install/hardware_interface_testing:/home/megan/magic/ros2_ws/install/controller_interface:/home/megan/magic/ros2_ws/install/hardware_interface:/home/megan/magic/ros2_ws/install/ros2_control_test_assets:/home/megan/magic/ros2_ws/install/controller_manager_msgs:/home/megan/magic/ros2_ws/install/control_msgs:${AMENT_PREFIX_PATH} CMAKE_PREFIX_PATH=/home/megan/magic/ros2_ws/install/controller_manager:/home/megan/magic/ros2_ws/install/hardware_interface_testing:/home/megan/magic/ros2_ws/install/controller_interface:/home/megan/magic/ros2_ws/install/hardware_interface:/home/megan/magic/ros2_ws/install/ros2_control_test_assets:/home/megan/magic/ros2_ws/install/controller_manager_msgs:/home/megan/magic/ros2_ws/install/control_msgs:/opt/ros/humble LD_LIBRARY_PATH=/home/megan/magic/ros2_ws/install/controller_manager/lib:/home/megan/magic/ros2_ws/install/hardware_interface_testing/lib:/home/megan/magic/ros2_ws/install/controller_interface/lib:/home/megan/magic/ros2_ws/install/hardware_interface/lib:/home/megan/magic/ros2_ws/install/controller_manager_msgs/lib:/home/megan/magic/ros2_ws/install/control_msgs/lib:${LD_LIBRARY_PATH} PYTHONPATH=/home/megan/magic/ros2_ws/install/controller_manager/lib/python3.10/site-packages:/home/megan/magic/ros2_ws/install/controller_manager_msgs/lib/python3.10/site-packages:/home/megan/magic/ros2_ws/install/control_msgs/lib/python3.10/site-packages:${PYTHONPATH} VIRTUAL_ENV_PROMPT=(magic) /usr/bin/cmake --install /home/megan/magic/ros2_ws/build/ign_ros2_control
