[0.022s] Invoking command in '/home/emma/Documents/GitHub/magic/build/two_arm_moveit2_config': AMENT_PREFIX_PATH=/home/emma/Documents/GitHub/magic/install/kortex_description:/home/emma/Documents/GitHub/magic/install/robotiq_description:${AMENT_PREFIX_PATH} CMAKE_PREFIX_PATH=/home/emma/Documents/GitHub/magic/install/kortex_description:/home/emma/Documents/GitHub/magic/install/robotiq_description:/opt/ros/humble CONDA_PROMPT_MODIFIER=(base) /usr/bin/cmake --build /home/emma/Documents/GitHub/magic/build/two_arm_moveit2_config -- -j20 -l20
[0.069s] Invoked command in '/home/emma/Documents/GitHub/magic/build/two_arm_moveit2_config' returned '0': AMENT_PREFIX_PATH=/home/emma/Documents/GitHub/magic/install/kortex_description:/home/emma/Documents/GitHub/magic/install/robotiq_description:${AMENT_PREFIX_PATH} CMAKE_PREFIX_PATH=/home/emma/Documents/GitHub/magic/install/kortex_description:/home/emma/Documents/GitHub/magic/install/robotiq_description:/opt/ros/humble CONDA_PROMPT_MODIFIER=(base) /usr/bin/cmake --build /home/emma/Documents/GitHub/magic/build/two_arm_moveit2_config -- -j20 -l20
[0.069s] Invoking command in '/home/emma/Documents/GitHub/magic/build/two_arm_moveit2_config': AMENT_PREFIX_PATH=/home/emma/Documents/GitHub/magic/install/kortex_description:/home/emma/Documents/GitHub/magic/install/robotiq_description:${AMENT_PREFIX_PATH} CMAKE_PREFIX_PATH=/home/emma/Documents/GitHub/magic/install/kortex_description:/home/emma/Documents/GitHub/magic/install/robotiq_description:/opt/ros/humble CONDA_PROMPT_MODIFIER=(base) /usr/bin/cmake --install /home/emma/Documents/GitHub/magic/build/two_arm_moveit2_config
[0.071s] -- Install configuration: ""
[0.071s] -- Up-to-date: /home/emma/Documents/GitHub/magic/install/two_arm_moveit2_config/share/ament_index/resource_index/package_run_dependencies/two_arm_moveit2_config
[0.072s] -- Up-to-date: /home/emma/Documents/GitHub/magic/install/two_arm_moveit2_config/share/ament_index/resource_index/parent_prefix_path/two_arm_moveit2_config
[0.072s] -- Up-to-date: /home/emma/Documents/GitHub/magic/install/two_arm_moveit2_config/share/two_arm_moveit2_config/environment/ament_prefix_path.sh
[0.072s] -- Up-to-date: /home/emma/Documents/GitHub/magic/install/two_arm_moveit2_config/share/two_arm_moveit2_config/environment/ament_prefix_path.dsv
[0.072s] -- Up-to-date: /home/emma/Documents/GitHub/magic/install/two_arm_moveit2_config/share/two_arm_moveit2_config/environment/path.sh
[0.072s] -- Up-to-date: /home/emma/Documents/GitHub/magic/install/two_arm_moveit2_config/share/two_arm_moveit2_config/environment/path.dsv
[0.072s] -- Up-to-date: /home/emma/Documents/GitHub/magic/install/two_arm_moveit2_config/share/two_arm_moveit2_config/local_setup.bash
[0.072s] -- Up-to-date: /home/emma/Documents/GitHub/magic/install/two_arm_moveit2_config/share/two_arm_moveit2_config/local_setup.sh
[0.072s] -- Up-to-date: /home/emma/Documents/GitHub/magic/install/two_arm_moveit2_config/share/two_arm_moveit2_config/local_setup.zsh
[0.073s] -- Up-to-date: /home/emma/Documents/GitHub/magic/install/two_arm_moveit2_config/share/two_arm_moveit2_config/local_setup.dsv
[0.073s] -- Installing: /home/emma/Documents/GitHub/magic/install/two_arm_moveit2_config/share/two_arm_moveit2_config/package.dsv
[0.073s] -- Up-to-date: /home/emma/Documents/GitHub/magic/install/two_arm_moveit2_config/share/ament_index/resource_index/packages/two_arm_moveit2_config
[0.073s] -- Up-to-date: /home/emma/Documents/GitHub/magic/install/two_arm_moveit2_config/share/two_arm_moveit2_config/cmake/two_arm_moveit2_configConfig.cmake
[0.073s] -- Up-to-date: /home/emma/Documents/GitHub/magic/install/two_arm_moveit2_config/share/two_arm_moveit2_config/cmake/two_arm_moveit2_configConfig-version.cmake
[0.073s] -- Up-to-date: /home/emma/Documents/GitHub/magic/install/two_arm_moveit2_config/share/two_arm_moveit2_config/package.xml
[0.073s] -- Up-to-date: /home/emma/Documents/GitHub/magic/install/two_arm_moveit2_config/share/two_arm_moveit2_config/launch
[0.073s] -- Up-to-date: /home/emma/Documents/GitHub/magic/install/two_arm_moveit2_config/share/two_arm_moveit2_config/launch/robot.launch.py
[0.073s] -- Up-to-date: /home/emma/Documents/GitHub/magic/install/two_arm_moveit2_config/share/two_arm_moveit2_config/config
[0.073s] -- Up-to-date: /home/emma/Documents/GitHub/magic/install/two_arm_moveit2_config/share/two_arm_moveit2_config/config/pilz_cartesian_limits.yaml
[0.074s] -- Up-to-date: /home/emma/Documents/GitHub/magic/install/two_arm_moveit2_config/share/two_arm_moveit2_config/config/moveit.rviz
[0.074s] -- Up-to-date: /home/emma/Documents/GitHub/magic/install/two_arm_moveit2_config/share/two_arm_moveit2_config/config/initial_positions.yaml
[0.074s] -- Installing: /home/emma/Documents/GitHub/magic/install/two_arm_moveit2_config/share/two_arm_moveit2_config/config/ompl_planning.yaml
[0.074s] -- Up-to-date: /home/emma/Documents/GitHub/magic/install/two_arm_moveit2_config/share/two_arm_moveit2_config/config/ros2_controllers.yaml
[0.074s] -- Up-to-date: /home/emma/Documents/GitHub/magic/install/two_arm_moveit2_config/share/two_arm_moveit2_config/config/moveit_controllers.yaml
[0.074s] -- Up-to-date: /home/emma/Documents/GitHub/magic/install/two_arm_moveit2_config/share/two_arm_moveit2_config/config/sensors_3d.yaml
[0.074s] -- Up-to-date: /home/emma/Documents/GitHub/magic/install/two_arm_moveit2_config/share/two_arm_moveit2_config/config/gen3_dual_arm.srdf
[0.074s] -- Installing: /home/emma/Documents/GitHub/magic/install/two_arm_moveit2_config/share/two_arm_moveit2_config/config/joint_limits.yaml
[0.074s] -- Up-to-date: /home/emma/Documents/GitHub/magic/install/two_arm_moveit2_config/share/two_arm_moveit2_config/config/kinematics.yaml
[0.074s] -- Up-to-date: /home/emma/Documents/GitHub/magic/install/two_arm_moveit2_config/share/two_arm_moveit2_config/urdf
[0.074s] -- Up-to-date: /home/emma/Documents/GitHub/magic/install/two_arm_moveit2_config/share/two_arm_moveit2_config/urdf/gen3_dual_arm.xacro
[0.075s] -- Up-to-date: /home/emma/Documents/GitHub/magic/install/two_arm_moveit2_config/share/two_arm_moveit2_config/.setup_assistant
[0.096s] Invoked command in '/home/emma/Documents/GitHub/magic/build/two_arm_moveit2_config' returned '0': AMENT_PREFIX_PATH=/home/emma/Documents/GitHub/magic/install/kortex_description:/home/emma/Documents/GitHub/magic/install/robotiq_description:${AMENT_PREFIX_PATH} CMAKE_PREFIX_PATH=/home/emma/Documents/GitHub/magic/install/kortex_description:/home/emma/Documents/GitHub/magic/install/robotiq_description:/opt/ros/humble CONDA_PROMPT_MODIFIER=(base) /usr/bin/cmake --install /home/emma/Documents/GitHub/magic/build/two_arm_moveit2_config
