[0.011s] Invoking command in '/home/megan/magic/ros2_ws/build/hardware_interface': AMENT_PREFIX_PATH=/home/megan/magic/ros2_ws/install/ros2_control_test_assets:/home/megan/magic/ros2_ws/install/control_msgs:${AMENT_PREFIX_PATH} CMAKE_PREFIX_PATH=/home/megan/magic/ros2_ws/install/ros2_control_test_assets:/home/megan/magic/ros2_ws/install/control_msgs:/opt/ros/humble LD_LIBRARY_PATH=/home/megan/magic/ros2_ws/install/control_msgs/lib:${LD_LIBRARY_PATH} PYTHONPATH=/home/megan/magic/ros2_ws/install/control_msgs/lib/python3.10/site-packages:${PYTHONPATH} VIRTUAL_ENV_PROMPT=(magic) /usr/bin/cmake --build /home/megan/magic/ros2_ws/build/hardware_interface -- -j20 -l20
[0.049s] [35m[1mConsolidate compiler generated dependencies of target gmock[0m
[0.049s] [35m[1mConsolidate compiler generated dependencies of target gmock_main[0m
[0.063s] [  5%] Built target gmock_main
[0.063s] [ 17%] Built target gmock
[0.063s] [ 17%] Built target ament_generate_version_header__hardware_interface
[0.071s] [35m[1mConsolidate compiler generated dependencies of target test_macros[0m
[0.075s] [35m[1mConsolidate compiler generated dependencies of target hardware_interface[0m
[0.083s] [ 22%] Built target test_macros
[0.091s] [ 42%] Built target hardware_interface
[0.104s] [35m[1mConsolidate compiler generated dependencies of target mock_components[0m
[0.104s] [35m[1mConsolidate compiler generated dependencies of target test_joint_handle[0m
[0.104s] [35m[1mConsolidate compiler generated dependencies of target fake_components[0m
[0.104s] [35m[1mConsolidate compiler generated dependencies of target test_inst_hardwares[0m
[0.105s] [35m[1mConsolidate compiler generated dependencies of target test_hardware_components[0m
[0.115s] [ 45%] [32mBuilding CXX object CMakeFiles/test_component_interfaces.dir/test/test_component_interfaces.cpp.o[0m
[0.115s] [ 48%] [32mBuilding CXX object CMakeFiles/test_generic_system.dir/test/mock_components/test_generic_system.cpp.o[0m
[0.116s] [ 51%] [32mBuilding CXX object CMakeFiles/test_component_parser.dir/test/test_component_parser.cpp.o[0m
[0.119s] [ 57%] Built target mock_components
[0.120s] [ 62%] Built target test_joint_handle
[0.120s] [ 71%] Built target fake_components
[0.124s] [ 77%] Built target test_inst_hardwares
[0.128s] [ 91%] Built target test_hardware_components
[4.454s] [ 94%] [32m[1mLinking CXX executable test_component_interfaces[0m
[4.592s] [ 94%] Built target test_component_interfaces
[5.938s] [ 97%] [32m[1mLinking CXX executable test_component_parser[0m
[6.063s] [ 97%] Built target test_component_parser
[7.952s] [100%] [32m[1mLinking CXX executable test_generic_system[0m
[8.074s] [100%] Built target test_generic_system
[8.082s] Invoked command in '/home/megan/magic/ros2_ws/build/hardware_interface' returned '0': AMENT_PREFIX_PATH=/home/megan/magic/ros2_ws/install/ros2_control_test_assets:/home/megan/magic/ros2_ws/install/control_msgs:${AMENT_PREFIX_PATH} CMAKE_PREFIX_PATH=/home/megan/magic/ros2_ws/install/ros2_control_test_assets:/home/megan/magic/ros2_ws/install/control_msgs:/opt/ros/humble LD_LIBRARY_PATH=/home/megan/magic/ros2_ws/install/control_msgs/lib:${LD_LIBRARY_PATH} PYTHONPATH=/home/megan/magic/ros2_ws/install/control_msgs/lib/python3.10/site-packages:${PYTHONPATH} VIRTUAL_ENV_PROMPT=(magic) /usr/bin/cmake --build /home/megan/magic/ros2_ws/build/hardware_interface -- -j20 -l20
[8.084s] Invoking command in '/home/megan/magic/ros2_ws/build/hardware_interface': AMENT_PREFIX_PATH=/home/megan/magic/ros2_ws/install/ros2_control_test_assets:/home/megan/magic/ros2_ws/install/control_msgs:${AMENT_PREFIX_PATH} CMAKE_PREFIX_PATH=/home/megan/magic/ros2_ws/install/ros2_control_test_assets:/home/megan/magic/ros2_ws/install/control_msgs:/opt/ros/humble LD_LIBRARY_PATH=/home/megan/magic/ros2_ws/install/control_msgs/lib:${LD_LIBRARY_PATH} PYTHONPATH=/home/megan/magic/ros2_ws/install/control_msgs/lib/python3.10/site-packages:${PYTHONPATH} VIRTUAL_ENV_PROMPT=(magic) /usr/bin/cmake --install /home/megan/magic/ros2_ws/build/hardware_interface
[8.089s] -- Install configuration: "Release"
[8.089s] -- Installing: /home/megan/magic/ros2_ws/install/hardware_interface/share/hardware_interface/mock_components_plugin_description.xml
[8.090s] -- Installing: /home/megan/magic/ros2_ws/install/hardware_interface/share/hardware_interface/fake_components_plugin_description.xml
[8.090s] -- Installing: /home/megan/magic/ros2_ws/install/hardware_interface/include
[8.090s] -- Installing: /home/megan/magic/ros2_ws/install/hardware_interface/include/fake_components
[8.090s] -- Installing: /home/megan/magic/ros2_ws/install/hardware_interface/include/fake_components/generic_system.hpp
[8.090s] -- Installing: /home/megan/magic/ros2_ws/install/hardware_interface/include/fake_components/visibility_control.h
[8.090s] -- Installing: /home/megan/magic/ros2_ws/install/hardware_interface/include/hardware_interface
[8.090s] -- Installing: /home/megan/magic/ros2_ws/install/hardware_interface/include/hardware_interface/macros.hpp
[8.090s] -- Installing: /home/megan/magic/ros2_ws/install/hardware_interface/include/hardware_interface/component_parser.hpp
[8.090s] -- Installing: /home/megan/magic/ros2_ws/install/hardware_interface/include/hardware_interface/controller_info.hpp
[8.090s] -- Installing: /home/megan/magic/ros2_ws/install/hardware_interface/include/hardware_interface/hardware_info.hpp
[8.090s] -- Installing: /home/megan/magic/ros2_ws/install/hardware_interface/include/hardware_interface/actuator.hpp
[8.090s] -- Installing: /home/megan/magic/ros2_ws/install/hardware_interface/include/hardware_interface/visibility_control.h
[8.090s] -- Installing: /home/megan/magic/ros2_ws/install/hardware_interface/include/hardware_interface/types
[8.090s] -- Installing: /home/megan/magic/ros2_ws/install/hardware_interface/include/hardware_interface/types/lifecycle_state_names.hpp
[8.090s] -- Installing: /home/megan/magic/ros2_ws/install/hardware_interface/include/hardware_interface/types/hardware_interface_return_values.hpp
[8.090s] -- Installing: /home/megan/magic/ros2_ws/install/hardware_interface/include/hardware_interface/types/hardware_interface_type_values.hpp
[8.090s] -- Installing: /home/megan/magic/ros2_ws/install/hardware_interface/include/hardware_interface/lexical_casts.hpp
[8.090s] -- Installing: /home/megan/magic/ros2_ws/install/hardware_interface/include/hardware_interface/handle.hpp
[8.090s] -- Installing: /home/megan/magic/ros2_ws/install/hardware_interface/include/hardware_interface/resource_manager.hpp
[8.090s] -- Installing: /home/megan/magic/ros2_ws/install/hardware_interface/include/hardware_interface/hardware_component_info.hpp
[8.090s] -- Installing: /home/megan/magic/ros2_ws/install/hardware_interface/include/hardware_interface/loaned_command_interface.hpp
[8.090s] -- Installing: /home/megan/magic/ros2_ws/install/hardware_interface/include/hardware_interface/loaned_state_interface.hpp
[8.090s] -- Installing: /home/megan/magic/ros2_ws/install/hardware_interface/include/hardware_interface/sensor.hpp
[8.090s] -- Installing: /home/megan/magic/ros2_ws/install/hardware_interface/include/hardware_interface/sensor_interface.hpp
[8.091s] -- Installing: /home/megan/magic/ros2_ws/install/hardware_interface/include/hardware_interface/system.hpp
[8.091s] -- Installing: /home/megan/magic/ros2_ws/install/hardware_interface/include/hardware_interface/system_interface.hpp
[8.091s] -- Installing: /home/megan/magic/ros2_ws/install/hardware_interface/include/hardware_interface/actuator_interface.hpp
[8.091s] -- Installing: /home/megan/magic/ros2_ws/install/hardware_interface/include/mock_components
[8.091s] -- Installing: /home/megan/magic/ros2_ws/install/hardware_interface/include/mock_components/generic_system.hpp
[8.091s] -- Installing: /home/megan/magic/ros2_ws/install/hardware_interface/include/mock_components/visibility_control.h
[8.091s] -- Installing: /home/megan/magic/ros2_ws/install/hardware_interface/lib/libfake_components.so
[8.091s] -- Set runtime path of "/home/megan/magic/ros2_ws/install/hardware_interface/lib/libfake_components.so" to ""
[8.091s] -- Installing: /home/megan/magic/ros2_ws/install/hardware_interface/lib/libmock_components.so
[8.091s] -- Set runtime path of "/home/megan/magic/ros2_ws/install/hardware_interface/lib/libmock_components.so" to ""
[8.091s] -- Installing: /home/megan/magic/ros2_ws/install/hardware_interface/lib/libhardware_interface.so
[8.092s] -- Set runtime path of "/home/megan/magic/ros2_ws/install/hardware_interface/lib/libhardware_interface.so" to ""
[8.092s] -- Installing: /home/megan/magic/ros2_ws/install/hardware_interface/lib/libtest_hardware_components.so
[8.092s] -- Set runtime path of "/home/megan/magic/ros2_ws/install/hardware_interface/lib/libtest_hardware_components.so" to ""
[8.092s] -- Installing: /home/megan/magic/ros2_ws/install/hardware_interface/share/hardware_interface/test/test_hardware_components/test_hardware_components.xml
[8.093s] -- Installing: /home/megan/magic/ros2_ws/install/hardware_interface/share/hardware_interface/environment/library_path.sh
[8.093s] -- Installing: /home/megan/magic/ros2_ws/install/hardware_interface/share/hardware_interface/environment/library_path.dsv
[8.093s] -- Installing: /home/megan/magic/ros2_ws/install/hardware_interface/share/ament_index/resource_index/package_run_dependencies/hardware_interface
[8.093s] -- Installing: /home/megan/magic/ros2_ws/install/hardware_interface/share/ament_index/resource_index/parent_prefix_path/hardware_interface
[8.093s] -- Installing: /home/megan/magic/ros2_ws/install/hardware_interface/share/hardware_interface/environment/ament_prefix_path.sh
[8.093s] -- Installing: /home/megan/magic/ros2_ws/install/hardware_interface/share/hardware_interface/environment/ament_prefix_path.dsv
[8.093s] -- Installing: /home/megan/magic/ros2_ws/install/hardware_interface/share/hardware_interface/environment/path.sh
[8.093s] -- Installing: /home/megan/magic/ros2_ws/install/hardware_interface/share/hardware_interface/environment/path.dsv
[8.093s] -- Installing: /home/megan/magic/ros2_ws/install/hardware_interface/share/hardware_interface/local_setup.bash
[8.094s] -- Installing: /home/megan/magic/ros2_ws/install/hardware_interface/share/hardware_interface/local_setup.sh
[8.094s] -- Installing: /home/megan/magic/ros2_ws/install/hardware_interface/share/hardware_interface/local_setup.zsh
[8.094s] -- Installing: /home/megan/magic/ros2_ws/install/hardware_interface/share/hardware_interface/local_setup.dsv
[8.094s] -- Installing: /home/megan/magic/ros2_ws/install/hardware_interface/share/hardware_interface/package.dsv
[8.094s] -- Installing: /home/megan/magic/ros2_ws/install/hardware_interface/share/ament_index/resource_index/packages/hardware_interface
[8.094s] -- Installing: /home/megan/magic/ros2_ws/install/hardware_interface/share/ament_index/resource_index/hardware_interface__pluginlib__plugin/hardware_interface
[8.094s] -- Installing: /home/megan/magic/ros2_ws/install/hardware_interface/share/hardware_interface/cmake/ament_cmake_export_include_directories-extras.cmake
[8.094s] -- Installing: /home/megan/magic/ros2_ws/install/hardware_interface/share/hardware_interface/cmake/ament_cmake_export_libraries-extras.cmake
[8.094s] -- Installing: /home/megan/magic/ros2_ws/install/hardware_interface/share/hardware_interface/cmake/ament_cmake_export_dependencies-extras.cmake
[8.094s] -- Installing: /home/megan/magic/ros2_ws/install/hardware_interface/share/hardware_interface/cmake/hardware_interfaceConfig.cmake
[8.094s] -- Installing: /home/megan/magic/ros2_ws/install/hardware_interface/share/hardware_interface/cmake/hardware_interfaceConfig-version.cmake
[8.095s] -- Installing: /home/megan/magic/ros2_ws/install/hardware_interface/share/hardware_interface/package.xml
[8.095s] -- Installing: /home/megan/magic/ros2_ws/install/hardware_interface/include/hardware_interface/hardware_interface/version.h
[8.096s] Invoked command in '/home/megan/magic/ros2_ws/build/hardware_interface' returned '0': AMENT_PREFIX_PATH=/home/megan/magic/ros2_ws/install/ros2_control_test_assets:/home/megan/magic/ros2_ws/install/control_msgs:${AMENT_PREFIX_PATH} CMAKE_PREFIX_PATH=/home/megan/magic/ros2_ws/install/ros2_control_test_assets:/home/megan/magic/ros2_ws/install/control_msgs:/opt/ros/humble LD_LIBRARY_PATH=/home/megan/magic/ros2_ws/install/control_msgs/lib:${LD_LIBRARY_PATH} PYTHONPATH=/home/megan/magic/ros2_ws/install/control_msgs/lib/python3.10/site-packages:${PYTHONPATH} VIRTUAL_ENV_PROMPT=(magic) /usr/bin/cmake --install /home/megan/magic/ros2_ws/build/hardware_interface
