[0.035s] Invoking command in '/home/megan/magic/ros2_ws/build/gripper_controllers': AMENT_PREFIX_PATH=/home/megan/magic/ros2_ws/install/controller_manager:/home/megan/magic/ros2_ws/install/hardware_interface_testing:/home/megan/magic/ros2_ws/install/controller_interface:/home/megan/magic/ros2_ws/install/hardware_interface:/home/megan/magic/ros2_ws/install/ros2_control_test_assets:/home/megan/magic/ros2_ws/install/controller_manager_msgs:/home/megan/magic/ros2_ws/install/control_msgs:${AMENT_PREFIX_PATH} CMAKE_PREFIX_PATH=/home/megan/magic/ros2_ws/install/controller_manager:/home/megan/magic/ros2_ws/install/hardware_interface_testing:/home/megan/magic/ros2_ws/install/controller_interface:/home/megan/magic/ros2_ws/install/hardware_interface:/home/megan/magic/ros2_ws/install/ros2_control_test_assets:/home/megan/magic/ros2_ws/install/controller_manager_msgs:/home/megan/magic/ros2_ws/install/control_msgs:/opt/ros/humble LD_LIBRARY_PATH=/home/megan/magic/ros2_ws/install/controller_manager/lib:/home/megan/magic/ros2_ws/install/hardware_interface_testing/lib:/home/megan/magic/ros2_ws/install/controller_interface/lib:/home/megan/magic/ros2_ws/install/hardware_interface/lib:/home/megan/magic/ros2_ws/install/controller_manager_msgs/lib:/home/megan/magic/ros2_ws/install/control_msgs/lib:${LD_LIBRARY_PATH} PYTHONPATH=/home/megan/magic/ros2_ws/install/controller_manager/lib/python3.10/site-packages:/home/megan/magic/ros2_ws/install/controller_manager_msgs/lib/python3.10/site-packages:/home/megan/magic/ros2_ws/install/control_msgs/lib/python3.10/site-packages:${PYTHONPATH} VIRTUAL_ENV_PROMPT=(magic) /usr/bin/cmake --build /home/megan/magic/ros2_ws/build/gripper_controllers -- -j20 -l20
[0.083s] [35m[1mConsolidate compiler generated dependencies of target gmock_main[0m
[0.083s] [35m[1mConsolidate compiler generated dependencies of target gmock[0m
[0.091s] [ 15%] Built target gripper_action_controller_parameters
[0.095s] [ 38%] Built target gmock
[0.095s] [ 53%] Built target gmock_main
[0.101s] [35m[1mConsolidate compiler generated dependencies of target gripper_action_controller[0m
[0.104s] [35m[1mConsolidate compiler generated dependencies of target test_load_gripper_action_controllers[0m
[0.114s] [ 69%] Built target gripper_action_controller
[0.122s] [ 84%] Built target test_load_gripper_action_controllers
[0.125s] [35m[1mConsolidate compiler generated dependencies of target test_gripper_controllers[0m
[0.141s] [100%] Built target test_gripper_controllers
[0.150s] Invoked command in '/home/megan/magic/ros2_ws/build/gripper_controllers' returned '0': AMENT_PREFIX_PATH=/home/megan/magic/ros2_ws/install/controller_manager:/home/megan/magic/ros2_ws/install/hardware_interface_testing:/home/megan/magic/ros2_ws/install/controller_interface:/home/megan/magic/ros2_ws/install/hardware_interface:/home/megan/magic/ros2_ws/install/ros2_control_test_assets:/home/megan/magic/ros2_ws/install/controller_manager_msgs:/home/megan/magic/ros2_ws/install/control_msgs:${AMENT_PREFIX_PATH} CMAKE_PREFIX_PATH=/home/megan/magic/ros2_ws/install/controller_manager:/home/megan/magic/ros2_ws/install/hardware_interface_testing:/home/megan/magic/ros2_ws/install/controller_interface:/home/megan/magic/ros2_ws/install/hardware_interface:/home/megan/magic/ros2_ws/install/ros2_control_test_assets:/home/megan/magic/ros2_ws/install/controller_manager_msgs:/home/megan/magic/ros2_ws/install/control_msgs:/opt/ros/humble LD_LIBRARY_PATH=/home/megan/magic/ros2_ws/install/controller_manager/lib:/home/megan/magic/ros2_ws/install/hardware_interface_testing/lib:/home/megan/magic/ros2_ws/install/controller_interface/lib:/home/megan/magic/ros2_ws/install/hardware_interface/lib:/home/megan/magic/ros2_ws/install/controller_manager_msgs/lib:/home/megan/magic/ros2_ws/install/control_msgs/lib:${LD_LIBRARY_PATH} PYTHONPATH=/home/megan/magic/ros2_ws/install/controller_manager/lib/python3.10/site-packages:/home/megan/magic/ros2_ws/install/controller_manager_msgs/lib/python3.10/site-packages:/home/megan/magic/ros2_ws/install/control_msgs/lib/python3.10/site-packages:${PYTHONPATH} VIRTUAL_ENV_PROMPT=(magic) /usr/bin/cmake --build /home/megan/magic/ros2_ws/build/gripper_controllers -- -j20 -l20
[0.151s] Invoking command in '/home/megan/magic/ros2_ws/build/gripper_controllers': AMENT_PREFIX_PATH=/home/megan/magic/ros2_ws/install/controller_manager:/home/megan/magic/ros2_ws/install/hardware_interface_testing:/home/megan/magic/ros2_ws/install/controller_interface:/home/megan/magic/ros2_ws/install/hardware_interface:/home/megan/magic/ros2_ws/install/ros2_control_test_assets:/home/megan/magic/ros2_ws/install/controller_manager_msgs:/home/megan/magic/ros2_ws/install/control_msgs:${AMENT_PREFIX_PATH} CMAKE_PREFIX_PATH=/home/megan/magic/ros2_ws/install/controller_manager:/home/megan/magic/ros2_ws/install/hardware_interface_testing:/home/megan/magic/ros2_ws/install/controller_interface:/home/megan/magic/ros2_ws/install/hardware_interface:/home/megan/magic/ros2_ws/install/ros2_control_test_assets:/home/megan/magic/ros2_ws/install/controller_manager_msgs:/home/megan/magic/ros2_ws/install/control_msgs:/opt/ros/humble LD_LIBRARY_PATH=/home/megan/magic/ros2_ws/install/controller_manager/lib:/home/megan/magic/ros2_ws/install/hardware_interface_testing/lib:/home/megan/magic/ros2_ws/install/controller_interface/lib:/home/megan/magic/ros2_ws/install/hardware_interface/lib:/home/megan/magic/ros2_ws/install/controller_manager_msgs/lib:/home/megan/magic/ros2_ws/install/control_msgs/lib:${LD_LIBRARY_PATH} PYTHONPATH=/home/megan/magic/ros2_ws/install/controller_manager/lib/python3.10/site-packages:/home/megan/magic/ros2_ws/install/controller_manager_msgs/lib/python3.10/site-packages:/home/megan/magic/ros2_ws/install/control_msgs/lib/python3.10/site-packages:${PYTHONPATH} VIRTUAL_ENV_PROMPT=(magic) /usr/bin/cmake --install /home/megan/magic/ros2_ws/build/gripper_controllers
[0.156s] -- Install configuration: "Release"
[0.157s] -- Up-to-date: /home/megan/magic/ros2_ws/install/gripper_controllers/include/gripper_controllers
[0.157s] -- Up-to-date: /home/megan/magic/ros2_ws/install/gripper_controllers/include/gripper_controllers/gripper_action_controller_parameters.hpp
[0.157s] -- Up-to-date: /home/megan/magic/ros2_ws/install/gripper_controllers/share/gripper_controllers/ros_control_plugins.xml
[0.157s] -- Up-to-date: /home/megan/magic/ros2_ws/install/gripper_controllers/include/gripper_action_controller
[0.157s] -- Up-to-date: /home/megan/magic/ros2_ws/install/gripper_controllers/include/gripper_action_controller/gripper_controllers
[0.157s] -- Up-to-date: /home/megan/magic/ros2_ws/install/gripper_controllers/include/gripper_action_controller/gripper_controllers/visibility_control.hpp
[0.157s] -- Up-to-date: /home/megan/magic/ros2_ws/install/gripper_controllers/include/gripper_action_controller/gripper_controllers/gripper_action_controller.hpp
[0.157s] -- Up-to-date: /home/megan/magic/ros2_ws/install/gripper_controllers/include/gripper_action_controller/gripper_controllers/hardware_interface_adapter.hpp
[0.157s] -- Up-to-date: /home/megan/magic/ros2_ws/install/gripper_controllers/include/gripper_action_controller/gripper_controllers/gripper_action_controller_impl.hpp
[0.157s] -- Up-to-date: /home/megan/magic/ros2_ws/install/gripper_controllers/lib/libgripper_action_controller.so
[0.157s] -- Up-to-date: /home/megan/magic/ros2_ws/install/gripper_controllers/share/gripper_controllers/environment/library_path.sh
[0.157s] -- Up-to-date: /home/megan/magic/ros2_ws/install/gripper_controllers/share/gripper_controllers/environment/library_path.dsv
[0.158s] -- Up-to-date: /home/megan/magic/ros2_ws/install/gripper_controllers/share/ament_index/resource_index/package_run_dependencies/gripper_controllers
[0.158s] -- Up-to-date: /home/megan/magic/ros2_ws/install/gripper_controllers/share/ament_index/resource_index/parent_prefix_path/gripper_controllers
[0.158s] -- Up-to-date: /home/megan/magic/ros2_ws/install/gripper_controllers/share/gripper_controllers/environment/ament_prefix_path.sh
[0.158s] -- Up-to-date: /home/megan/magic/ros2_ws/install/gripper_controllers/share/gripper_controllers/environment/ament_prefix_path.dsv
[0.158s] -- Up-to-date: /home/megan/magic/ros2_ws/install/gripper_controllers/share/gripper_controllers/environment/path.sh
[0.158s] -- Up-to-date: /home/megan/magic/ros2_ws/install/gripper_controllers/share/gripper_controllers/environment/path.dsv
[0.158s] -- Up-to-date: /home/megan/magic/ros2_ws/install/gripper_controllers/share/gripper_controllers/local_setup.bash
[0.158s] -- Up-to-date: /home/megan/magic/ros2_ws/install/gripper_controllers/share/gripper_controllers/local_setup.sh
[0.158s] -- Up-to-date: /home/megan/magic/ros2_ws/install/gripper_controllers/share/gripper_controllers/local_setup.zsh
[0.158s] -- Up-to-date: /home/megan/magic/ros2_ws/install/gripper_controllers/share/gripper_controllers/local_setup.dsv
[0.158s] -- Installing: /home/megan/magic/ros2_ws/install/gripper_controllers/share/gripper_controllers/package.dsv
[0.158s] -- Up-to-date: /home/megan/magic/ros2_ws/install/gripper_controllers/share/ament_index/resource_index/packages/gripper_controllers
[0.159s] -- Up-to-date: /home/megan/magic/ros2_ws/install/gripper_controllers/share/ament_index/resource_index/controller_interface__pluginlib__plugin/gripper_controllers
[0.159s] -- Up-to-date: /home/megan/magic/ros2_ws/install/gripper_controllers/share/gripper_controllers/cmake/export_gripper_action_controllerExport.cmake
[0.159s] -- Up-to-date: /home/megan/magic/ros2_ws/install/gripper_controllers/share/gripper_controllers/cmake/export_gripper_action_controllerExport-release.cmake
[0.159s] -- Up-to-date: /home/megan/magic/ros2_ws/install/gripper_controllers/share/gripper_controllers/cmake/ament_cmake_export_dependencies-extras.cmake
[0.159s] -- Up-to-date: /home/megan/magic/ros2_ws/install/gripper_controllers/share/gripper_controllers/cmake/ament_cmake_export_targets-extras.cmake
[0.159s] -- Up-to-date: /home/megan/magic/ros2_ws/install/gripper_controllers/share/gripper_controllers/cmake/gripper_controllersConfig.cmake
[0.159s] -- Up-to-date: /home/megan/magic/ros2_ws/install/gripper_controllers/share/gripper_controllers/cmake/gripper_controllersConfig-version.cmake
[0.159s] -- Up-to-date: /home/megan/magic/ros2_ws/install/gripper_controllers/share/gripper_controllers/package.xml
[0.160s] Invoked command in '/home/megan/magic/ros2_ws/build/gripper_controllers' returned '0': AMENT_PREFIX_PATH=/home/megan/magic/ros2_ws/install/controller_manager:/home/megan/magic/ros2_ws/install/hardware_interface_testing:/home/megan/magic/ros2_ws/install/controller_interface:/home/megan/magic/ros2_ws/install/hardware_interface:/home/megan/magic/ros2_ws/install/ros2_control_test_assets:/home/megan/magic/ros2_ws/install/controller_manager_msgs:/home/megan/magic/ros2_ws/install/control_msgs:${AMENT_PREFIX_PATH} CMAKE_PREFIX_PATH=/home/megan/magic/ros2_ws/install/controller_manager:/home/megan/magic/ros2_ws/install/hardware_interface_testing:/home/megan/magic/ros2_ws/install/controller_interface:/home/megan/magic/ros2_ws/install/hardware_interface:/home/megan/magic/ros2_ws/install/ros2_control_test_assets:/home/megan/magic/ros2_ws/install/controller_manager_msgs:/home/megan/magic/ros2_ws/install/control_msgs:/opt/ros/humble LD_LIBRARY_PATH=/home/megan/magic/ros2_ws/install/controller_manager/lib:/home/megan/magic/ros2_ws/install/hardware_interface_testing/lib:/home/megan/magic/ros2_ws/install/controller_interface/lib:/home/megan/magic/ros2_ws/install/hardware_interface/lib:/home/megan/magic/ros2_ws/install/controller_manager_msgs/lib:/home/megan/magic/ros2_ws/install/control_msgs/lib:${LD_LIBRARY_PATH} PYTHONPATH=/home/megan/magic/ros2_ws/install/controller_manager/lib/python3.10/site-packages:/home/megan/magic/ros2_ws/install/controller_manager_msgs/lib/python3.10/site-packages:/home/megan/magic/ros2_ws/install/control_msgs/lib/python3.10/site-packages:${PYTHONPATH} VIRTUAL_ENV_PROMPT=(magic) /usr/bin/cmake --install /home/megan/magic/ros2_ws/build/gripper_controllers
