[0.012s] Invoking command in '/home/megan/magic/ros2_ws/build/hardware_interface': AMENT_PREFIX_PATH=/home/megan/magic/ros2_ws/install/ros2_control_test_assets:/home/megan/magic/ros2_ws/install/control_msgs:${AMENT_PREFIX_PATH} CMAKE_PREFIX_PATH=/home/megan/magic/ros2_ws/install/ros2_control_test_assets:/home/megan/magic/ros2_ws/install/control_msgs:/opt/ros/humble LD_LIBRARY_PATH=/home/megan/magic/ros2_ws/install/control_msgs/lib:${LD_LIBRARY_PATH} PYTHONPATH=/home/megan/magic/ros2_ws/install/control_msgs/lib/python3.10/site-packages:${PYTHONPATH} VIRTUAL_ENV_PROMPT=(magic) /usr/bin/cmake --build /home/megan/magic/ros2_ws/build/hardware_interface -- -j20 -l20
[0.054s] [  2%] Built target ament_generate_version_header__hardware_interface
[0.059s] [ 11%] Built target gmock
[0.062s] [ 17%] Built target gmock_main
[0.081s] [ 37%] Built target hardware_interface
[0.082s] [ 42%] Built target test_macros
[0.095s] [35m[1mConsolidate compiler generated dependencies of target test_component_parser[0m
[0.096s] [35m[1mConsolidate compiler generated dependencies of target test_generic_system[0m
[0.097s] [35m[1mConsolidate compiler generated dependencies of target test_component_interfaces[0m
[0.111s] [ 51%] Built target fake_components
[0.114s] [ 57%] Built target test_inst_hardwares
[0.115s] [ 62%] Built target test_joint_handle
[0.116s] [ 68%] Built target mock_components
[0.116s] [ 74%] Built target test_generic_system
[0.117s] [ 88%] Built target test_hardware_components
[0.119s] [ 97%] Built target test_component_interfaces
[0.119s] [100%] Built target test_component_parser
[0.129s] Invoked command in '/home/megan/magic/ros2_ws/build/hardware_interface' returned '0': AMENT_PREFIX_PATH=/home/megan/magic/ros2_ws/install/ros2_control_test_assets:/home/megan/magic/ros2_ws/install/control_msgs:${AMENT_PREFIX_PATH} CMAKE_PREFIX_PATH=/home/megan/magic/ros2_ws/install/ros2_control_test_assets:/home/megan/magic/ros2_ws/install/control_msgs:/opt/ros/humble LD_LIBRARY_PATH=/home/megan/magic/ros2_ws/install/control_msgs/lib:${LD_LIBRARY_PATH} PYTHONPATH=/home/megan/magic/ros2_ws/install/control_msgs/lib/python3.10/site-packages:${PYTHONPATH} VIRTUAL_ENV_PROMPT=(magic) /usr/bin/cmake --build /home/megan/magic/ros2_ws/build/hardware_interface -- -j20 -l20
[0.131s] Invoking command in '/home/megan/magic/ros2_ws/build/hardware_interface': AMENT_PREFIX_PATH=/home/megan/magic/ros2_ws/install/ros2_control_test_assets:/home/megan/magic/ros2_ws/install/control_msgs:${AMENT_PREFIX_PATH} CMAKE_PREFIX_PATH=/home/megan/magic/ros2_ws/install/ros2_control_test_assets:/home/megan/magic/ros2_ws/install/control_msgs:/opt/ros/humble LD_LIBRARY_PATH=/home/megan/magic/ros2_ws/install/control_msgs/lib:${LD_LIBRARY_PATH} PYTHONPATH=/home/megan/magic/ros2_ws/install/control_msgs/lib/python3.10/site-packages:${PYTHONPATH} VIRTUAL_ENV_PROMPT=(magic) /usr/bin/cmake --install /home/megan/magic/ros2_ws/build/hardware_interface
[0.137s] -- Install configuration: "Release"
[0.138s] -- Up-to-date: /home/megan/magic/ros2_ws/install/hardware_interface/share/hardware_interface/mock_components_plugin_description.xml
[0.138s] -- Up-to-date: /home/megan/magic/ros2_ws/install/hardware_interface/share/hardware_interface/fake_components_plugin_description.xml
[0.138s] -- Up-to-date: /home/megan/magic/ros2_ws/install/hardware_interface/include
[0.138s] -- Up-to-date: /home/megan/magic/ros2_ws/install/hardware_interface/include/fake_components
[0.138s] -- Up-to-date: /home/megan/magic/ros2_ws/install/hardware_interface/include/fake_components/generic_system.hpp
[0.138s] -- Up-to-date: /home/megan/magic/ros2_ws/install/hardware_interface/include/fake_components/visibility_control.h
[0.138s] -- Up-to-date: /home/megan/magic/ros2_ws/install/hardware_interface/include/hardware_interface
[0.138s] -- Up-to-date: /home/megan/magic/ros2_ws/install/hardware_interface/include/hardware_interface/macros.hpp
[0.138s] -- Up-to-date: /home/megan/magic/ros2_ws/install/hardware_interface/include/hardware_interface/component_parser.hpp
[0.138s] -- Up-to-date: /home/megan/magic/ros2_ws/install/hardware_interface/include/hardware_interface/controller_info.hpp
[0.139s] -- Up-to-date: /home/megan/magic/ros2_ws/install/hardware_interface/include/hardware_interface/hardware_info.hpp
[0.139s] -- Up-to-date: /home/megan/magic/ros2_ws/install/hardware_interface/include/hardware_interface/actuator.hpp
[0.139s] -- Up-to-date: /home/megan/magic/ros2_ws/install/hardware_interface/include/hardware_interface/visibility_control.h
[0.139s] -- Up-to-date: /home/megan/magic/ros2_ws/install/hardware_interface/include/hardware_interface/types
[0.139s] -- Up-to-date: /home/megan/magic/ros2_ws/install/hardware_interface/include/hardware_interface/types/lifecycle_state_names.hpp
[0.139s] -- Up-to-date: /home/megan/magic/ros2_ws/install/hardware_interface/include/hardware_interface/types/hardware_interface_return_values.hpp
[0.139s] -- Up-to-date: /home/megan/magic/ros2_ws/install/hardware_interface/include/hardware_interface/types/hardware_interface_type_values.hpp
[0.139s] -- Up-to-date: /home/megan/magic/ros2_ws/install/hardware_interface/include/hardware_interface/lexical_casts.hpp
[0.139s] -- Up-to-date: /home/megan/magic/ros2_ws/install/hardware_interface/include/hardware_interface/handle.hpp
[0.139s] -- Up-to-date: /home/megan/magic/ros2_ws/install/hardware_interface/include/hardware_interface/resource_manager.hpp
[0.139s] -- Up-to-date: /home/megan/magic/ros2_ws/install/hardware_interface/include/hardware_interface/hardware_component_info.hpp
[0.140s] -- Up-to-date: /home/megan/magic/ros2_ws/install/hardware_interface/include/hardware_interface/loaned_command_interface.hpp
[0.140s] -- Up-to-date: /home/megan/magic/ros2_ws/install/hardware_interface/include/hardware_interface/loaned_state_interface.hpp
[0.140s] -- Up-to-date: /home/megan/magic/ros2_ws/install/hardware_interface/include/hardware_interface/sensor.hpp
[0.140s] -- Up-to-date: /home/megan/magic/ros2_ws/install/hardware_interface/include/hardware_interface/sensor_interface.hpp
[0.140s] -- Up-to-date: /home/megan/magic/ros2_ws/install/hardware_interface/include/hardware_interface/system.hpp
[0.140s] -- Up-to-date: /home/megan/magic/ros2_ws/install/hardware_interface/include/hardware_interface/system_interface.hpp
[0.140s] -- Up-to-date: /home/megan/magic/ros2_ws/install/hardware_interface/include/hardware_interface/actuator_interface.hpp
[0.140s] -- Up-to-date: /home/megan/magic/ros2_ws/install/hardware_interface/include/mock_components
[0.140s] -- Up-to-date: /home/megan/magic/ros2_ws/install/hardware_interface/include/mock_components/generic_system.hpp
[0.140s] -- Up-to-date: /home/megan/magic/ros2_ws/install/hardware_interface/include/mock_components/visibility_control.h
[0.141s] -- Up-to-date: /home/megan/magic/ros2_ws/install/hardware_interface/lib/libfake_components.so
[0.141s] -- Up-to-date: /home/megan/magic/ros2_ws/install/hardware_interface/lib/libmock_components.so
[0.141s] -- Up-to-date: /home/megan/magic/ros2_ws/install/hardware_interface/lib/libhardware_interface.so
[0.141s] -- Up-to-date: /home/megan/magic/ros2_ws/install/hardware_interface/lib/libtest_hardware_components.so
[0.141s] -- Up-to-date: /home/megan/magic/ros2_ws/install/hardware_interface/share/hardware_interface/test/test_hardware_components/test_hardware_components.xml
[0.141s] -- Up-to-date: /home/megan/magic/ros2_ws/install/hardware_interface/share/hardware_interface/environment/library_path.sh
[0.141s] -- Up-to-date: /home/megan/magic/ros2_ws/install/hardware_interface/share/hardware_interface/environment/library_path.dsv
[0.141s] -- Up-to-date: /home/megan/magic/ros2_ws/install/hardware_interface/share/ament_index/resource_index/package_run_dependencies/hardware_interface
[0.141s] -- Up-to-date: /home/megan/magic/ros2_ws/install/hardware_interface/share/ament_index/resource_index/parent_prefix_path/hardware_interface
[0.141s] -- Up-to-date: /home/megan/magic/ros2_ws/install/hardware_interface/share/hardware_interface/environment/ament_prefix_path.sh
[0.141s] -- Up-to-date: /home/megan/magic/ros2_ws/install/hardware_interface/share/hardware_interface/environment/ament_prefix_path.dsv
[0.141s] -- Up-to-date: /home/megan/magic/ros2_ws/install/hardware_interface/share/hardware_interface/environment/path.sh
[0.141s] -- Up-to-date: /home/megan/magic/ros2_ws/install/hardware_interface/share/hardware_interface/environment/path.dsv
[0.141s] -- Up-to-date: /home/megan/magic/ros2_ws/install/hardware_interface/share/hardware_interface/local_setup.bash
[0.142s] -- Up-to-date: /home/megan/magic/ros2_ws/install/hardware_interface/share/hardware_interface/local_setup.sh
[0.142s] -- Up-to-date: /home/megan/magic/ros2_ws/install/hardware_interface/share/hardware_interface/local_setup.zsh
[0.142s] -- Up-to-date: /home/megan/magic/ros2_ws/install/hardware_interface/share/hardware_interface/local_setup.dsv
[0.142s] -- Installing: /home/megan/magic/ros2_ws/install/hardware_interface/share/hardware_interface/package.dsv
[0.142s] -- Up-to-date: /home/megan/magic/ros2_ws/install/hardware_interface/share/ament_index/resource_index/packages/hardware_interface
[0.142s] -- Up-to-date: /home/megan/magic/ros2_ws/install/hardware_interface/share/ament_index/resource_index/hardware_interface__pluginlib__plugin/hardware_interface
[0.142s] -- Up-to-date: /home/megan/magic/ros2_ws/install/hardware_interface/share/hardware_interface/cmake/ament_cmake_export_include_directories-extras.cmake
[0.142s] -- Up-to-date: /home/megan/magic/ros2_ws/install/hardware_interface/share/hardware_interface/cmake/ament_cmake_export_libraries-extras.cmake
[0.142s] -- Up-to-date: /home/megan/magic/ros2_ws/install/hardware_interface/share/hardware_interface/cmake/ament_cmake_export_dependencies-extras.cmake
[0.142s] -- Up-to-date: /home/megan/magic/ros2_ws/install/hardware_interface/share/hardware_interface/cmake/hardware_interfaceConfig.cmake
[0.142s] -- Up-to-date: /home/megan/magic/ros2_ws/install/hardware_interface/share/hardware_interface/cmake/hardware_interfaceConfig-version.cmake
[0.142s] -- Up-to-date: /home/megan/magic/ros2_ws/install/hardware_interface/share/hardware_interface/package.xml
[0.142s] -- Up-to-date: /home/megan/magic/ros2_ws/install/hardware_interface/include/hardware_interface/hardware_interface/version.h
[0.144s] Invoked command in '/home/megan/magic/ros2_ws/build/hardware_interface' returned '0': AMENT_PREFIX_PATH=/home/megan/magic/ros2_ws/install/ros2_control_test_assets:/home/megan/magic/ros2_ws/install/control_msgs:${AMENT_PREFIX_PATH} CMAKE_PREFIX_PATH=/home/megan/magic/ros2_ws/install/ros2_control_test_assets:/home/megan/magic/ros2_ws/install/control_msgs:/opt/ros/humble LD_LIBRARY_PATH=/home/megan/magic/ros2_ws/install/control_msgs/lib:${LD_LIBRARY_PATH} PYTHONPATH=/home/megan/magic/ros2_ws/install/control_msgs/lib/python3.10/site-packages:${PYTHONPATH} VIRTUAL_ENV_PROMPT=(magic) /usr/bin/cmake --install /home/megan/magic/ros2_ws/build/hardware_interface
