[0.017s] Invoking command in '/home/emma/Documents/GitHub/magic/build/kortex_driver': AMENT_PREFIX_PATH=/home/emma/Documents/GitHub/magic/install/kortex_api:${AMENT_PREFIX_PATH} CMAKE_PREFIX_PATH=/home/emma/Documents/GitHub/magic/install/kortex_api:/opt/ros/humble CONDA_PROMPT_MODIFIER=(base) /usr/bin/cmake --build /home/emma/Documents/GitHub/magic/build/kortex_driver -- -j20 -l20
[0.068s] [100%] Built target kortex_driver
[0.093s] Invoked command in '/home/emma/Documents/GitHub/magic/build/kortex_driver' returned '0': AMENT_PREFIX_PATH=/home/emma/Documents/GitHub/magic/install/kortex_api:${AMENT_PREFIX_PATH} CMAKE_PREFIX_PATH=/home/emma/Documents/GitHub/magic/install/kortex_api:/opt/ros/humble CONDA_PROMPT_MODIFIER=(base) /usr/bin/cmake --build /home/emma/Documents/GitHub/magic/build/kortex_driver -- -j20 -l20
[0.094s] Invoking command in '/home/emma/Documents/GitHub/magic/build/kortex_driver': AMENT_PREFIX_PATH=/home/emma/Documents/GitHub/magic/install/kortex_api:${AMENT_PREFIX_PATH} CMAKE_PREFIX_PATH=/home/emma/Documents/GitHub/magic/install/kortex_api:/opt/ros/humble CONDA_PROMPT_MODIFIER=(base) /usr/bin/cmake --install /home/emma/Documents/GitHub/magic/build/kortex_driver
[0.101s] -- Install configuration: ""
[0.101s] -- Up-to-date: /home/emma/Documents/GitHub/magic/install/kortex_driver/share/kortex_driver/hardware_interface_plugin.xml
[0.101s] -- Up-to-date: /home/emma/Documents/GitHub/magic/install/kortex_driver/lib/libkortex_driver.so
[0.102s] -- Up-to-date: /home/emma/Documents/GitHub/magic/install/kortex_driver/include
[0.102s] -- Up-to-date: /home/emma/Documents/GitHub/magic/install/kortex_driver/include/kortex_driver
[0.102s] -- Up-to-date: /home/emma/Documents/GitHub/magic/install/kortex_driver/include/kortex_driver/visibility_control.h
[0.102s] -- Up-to-date: /home/emma/Documents/GitHub/magic/install/kortex_driver/include/kortex_driver/kortex_math_util.hpp
[0.102s] -- Up-to-date: /home/emma/Documents/GitHub/magic/install/kortex_driver/include/kortex_driver/hardware_interface.hpp
[0.102s] -- Up-to-date: /home/emma/Documents/GitHub/magic/install/kortex_driver/share/kortex_driver/environment/library_path.sh
[0.102s] -- Up-to-date: /home/emma/Documents/GitHub/magic/install/kortex_driver/share/kortex_driver/environment/library_path.dsv
[0.102s] -- Up-to-date: /home/emma/Documents/GitHub/magic/install/kortex_driver/share/ament_index/resource_index/package_run_dependencies/kortex_driver
[0.102s] -- Up-to-date: /home/emma/Documents/GitHub/magic/install/kortex_driver/share/ament_index/resource_index/parent_prefix_path/kortex_driver
[0.102s] -- Up-to-date: /home/emma/Documents/GitHub/magic/install/kortex_driver/share/kortex_driver/environment/ament_prefix_path.sh
[0.102s] -- Up-to-date: /home/emma/Documents/GitHub/magic/install/kortex_driver/share/kortex_driver/environment/ament_prefix_path.dsv
[0.102s] -- Up-to-date: /home/emma/Documents/GitHub/magic/install/kortex_driver/share/kortex_driver/environment/path.sh
[0.102s] -- Up-to-date: /home/emma/Documents/GitHub/magic/install/kortex_driver/share/kortex_driver/environment/path.dsv
[0.102s] -- Up-to-date: /home/emma/Documents/GitHub/magic/install/kortex_driver/share/kortex_driver/local_setup.bash
[0.102s] -- Up-to-date: /home/emma/Documents/GitHub/magic/install/kortex_driver/share/kortex_driver/local_setup.sh
[0.102s] -- Up-to-date: /home/emma/Documents/GitHub/magic/install/kortex_driver/share/kortex_driver/local_setup.zsh
[0.102s] -- Up-to-date: /home/emma/Documents/GitHub/magic/install/kortex_driver/share/kortex_driver/local_setup.dsv
[0.102s] -- Installing: /home/emma/Documents/GitHub/magic/install/kortex_driver/share/kortex_driver/package.dsv
[0.103s] -- Up-to-date: /home/emma/Documents/GitHub/magic/install/kortex_driver/share/ament_index/resource_index/packages/kortex_driver
[0.103s] -- Up-to-date: /home/emma/Documents/GitHub/magic/install/kortex_driver/share/ament_index/resource_index/hardware_interface__pluginlib__plugin/kortex_driver
[0.103s] -- Up-to-date: /home/emma/Documents/GitHub/magic/install/kortex_driver/share/kortex_driver/cmake/ament_cmake_export_include_directories-extras.cmake
[0.103s] -- Up-to-date: /home/emma/Documents/GitHub/magic/install/kortex_driver/share/kortex_driver/cmake/ament_cmake_export_libraries-extras.cmake
[0.103s] -- Up-to-date: /home/emma/Documents/GitHub/magic/install/kortex_driver/share/kortex_driver/cmake/ament_cmake_export_dependencies-extras.cmake
[0.103s] -- Up-to-date: /home/emma/Documents/GitHub/magic/install/kortex_driver/share/kortex_driver/cmake/kortex_driverConfig.cmake
[0.103s] -- Up-to-date: /home/emma/Documents/GitHub/magic/install/kortex_driver/share/kortex_driver/cmake/kortex_driverConfig-version.cmake
[0.103s] -- Up-to-date: /home/emma/Documents/GitHub/magic/install/kortex_driver/share/kortex_driver/package.xml
[0.112s] Invoked command in '/home/emma/Documents/GitHub/magic/build/kortex_driver' returned '0': AMENT_PREFIX_PATH=/home/emma/Documents/GitHub/magic/install/kortex_api:${AMENT_PREFIX_PATH} CMAKE_PREFIX_PATH=/home/emma/Documents/GitHub/magic/install/kortex_api:/opt/ros/humble CONDA_PROMPT_MODIFIER=(base) /usr/bin/cmake --install /home/emma/Documents/GitHub/magic/build/kortex_driver
