[0.015s] Invoking command in '/home/megan/magic/ros2_ws/build/robotiq_controllers': AMENT_PREFIX_PATH=/home/megan/magic/ros2_ws/install/controller_interface:/home/megan/magic/ros2_ws/install/hardware_interface:/home/megan/magic/ros2_ws/install/ros2_control_test_assets:/home/megan/magic/ros2_ws/install/control_msgs:${AMENT_PREFIX_PATH} CMAKE_PREFIX_PATH=/home/megan/magic/ros2_ws/install/controller_interface:/home/megan/magic/ros2_ws/install/hardware_interface:/home/megan/magic/ros2_ws/install/ros2_control_test_assets:/home/megan/magic/ros2_ws/install/control_msgs:/opt/ros/humble LD_LIBRARY_PATH=/home/megan/magic/ros2_ws/install/controller_interface/lib:/home/megan/magic/ros2_ws/install/hardware_interface/lib:/home/megan/magic/ros2_ws/install/control_msgs/lib:${LD_LIBRARY_PATH} PYTHONPATH=/home/megan/magic/ros2_ws/install/control_msgs/lib/python3.10/site-packages:${PYTHONPATH} VIRTUAL_ENV_PROMPT=(magic) /usr/bin/cmake --build /home/megan/magic/ros2_ws/build/robotiq_controllers -- -j20 -l20
[0.050s] [35m[1mConsolidate compiler generated dependencies of target robotiq_controllers[0m
[0.068s] [100%] Built target robotiq_controllers
[0.076s] Invoked command in '/home/megan/magic/ros2_ws/build/robotiq_controllers' returned '0': AMENT_PREFIX_PATH=/home/megan/magic/ros2_ws/install/controller_interface:/home/megan/magic/ros2_ws/install/hardware_interface:/home/megan/magic/ros2_ws/install/ros2_control_test_assets:/home/megan/magic/ros2_ws/install/control_msgs:${AMENT_PREFIX_PATH} CMAKE_PREFIX_PATH=/home/megan/magic/ros2_ws/install/controller_interface:/home/megan/magic/ros2_ws/install/hardware_interface:/home/megan/magic/ros2_ws/install/ros2_control_test_assets:/home/megan/magic/ros2_ws/install/control_msgs:/opt/ros/humble LD_LIBRARY_PATH=/home/megan/magic/ros2_ws/install/controller_interface/lib:/home/megan/magic/ros2_ws/install/hardware_interface/lib:/home/megan/magic/ros2_ws/install/control_msgs/lib:${LD_LIBRARY_PATH} PYTHONPATH=/home/megan/magic/ros2_ws/install/control_msgs/lib/python3.10/site-packages:${PYTHONPATH} VIRTUAL_ENV_PROMPT=(magic) /usr/bin/cmake --build /home/megan/magic/ros2_ws/build/robotiq_controllers -- -j20 -l20
[0.076s] Invoking command in '/home/megan/magic/ros2_ws/build/robotiq_controllers': AMENT_PREFIX_PATH=/home/megan/magic/ros2_ws/install/controller_interface:/home/megan/magic/ros2_ws/install/hardware_interface:/home/megan/magic/ros2_ws/install/ros2_control_test_assets:/home/megan/magic/ros2_ws/install/control_msgs:${AMENT_PREFIX_PATH} CMAKE_PREFIX_PATH=/home/megan/magic/ros2_ws/install/controller_interface:/home/megan/magic/ros2_ws/install/hardware_interface:/home/megan/magic/ros2_ws/install/ros2_control_test_assets:/home/megan/magic/ros2_ws/install/control_msgs:/opt/ros/humble LD_LIBRARY_PATH=/home/megan/magic/ros2_ws/install/controller_interface/lib:/home/megan/magic/ros2_ws/install/hardware_interface/lib:/home/megan/magic/ros2_ws/install/control_msgs/lib:${LD_LIBRARY_PATH} PYTHONPATH=/home/megan/magic/ros2_ws/install/control_msgs/lib/python3.10/site-packages:${PYTHONPATH} VIRTUAL_ENV_PROMPT=(magic) /usr/bin/cmake --install /home/megan/magic/ros2_ws/build/robotiq_controllers
[0.082s] -- Install configuration: "Release"
[0.082s] -- Up-to-date: /home/megan/magic/ros2_ws/install/robotiq_controllers/share/robotiq_controllers/controller_plugins.xml
[0.082s] -- Up-to-date: /home/megan/magic/ros2_ws/install/robotiq_controllers/lib/librobotiq_controllers.so
[0.082s] -- Up-to-date: /home/megan/magic/ros2_ws/install/robotiq_controllers/include
[0.083s] -- Up-to-date: /home/megan/magic/ros2_ws/install/robotiq_controllers/include/robotiq_controllers
[0.083s] -- Up-to-date: /home/megan/magic/ros2_ws/install/robotiq_controllers/include/robotiq_controllers/robotiq_activation_controller.hpp
[0.083s] -- Up-to-date: /home/megan/magic/ros2_ws/install/robotiq_controllers/share/robotiq_controllers/environment/library_path.sh
[0.083s] -- Up-to-date: /home/megan/magic/ros2_ws/install/robotiq_controllers/share/robotiq_controllers/environment/library_path.dsv
[0.083s] -- Up-to-date: /home/megan/magic/ros2_ws/install/robotiq_controllers/share/ament_index/resource_index/package_run_dependencies/robotiq_controllers
[0.083s] -- Up-to-date: /home/megan/magic/ros2_ws/install/robotiq_controllers/share/ament_index/resource_index/parent_prefix_path/robotiq_controllers
[0.083s] -- Up-to-date: /home/megan/magic/ros2_ws/install/robotiq_controllers/share/robotiq_controllers/environment/ament_prefix_path.sh
[0.083s] -- Up-to-date: /home/megan/magic/ros2_ws/install/robotiq_controllers/share/robotiq_controllers/environment/ament_prefix_path.dsv
[0.083s] -- Up-to-date: /home/megan/magic/ros2_ws/install/robotiq_controllers/share/robotiq_controllers/environment/path.sh
[0.083s] -- Up-to-date: /home/megan/magic/ros2_ws/install/robotiq_controllers/share/robotiq_controllers/environment/path.dsv
[0.083s] -- Up-to-date: /home/megan/magic/ros2_ws/install/robotiq_controllers/share/robotiq_controllers/local_setup.bash
[0.083s] -- Up-to-date: /home/megan/magic/ros2_ws/install/robotiq_controllers/share/robotiq_controllers/local_setup.sh
[0.083s] -- Up-to-date: /home/megan/magic/ros2_ws/install/robotiq_controllers/share/robotiq_controllers/local_setup.zsh
[0.083s] -- Up-to-date: /home/megan/magic/ros2_ws/install/robotiq_controllers/share/robotiq_controllers/local_setup.dsv
[0.083s] -- Installing: /home/megan/magic/ros2_ws/install/robotiq_controllers/share/robotiq_controllers/package.dsv
[0.083s] -- Up-to-date: /home/megan/magic/ros2_ws/install/robotiq_controllers/share/ament_index/resource_index/packages/robotiq_controllers
[0.083s] -- Up-to-date: /home/megan/magic/ros2_ws/install/robotiq_controllers/share/ament_index/resource_index/controller_interface__pluginlib__plugin/robotiq_controllers
[0.083s] -- Up-to-date: /home/megan/magic/ros2_ws/install/robotiq_controllers/share/robotiq_controllers/cmake/export_robotiq_controllersExport.cmake
[0.083s] -- Up-to-date: /home/megan/magic/ros2_ws/install/robotiq_controllers/share/robotiq_controllers/cmake/export_robotiq_controllersExport-release.cmake
[0.083s] -- Up-to-date: /home/megan/magic/ros2_ws/install/robotiq_controllers/share/robotiq_controllers/cmake/ament_cmake_export_include_directories-extras.cmake
[0.084s] -- Up-to-date: /home/megan/magic/ros2_ws/install/robotiq_controllers/share/robotiq_controllers/cmake/ament_cmake_export_libraries-extras.cmake
[0.084s] -- Up-to-date: /home/megan/magic/ros2_ws/install/robotiq_controllers/share/robotiq_controllers/cmake/ament_cmake_export_targets-extras.cmake
[0.084s] -- Up-to-date: /home/megan/magic/ros2_ws/install/robotiq_controllers/share/robotiq_controllers/cmake/ament_cmake_export_dependencies-extras.cmake
[0.084s] -- Up-to-date: /home/megan/magic/ros2_ws/install/robotiq_controllers/share/robotiq_controllers/cmake/robotiq_controllersConfig.cmake
[0.084s] -- Up-to-date: /home/megan/magic/ros2_ws/install/robotiq_controllers/share/robotiq_controllers/cmake/robotiq_controllersConfig-version.cmake
[0.084s] -- Up-to-date: /home/megan/magic/ros2_ws/install/robotiq_controllers/share/robotiq_controllers/package.xml
[0.084s] Invoked command in '/home/megan/magic/ros2_ws/build/robotiq_controllers' returned '0': AMENT_PREFIX_PATH=/home/megan/magic/ros2_ws/install/controller_interface:/home/megan/magic/ros2_ws/install/hardware_interface:/home/megan/magic/ros2_ws/install/ros2_control_test_assets:/home/megan/magic/ros2_ws/install/control_msgs:${AMENT_PREFIX_PATH} CMAKE_PREFIX_PATH=/home/megan/magic/ros2_ws/install/controller_interface:/home/megan/magic/ros2_ws/install/hardware_interface:/home/megan/magic/ros2_ws/install/ros2_control_test_assets:/home/megan/magic/ros2_ws/install/control_msgs:/opt/ros/humble LD_LIBRARY_PATH=/home/megan/magic/ros2_ws/install/controller_interface/lib:/home/megan/magic/ros2_ws/install/hardware_interface/lib:/home/megan/magic/ros2_ws/install/control_msgs/lib:${LD_LIBRARY_PATH} PYTHONPATH=/home/megan/magic/ros2_ws/install/control_msgs/lib/python3.10/site-packages:${PYTHONPATH} VIRTUAL_ENV_PROMPT=(magic) /usr/bin/cmake --install /home/megan/magic/ros2_ws/build/robotiq_controllers
