[0.030s] Invoking command in '/home/megan/magic/ros2_ws/build/controller_manager': AMENT_PREFIX_PATH=/home/megan/magic/ros2_ws/install/hardware_interface_testing:/home/megan/magic/ros2_ws/install/controller_interface:/home/megan/magic/ros2_ws/install/hardware_interface:/home/megan/magic/ros2_ws/install/ros2_control_test_assets:/home/megan/magic/ros2_ws/install/controller_manager_msgs:/home/megan/magic/ros2_ws/install/control_msgs:${AMENT_PREFIX_PATH} CMAKE_PREFIX_PATH=/home/megan/magic/ros2_ws/install/hardware_interface_testing:/home/megan/magic/ros2_ws/install/controller_interface:/home/megan/magic/ros2_ws/install/hardware_interface:/home/megan/magic/ros2_ws/install/ros2_control_test_assets:/home/megan/magic/ros2_ws/install/controller_manager_msgs:/home/megan/magic/ros2_ws/install/control_msgs:/opt/ros/humble LD_LIBRARY_PATH=/home/megan/magic/ros2_ws/install/hardware_interface_testing/lib:/home/megan/magic/ros2_ws/install/controller_interface/lib:/home/megan/magic/ros2_ws/install/hardware_interface/lib:/home/megan/magic/ros2_ws/install/controller_manager_msgs/lib:/home/megan/magic/ros2_ws/install/control_msgs/lib:${LD_LIBRARY_PATH} PYTHONPATH=/home/megan/magic/ros2_ws/install/controller_manager_msgs/lib/python3.10/site-packages:/home/megan/magic/ros2_ws/install/control_msgs/lib/python3.10/site-packages:${PYTHONPATH} VIRTUAL_ENV_PROMPT=(magic) /usr/bin/cmake --build /home/megan/magic/ros2_ws/build/controller_manager -- -j20 -l20
[0.087s] [  2%] Built target ament_generate_version_header__controller_manager
[0.088s] [  7%] Built target gmock_main
[0.096s] [ 15%] Built target gmock
[0.096s] [ 15%] Built target ament_cmake_python_copy_controller_manager
[0.096s] [ 15%] Built target ament_cmake_python_copy_controller_manager_setup
[0.116s] [ 21%] Built target controller_manager
[0.143s] [ 26%] Built target test_controller
[0.146s] [ 31%] Built target test_controller_with_interfaces
[0.146s] [ 36%] Built target ros2_control_node
[0.147s] [ 42%] Built target test_hardware_spawner
[0.147s] [ 52%] Built target test_chainable_controller
[0.147s] [ 47%] Built target test_controller_failed_init
[0.149s] [ 57%] Built target test_controller_manager_urdf_passing
[0.174s] [ 63%] Built target test_controller_manager
[0.176s] [ 68%] Built target test_controller_manager_with_namespace.cpp
[0.178s] [ 73%] Built target test_load_controller
[0.180s] [ 78%] Built target test_spawner_unspawner
[0.180s] [ 84%] Built target test_release_interfaces
[0.181s] [ 89%] Built target test_controllers_chaining_with_controller_manager
[0.182s] [ 94%] Built target test_controller_manager_srvs
[0.182s] [100%] Built target test_hardware_management_srvs
[0.357s] running egg_info
[0.365s] writing controller_manager.egg-info/PKG-INFO
[0.365s] writing dependency_links to controller_manager.egg-info/dependency_links.txt
[0.365s] writing entry points to controller_manager.egg-info/entry_points.txt
[0.365s] writing top-level names to controller_manager.egg-info/top_level.txt
[0.384s] reading manifest file 'controller_manager.egg-info/SOURCES.txt'
[0.385s] writing manifest file 'controller_manager.egg-info/SOURCES.txt'
[0.399s] running install_scripts
[0.417s] [100%] Built target ament_cmake_python_build_controller_manager_egg
[0.428s] /home/megan/.pyenv/versions/3.10.15/envs/magic/lib/python3.10/site-packages/setuptools/command/install.py:34: SetuptoolsDeprecationWarning: setup.py install is deprecated. Use build and pip and other standards-based tools.
[0.429s]   warnings.warn(
[0.457s] running egg_info
[0.473s] writing controller_manager.egg-info/PKG-INFO
[0.473s] writing dependency_links to controller_manager.egg-info/dependency_links.txt
[0.473s] writing entry points to controller_manager.egg-info/entry_points.txt
[0.473s] writing top-level names to controller_manager.egg-info/top_level.txt
[0.489s] reading manifest file 'controller_manager.egg-info/SOURCES.txt'
[0.489s] writing manifest file 'controller_manager.egg-info/SOURCES.txt'
[0.515s] Installing hardware_spawner script to scripts
[0.515s] Installing spawner script to scripts
[0.515s] Installing unspawner script to scripts
[0.557s] [100%] Built target ament_cmake_python_build_controller_manager_scripts
[0.578s] Invoked command in '/home/megan/magic/ros2_ws/build/controller_manager' returned '0': AMENT_PREFIX_PATH=/home/megan/magic/ros2_ws/install/hardware_interface_testing:/home/megan/magic/ros2_ws/install/controller_interface:/home/megan/magic/ros2_ws/install/hardware_interface:/home/megan/magic/ros2_ws/install/ros2_control_test_assets:/home/megan/magic/ros2_ws/install/controller_manager_msgs:/home/megan/magic/ros2_ws/install/control_msgs:${AMENT_PREFIX_PATH} CMAKE_PREFIX_PATH=/home/megan/magic/ros2_ws/install/hardware_interface_testing:/home/megan/magic/ros2_ws/install/controller_interface:/home/megan/magic/ros2_ws/install/hardware_interface:/home/megan/magic/ros2_ws/install/ros2_control_test_assets:/home/megan/magic/ros2_ws/install/controller_manager_msgs:/home/megan/magic/ros2_ws/install/control_msgs:/opt/ros/humble LD_LIBRARY_PATH=/home/megan/magic/ros2_ws/install/hardware_interface_testing/lib:/home/megan/magic/ros2_ws/install/controller_interface/lib:/home/megan/magic/ros2_ws/install/hardware_interface/lib:/home/megan/magic/ros2_ws/install/controller_manager_msgs/lib:/home/megan/magic/ros2_ws/install/control_msgs/lib:${LD_LIBRARY_PATH} PYTHONPATH=/home/megan/magic/ros2_ws/install/controller_manager_msgs/lib/python3.10/site-packages:/home/megan/magic/ros2_ws/install/control_msgs/lib/python3.10/site-packages:${PYTHONPATH} VIRTUAL_ENV_PROMPT=(magic) /usr/bin/cmake --build /home/megan/magic/ros2_ws/build/controller_manager -- -j20 -l20
[0.580s] Invoking command in '/home/megan/magic/ros2_ws/build/controller_manager': AMENT_PREFIX_PATH=/home/megan/magic/ros2_ws/install/hardware_interface_testing:/home/megan/magic/ros2_ws/install/controller_interface:/home/megan/magic/ros2_ws/install/hardware_interface:/home/megan/magic/ros2_ws/install/ros2_control_test_assets:/home/megan/magic/ros2_ws/install/controller_manager_msgs:/home/megan/magic/ros2_ws/install/control_msgs:${AMENT_PREFIX_PATH} CMAKE_PREFIX_PATH=/home/megan/magic/ros2_ws/install/hardware_interface_testing:/home/megan/magic/ros2_ws/install/controller_interface:/home/megan/magic/ros2_ws/install/hardware_interface:/home/megan/magic/ros2_ws/install/ros2_control_test_assets:/home/megan/magic/ros2_ws/install/controller_manager_msgs:/home/megan/magic/ros2_ws/install/control_msgs:/opt/ros/humble LD_LIBRARY_PATH=/home/megan/magic/ros2_ws/install/hardware_interface_testing/lib:/home/megan/magic/ros2_ws/install/controller_interface/lib:/home/megan/magic/ros2_ws/install/hardware_interface/lib:/home/megan/magic/ros2_ws/install/controller_manager_msgs/lib:/home/megan/magic/ros2_ws/install/control_msgs/lib:${LD_LIBRARY_PATH} PYTHONPATH=/home/megan/magic/ros2_ws/install/controller_manager_msgs/lib/python3.10/site-packages:/home/megan/magic/ros2_ws/install/control_msgs/lib/python3.10/site-packages:${PYTHONPATH} VIRTUAL_ENV_PROMPT=(magic) /usr/bin/cmake --install /home/megan/magic/ros2_ws/build/controller_manager
[0.589s] -- Install configuration: "Release"
[0.590s] -- Up-to-date: /home/megan/magic/ros2_ws/install/controller_manager/lib/libcontroller_manager.so
[0.590s] -- Up-to-date: /home/megan/magic/ros2_ws/install/controller_manager/lib/controller_manager/ros2_control_node
[0.591s] -- Up-to-date: /home/megan/magic/ros2_ws/install/controller_manager/include
[0.591s] -- Up-to-date: /home/megan/magic/ros2_ws/install/controller_manager/include/controller_manager
[0.591s] -- Up-to-date: /home/megan/magic/ros2_ws/install/controller_manager/include/controller_manager/visibility_control.h
[0.591s] -- Up-to-date: /home/megan/magic/ros2_ws/install/controller_manager/include/controller_manager/controller_manager.hpp
[0.591s] -- Up-to-date: /home/megan/magic/ros2_ws/install/controller_manager/include/controller_manager/controller_spec.hpp
[0.592s] -- Up-to-date: /home/megan/magic/ros2_ws/install/controller_manager/share/controller_manager/test/test_controller/test_controller.xml
[0.592s] -- Up-to-date: /home/megan/magic/ros2_ws/install/controller_manager/lib/libtest_controller.so
[0.592s] -- Up-to-date: /home/megan/magic/ros2_ws/install/controller_manager/share/controller_manager/test/test_controller_failed_init/test_controller_failed_init.xml
[0.592s] -- Up-to-date: /home/megan/magic/ros2_ws/install/controller_manager/lib/libtest_controller_failed_init.so
[0.592s] -- Up-to-date: /home/megan/magic/ros2_ws/install/controller_manager/share/controller_manager/test/test_chainable_controller/test_chainable_controller.xml
[0.592s] -- Up-to-date: /home/megan/magic/ros2_ws/install/controller_manager/lib/libtest_chainable_controller.so
[0.593s] -- Up-to-date: /home/megan/magic/ros2_ws/install/controller_manager/share/controller_manager/test/test_controller_with_interfaces/test_controller_with_interfaces.xml
[0.593s] -- Up-to-date: /home/megan/magic/ros2_ws/install/controller_manager/lib/libtest_controller_with_interfaces.so
[0.593s] -- Up-to-date: /home/megan/magic/ros2_ws/install/controller_manager/test/test_controller_spawner_with_type.yaml
[0.593s] -- Up-to-date: /home/megan/magic/ros2_ws/install/controller_manager/test/test_controller_spawner_with_basic_controllers.yaml
[0.593s] -- Up-to-date: /home/megan/magic/ros2_ws/install/controller_manager/test/test_controller_overriding_parameters.yaml
[0.594s] -- Up-to-date: /home/megan/magic/ros2_ws/install/controller_manager/test/test_controller_spawner_wildcard_entries.yaml
[0.594s] -- Up-to-date: /home/megan/magic/ros2_ws/install/controller_manager/test/test_controller_spawner_with_interfaces.yaml
[0.594s] -- Up-to-date: /home/megan/magic/ros2_ws/install/controller_manager/test/test_ros2_control_node.yaml
[0.594s] -- Up-to-date: /home/megan/magic/ros2_ws/install/controller_manager/share/controller_manager/environment/pythonpath.sh
[0.594s] -- Up-to-date: /home/megan/magic/ros2_ws/install/controller_manager/share/controller_manager/environment/pythonpath.dsv
[0.594s] -- Up-to-date: /home/megan/magic/ros2_ws/install/controller_manager/lib/python3.10/site-packages/controller_manager-2.48.0-py3.10.egg-info
[0.594s] -- Installing: /home/megan/magic/ros2_ws/install/controller_manager/lib/python3.10/site-packages/controller_manager-2.48.0-py3.10.egg-info/dependency_links.txt
[0.594s] -- Installing: /home/megan/magic/ros2_ws/install/controller_manager/lib/python3.10/site-packages/controller_manager-2.48.0-py3.10.egg-info/PKG-INFO
[0.594s] -- Installing: /home/megan/magic/ros2_ws/install/controller_manager/lib/python3.10/site-packages/controller_manager-2.48.0-py3.10.egg-info/top_level.txt
[0.594s] -- Installing: /home/megan/magic/ros2_ws/install/controller_manager/lib/python3.10/site-packages/controller_manager-2.48.0-py3.10.egg-info/SOURCES.txt
[0.595s] -- Installing: /home/megan/magic/ros2_ws/install/controller_manager/lib/python3.10/site-packages/controller_manager-2.48.0-py3.10.egg-info/entry_points.txt
[0.595s] -- Up-to-date: /home/megan/magic/ros2_ws/install/controller_manager/lib/controller_manager/
[0.595s] -- Installing: /home/megan/magic/ros2_ws/install/controller_manager/lib/controller_manager//spawner
[0.595s] -- Installing: /home/megan/magic/ros2_ws/install/controller_manager/lib/controller_manager//hardware_spawner
[0.595s] -- Installing: /home/megan/magic/ros2_ws/install/controller_manager/lib/controller_manager//unspawner
[0.596s] -- Up-to-date: /home/megan/magic/ros2_ws/install/controller_manager/lib/python3.10/site-packages/controller_manager
[0.596s] -- Up-to-date: /home/megan/magic/ros2_ws/install/controller_manager/lib/python3.10/site-packages/controller_manager/__init__.py
[0.596s] -- Up-to-date: /home/megan/magic/ros2_ws/install/controller_manager/lib/python3.10/site-packages/controller_manager/hardware_spawner.py
[0.596s] -- Up-to-date: /home/megan/magic/ros2_ws/install/controller_manager/lib/python3.10/site-packages/controller_manager/launch_utils.py
[0.596s] -- Up-to-date: /home/megan/magic/ros2_ws/install/controller_manager/lib/python3.10/site-packages/controller_manager/unspawner.py
[0.596s] -- Up-to-date: /home/megan/magic/ros2_ws/install/controller_manager/lib/python3.10/site-packages/controller_manager/controller_manager_services.py
[0.597s] -- Up-to-date: /home/megan/magic/ros2_ws/install/controller_manager/lib/python3.10/site-packages/controller_manager/spawner.py
[0.623s] Listing '/home/megan/magic/ros2_ws/install/controller_manager/lib/python3.10/site-packages/controller_manager'...
[0.628s] -- Up-to-date: /home/megan/magic/ros2_ws/install/controller_manager/share/controller_manager/environment/library_path.sh
[0.628s] -- Up-to-date: /home/megan/magic/ros2_ws/install/controller_manager/share/controller_manager/environment/library_path.dsv
[0.628s] -- Up-to-date: /home/megan/magic/ros2_ws/install/controller_manager/share/ament_index/resource_index/package_run_dependencies/controller_manager
[0.628s] -- Up-to-date: /home/megan/magic/ros2_ws/install/controller_manager/share/ament_index/resource_index/parent_prefix_path/controller_manager
[0.628s] -- Up-to-date: /home/megan/magic/ros2_ws/install/controller_manager/share/controller_manager/environment/ament_prefix_path.sh
[0.628s] -- Up-to-date: /home/megan/magic/ros2_ws/install/controller_manager/share/controller_manager/environment/ament_prefix_path.dsv
[0.628s] -- Up-to-date: /home/megan/magic/ros2_ws/install/controller_manager/share/controller_manager/environment/path.sh
[0.628s] -- Up-to-date: /home/megan/magic/ros2_ws/install/controller_manager/share/controller_manager/environment/path.dsv
[0.629s] -- Up-to-date: /home/megan/magic/ros2_ws/install/controller_manager/share/controller_manager/local_setup.bash
[0.629s] -- Up-to-date: /home/megan/magic/ros2_ws/install/controller_manager/share/controller_manager/local_setup.sh
[0.629s] -- Up-to-date: /home/megan/magic/ros2_ws/install/controller_manager/share/controller_manager/local_setup.zsh
[0.629s] -- Up-to-date: /home/megan/magic/ros2_ws/install/controller_manager/share/controller_manager/local_setup.dsv
[0.629s] -- Installing: /home/megan/magic/ros2_ws/install/controller_manager/share/controller_manager/package.dsv
[0.629s] -- Up-to-date: /home/megan/magic/ros2_ws/install/controller_manager/share/ament_index/resource_index/packages/controller_manager
[0.629s] -- Up-to-date: /home/megan/magic/ros2_ws/install/controller_manager/share/ament_index/resource_index/controller_interface__pluginlib__plugin/controller_manager
[0.629s] -- Up-to-date: /home/megan/magic/ros2_ws/install/controller_manager/share/controller_manager/cmake/ament_cmake_export_libraries-extras.cmake
[0.629s] -- Up-to-date: /home/megan/magic/ros2_ws/install/controller_manager/share/controller_manager/cmake/ament_cmake_export_include_directories-extras.cmake
[0.629s] -- Up-to-date: /home/megan/magic/ros2_ws/install/controller_manager/share/controller_manager/cmake/ament_cmake_export_dependencies-extras.cmake
[0.629s] -- Up-to-date: /home/megan/magic/ros2_ws/install/controller_manager/share/controller_manager/cmake/controller_managerConfig.cmake
[0.629s] -- Up-to-date: /home/megan/magic/ros2_ws/install/controller_manager/share/controller_manager/cmake/controller_managerConfig-version.cmake
[0.629s] -- Up-to-date: /home/megan/magic/ros2_ws/install/controller_manager/share/controller_manager/package.xml
[0.629s] -- Up-to-date: /home/megan/magic/ros2_ws/install/controller_manager/include/controller_manager/controller_manager/version.h
[0.648s] Invoked command in '/home/megan/magic/ros2_ws/build/controller_manager' returned '0': AMENT_PREFIX_PATH=/home/megan/magic/ros2_ws/install/hardware_interface_testing:/home/megan/magic/ros2_ws/install/controller_interface:/home/megan/magic/ros2_ws/install/hardware_interface:/home/megan/magic/ros2_ws/install/ros2_control_test_assets:/home/megan/magic/ros2_ws/install/controller_manager_msgs:/home/megan/magic/ros2_ws/install/control_msgs:${AMENT_PREFIX_PATH} CMAKE_PREFIX_PATH=/home/megan/magic/ros2_ws/install/hardware_interface_testing:/home/megan/magic/ros2_ws/install/controller_interface:/home/megan/magic/ros2_ws/install/hardware_interface:/home/megan/magic/ros2_ws/install/ros2_control_test_assets:/home/megan/magic/ros2_ws/install/controller_manager_msgs:/home/megan/magic/ros2_ws/install/control_msgs:/opt/ros/humble LD_LIBRARY_PATH=/home/megan/magic/ros2_ws/install/hardware_interface_testing/lib:/home/megan/magic/ros2_ws/install/controller_interface/lib:/home/megan/magic/ros2_ws/install/hardware_interface/lib:/home/megan/magic/ros2_ws/install/controller_manager_msgs/lib:/home/megan/magic/ros2_ws/install/control_msgs/lib:${LD_LIBRARY_PATH} PYTHONPATH=/home/megan/magic/ros2_ws/install/controller_manager_msgs/lib/python3.10/site-packages:/home/megan/magic/ros2_ws/install/control_msgs/lib/python3.10/site-packages:${PYTHONPATH} VIRTUAL_ENV_PROMPT=(magic) /usr/bin/cmake --install /home/megan/magic/ros2_ws/build/controller_manager
