[0.025s] Invoking command in '/home/megan/magic/ros2_ws/build/picknik_reset_fault_controller': AMENT_PREFIX_PATH=/home/megan/magic/ros2_ws/install/controller_interface:/home/megan/magic/ros2_ws/install/hardware_interface:/home/megan/magic/ros2_ws/install/ros2_control_test_assets:/home/megan/magic/ros2_ws/install/control_msgs:${AMENT_PREFIX_PATH} CMAKE_PREFIX_PATH=/home/megan/magic/ros2_ws/install/controller_interface:/home/megan/magic/ros2_ws/install/hardware_interface:/home/megan/magic/ros2_ws/install/ros2_control_test_assets:/home/megan/magic/ros2_ws/install/control_msgs:/opt/ros/humble LD_LIBRARY_PATH=/home/megan/magic/ros2_ws/install/controller_interface/lib:/home/megan/magic/ros2_ws/install/hardware_interface/lib:/home/megan/magic/ros2_ws/install/control_msgs/lib:${LD_LIBRARY_PATH} PYTHONPATH=/home/megan/magic/ros2_ws/install/control_msgs/lib/python3.10/site-packages:${PYTHONPATH} VIRTUAL_ENV_PROMPT=(magic) /usr/bin/cmake --build /home/megan/magic/ros2_ws/build/picknik_reset_fault_controller -- -j20 -l20
[0.096s] [100%] Built target picknik_reset_fault_controller
[0.105s] Invoked command in '/home/megan/magic/ros2_ws/build/picknik_reset_fault_controller' returned '0': AMENT_PREFIX_PATH=/home/megan/magic/ros2_ws/install/controller_interface:/home/megan/magic/ros2_ws/install/hardware_interface:/home/megan/magic/ros2_ws/install/ros2_control_test_assets:/home/megan/magic/ros2_ws/install/control_msgs:${AMENT_PREFIX_PATH} CMAKE_PREFIX_PATH=/home/megan/magic/ros2_ws/install/controller_interface:/home/megan/magic/ros2_ws/install/hardware_interface:/home/megan/magic/ros2_ws/install/ros2_control_test_assets:/home/megan/magic/ros2_ws/install/control_msgs:/opt/ros/humble LD_LIBRARY_PATH=/home/megan/magic/ros2_ws/install/controller_interface/lib:/home/megan/magic/ros2_ws/install/hardware_interface/lib:/home/megan/magic/ros2_ws/install/control_msgs/lib:${LD_LIBRARY_PATH} PYTHONPATH=/home/megan/magic/ros2_ws/install/control_msgs/lib/python3.10/site-packages:${PYTHONPATH} VIRTUAL_ENV_PROMPT=(magic) /usr/bin/cmake --build /home/megan/magic/ros2_ws/build/picknik_reset_fault_controller -- -j20 -l20
[0.106s] Invoking command in '/home/megan/magic/ros2_ws/build/picknik_reset_fault_controller': AMENT_PREFIX_PATH=/home/megan/magic/ros2_ws/install/controller_interface:/home/megan/magic/ros2_ws/install/hardware_interface:/home/megan/magic/ros2_ws/install/ros2_control_test_assets:/home/megan/magic/ros2_ws/install/control_msgs:${AMENT_PREFIX_PATH} CMAKE_PREFIX_PATH=/home/megan/magic/ros2_ws/install/controller_interface:/home/megan/magic/ros2_ws/install/hardware_interface:/home/megan/magic/ros2_ws/install/ros2_control_test_assets:/home/megan/magic/ros2_ws/install/control_msgs:/opt/ros/humble LD_LIBRARY_PATH=/home/megan/magic/ros2_ws/install/controller_interface/lib:/home/megan/magic/ros2_ws/install/hardware_interface/lib:/home/megan/magic/ros2_ws/install/control_msgs/lib:${LD_LIBRARY_PATH} PYTHONPATH=/home/megan/magic/ros2_ws/install/control_msgs/lib/python3.10/site-packages:${PYTHONPATH} VIRTUAL_ENV_PROMPT=(magic) /usr/bin/cmake --install /home/megan/magic/ros2_ws/build/picknik_reset_fault_controller
[0.112s] -- Install configuration: "Release"
[0.112s] -- Up-to-date: /home/megan/magic/ros2_ws/install/picknik_reset_fault_controller/share/picknik_reset_fault_controller/controller_plugins.xml
[0.112s] -- Up-to-date: /home/megan/magic/ros2_ws/install/picknik_reset_fault_controller/lib/libpicknik_reset_fault_controller.so
[0.112s] -- Up-to-date: /home/megan/magic/ros2_ws/install/picknik_reset_fault_controller/include
[0.112s] -- Up-to-date: /home/megan/magic/ros2_ws/install/picknik_reset_fault_controller/include/picknik_reset_fault_controller
[0.113s] -- Up-to-date: /home/megan/magic/ros2_ws/install/picknik_reset_fault_controller/include/picknik_reset_fault_controller/visibility_control.h
[0.113s] -- Up-to-date: /home/megan/magic/ros2_ws/install/picknik_reset_fault_controller/include/picknik_reset_fault_controller/picknik_reset_fault_controller.hpp
[0.113s] -- Up-to-date: /home/megan/magic/ros2_ws/install/picknik_reset_fault_controller/share/picknik_reset_fault_controller/controller_plugins.xml
[0.113s] -- Up-to-date: /home/megan/magic/ros2_ws/install/picknik_reset_fault_controller/share/picknik_reset_fault_controller/environment/library_path.sh
[0.113s] -- Up-to-date: /home/megan/magic/ros2_ws/install/picknik_reset_fault_controller/share/picknik_reset_fault_controller/environment/library_path.dsv
[0.113s] -- Up-to-date: /home/megan/magic/ros2_ws/install/picknik_reset_fault_controller/share/ament_index/resource_index/package_run_dependencies/picknik_reset_fault_controller
[0.113s] -- Up-to-date: /home/megan/magic/ros2_ws/install/picknik_reset_fault_controller/share/ament_index/resource_index/parent_prefix_path/picknik_reset_fault_controller
[0.113s] -- Up-to-date: /home/megan/magic/ros2_ws/install/picknik_reset_fault_controller/share/picknik_reset_fault_controller/environment/ament_prefix_path.sh
[0.113s] -- Up-to-date: /home/megan/magic/ros2_ws/install/picknik_reset_fault_controller/share/picknik_reset_fault_controller/environment/ament_prefix_path.dsv
[0.113s] -- Up-to-date: /home/megan/magic/ros2_ws/install/picknik_reset_fault_controller/share/picknik_reset_fault_controller/environment/path.sh
[0.113s] -- Up-to-date: /home/megan/magic/ros2_ws/install/picknik_reset_fault_controller/share/picknik_reset_fault_controller/environment/path.dsv
[0.113s] -- Up-to-date: /home/megan/magic/ros2_ws/install/picknik_reset_fault_controller/share/picknik_reset_fault_controller/local_setup.bash
[0.113s] -- Up-to-date: /home/megan/magic/ros2_ws/install/picknik_reset_fault_controller/share/picknik_reset_fault_controller/local_setup.sh
[0.113s] -- Up-to-date: /home/megan/magic/ros2_ws/install/picknik_reset_fault_controller/share/picknik_reset_fault_controller/local_setup.zsh
[0.113s] -- Up-to-date: /home/megan/magic/ros2_ws/install/picknik_reset_fault_controller/share/picknik_reset_fault_controller/local_setup.dsv
[0.113s] -- Installing: /home/megan/magic/ros2_ws/install/picknik_reset_fault_controller/share/picknik_reset_fault_controller/package.dsv
[0.113s] -- Up-to-date: /home/megan/magic/ros2_ws/install/picknik_reset_fault_controller/share/ament_index/resource_index/packages/picknik_reset_fault_controller
[0.113s] -- Up-to-date: /home/megan/magic/ros2_ws/install/picknik_reset_fault_controller/share/ament_index/resource_index/controller_interface__pluginlib__plugin/picknik_reset_fault_controller
[0.113s] -- Up-to-date: /home/megan/magic/ros2_ws/install/picknik_reset_fault_controller/share/picknik_reset_fault_controller/cmake/ament_cmake_export_dependencies-extras.cmake
[0.113s] -- Up-to-date: /home/megan/magic/ros2_ws/install/picknik_reset_fault_controller/share/picknik_reset_fault_controller/cmake/ament_cmake_export_include_directories-extras.cmake
[0.113s] -- Up-to-date: /home/megan/magic/ros2_ws/install/picknik_reset_fault_controller/share/picknik_reset_fault_controller/cmake/ament_cmake_export_libraries-extras.cmake
[0.113s] -- Up-to-date: /home/megan/magic/ros2_ws/install/picknik_reset_fault_controller/share/picknik_reset_fault_controller/cmake/picknik_reset_fault_controllerConfig.cmake
[0.113s] -- Up-to-date: /home/megan/magic/ros2_ws/install/picknik_reset_fault_controller/share/picknik_reset_fault_controller/cmake/picknik_reset_fault_controllerConfig-version.cmake
[0.113s] -- Up-to-date: /home/megan/magic/ros2_ws/install/picknik_reset_fault_controller/share/picknik_reset_fault_controller/package.xml
[0.115s] Invoked command in '/home/megan/magic/ros2_ws/build/picknik_reset_fault_controller' returned '0': AMENT_PREFIX_PATH=/home/megan/magic/ros2_ws/install/controller_interface:/home/megan/magic/ros2_ws/install/hardware_interface:/home/megan/magic/ros2_ws/install/ros2_control_test_assets:/home/megan/magic/ros2_ws/install/control_msgs:${AMENT_PREFIX_PATH} CMAKE_PREFIX_PATH=/home/megan/magic/ros2_ws/install/controller_interface:/home/megan/magic/ros2_ws/install/hardware_interface:/home/megan/magic/ros2_ws/install/ros2_control_test_assets:/home/megan/magic/ros2_ws/install/control_msgs:/opt/ros/humble LD_LIBRARY_PATH=/home/megan/magic/ros2_ws/install/controller_interface/lib:/home/megan/magic/ros2_ws/install/hardware_interface/lib:/home/megan/magic/ros2_ws/install/control_msgs/lib:${LD_LIBRARY_PATH} PYTHONPATH=/home/megan/magic/ros2_ws/install/control_msgs/lib/python3.10/site-packages:${PYTHONPATH} VIRTUAL_ENV_PROMPT=(magic) /usr/bin/cmake --install /home/megan/magic/ros2_ws/build/picknik_reset_fault_controller
