[0.017s] Invoking command in '/home/megan/magic/ros2_ws/build/robotiq_driver': AMENT_PREFIX_PATH=/home/megan/magic/ros2_ws/install/hardware_interface:/home/megan/magic/ros2_ws/install/serial:/home/megan/magic/ros2_ws/install/ros2_control_test_assets:/home/megan/magic/ros2_ws/install/control_msgs:${AMENT_PREFIX_PATH} CMAKE_PREFIX_PATH=/home/megan/magic/ros2_ws/install/hardware_interface:/home/megan/magic/ros2_ws/install/serial:/home/megan/magic/ros2_ws/install/ros2_control_test_assets:/home/megan/magic/ros2_ws/install/control_msgs:/opt/ros/humble LD_LIBRARY_PATH=/home/megan/magic/ros2_ws/install/hardware_interface/lib:/home/megan/magic/ros2_ws/install/serial/lib:/home/megan/magic/ros2_ws/install/control_msgs/lib:${LD_LIBRARY_PATH} PYTHONPATH=/home/megan/magic/ros2_ws/install/control_msgs/lib/python3.10/site-packages:${PYTHONPATH} VIRTUAL_ENV_PROMPT=(magic) /usr/bin/cmake --build /home/megan/magic/ros2_ws/build/robotiq_driver -- -j20 -l20
[0.072s] [ 12%] Built target gmock
[0.076s] [ 20%] Built target gmock_main
[0.085s] [ 58%] Built target robotiq_driver
[0.114s] [ 66%] Built target test_crc_utils
[0.114s] [ 75%] Built target test_data_utils
[0.115s] [ 83%] Built target test_default_driver_factory
[0.115s] [100%] Built target test_robotiq_gripper_hardware_interface
[0.116s] [100%] Built target test_default_serial_factory
[0.289s] Invoked command in '/home/megan/magic/ros2_ws/build/robotiq_driver' returned '0': AMENT_PREFIX_PATH=/home/megan/magic/ros2_ws/install/hardware_interface:/home/megan/magic/ros2_ws/install/serial:/home/megan/magic/ros2_ws/install/ros2_control_test_assets:/home/megan/magic/ros2_ws/install/control_msgs:${AMENT_PREFIX_PATH} CMAKE_PREFIX_PATH=/home/megan/magic/ros2_ws/install/hardware_interface:/home/megan/magic/ros2_ws/install/serial:/home/megan/magic/ros2_ws/install/ros2_control_test_assets:/home/megan/magic/ros2_ws/install/control_msgs:/opt/ros/humble LD_LIBRARY_PATH=/home/megan/magic/ros2_ws/install/hardware_interface/lib:/home/megan/magic/ros2_ws/install/serial/lib:/home/megan/magic/ros2_ws/install/control_msgs/lib:${LD_LIBRARY_PATH} PYTHONPATH=/home/megan/magic/ros2_ws/install/control_msgs/lib/python3.10/site-packages:${PYTHONPATH} VIRTUAL_ENV_PROMPT=(magic) /usr/bin/cmake --build /home/megan/magic/ros2_ws/build/robotiq_driver -- -j20 -l20
[0.291s] Invoking command in '/home/megan/magic/ros2_ws/build/robotiq_driver': AMENT_PREFIX_PATH=/home/megan/magic/ros2_ws/install/hardware_interface:/home/megan/magic/ros2_ws/install/serial:/home/megan/magic/ros2_ws/install/ros2_control_test_assets:/home/megan/magic/ros2_ws/install/control_msgs:${AMENT_PREFIX_PATH} CMAKE_PREFIX_PATH=/home/megan/magic/ros2_ws/install/hardware_interface:/home/megan/magic/ros2_ws/install/serial:/home/megan/magic/ros2_ws/install/ros2_control_test_assets:/home/megan/magic/ros2_ws/install/control_msgs:/opt/ros/humble LD_LIBRARY_PATH=/home/megan/magic/ros2_ws/install/hardware_interface/lib:/home/megan/magic/ros2_ws/install/serial/lib:/home/megan/magic/ros2_ws/install/control_msgs/lib:${LD_LIBRARY_PATH} PYTHONPATH=/home/megan/magic/ros2_ws/install/control_msgs/lib/python3.10/site-packages:${PYTHONPATH} VIRTUAL_ENV_PROMPT=(magic) /usr/bin/cmake --install /home/megan/magic/ros2_ws/build/robotiq_driver
[0.299s] -- Install configuration: "Release"
[0.300s] -- Installing: /home/megan/magic/ros2_ws/install/robotiq_driver/share/robotiq_driver/hardware_interface_plugin.xml
[0.300s] -- Installing: /home/megan/magic/ros2_ws/install/robotiq_driver/share/robotiq_driver/environment/library_path.sh
[0.300s] -- Installing: /home/megan/magic/ros2_ws/install/robotiq_driver/share/robotiq_driver/environment/library_path.dsv
[0.301s] -- Installing: /home/megan/magic/ros2_ws/install/robotiq_driver/include
[0.301s] -- Installing: /home/megan/magic/ros2_ws/install/robotiq_driver/include/robotiq_driver
[0.301s] -- Installing: /home/megan/magic/ros2_ws/install/robotiq_driver/include/robotiq_driver/driver_factory.hpp
[0.301s] -- Installing: /home/megan/magic/ros2_ws/install/robotiq_driver/include/robotiq_driver/hardware_interface.hpp
[0.301s] -- Installing: /home/megan/magic/ros2_ws/install/robotiq_driver/include/robotiq_driver/default_serial.hpp
[0.301s] -- Installing: /home/megan/magic/ros2_ws/install/robotiq_driver/include/robotiq_driver/default_serial_factory.hpp
[0.301s] -- Installing: /home/megan/magic/ros2_ws/install/robotiq_driver/include/robotiq_driver/crc_utils.hpp
[0.302s] -- Installing: /home/megan/magic/ros2_ws/install/robotiq_driver/include/robotiq_driver/visibility_control.hpp
[0.302s] -- Installing: /home/megan/magic/ros2_ws/install/robotiq_driver/include/robotiq_driver/data_utils.hpp
[0.302s] -- Installing: /home/megan/magic/ros2_ws/install/robotiq_driver/include/robotiq_driver/default_driver.hpp
[0.302s] -- Installing: /home/megan/magic/ros2_ws/install/robotiq_driver/include/robotiq_driver/fake
[0.302s] -- Installing: /home/megan/magic/ros2_ws/install/robotiq_driver/include/robotiq_driver/fake/fake_driver.hpp
[0.302s] -- Installing: /home/megan/magic/ros2_ws/install/robotiq_driver/include/robotiq_driver/driver_exception.hpp
[0.302s] -- Installing: /home/megan/magic/ros2_ws/install/robotiq_driver/include/robotiq_driver/serial.hpp
[0.303s] -- Installing: /home/megan/magic/ros2_ws/install/robotiq_driver/include/robotiq_driver/default_driver_factory.hpp
[0.303s] -- Installing: /home/megan/magic/ros2_ws/install/robotiq_driver/include/robotiq_driver/driver.hpp
[0.303s] -- Installing: /home/megan/magic/ros2_ws/install/robotiq_driver/include/robotiq_driver/serial_factory.hpp
[0.303s] -- Installing: /home/megan/magic/ros2_ws/install/robotiq_driver/lib/librobotiq_driver.so
[0.304s] -- Set runtime path of "/home/megan/magic/ros2_ws/install/robotiq_driver/lib/librobotiq_driver.so" to ""
[0.304s] -- Installing: /home/megan/magic/ros2_ws/install/robotiq_driver/share/ament_index/resource_index/package_run_dependencies/robotiq_driver
[0.305s] -- Installing: /home/megan/magic/ros2_ws/install/robotiq_driver/share/ament_index/resource_index/parent_prefix_path/robotiq_driver
[0.305s] -- Installing: /home/megan/magic/ros2_ws/install/robotiq_driver/share/robotiq_driver/environment/ament_prefix_path.sh
[0.305s] -- Installing: /home/megan/magic/ros2_ws/install/robotiq_driver/share/robotiq_driver/environment/ament_prefix_path.dsv
[0.305s] -- Installing: /home/megan/magic/ros2_ws/install/robotiq_driver/share/robotiq_driver/environment/path.sh
[0.305s] -- Installing: /home/megan/magic/ros2_ws/install/robotiq_driver/share/robotiq_driver/environment/path.dsv
[0.306s] -- Installing: /home/megan/magic/ros2_ws/install/robotiq_driver/share/robotiq_driver/local_setup.bash
[0.306s] -- Installing: /home/megan/magic/ros2_ws/install/robotiq_driver/share/robotiq_driver/local_setup.sh
[0.306s] -- Installing: /home/megan/magic/ros2_ws/install/robotiq_driver/share/robotiq_driver/local_setup.zsh
[0.306s] -- Installing: /home/megan/magic/ros2_ws/install/robotiq_driver/share/robotiq_driver/local_setup.dsv
[0.306s] -- Installing: /home/megan/magic/ros2_ws/install/robotiq_driver/share/robotiq_driver/package.dsv
[0.307s] -- Installing: /home/megan/magic/ros2_ws/install/robotiq_driver/share/ament_index/resource_index/packages/robotiq_driver
[0.307s] -- Installing: /home/megan/magic/ros2_ws/install/robotiq_driver/share/ament_index/resource_index/hardware_interface__pluginlib__plugin/robotiq_driver
[0.307s] -- Installing: /home/megan/magic/ros2_ws/install/robotiq_driver/share/robotiq_driver/cmake/robotiq_driver_targetsExport.cmake
[0.307s] -- Installing: /home/megan/magic/ros2_ws/install/robotiq_driver/share/robotiq_driver/cmake/robotiq_driver_targetsExport-release.cmake
[0.308s] -- Installing: /home/megan/magic/ros2_ws/install/robotiq_driver/share/robotiq_driver/cmake/ament_cmake_export_targets-extras.cmake
[0.308s] -- Installing: /home/megan/magic/ros2_ws/install/robotiq_driver/share/robotiq_driver/cmake/ament_cmake_export_dependencies-extras.cmake
[0.308s] -- Installing: /home/megan/magic/ros2_ws/install/robotiq_driver/share/robotiq_driver/cmake/ament_cmake_export_include_directories-extras.cmake
[0.308s] -- Installing: /home/megan/magic/ros2_ws/install/robotiq_driver/share/robotiq_driver/cmake/ament_cmake_export_libraries-extras.cmake
[0.308s] -- Installing: /home/megan/magic/ros2_ws/install/robotiq_driver/share/robotiq_driver/cmake/robotiq_driverConfig.cmake
[0.309s] -- Installing: /home/megan/magic/ros2_ws/install/robotiq_driver/share/robotiq_driver/cmake/robotiq_driverConfig-version.cmake
[0.309s] -- Installing: /home/megan/magic/ros2_ws/install/robotiq_driver/share/robotiq_driver/package.xml
[0.311s] Invoked command in '/home/megan/magic/ros2_ws/build/robotiq_driver' returned '0': AMENT_PREFIX_PATH=/home/megan/magic/ros2_ws/install/hardware_interface:/home/megan/magic/ros2_ws/install/serial:/home/megan/magic/ros2_ws/install/ros2_control_test_assets:/home/megan/magic/ros2_ws/install/control_msgs:${AMENT_PREFIX_PATH} CMAKE_PREFIX_PATH=/home/megan/magic/ros2_ws/install/hardware_interface:/home/megan/magic/ros2_ws/install/serial:/home/megan/magic/ros2_ws/install/ros2_control_test_assets:/home/megan/magic/ros2_ws/install/control_msgs:/opt/ros/humble LD_LIBRARY_PATH=/home/megan/magic/ros2_ws/install/hardware_interface/lib:/home/megan/magic/ros2_ws/install/serial/lib:/home/megan/magic/ros2_ws/install/control_msgs/lib:${LD_LIBRARY_PATH} PYTHONPATH=/home/megan/magic/ros2_ws/install/control_msgs/lib/python3.10/site-packages:${PYTHONPATH} VIRTUAL_ENV_PROMPT=(magic) /usr/bin/cmake --install /home/megan/magic/ros2_ws/build/robotiq_driver
