[0.007s] Invoking command in '/home/emma/Documents/GitHub/magic/build/kortex_driver': AMENT_PREFIX_PATH=/home/emma/Documents/GitHub/magic/install/kortex_api:${AMENT_PREFIX_PATH} CMAKE_PREFIX_PATH=/home/emma/Documents/GitHub/magic/install/kortex_api:/opt/ros/humble CONDA_PROMPT_MODIFIER=(base) /usr/bin/cmake /home/emma/Documents/GitHub/magic/ros2_ws/src/ros2_kortex/kortex_driver -DCMAKE_INSTALL_PREFIX=/home/emma/Documents/GitHub/magic/install/kortex_driver
[1.188s] -- The C compiler identification is GNU 11.4.0
[1.234s] -- The CXX compiler identification is GNU 11.4.0
[1.241s] -- Detecting C compiler ABI info
[1.298s] -- Detecting C compiler ABI info - done
[1.302s] -- Check for working C compiler: /usr/bin/cc - skipped
[1.303s] -- Detecting C compile features
[1.303s] -- Detecting C compile features - done
[1.305s] -- Detecting CXX compiler ABI info
[1.368s] -- Detecting CXX compiler ABI info - done
[1.375s] -- Check for working CXX compiler: /usr/bin/c++ - skipped
[1.375s] -- Detecting CXX compile features
[1.375s] -- Detecting CXX compile features - done
[1.377s] -- Found ament_cmake: 1.3.11 (/opt/ros/humble/share/ament_cmake/cmake)
[1.661s] -- Found Python3: /home/emma/anaconda3/bin/python3 (found version "3.12.7") found components: Interpreter 
[1.749s] -- Found hardware_interface: 2.48.0 (/opt/ros/humble/share/hardware_interface/cmake)
[1.777s] -- Found rosidl_generator_c: 3.1.6 (/opt/ros/humble/share/rosidl_generator_c/cmake)
[1.780s] -- Found rosidl_adapter: 3.1.6 (/opt/ros/humble/share/rosidl_adapter/cmake)
[1.785s] -- Found rosidl_generator_cpp: 3.1.6 (/opt/ros/humble/share/rosidl_generator_cpp/cmake)
[1.793s] -- Using all available rosidl_typesupport_c: rosidl_typesupport_fastrtps_c;rosidl_typesupport_introspection_c
[1.803s] -- Using all available rosidl_typesupport_cpp: rosidl_typesupport_fastrtps_cpp;rosidl_typesupport_introspection_cpp
[1.951s] -- Found rmw_implementation_cmake: 6.1.2 (/opt/ros/humble/share/rmw_implementation_cmake/cmake)
[1.954s] -- Found rmw_fastrtps_cpp: 6.2.7 (/opt/ros/humble/share/rmw_fastrtps_cpp/cmake)
[1.980s] -- Found TinyXML2 via Config file: TinyXML2_DIR-NOTFOUND
[2.026s] -- Found OpenSSL: /usr/lib/x86_64-linux-gnu/libcrypto.so (found version "3.0.2")  
[2.029s] -- Found TinyXML2 via Config file: TinyXML2_DIR-NOTFOUND
[2.044s] -- Found FastRTPS: /opt/ros/humble/include  
[2.047s] -- Found TinyXML2 via Config file: TinyXML2_DIR-NOTFOUND
[2.055s] -- Found TinyXML2 via Config file: TinyXML2_DIR-NOTFOUND
[2.065s] -- Using RMW implementation 'rmw_fastrtps_cpp' as default
[2.072s] -- Looking for pthread.h
[2.133s] -- Looking for pthread.h - found
[2.133s] -- Performing Test CMAKE_HAVE_LIBC_PTHREAD
[2.198s] -- Performing Test CMAKE_HAVE_LIBC_PTHREAD - Success
[2.199s] -- Found Threads: TRUE  
[2.226s] -- Found kortex_api: 0.2.3 (/home/emma/Documents/GitHub/magic/install/kortex_api/share/kortex_api/cmake)
[2.305s] -- Configuring done
[2.321s] -- Generating done
[2.324s] -- Build files have been written to: /home/emma/Documents/GitHub/magic/build/kortex_driver
[2.332s] Invoked command in '/home/emma/Documents/GitHub/magic/build/kortex_driver' returned '0': AMENT_PREFIX_PATH=/home/emma/Documents/GitHub/magic/install/kortex_api:${AMENT_PREFIX_PATH} CMAKE_PREFIX_PATH=/home/emma/Documents/GitHub/magic/install/kortex_api:/opt/ros/humble CONDA_PROMPT_MODIFIER=(base) /usr/bin/cmake /home/emma/Documents/GitHub/magic/ros2_ws/src/ros2_kortex/kortex_driver -DCMAKE_INSTALL_PREFIX=/home/emma/Documents/GitHub/magic/install/kortex_driver
[2.333s] Invoking command in '/home/emma/Documents/GitHub/magic/build/kortex_driver': AMENT_PREFIX_PATH=/home/emma/Documents/GitHub/magic/install/kortex_api:${AMENT_PREFIX_PATH} CMAKE_PREFIX_PATH=/home/emma/Documents/GitHub/magic/install/kortex_api:/opt/ros/humble CONDA_PROMPT_MODIFIER=(base) /usr/bin/cmake --build /home/emma/Documents/GitHub/magic/build/kortex_driver -- -j20 -l20
[2.367s] [ 33%] [32mBuilding CXX object CMakeFiles/kortex_driver.dir/src/kortex_math_util.cpp.o[0m
[2.367s] [ 66%] [32mBuilding CXX object CMakeFiles/kortex_driver.dir/src/hardware_interface.cpp.o[0m
[5.215s] [100%] [32m[1mLinking CXX shared library libkortex_driver.so[0m
[5.587s] [100%] Built target kortex_driver
[5.597s] Invoked command in '/home/emma/Documents/GitHub/magic/build/kortex_driver' returned '0': AMENT_PREFIX_PATH=/home/emma/Documents/GitHub/magic/install/kortex_api:${AMENT_PREFIX_PATH} CMAKE_PREFIX_PATH=/home/emma/Documents/GitHub/magic/install/kortex_api:/opt/ros/humble CONDA_PROMPT_MODIFIER=(base) /usr/bin/cmake --build /home/emma/Documents/GitHub/magic/build/kortex_driver -- -j20 -l20
[5.597s] Invoking command in '/home/emma/Documents/GitHub/magic/build/kortex_driver': AMENT_PREFIX_PATH=/home/emma/Documents/GitHub/magic/install/kortex_api:${AMENT_PREFIX_PATH} CMAKE_PREFIX_PATH=/home/emma/Documents/GitHub/magic/install/kortex_api:/opt/ros/humble CONDA_PROMPT_MODIFIER=(base) /usr/bin/cmake --install /home/emma/Documents/GitHub/magic/build/kortex_driver
[5.604s] -- Install configuration: ""
[5.604s] -- Installing: /home/emma/Documents/GitHub/magic/install/kortex_driver/share/kortex_driver/hardware_interface_plugin.xml
[5.604s] -- Installing: /home/emma/Documents/GitHub/magic/install/kortex_driver/lib/libkortex_driver.so
[5.609s] -- Set runtime path of "/home/emma/Documents/GitHub/magic/install/kortex_driver/lib/libkortex_driver.so" to ""
[5.609s] -- Installing: /home/emma/Documents/GitHub/magic/install/kortex_driver/include
[5.609s] -- Installing: /home/emma/Documents/GitHub/magic/install/kortex_driver/include/kortex_driver
[5.609s] -- Installing: /home/emma/Documents/GitHub/magic/install/kortex_driver/include/kortex_driver/visibility_control.h
[5.610s] -- Installing: /home/emma/Documents/GitHub/magic/install/kortex_driver/include/kortex_driver/kortex_math_util.hpp
[5.610s] -- Installing: /home/emma/Documents/GitHub/magic/install/kortex_driver/include/kortex_driver/hardware_interface.hpp
[5.610s] -- Installing: /home/emma/Documents/GitHub/magic/install/kortex_driver/share/kortex_driver/environment/library_path.sh
[5.610s] -- Installing: /home/emma/Documents/GitHub/magic/install/kortex_driver/share/kortex_driver/environment/library_path.dsv
[5.610s] -- Installing: /home/emma/Documents/GitHub/magic/install/kortex_driver/share/ament_index/resource_index/package_run_dependencies/kortex_driver
[5.610s] -- Installing: /home/emma/Documents/GitHub/magic/install/kortex_driver/share/ament_index/resource_index/parent_prefix_path/kortex_driver
[5.610s] -- Installing: /home/emma/Documents/GitHub/magic/install/kortex_driver/share/kortex_driver/environment/ament_prefix_path.sh
[5.610s] -- Installing: /home/emma/Documents/GitHub/magic/install/kortex_driver/share/kortex_driver/environment/ament_prefix_path.dsv
[5.610s] -- Installing: /home/emma/Documents/GitHub/magic/install/kortex_driver/share/kortex_driver/environment/path.sh
[5.610s] -- Installing: /home/emma/Documents/GitHub/magic/install/kortex_driver/share/kortex_driver/environment/path.dsv
[5.610s] -- Installing: /home/emma/Documents/GitHub/magic/install/kortex_driver/share/kortex_driver/local_setup.bash
[5.610s] -- Installing: /home/emma/Documents/GitHub/magic/install/kortex_driver/share/kortex_driver/local_setup.sh
[5.610s] -- Installing: /home/emma/Documents/GitHub/magic/install/kortex_driver/share/kortex_driver/local_setup.zsh
[5.610s] -- Installing: /home/emma/Documents/GitHub/magic/install/kortex_driver/share/kortex_driver/local_setup.dsv
[5.610s] -- Installing: /home/emma/Documents/GitHub/magic/install/kortex_driver/share/kortex_driver/package.dsv
[5.610s] -- Installing: /home/emma/Documents/GitHub/magic/install/kortex_driver/share/ament_index/resource_index/packages/kortex_driver
[5.610s] -- Installing: /home/emma/Documents/GitHub/magic/install/kortex_driver/share/ament_index/resource_index/hardware_interface__pluginlib__plugin/kortex_driver
[5.610s] -- Installing: /home/emma/Documents/GitHub/magic/install/kortex_driver/share/kortex_driver/cmake/ament_cmake_export_include_directories-extras.cmake
[5.610s] -- Installing: /home/emma/Documents/GitHub/magic/install/kortex_driver/share/kortex_driver/cmake/ament_cmake_export_libraries-extras.cmake
[5.610s] -- Installing: /home/emma/Documents/GitHub/magic/install/kortex_driver/share/kortex_driver/cmake/ament_cmake_export_dependencies-extras.cmake
[5.610s] -- Installing: /home/emma/Documents/GitHub/magic/install/kortex_driver/share/kortex_driver/cmake/kortex_driverConfig.cmake
[5.610s] -- Installing: /home/emma/Documents/GitHub/magic/install/kortex_driver/share/kortex_driver/cmake/kortex_driverConfig-version.cmake
[5.610s] -- Installing: /home/emma/Documents/GitHub/magic/install/kortex_driver/share/kortex_driver/package.xml
[5.612s] Invoked command in '/home/emma/Documents/GitHub/magic/build/kortex_driver' returned '0': AMENT_PREFIX_PATH=/home/emma/Documents/GitHub/magic/install/kortex_api:${AMENT_PREFIX_PATH} CMAKE_PREFIX_PATH=/home/emma/Documents/GitHub/magic/install/kortex_api:/opt/ros/humble CONDA_PROMPT_MODIFIER=(base) /usr/bin/cmake --install /home/emma/Documents/GitHub/magic/build/kortex_driver
