[0.322s] Invoking command in '/home/emma/Documents/GitHub/magic/build/moveit_go': CMAKE_PREFIX_PATH=${CMAKE_PREFIX_PATH}:/home/emma/Documents/GitHub/magic/install/rqt_joint_trajectory_controller:/home/emma/Documents/GitHub/magic/install/rqt_controller_manager:/home/emma/Documents/GitHub/magic/install/ros2controlcli:/home/emma/Documents/GitHub/magic/install/ros2_controllers_test_nodes:/home/emma/Documents/GitHub/magic/install/control:/home/emma/Documents/GitHub/install/rqt_joint_trajectory_controller:/home/emma/Documents/GitHub/install/rqt_controller_manager:/home/emma/Documents/GitHub/install/ros2controlcli:/home/emma/Documents/GitHub/install/ros2_controllers_test_nodes:/home/emma/Documents/GitHub/install/mujoco_ros2:/home/emma/Documents/GitHub/install/control:/opt/ros/humble CONDA_PROMPT_MODIFIER=(base) /usr/bin/cmake --build /home/emma/Documents/GitHub/magic/build/moveit_go -- -j20 -l20
[0.404s] [35m[1mConsolidate compiler generated dependencies of target dual_arm_fsm[0m
[0.420s] [ 25%] Built target moveit_go_dual_test_IK
[0.422s] [ 50%] Built target motion_planning_single_arm_RRT
[0.436s] [100%] Built target dual_arm_fsm
[0.657s] Invoked command in '/home/emma/Documents/GitHub/magic/build/moveit_go' returned '0': CMAKE_PREFIX_PATH=${CMAKE_PREFIX_PATH}:/home/emma/Documents/GitHub/magic/install/rqt_joint_trajectory_controller:/home/emma/Documents/GitHub/magic/install/rqt_controller_manager:/home/emma/Documents/GitHub/magic/install/ros2controlcli:/home/emma/Documents/GitHub/magic/install/ros2_controllers_test_nodes:/home/emma/Documents/GitHub/magic/install/control:/home/emma/Documents/GitHub/install/rqt_joint_trajectory_controller:/home/emma/Documents/GitHub/install/rqt_controller_manager:/home/emma/Documents/GitHub/install/ros2controlcli:/home/emma/Documents/GitHub/install/ros2_controllers_test_nodes:/home/emma/Documents/GitHub/install/mujoco_ros2:/home/emma/Documents/GitHub/install/control:/opt/ros/humble CONDA_PROMPT_MODIFIER=(base) /usr/bin/cmake --build /home/emma/Documents/GitHub/magic/build/moveit_go -- -j20 -l20
[0.659s] Invoking command in '/home/emma/Documents/GitHub/magic/build/moveit_go': CMAKE_PREFIX_PATH=${CMAKE_PREFIX_PATH}:/home/emma/Documents/GitHub/magic/install/rqt_joint_trajectory_controller:/home/emma/Documents/GitHub/magic/install/rqt_controller_manager:/home/emma/Documents/GitHub/magic/install/ros2controlcli:/home/emma/Documents/GitHub/magic/install/ros2_controllers_test_nodes:/home/emma/Documents/GitHub/magic/install/control:/home/emma/Documents/GitHub/install/rqt_joint_trajectory_controller:/home/emma/Documents/GitHub/install/rqt_controller_manager:/home/emma/Documents/GitHub/install/ros2controlcli:/home/emma/Documents/GitHub/install/ros2_controllers_test_nodes:/home/emma/Documents/GitHub/install/mujoco_ros2:/home/emma/Documents/GitHub/install/control:/opt/ros/humble CONDA_PROMPT_MODIFIER=(base) /usr/bin/cmake --install /home/emma/Documents/GitHub/magic/build/moveit_go
[0.674s] -- Install configuration: ""
[0.674s] -- Up-to-date: /home/emma/Documents/GitHub/magic/install/moveit_go/share/moveit_go/launch
[0.674s] -- Up-to-date: /home/emma/Documents/GitHub/magic/install/moveit_go/share/moveit_go/launch/dual_arm_plan.launch.py
[0.674s] -- Up-to-date: /home/emma/Documents/GitHub/magic/install/moveit_go/lib/moveit_go/dual_arm_fsm
[0.675s] -- Up-to-date: /home/emma/Documents/GitHub/magic/install/moveit_go/lib/moveit_go/moveit_go_dual_test_IK
[0.675s] -- Up-to-date: /home/emma/Documents/GitHub/magic/install/moveit_go/include/
[0.675s] -- Up-to-date: /home/emma/Documents/GitHub/magic/install/moveit_go/include//fsm_states.hpp
[0.676s] -- Up-to-date: /home/emma/Documents/GitHub/magic/install/moveit_go/include//object_definitions.hpp
[0.676s] -- Up-to-date: /home/emma/Documents/GitHub/magic/install/moveit_go/include//dual_arm_planner.hpp
[0.676s] -- Up-to-date: /home/emma/Documents/GitHub/magic/install/moveit_go/share/ament_index/resource_index/package_run_dependencies/moveit_go
[0.676s] -- Up-to-date: /home/emma/Documents/GitHub/magic/install/moveit_go/share/ament_index/resource_index/parent_prefix_path/moveit_go
[0.676s] -- Up-to-date: /home/emma/Documents/GitHub/magic/install/moveit_go/share/moveit_go/environment/ament_prefix_path.sh
[0.676s] -- Up-to-date: /home/emma/Documents/GitHub/magic/install/moveit_go/share/moveit_go/environment/ament_prefix_path.dsv
[0.676s] -- Up-to-date: /home/emma/Documents/GitHub/magic/install/moveit_go/share/moveit_go/environment/path.sh
[0.676s] -- Up-to-date: /home/emma/Documents/GitHub/magic/install/moveit_go/share/moveit_go/environment/path.dsv
[0.676s] -- Up-to-date: /home/emma/Documents/GitHub/magic/install/moveit_go/share/moveit_go/local_setup.bash
[0.677s] -- Up-to-date: /home/emma/Documents/GitHub/magic/install/moveit_go/share/moveit_go/local_setup.sh
[0.677s] -- Up-to-date: /home/emma/Documents/GitHub/magic/install/moveit_go/share/moveit_go/local_setup.zsh
[0.677s] -- Up-to-date: /home/emma/Documents/GitHub/magic/install/moveit_go/share/moveit_go/local_setup.dsv
[0.677s] -- Installing: /home/emma/Documents/GitHub/magic/install/moveit_go/share/moveit_go/package.dsv
[0.677s] -- Up-to-date: /home/emma/Documents/GitHub/magic/install/moveit_go/share/ament_index/resource_index/packages/moveit_go
[0.677s] -- Up-to-date: /home/emma/Documents/GitHub/magic/install/moveit_go/share/moveit_go/cmake/moveit_goConfig.cmake
[0.677s] -- Up-to-date: /home/emma/Documents/GitHub/magic/install/moveit_go/share/moveit_go/cmake/moveit_goConfig-version.cmake
[0.677s] -- Up-to-date: /home/emma/Documents/GitHub/magic/install/moveit_go/share/moveit_go/package.xml
[0.758s] Invoked command in '/home/emma/Documents/GitHub/magic/build/moveit_go' returned '0': CMAKE_PREFIX_PATH=${CMAKE_PREFIX_PATH}:/home/emma/Documents/GitHub/magic/install/rqt_joint_trajectory_controller:/home/emma/Documents/GitHub/magic/install/rqt_controller_manager:/home/emma/Documents/GitHub/magic/install/ros2controlcli:/home/emma/Documents/GitHub/magic/install/ros2_controllers_test_nodes:/home/emma/Documents/GitHub/magic/install/control:/home/emma/Documents/GitHub/install/rqt_joint_trajectory_controller:/home/emma/Documents/GitHub/install/rqt_controller_manager:/home/emma/Documents/GitHub/install/ros2controlcli:/home/emma/Documents/GitHub/install/ros2_controllers_test_nodes:/home/emma/Documents/GitHub/install/mujoco_ros2:/home/emma/Documents/GitHub/install/control:/opt/ros/humble CONDA_PROMPT_MODIFIER=(base) /usr/bin/cmake --install /home/emma/Documents/GitHub/magic/build/moveit_go
