[0.078s] Invoking command in '/home/emma/Documents/GitHub/magic/build/joint_limits': CMAKE_PREFIX_PATH=${CMAKE_PREFIX_PATH}:/home/emma/Documents/GitHub/magic/install/rqt_joint_trajectory_controller:/home/emma/Documents/GitHub/magic/install/rqt_controller_manager:/home/emma/Documents/GitHub/magic/install/ros2controlcli:/home/emma/Documents/GitHub/magic/install/ros2_controllers_test_nodes:/home/emma/Documents/GitHub/magic/install/control:/home/emma/Documents/GitHub/install/rqt_joint_trajectory_controller:/home/emma/Documents/GitHub/install/rqt_controller_manager:/home/emma/Documents/GitHub/install/ros2controlcli:/home/emma/Documents/GitHub/install/ros2_controllers_test_nodes:/home/emma/Documents/GitHub/install/mujoco_ros2:/home/emma/Documents/GitHub/install/control:/opt/ros/humble CONDA_PROMPT_MODIFIER=(base) /usr/bin/cmake --build /home/emma/Documents/GitHub/magic/build/joint_limits -- -j20 -l20
[0.464s] [35m[1mConsolidate compiler generated dependencies of target gtest[0m
[0.465s] [35m[1mConsolidate compiler generated dependencies of target gtest_main[0m
[0.466s] [ 11%] Built target ament_generate_version_header__joint_limits
[0.466s] [ 33%] Built target gtest_main
[0.466s] [ 55%] Built target gtest
[0.466s] [35m[1mConsolidate compiler generated dependencies of target joint_limits_rosparam_test[0m
[0.466s] [35m[1mConsolidate compiler generated dependencies of target joint_limits_urdf_test[0m
[0.467s] [ 77%] Built target joint_limits_urdf_test
[0.467s] [100%] Built target joint_limits_rosparam_test
[0.491s] Invoked command in '/home/emma/Documents/GitHub/magic/build/joint_limits' returned '0': CMAKE_PREFIX_PATH=${CMAKE_PREFIX_PATH}:/home/emma/Documents/GitHub/magic/install/rqt_joint_trajectory_controller:/home/emma/Documents/GitHub/magic/install/rqt_controller_manager:/home/emma/Documents/GitHub/magic/install/ros2controlcli:/home/emma/Documents/GitHub/magic/install/ros2_controllers_test_nodes:/home/emma/Documents/GitHub/magic/install/control:/home/emma/Documents/GitHub/install/rqt_joint_trajectory_controller:/home/emma/Documents/GitHub/install/rqt_controller_manager:/home/emma/Documents/GitHub/install/ros2controlcli:/home/emma/Documents/GitHub/install/ros2_controllers_test_nodes:/home/emma/Documents/GitHub/install/mujoco_ros2:/home/emma/Documents/GitHub/install/control:/opt/ros/humble CONDA_PROMPT_MODIFIER=(base) /usr/bin/cmake --build /home/emma/Documents/GitHub/magic/build/joint_limits -- -j20 -l20
[0.492s] Invoking command in '/home/emma/Documents/GitHub/magic/build/joint_limits': CMAKE_PREFIX_PATH=${CMAKE_PREFIX_PATH}:/home/emma/Documents/GitHub/magic/install/rqt_joint_trajectory_controller:/home/emma/Documents/GitHub/magic/install/rqt_controller_manager:/home/emma/Documents/GitHub/magic/install/ros2controlcli:/home/emma/Documents/GitHub/magic/install/ros2_controllers_test_nodes:/home/emma/Documents/GitHub/magic/install/control:/home/emma/Documents/GitHub/install/rqt_joint_trajectory_controller:/home/emma/Documents/GitHub/install/rqt_controller_manager:/home/emma/Documents/GitHub/install/ros2controlcli:/home/emma/Documents/GitHub/install/ros2_controllers_test_nodes:/home/emma/Documents/GitHub/install/mujoco_ros2:/home/emma/Documents/GitHub/install/control:/opt/ros/humble CONDA_PROMPT_MODIFIER=(base) /usr/bin/cmake --install /home/emma/Documents/GitHub/magic/build/joint_limits
[0.772s] -- Install configuration: ""
[0.772s] -- Up-to-date: /home/emma/Documents/GitHub/magic/install/joint_limits/include
[0.772s] -- Up-to-date: /home/emma/Documents/GitHub/magic/install/joint_limits/include/joint_limits
[0.772s] -- Up-to-date: /home/emma/Documents/GitHub/magic/install/joint_limits/include/joint_limits/joint_limits_rosparam.hpp
[0.772s] -- Up-to-date: /home/emma/Documents/GitHub/magic/install/joint_limits/include/joint_limits/joint_limits.hpp
[0.772s] -- Up-to-date: /home/emma/Documents/GitHub/magic/install/joint_limits/include/joint_limits/joint_limits_urdf.hpp
[0.772s] -- Up-to-date: /home/emma/Documents/GitHub/magic/install/joint_limits/lib/joint_limits/joint_limits_rosparam_test
[0.772s] -- Up-to-date: /home/emma/Documents/GitHub/magic/install/joint_limits/share/joint_limits/test/joint_limits_rosparam.yaml
[0.772s] -- Up-to-date: /home/emma/Documents/GitHub/magic/install/joint_limits/include/joint_limits
[0.772s] -- Up-to-date: /home/emma/Documents/GitHub/magic/install/joint_limits/include/joint_limits/joint_limits
[0.772s] -- Up-to-date: /home/emma/Documents/GitHub/magic/install/joint_limits/include/joint_limits/joint_limits/joint_limits_rosparam.hpp
[0.772s] -- Up-to-date: /home/emma/Documents/GitHub/magic/install/joint_limits/include/joint_limits/joint_limits/joint_limits.hpp
[0.772s] -- Up-to-date: /home/emma/Documents/GitHub/magic/install/joint_limits/include/joint_limits/joint_limits/joint_limits_urdf.hpp
[0.772s] -- Up-to-date: /home/emma/Documents/GitHub/magic/install/joint_limits/share/joint_limits/environment/library_path.sh
[0.772s] -- Up-to-date: /home/emma/Documents/GitHub/magic/install/joint_limits/share/joint_limits/environment/library_path.dsv
[0.772s] -- Up-to-date: /home/emma/Documents/GitHub/magic/install/joint_limits/share/ament_index/resource_index/package_run_dependencies/joint_limits
[0.772s] -- Up-to-date: /home/emma/Documents/GitHub/magic/install/joint_limits/share/ament_index/resource_index/parent_prefix_path/joint_limits
[0.772s] -- Up-to-date: /home/emma/Documents/GitHub/magic/install/joint_limits/share/joint_limits/environment/ament_prefix_path.sh
[0.772s] -- Up-to-date: /home/emma/Documents/GitHub/magic/install/joint_limits/share/joint_limits/environment/ament_prefix_path.dsv
[0.772s] -- Up-to-date: /home/emma/Documents/GitHub/magic/install/joint_limits/share/joint_limits/environment/path.sh
[0.773s] -- Up-to-date: /home/emma/Documents/GitHub/magic/install/joint_limits/share/joint_limits/environment/path.dsv
[0.773s] -- Up-to-date: /home/emma/Documents/GitHub/magic/install/joint_limits/share/joint_limits/local_setup.bash
[0.773s] -- Up-to-date: /home/emma/Documents/GitHub/magic/install/joint_limits/share/joint_limits/local_setup.sh
[0.773s] -- Up-to-date: /home/emma/Documents/GitHub/magic/install/joint_limits/share/joint_limits/local_setup.zsh
[0.773s] -- Up-to-date: /home/emma/Documents/GitHub/magic/install/joint_limits/share/joint_limits/local_setup.dsv
[0.773s] -- Installing: /home/emma/Documents/GitHub/magic/install/joint_limits/share/joint_limits/package.dsv
[0.773s] -- Up-to-date: /home/emma/Documents/GitHub/magic/install/joint_limits/share/ament_index/resource_index/packages/joint_limits
[0.773s] -- Up-to-date: /home/emma/Documents/GitHub/magic/install/joint_limits/share/joint_limits/cmake/export_joint_limitsExport.cmake
[0.773s] -- Up-to-date: /home/emma/Documents/GitHub/magic/install/joint_limits/share/joint_limits/cmake/ament_cmake_export_targets-extras.cmake
[0.773s] -- Up-to-date: /home/emma/Documents/GitHub/magic/install/joint_limits/share/joint_limits/cmake/ament_cmake_export_dependencies-extras.cmake
[0.773s] -- Up-to-date: /home/emma/Documents/GitHub/magic/install/joint_limits/share/joint_limits/cmake/ament_cmake_export_include_directories-extras.cmake
[0.773s] -- Up-to-date: /home/emma/Documents/GitHub/magic/install/joint_limits/share/joint_limits/cmake/joint_limitsConfig.cmake
[0.773s] -- Up-to-date: /home/emma/Documents/GitHub/magic/install/joint_limits/share/joint_limits/cmake/joint_limitsConfig-version.cmake
[0.773s] -- Up-to-date: /home/emma/Documents/GitHub/magic/install/joint_limits/share/joint_limits/package.xml
[0.773s] -- Up-to-date: /home/emma/Documents/GitHub/magic/install/joint_limits/include/joint_limits/joint_limits/version.h
[0.800s] Invoked command in '/home/emma/Documents/GitHub/magic/build/joint_limits' returned '0': CMAKE_PREFIX_PATH=${CMAKE_PREFIX_PATH}:/home/emma/Documents/GitHub/magic/install/rqt_joint_trajectory_controller:/home/emma/Documents/GitHub/magic/install/rqt_controller_manager:/home/emma/Documents/GitHub/magic/install/ros2controlcli:/home/emma/Documents/GitHub/magic/install/ros2_controllers_test_nodes:/home/emma/Documents/GitHub/magic/install/control:/home/emma/Documents/GitHub/install/rqt_joint_trajectory_controller:/home/emma/Documents/GitHub/install/rqt_controller_manager:/home/emma/Documents/GitHub/install/ros2controlcli:/home/emma/Documents/GitHub/install/ros2_controllers_test_nodes:/home/emma/Documents/GitHub/install/mujoco_ros2:/home/emma/Documents/GitHub/install/control:/opt/ros/humble CONDA_PROMPT_MODIFIER=(base) /usr/bin/cmake --install /home/emma/Documents/GitHub/magic/build/joint_limits
