[0.008s] Invoking command in '/home/megan/magic/ros2_ws/build/ros_ign_interfaces': AMENT_PREFIX_PATH=/home/megan/magic/ros2_ws/install/ros_gz_interfaces:${AMENT_PREFIX_PATH} CMAKE_PREFIX_PATH=/home/megan/magic/ros2_ws/install/ros_gz_interfaces:/opt/ros/humble LD_LIBRARY_PATH=/home/megan/magic/ros2_ws/install/ros_gz_interfaces/lib:${LD_LIBRARY_PATH} PYTHONPATH=/home/megan/magic/ros2_ws/install/ros_gz_interfaces/lib/python3.10/site-packages:${PYTHONPATH} VIRTUAL_ENV_PROMPT=(magic) /usr/bin/cmake --build /home/megan/magic/ros2_ws/build/ros_ign_interfaces -- -j20 -l20
[0.091s] [  0%] Built target ros_ign_interfaces__cpp
[0.099s] [ 12%] Built target ros_ign_interfaces__rosidl_generator_c
[0.103s] [ 12%] Built target ament_cmake_python_copy_ros_ign_interfaces
[0.118s] [ 25%] Built target ros_ign_interfaces__rosidl_typesupport_introspection_cpp
[0.118s] [ 36%] Built target ros_ign_interfaces__rosidl_typesupport_fastrtps_cpp
[0.120s] [ 48%] Built target ros_ign_interfaces__rosidl_typesupport_cpp
[0.122s] [ 67%] Built target ros_ign_interfaces__rosidl_typesupport_introspection_c
[0.122s] [ 72%] Built target ros_ign_interfaces__rosidl_typesupport_c
[0.134s] [ 84%] Built target ros_ign_interfaces__rosidl_typesupport_fastrtps_c
[0.152s] [ 84%] Built target ros_ign_interfaces
[0.170s] [ 85%] Built target ros_ign_interfaces__py
[0.194s] [ 96%] Built target ros_ign_interfaces__rosidl_generator_py
[0.215s] [ 99%] Built target ros_ign_interfaces__rosidl_typesupport_fastrtps_c__pyext
[0.216s] [ 99%] Built target ros_ign_interfaces__rosidl_typesupport_introspection_c__pyext
[0.216s] [100%] Built target ros_ign_interfaces__rosidl_typesupport_c__pyext
[0.379s] running egg_info
[0.384s] writing ros_ign_interfaces.egg-info/PKG-INFO
[0.385s] writing dependency_links to ros_ign_interfaces.egg-info/dependency_links.txt
[0.385s] writing top-level names to ros_ign_interfaces.egg-info/top_level.txt
[0.402s] reading manifest file 'ros_ign_interfaces.egg-info/SOURCES.txt'
[0.403s] writing manifest file 'ros_ign_interfaces.egg-info/SOURCES.txt'
[0.432s] [100%] Built target ament_cmake_python_build_ros_ign_interfaces_egg
[0.444s] Invoked command in '/home/megan/magic/ros2_ws/build/ros_ign_interfaces' returned '0': AMENT_PREFIX_PATH=/home/megan/magic/ros2_ws/install/ros_gz_interfaces:${AMENT_PREFIX_PATH} CMAKE_PREFIX_PATH=/home/megan/magic/ros2_ws/install/ros_gz_interfaces:/opt/ros/humble LD_LIBRARY_PATH=/home/megan/magic/ros2_ws/install/ros_gz_interfaces/lib:${LD_LIBRARY_PATH} PYTHONPATH=/home/megan/magic/ros2_ws/install/ros_gz_interfaces/lib/python3.10/site-packages:${PYTHONPATH} VIRTUAL_ENV_PROMPT=(magic) /usr/bin/cmake --build /home/megan/magic/ros2_ws/build/ros_ign_interfaces -- -j20 -l20
[0.445s] Invoking command in '/home/megan/magic/ros2_ws/build/ros_ign_interfaces': AMENT_PREFIX_PATH=/home/megan/magic/ros2_ws/install/ros_gz_interfaces:${AMENT_PREFIX_PATH} CMAKE_PREFIX_PATH=/home/megan/magic/ros2_ws/install/ros_gz_interfaces:/opt/ros/humble LD_LIBRARY_PATH=/home/megan/magic/ros2_ws/install/ros_gz_interfaces/lib:${LD_LIBRARY_PATH} PYTHONPATH=/home/megan/magic/ros2_ws/install/ros_gz_interfaces/lib/python3.10/site-packages:${PYTHONPATH} VIRTUAL_ENV_PROMPT=(magic) /usr/bin/cmake --install /home/megan/magic/ros2_ws/build/ros_ign_interfaces
[0.454s] -- Install configuration: "Release"
[0.454s] -- Up-to-date: /home/megan/magic/ros2_ws/install/ros_ign_interfaces/share/ament_index/resource_index/rosidl_interfaces/ros_ign_interfaces
[0.455s] -- Up-to-date: /home/megan/magic/ros2_ws/install/ros_ign_interfaces/include/ros_ign_interfaces/ros_ign_interfaces
[0.455s] -- Up-to-date: /home/megan/magic/ros2_ws/install/ros_ign_interfaces/include/ros_ign_interfaces/ros_ign_interfaces/msg
[0.455s] -- Up-to-date: /home/megan/magic/ros2_ws/install/ros_ign_interfaces/include/ros_ign_interfaces/ros_ign_interfaces/msg/entity.h
[0.455s] -- Up-to-date: /home/megan/magic/ros2_ws/install/ros_ign_interfaces/include/ros_ign_interfaces/ros_ign_interfaces/msg/joint_wrench.h
[0.455s] -- Up-to-date: /home/megan/magic/ros2_ws/install/ros_ign_interfaces/include/ros_ign_interfaces/ros_ign_interfaces/msg/light.h
[0.455s] -- Up-to-date: /home/megan/magic/ros2_ws/install/ros_ign_interfaces/include/ros_ign_interfaces/ros_ign_interfaces/msg/contact.h
[0.455s] -- Up-to-date: /home/megan/magic/ros2_ws/install/ros_ign_interfaces/include/ros_ign_interfaces/ros_ign_interfaces/msg/track_visual.h
[0.455s] -- Up-to-date: /home/megan/magic/ros2_ws/install/ros_ign_interfaces/include/ros_ign_interfaces/ros_ign_interfaces/msg/detail
[0.455s] -- Up-to-date: /home/megan/magic/ros2_ws/install/ros_ign_interfaces/include/ros_ign_interfaces/ros_ign_interfaces/msg/detail/string_vec__struct.h
[0.456s] -- Up-to-date: /home/megan/magic/ros2_ws/install/ros_ign_interfaces/include/ros_ign_interfaces/ros_ign_interfaces/msg/detail/track_visual__struct.h
[0.456s] -- Up-to-date: /home/megan/magic/ros2_ws/install/ros_ign_interfaces/include/ros_ign_interfaces/ros_ign_interfaces/msg/detail/string_vec__functions.h
[0.456s] -- Up-to-date: /home/megan/magic/ros2_ws/install/ros_ign_interfaces/include/ros_ign_interfaces/ros_ign_interfaces/msg/detail/world_reset__functions.c
[0.456s] -- Up-to-date: /home/megan/magic/ros2_ws/install/ros_ign_interfaces/include/ros_ign_interfaces/ros_ign_interfaces/msg/detail/joint_wrench__functions.h
[0.456s] -- Up-to-date: /home/megan/magic/ros2_ws/install/ros_ign_interfaces/include/ros_ign_interfaces/ros_ign_interfaces/msg/detail/world_reset__functions.h
[0.456s] -- Up-to-date: /home/megan/magic/ros2_ws/install/ros_ign_interfaces/include/ros_ign_interfaces/ros_ign_interfaces/msg/detail/string_vec__functions.c
[0.456s] -- Up-to-date: /home/megan/magic/ros2_ws/install/ros_ign_interfaces/include/ros_ign_interfaces/ros_ign_interfaces/msg/detail/light__type_support.h
[0.456s] -- Up-to-date: /home/megan/magic/ros2_ws/install/ros_ign_interfaces/include/ros_ign_interfaces/ros_ign_interfaces/msg/detail/contacts__struct.h
[0.456s] -- Up-to-date: /home/megan/magic/ros2_ws/install/ros_ign_interfaces/include/ros_ign_interfaces/ros_ign_interfaces/msg/detail/contact__struct.h
[0.456s] -- Up-to-date: /home/megan/magic/ros2_ws/install/ros_ign_interfaces/include/ros_ign_interfaces/ros_ign_interfaces/msg/detail/contacts__functions.c
[0.456s] -- Up-to-date: /home/megan/magic/ros2_ws/install/ros_ign_interfaces/include/ros_ign_interfaces/ros_ign_interfaces/msg/detail/gui_camera__type_support.h
[0.457s] -- Up-to-date: /home/megan/magic/ros2_ws/install/ros_ign_interfaces/include/ros_ign_interfaces/ros_ign_interfaces/msg/detail/world_control__type_support.h
[0.457s] -- Up-to-date: /home/megan/magic/ros2_ws/install/ros_ign_interfaces/include/ros_ign_interfaces/ros_ign_interfaces/msg/detail/contact__functions.c
[0.457s] -- Up-to-date: /home/megan/magic/ros2_ws/install/ros_ign_interfaces/include/ros_ign_interfaces/ros_ign_interfaces/msg/detail/world_control__struct.h
[0.457s] -- Up-to-date: /home/megan/magic/ros2_ws/install/ros_ign_interfaces/include/ros_ign_interfaces/ros_ign_interfaces/msg/detail/contacts__type_support.h
[0.457s] -- Up-to-date: /home/megan/magic/ros2_ws/install/ros_ign_interfaces/include/ros_ign_interfaces/ros_ign_interfaces/msg/detail/entity__functions.h
[0.457s] -- Up-to-date: /home/megan/magic/ros2_ws/install/ros_ign_interfaces/include/ros_ign_interfaces/ros_ign_interfaces/msg/detail/video_record__type_support.h
[0.457s] -- Up-to-date: /home/megan/magic/ros2_ws/install/ros_ign_interfaces/include/ros_ign_interfaces/ros_ign_interfaces/msg/detail/joint_wrench__functions.c
[0.458s] -- Up-to-date: /home/megan/magic/ros2_ws/install/ros_ign_interfaces/include/ros_ign_interfaces/ros_ign_interfaces/msg/detail/entity__struct.h
[0.458s] -- Up-to-date: /home/megan/magic/ros2_ws/install/ros_ign_interfaces/include/ros_ign_interfaces/ros_ign_interfaces/msg/detail/gui_camera__struct.h
[0.458s] -- Up-to-date: /home/megan/magic/ros2_ws/install/ros_ign_interfaces/include/ros_ign_interfaces/ros_ign_interfaces/msg/detail/entity_factory__functions.c
[0.458s] -- Up-to-date: /home/megan/magic/ros2_ws/install/ros_ign_interfaces/include/ros_ign_interfaces/ros_ign_interfaces/msg/detail/entity_factory__struct.h
[0.458s] -- Up-to-date: /home/megan/magic/ros2_ws/install/ros_ign_interfaces/include/ros_ign_interfaces/ros_ign_interfaces/msg/detail/track_visual__functions.h
[0.458s] -- Up-to-date: /home/megan/magic/ros2_ws/install/ros_ign_interfaces/include/ros_ign_interfaces/ros_ign_interfaces/msg/detail/world_reset__type_support.h
[0.458s] -- Up-to-date: /home/megan/magic/ros2_ws/install/ros_ign_interfaces/include/ros_ign_interfaces/ros_ign_interfaces/msg/detail/entity_factory__functions.h
[0.458s] -- Up-to-date: /home/megan/magic/ros2_ws/install/ros_ign_interfaces/include/ros_ign_interfaces/ros_ign_interfaces/msg/detail/world_reset__struct.h
[0.459s] -- Up-to-date: /home/megan/magic/ros2_ws/install/ros_ign_interfaces/include/ros_ign_interfaces/ros_ign_interfaces/msg/detail/entity__functions.c
[0.459s] -- Up-to-date: /home/megan/magic/ros2_ws/install/ros_ign_interfaces/include/ros_ign_interfaces/ros_ign_interfaces/msg/detail/contact__functions.h
[0.459s] -- Up-to-date: /home/megan/magic/ros2_ws/install/ros_ign_interfaces/include/ros_ign_interfaces/ros_ign_interfaces/msg/detail/entity__type_support.h
[0.459s] -- Up-to-date: /home/megan/magic/ros2_ws/install/ros_ign_interfaces/include/ros_ign_interfaces/ros_ign_interfaces/msg/detail/string_vec__type_support.h
[0.459s] -- Up-to-date: /home/megan/magic/ros2_ws/install/ros_ign_interfaces/include/ros_ign_interfaces/ros_ign_interfaces/msg/detail/track_visual__functions.c
[0.459s] -- Up-to-date: /home/megan/magic/ros2_ws/install/ros_ign_interfaces/include/ros_ign_interfaces/ros_ign_interfaces/msg/detail/video_record__functions.h
[0.459s] -- Up-to-date: /home/megan/magic/ros2_ws/install/ros_ign_interfaces/include/ros_ign_interfaces/ros_ign_interfaces/msg/detail/light__struct.h
[0.460s] -- Up-to-date: /home/megan/magic/ros2_ws/install/ros_ign_interfaces/include/ros_ign_interfaces/ros_ign_interfaces/msg/detail/light__functions.c
[0.460s] -- Up-to-date: /home/megan/magic/ros2_ws/install/ros_ign_interfaces/include/ros_ign_interfaces/ros_ign_interfaces/msg/detail/gui_camera__functions.c
[0.460s] -- Up-to-date: /home/megan/magic/ros2_ws/install/ros_ign_interfaces/include/ros_ign_interfaces/ros_ign_interfaces/msg/detail/contact__type_support.h
[0.460s] -- Up-to-date: /home/megan/magic/ros2_ws/install/ros_ign_interfaces/include/ros_ign_interfaces/ros_ign_interfaces/msg/detail/video_record__functions.c
[0.460s] -- Up-to-date: /home/megan/magic/ros2_ws/install/ros_ign_interfaces/include/ros_ign_interfaces/ros_ign_interfaces/msg/detail/gui_camera__functions.h
[0.460s] -- Up-to-date: /home/megan/magic/ros2_ws/install/ros_ign_interfaces/include/ros_ign_interfaces/ros_ign_interfaces/msg/detail/joint_wrench__type_support.h
[0.460s] -- Up-to-date: /home/megan/magic/ros2_ws/install/ros_ign_interfaces/include/ros_ign_interfaces/ros_ign_interfaces/msg/detail/entity_factory__type_support.h
[0.460s] -- Up-to-date: /home/megan/magic/ros2_ws/install/ros_ign_interfaces/include/ros_ign_interfaces/ros_ign_interfaces/msg/detail/joint_wrench__struct.h
[0.460s] -- Up-to-date: /home/megan/magic/ros2_ws/install/ros_ign_interfaces/include/ros_ign_interfaces/ros_ign_interfaces/msg/detail/light__functions.h
[0.460s] -- Up-to-date: /home/megan/magic/ros2_ws/install/ros_ign_interfaces/include/ros_ign_interfaces/ros_ign_interfaces/msg/detail/track_visual__type_support.h
[0.460s] -- Up-to-date: /home/megan/magic/ros2_ws/install/ros_ign_interfaces/include/ros_ign_interfaces/ros_ign_interfaces/msg/detail/world_control__functions.c
[0.460s] -- Up-to-date: /home/megan/magic/ros2_ws/install/ros_ign_interfaces/include/ros_ign_interfaces/ros_ign_interfaces/msg/detail/world_control__functions.h
[0.460s] -- Up-to-date: /home/megan/magic/ros2_ws/install/ros_ign_interfaces/include/ros_ign_interfaces/ros_ign_interfaces/msg/detail/contacts__functions.h
[0.460s] -- Up-to-date: /home/megan/magic/ros2_ws/install/ros_ign_interfaces/include/ros_ign_interfaces/ros_ign_interfaces/msg/detail/video_record__struct.h
[0.460s] -- Up-to-date: /home/megan/magic/ros2_ws/install/ros_ign_interfaces/include/ros_ign_interfaces/ros_ign_interfaces/msg/contacts.h
[0.460s] -- Up-to-date: /home/megan/magic/ros2_ws/install/ros_ign_interfaces/include/ros_ign_interfaces/ros_ign_interfaces/msg/entity_factory.h
[0.461s] -- Up-to-date: /home/megan/magic/ros2_ws/install/ros_ign_interfaces/include/ros_ign_interfaces/ros_ign_interfaces/msg/gui_camera.h
[0.461s] -- Up-to-date: /home/megan/magic/ros2_ws/install/ros_ign_interfaces/include/ros_ign_interfaces/ros_ign_interfaces/msg/video_record.h
[0.461s] -- Up-to-date: /home/megan/magic/ros2_ws/install/ros_ign_interfaces/include/ros_ign_interfaces/ros_ign_interfaces/msg/world_reset.h
[0.461s] -- Up-to-date: /home/megan/magic/ros2_ws/install/ros_ign_interfaces/include/ros_ign_interfaces/ros_ign_interfaces/msg/world_control.h
[0.461s] -- Up-to-date: /home/megan/magic/ros2_ws/install/ros_ign_interfaces/include/ros_ign_interfaces/ros_ign_interfaces/msg/rosidl_generator_c__visibility_control.h
[0.461s] -- Up-to-date: /home/megan/magic/ros2_ws/install/ros_ign_interfaces/include/ros_ign_interfaces/ros_ign_interfaces/msg/string_vec.h
[0.461s] -- Up-to-date: /home/megan/magic/ros2_ws/install/ros_ign_interfaces/include/ros_ign_interfaces/ros_ign_interfaces/srv
[0.461s] -- Up-to-date: /home/megan/magic/ros2_ws/install/ros_ign_interfaces/include/ros_ign_interfaces/ros_ign_interfaces/srv/spawn_entity.h
[0.462s] -- Up-to-date: /home/megan/magic/ros2_ws/install/ros_ign_interfaces/include/ros_ign_interfaces/ros_ign_interfaces/srv/detail
[0.462s] -- Up-to-date: /home/megan/magic/ros2_ws/install/ros_ign_interfaces/include/ros_ign_interfaces/ros_ign_interfaces/srv/detail/delete_entity__type_support.h
[0.462s] -- Up-to-date: /home/megan/magic/ros2_ws/install/ros_ign_interfaces/include/ros_ign_interfaces/ros_ign_interfaces/srv/detail/control_world__struct.h
[0.462s] -- Up-to-date: /home/megan/magic/ros2_ws/install/ros_ign_interfaces/include/ros_ign_interfaces/ros_ign_interfaces/srv/detail/delete_entity__functions.c
[0.462s] -- Up-to-date: /home/megan/magic/ros2_ws/install/ros_ign_interfaces/include/ros_ign_interfaces/ros_ign_interfaces/srv/detail/set_entity_pose__functions.c
[0.462s] -- Up-to-date: /home/megan/magic/ros2_ws/install/ros_ign_interfaces/include/ros_ign_interfaces/ros_ign_interfaces/srv/detail/control_world__functions.c
[0.462s] -- Up-to-date: /home/megan/magic/ros2_ws/install/ros_ign_interfaces/include/ros_ign_interfaces/ros_ign_interfaces/srv/detail/spawn_entity__functions.h
[0.462s] -- Up-to-date: /home/megan/magic/ros2_ws/install/ros_ign_interfaces/include/ros_ign_interfaces/ros_ign_interfaces/srv/detail/control_world__functions.h
[0.462s] -- Up-to-date: /home/megan/magic/ros2_ws/install/ros_ign_interfaces/include/ros_ign_interfaces/ros_ign_interfaces/srv/detail/set_entity_pose__type_support.h
[0.462s] -- Up-to-date: /home/megan/magic/ros2_ws/install/ros_ign_interfaces/include/ros_ign_interfaces/ros_ign_interfaces/srv/detail/set_entity_pose__struct.h
[0.463s] -- Up-to-date: /home/megan/magic/ros2_ws/install/ros_ign_interfaces/include/ros_ign_interfaces/ros_ign_interfaces/srv/detail/spawn_entity__functions.c
[0.463s] -- Up-to-date: /home/megan/magic/ros2_ws/install/ros_ign_interfaces/include/ros_ign_interfaces/ros_ign_interfaces/srv/detail/set_entity_pose__functions.h
[0.463s] -- Up-to-date: /home/megan/magic/ros2_ws/install/ros_ign_interfaces/include/ros_ign_interfaces/ros_ign_interfaces/srv/detail/delete_entity__functions.h
[0.463s] -- Up-to-date: /home/megan/magic/ros2_ws/install/ros_ign_interfaces/include/ros_ign_interfaces/ros_ign_interfaces/srv/detail/control_world__type_support.h
[0.463s] -- Up-to-date: /home/megan/magic/ros2_ws/install/ros_ign_interfaces/include/ros_ign_interfaces/ros_ign_interfaces/srv/detail/spawn_entity__type_support.h
[0.463s] -- Up-to-date: /home/megan/magic/ros2_ws/install/ros_ign_interfaces/include/ros_ign_interfaces/ros_ign_interfaces/srv/detail/spawn_entity__struct.h
[0.463s] -- Up-to-date: /home/megan/magic/ros2_ws/install/ros_ign_interfaces/include/ros_ign_interfaces/ros_ign_interfaces/srv/detail/delete_entity__struct.h
[0.463s] -- Up-to-date: /home/megan/magic/ros2_ws/install/ros_ign_interfaces/include/ros_ign_interfaces/ros_ign_interfaces/srv/set_entity_pose.h
[0.463s] -- Up-to-date: /home/megan/magic/ros2_ws/install/ros_ign_interfaces/include/ros_ign_interfaces/ros_ign_interfaces/srv/delete_entity.h
[0.463s] -- Up-to-date: /home/megan/magic/ros2_ws/install/ros_ign_interfaces/include/ros_ign_interfaces/ros_ign_interfaces/srv/control_world.h
[0.463s] -- Up-to-date: /home/megan/magic/ros2_ws/install/ros_ign_interfaces/share/ros_ign_interfaces/environment/library_path.sh
[0.463s] -- Up-to-date: /home/megan/magic/ros2_ws/install/ros_ign_interfaces/share/ros_ign_interfaces/environment/library_path.dsv
[0.464s] -- Up-to-date: /home/megan/magic/ros2_ws/install/ros_ign_interfaces/lib/libros_ign_interfaces__rosidl_generator_c.so
[0.464s] -- Up-to-date: /home/megan/magic/ros2_ws/install/ros_ign_interfaces/include/ros_ign_interfaces/ros_ign_interfaces
[0.464s] -- Up-to-date: /home/megan/magic/ros2_ws/install/ros_ign_interfaces/include/ros_ign_interfaces/ros_ign_interfaces/msg
[0.464s] -- Up-to-date: /home/megan/magic/ros2_ws/install/ros_ign_interfaces/include/ros_ign_interfaces/ros_ign_interfaces/msg/detail
[0.464s] -- Up-to-date: /home/megan/magic/ros2_ws/install/ros_ign_interfaces/include/ros_ign_interfaces/ros_ign_interfaces/msg/detail/track_visual__rosidl_typesupport_fastrtps_c.h
[0.464s] -- Up-to-date: /home/megan/magic/ros2_ws/install/ros_ign_interfaces/include/ros_ign_interfaces/ros_ign_interfaces/msg/detail/string_vec__rosidl_typesupport_fastrtps_c.h
[0.464s] -- Up-to-date: /home/megan/magic/ros2_ws/install/ros_ign_interfaces/include/ros_ign_interfaces/ros_ign_interfaces/msg/detail/world_control__rosidl_typesupport_fastrtps_c.h
[0.464s] -- Up-to-date: /home/megan/magic/ros2_ws/install/ros_ign_interfaces/include/ros_ign_interfaces/ros_ign_interfaces/msg/detail/world_reset__rosidl_typesupport_fastrtps_c.h
[0.464s] -- Up-to-date: /home/megan/magic/ros2_ws/install/ros_ign_interfaces/include/ros_ign_interfaces/ros_ign_interfaces/msg/detail/entity_factory__rosidl_typesupport_fastrtps_c.h
[0.464s] -- Up-to-date: /home/megan/magic/ros2_ws/install/ros_ign_interfaces/include/ros_ign_interfaces/ros_ign_interfaces/msg/detail/joint_wrench__rosidl_typesupport_fastrtps_c.h
[0.464s] -- Up-to-date: /home/megan/magic/ros2_ws/install/ros_ign_interfaces/include/ros_ign_interfaces/ros_ign_interfaces/msg/detail/video_record__rosidl_typesupport_fastrtps_c.h
[0.464s] -- Up-to-date: /home/megan/magic/ros2_ws/install/ros_ign_interfaces/include/ros_ign_interfaces/ros_ign_interfaces/msg/detail/entity__rosidl_typesupport_fastrtps_c.h
[0.464s] -- Up-to-date: /home/megan/magic/ros2_ws/install/ros_ign_interfaces/include/ros_ign_interfaces/ros_ign_interfaces/msg/detail/light__rosidl_typesupport_fastrtps_c.h
[0.464s] -- Up-to-date: /home/megan/magic/ros2_ws/install/ros_ign_interfaces/include/ros_ign_interfaces/ros_ign_interfaces/msg/detail/contacts__rosidl_typesupport_fastrtps_c.h
[0.465s] -- Up-to-date: /home/megan/magic/ros2_ws/install/ros_ign_interfaces/include/ros_ign_interfaces/ros_ign_interfaces/msg/detail/gui_camera__rosidl_typesupport_fastrtps_c.h
[0.465s] -- Up-to-date: /home/megan/magic/ros2_ws/install/ros_ign_interfaces/include/ros_ign_interfaces/ros_ign_interfaces/msg/detail/contact__rosidl_typesupport_fastrtps_c.h
[0.465s] -- Up-to-date: /home/megan/magic/ros2_ws/install/ros_ign_interfaces/include/ros_ign_interfaces/ros_ign_interfaces/msg/rosidl_typesupport_fastrtps_c__visibility_control.h
[0.465s] -- Up-to-date: /home/megan/magic/ros2_ws/install/ros_ign_interfaces/include/ros_ign_interfaces/ros_ign_interfaces/srv
[0.465s] -- Up-to-date: /home/megan/magic/ros2_ws/install/ros_ign_interfaces/include/ros_ign_interfaces/ros_ign_interfaces/srv/detail
[0.465s] -- Up-to-date: /home/megan/magic/ros2_ws/install/ros_ign_interfaces/include/ros_ign_interfaces/ros_ign_interfaces/srv/detail/control_world__rosidl_typesupport_fastrtps_c.h
[0.465s] -- Up-to-date: /home/megan/magic/ros2_ws/install/ros_ign_interfaces/include/ros_ign_interfaces/ros_ign_interfaces/srv/detail/spawn_entity__rosidl_typesupport_fastrtps_c.h
[0.465s] -- Up-to-date: /home/megan/magic/ros2_ws/install/ros_ign_interfaces/include/ros_ign_interfaces/ros_ign_interfaces/srv/detail/set_entity_pose__rosidl_typesupport_fastrtps_c.h
[0.465s] -- Up-to-date: /home/megan/magic/ros2_ws/install/ros_ign_interfaces/include/ros_ign_interfaces/ros_ign_interfaces/srv/detail/delete_entity__rosidl_typesupport_fastrtps_c.h
[0.465s] -- Up-to-date: /home/megan/magic/ros2_ws/install/ros_ign_interfaces/lib/libros_ign_interfaces__rosidl_typesupport_fastrtps_c.so
[0.465s] -- Up-to-date: /home/megan/magic/ros2_ws/install/ros_ign_interfaces/include/ros_ign_interfaces/ros_ign_interfaces
[0.465s] -- Up-to-date: /home/megan/magic/ros2_ws/install/ros_ign_interfaces/include/ros_ign_interfaces/ros_ign_interfaces/msg
[0.465s] -- Up-to-date: /home/megan/magic/ros2_ws/install/ros_ign_interfaces/include/ros_ign_interfaces/ros_ign_interfaces/msg/contact.hpp
[0.465s] -- Up-to-date: /home/megan/magic/ros2_ws/install/ros_ign_interfaces/include/ros_ign_interfaces/ros_ign_interfaces/msg/joint_wrench.hpp
[0.465s] -- Up-to-date: /home/megan/magic/ros2_ws/install/ros_ign_interfaces/include/ros_ign_interfaces/ros_ign_interfaces/msg/light.hpp
[0.465s] -- Up-to-date: /home/megan/magic/ros2_ws/install/ros_ign_interfaces/include/ros_ign_interfaces/ros_ign_interfaces/msg/string_vec.hpp
[0.465s] -- Up-to-date: /home/megan/magic/ros2_ws/install/ros_ign_interfaces/include/ros_ign_interfaces/ros_ign_interfaces/msg/detail
[0.465s] -- Up-to-date: /home/megan/magic/ros2_ws/install/ros_ign_interfaces/include/ros_ign_interfaces/ros_ign_interfaces/msg/detail/track_visual__builder.hpp
[0.465s] -- Up-to-date: /home/megan/magic/ros2_ws/install/ros_ign_interfaces/include/ros_ign_interfaces/ros_ign_interfaces/msg/detail/gui_camera__struct.hpp
[0.465s] -- Up-to-date: /home/megan/magic/ros2_ws/install/ros_ign_interfaces/include/ros_ign_interfaces/ros_ign_interfaces/msg/detail/joint_wrench__type_support.hpp
[0.465s] -- Up-to-date: /home/megan/magic/ros2_ws/install/ros_ign_interfaces/include/ros_ign_interfaces/ros_ign_interfaces/msg/detail/track_visual__struct.hpp
[0.465s] -- Up-to-date: /home/megan/magic/ros2_ws/install/ros_ign_interfaces/include/ros_ign_interfaces/ros_ign_interfaces/msg/detail/entity_factory__builder.hpp
[0.466s] -- Up-to-date: /home/megan/magic/ros2_ws/install/ros_ign_interfaces/include/ros_ign_interfaces/ros_ign_interfaces/msg/detail/gui_camera__builder.hpp
[0.466s] -- Up-to-date: /home/megan/magic/ros2_ws/install/ros_ign_interfaces/include/ros_ign_interfaces/ros_ign_interfaces/msg/detail/world_reset__type_support.hpp
[0.466s] -- Up-to-date: /home/megan/magic/ros2_ws/install/ros_ign_interfaces/include/ros_ign_interfaces/ros_ign_interfaces/msg/detail/string_vec__struct.hpp
[0.466s] -- Up-to-date: /home/megan/magic/ros2_ws/install/ros_ign_interfaces/include/ros_ign_interfaces/ros_ign_interfaces/msg/detail/entity__type_support.hpp
[0.466s] -- Up-to-date: /home/megan/magic/ros2_ws/install/ros_ign_interfaces/include/ros_ign_interfaces/ros_ign_interfaces/msg/detail/track_visual__traits.hpp
[0.466s] -- Up-to-date: /home/megan/magic/ros2_ws/install/ros_ign_interfaces/include/ros_ign_interfaces/ros_ign_interfaces/msg/detail/contacts__struct.hpp
[0.466s] -- Up-to-date: /home/megan/magic/ros2_ws/install/ros_ign_interfaces/include/ros_ign_interfaces/ros_ign_interfaces/msg/detail/world_reset__builder.hpp
[0.466s] -- Up-to-date: /home/megan/magic/ros2_ws/install/ros_ign_interfaces/include/ros_ign_interfaces/ros_ign_interfaces/msg/detail/contacts__type_support.hpp
[0.466s] -- Up-to-date: /home/megan/magic/ros2_ws/install/ros_ign_interfaces/include/ros_ign_interfaces/ros_ign_interfaces/msg/detail/entity_factory__type_support.hpp
[0.467s] -- Up-to-date: /home/megan/magic/ros2_ws/install/ros_ign_interfaces/include/ros_ign_interfaces/ros_ign_interfaces/msg/detail/gui_camera__traits.hpp
[0.467s] -- Up-to-date: /home/megan/magic/ros2_ws/install/ros_ign_interfaces/include/ros_ign_interfaces/ros_ign_interfaces/msg/detail/entity__builder.hpp
[0.467s] -- Up-to-date: /home/megan/magic/ros2_ws/install/ros_ign_interfaces/include/ros_ign_interfaces/ros_ign_interfaces/msg/detail/contacts__builder.hpp
[0.467s] -- Up-to-date: /home/megan/magic/ros2_ws/install/ros_ign_interfaces/include/ros_ign_interfaces/ros_ign_interfaces/msg/detail/string_vec__traits.hpp
[0.467s] -- Up-to-date: /home/megan/magic/ros2_ws/install/ros_ign_interfaces/include/ros_ign_interfaces/ros_ign_interfaces/msg/detail/gui_camera__type_support.hpp
[0.467s] -- Up-to-date: /home/megan/magic/ros2_ws/install/ros_ign_interfaces/include/ros_ign_interfaces/ros_ign_interfaces/msg/detail/world_control__traits.hpp
[0.467s] -- Up-to-date: /home/megan/magic/ros2_ws/install/ros_ign_interfaces/include/ros_ign_interfaces/ros_ign_interfaces/msg/detail/string_vec__type_support.hpp
[0.467s] -- Up-to-date: /home/megan/magic/ros2_ws/install/ros_ign_interfaces/include/ros_ign_interfaces/ros_ign_interfaces/msg/detail/contact__traits.hpp
[0.467s] -- Up-to-date: /home/megan/magic/ros2_ws/install/ros_ign_interfaces/include/ros_ign_interfaces/ros_ign_interfaces/msg/detail/track_visual__type_support.hpp
[0.468s] -- Up-to-date: /home/megan/magic/ros2_ws/install/ros_ign_interfaces/include/ros_ign_interfaces/ros_ign_interfaces/msg/detail/video_record__traits.hpp
[0.468s] -- Up-to-date: /home/megan/magic/ros2_ws/install/ros_ign_interfaces/include/ros_ign_interfaces/ros_ign_interfaces/msg/detail/entity__struct.hpp
[0.468s] -- Up-to-date: /home/megan/magic/ros2_ws/install/ros_ign_interfaces/include/ros_ign_interfaces/ros_ign_interfaces/msg/detail/entity_factory__struct.hpp
[0.468s] -- Up-to-date: /home/megan/magic/ros2_ws/install/ros_ign_interfaces/include/ros_ign_interfaces/ros_ign_interfaces/msg/detail/light__type_support.hpp
[0.468s] -- Up-to-date: /home/megan/magic/ros2_ws/install/ros_ign_interfaces/include/ros_ign_interfaces/ros_ign_interfaces/msg/detail/world_control__builder.hpp
[0.468s] -- Up-to-date: /home/megan/magic/ros2_ws/install/ros_ign_interfaces/include/ros_ign_interfaces/ros_ign_interfaces/msg/detail/entity_factory__traits.hpp
[0.468s] -- Up-to-date: /home/megan/magic/ros2_ws/install/ros_ign_interfaces/include/ros_ign_interfaces/ros_ign_interfaces/msg/detail/light__builder.hpp
[0.468s] -- Up-to-date: /home/megan/magic/ros2_ws/install/ros_ign_interfaces/include/ros_ign_interfaces/ros_ign_interfaces/msg/detail/joint_wrench__traits.hpp
[0.468s] -- Up-to-date: /home/megan/magic/ros2_ws/install/ros_ign_interfaces/include/ros_ign_interfaces/ros_ign_interfaces/msg/detail/joint_wrench__struct.hpp
[0.468s] -- Up-to-date: /home/megan/magic/ros2_ws/install/ros_ign_interfaces/include/ros_ign_interfaces/ros_ign_interfaces/msg/detail/joint_wrench__builder.hpp
[0.468s] -- Up-to-date: /home/megan/magic/ros2_ws/install/ros_ign_interfaces/include/ros_ign_interfaces/ros_ign_interfaces/msg/detail/video_record__builder.hpp
[0.469s] -- Up-to-date: /home/megan/magic/ros2_ws/install/ros_ign_interfaces/include/ros_ign_interfaces/ros_ign_interfaces/msg/detail/string_vec__builder.hpp
[0.469s] -- Up-to-date: /home/megan/magic/ros2_ws/install/ros_ign_interfaces/include/ros_ign_interfaces/ros_ign_interfaces/msg/detail/world_reset__traits.hpp
[0.469s] -- Up-to-date: /home/megan/magic/ros2_ws/install/ros_ign_interfaces/include/ros_ign_interfaces/ros_ign_interfaces/msg/detail/world_control__struct.hpp
[0.469s] -- Up-to-date: /home/megan/magic/ros2_ws/install/ros_ign_interfaces/include/ros_ign_interfaces/ros_ign_interfaces/msg/detail/light__struct.hpp
[0.469s] -- Up-to-date: /home/megan/magic/ros2_ws/install/ros_ign_interfaces/include/ros_ign_interfaces/ros_ign_interfaces/msg/detail/contact__struct.hpp
[0.469s] -- Up-to-date: /home/megan/magic/ros2_ws/install/ros_ign_interfaces/include/ros_ign_interfaces/ros_ign_interfaces/msg/detail/contact__type_support.hpp
[0.469s] -- Up-to-date: /home/megan/magic/ros2_ws/install/ros_ign_interfaces/include/ros_ign_interfaces/ros_ign_interfaces/msg/detail/video_record__type_support.hpp
[0.469s] -- Up-to-date: /home/megan/magic/ros2_ws/install/ros_ign_interfaces/include/ros_ign_interfaces/ros_ign_interfaces/msg/detail/world_control__type_support.hpp
[0.469s] -- Up-to-date: /home/megan/magic/ros2_ws/install/ros_ign_interfaces/include/ros_ign_interfaces/ros_ign_interfaces/msg/detail/light__traits.hpp
[0.469s] -- Up-to-date: /home/megan/magic/ros2_ws/install/ros_ign_interfaces/include/ros_ign_interfaces/ros_ign_interfaces/msg/detail/contacts__traits.hpp
[0.470s] -- Up-to-date: /home/megan/magic/ros2_ws/install/ros_ign_interfaces/include/ros_ign_interfaces/ros_ign_interfaces/msg/detail/world_reset__struct.hpp
[0.470s] -- Up-to-date: /home/megan/magic/ros2_ws/install/ros_ign_interfaces/include/ros_ign_interfaces/ros_ign_interfaces/msg/detail/video_record__struct.hpp
[0.470s] -- Up-to-date: /home/megan/magic/ros2_ws/install/ros_ign_interfaces/include/ros_ign_interfaces/ros_ign_interfaces/msg/detail/contact__builder.hpp
[0.470s] -- Up-to-date: /home/megan/magic/ros2_ws/install/ros_ign_interfaces/include/ros_ign_interfaces/ros_ign_interfaces/msg/detail/entity__traits.hpp
[0.470s] -- Up-to-date: /home/megan/magic/ros2_ws/install/ros_ign_interfaces/include/ros_ign_interfaces/ros_ign_interfaces/msg/contacts.hpp
[0.470s] -- Up-to-date: /home/megan/magic/ros2_ws/install/ros_ign_interfaces/include/ros_ign_interfaces/ros_ign_interfaces/msg/world_control.hpp
[0.470s] -- Up-to-date: /home/megan/magic/ros2_ws/install/ros_ign_interfaces/include/ros_ign_interfaces/ros_ign_interfaces/msg/track_visual.hpp
[0.470s] -- Up-to-date: /home/megan/magic/ros2_ws/install/ros_ign_interfaces/include/ros_ign_interfaces/ros_ign_interfaces/msg/world_reset.hpp
[0.470s] -- Up-to-date: /home/megan/magic/ros2_ws/install/ros_ign_interfaces/include/ros_ign_interfaces/ros_ign_interfaces/msg/rosidl_generator_cpp__visibility_control.hpp
[0.470s] -- Up-to-date: /home/megan/magic/ros2_ws/install/ros_ign_interfaces/include/ros_ign_interfaces/ros_ign_interfaces/msg/entity.hpp
[0.470s] -- Up-to-date: /home/megan/magic/ros2_ws/install/ros_ign_interfaces/include/ros_ign_interfaces/ros_ign_interfaces/msg/video_record.hpp
[0.470s] -- Up-to-date: /home/megan/magic/ros2_ws/install/ros_ign_interfaces/include/ros_ign_interfaces/ros_ign_interfaces/msg/gui_camera.hpp
[0.470s] -- Up-to-date: /home/megan/magic/ros2_ws/install/ros_ign_interfaces/include/ros_ign_interfaces/ros_ign_interfaces/msg/entity_factory.hpp
[0.470s] -- Up-to-date: /home/megan/magic/ros2_ws/install/ros_ign_interfaces/include/ros_ign_interfaces/ros_ign_interfaces/srv
[0.471s] -- Up-to-date: /home/megan/magic/ros2_ws/install/ros_ign_interfaces/include/ros_ign_interfaces/ros_ign_interfaces/srv/control_world.hpp
[0.471s] -- Up-to-date: /home/megan/magic/ros2_ws/install/ros_ign_interfaces/include/ros_ign_interfaces/ros_ign_interfaces/srv/delete_entity.hpp
[0.471s] -- Up-to-date: /home/megan/magic/ros2_ws/install/ros_ign_interfaces/include/ros_ign_interfaces/ros_ign_interfaces/srv/detail
[0.471s] -- Up-to-date: /home/megan/magic/ros2_ws/install/ros_ign_interfaces/include/ros_ign_interfaces/ros_ign_interfaces/srv/detail/set_entity_pose__struct.hpp
[0.471s] -- Up-to-date: /home/megan/magic/ros2_ws/install/ros_ign_interfaces/include/ros_ign_interfaces/ros_ign_interfaces/srv/detail/spawn_entity__traits.hpp
[0.471s] -- Up-to-date: /home/megan/magic/ros2_ws/install/ros_ign_interfaces/include/ros_ign_interfaces/ros_ign_interfaces/srv/detail/control_world__type_support.hpp
[0.471s] -- Up-to-date: /home/megan/magic/ros2_ws/install/ros_ign_interfaces/include/ros_ign_interfaces/ros_ign_interfaces/srv/detail/set_entity_pose__type_support.hpp
[0.471s] -- Up-to-date: /home/megan/magic/ros2_ws/install/ros_ign_interfaces/include/ros_ign_interfaces/ros_ign_interfaces/srv/detail/delete_entity__type_support.hpp
[0.471s] -- Up-to-date: /home/megan/magic/ros2_ws/install/ros_ign_interfaces/include/ros_ign_interfaces/ros_ign_interfaces/srv/detail/set_entity_pose__builder.hpp
[0.471s] -- Up-to-date: /home/megan/magic/ros2_ws/install/ros_ign_interfaces/include/ros_ign_interfaces/ros_ign_interfaces/srv/detail/delete_entity__struct.hpp
[0.471s] -- Up-to-date: /home/megan/magic/ros2_ws/install/ros_ign_interfaces/include/ros_ign_interfaces/ros_ign_interfaces/srv/detail/delete_entity__builder.hpp
[0.472s] -- Up-to-date: /home/megan/magic/ros2_ws/install/ros_ign_interfaces/include/ros_ign_interfaces/ros_ign_interfaces/srv/detail/spawn_entity__struct.hpp
[0.472s] -- Up-to-date: /home/megan/magic/ros2_ws/install/ros_ign_interfaces/include/ros_ign_interfaces/ros_ign_interfaces/srv/detail/control_world__builder.hpp
[0.472s] -- Up-to-date: /home/megan/magic/ros2_ws/install/ros_ign_interfaces/include/ros_ign_interfaces/ros_ign_interfaces/srv/detail/set_entity_pose__traits.hpp
[0.472s] -- Up-to-date: /home/megan/magic/ros2_ws/install/ros_ign_interfaces/include/ros_ign_interfaces/ros_ign_interfaces/srv/detail/spawn_entity__builder.hpp
[0.472s] -- Up-to-date: /home/megan/magic/ros2_ws/install/ros_ign_interfaces/include/ros_ign_interfaces/ros_ign_interfaces/srv/detail/control_world__traits.hpp
[0.472s] -- Up-to-date: /home/megan/magic/ros2_ws/install/ros_ign_interfaces/include/ros_ign_interfaces/ros_ign_interfaces/srv/detail/delete_entity__traits.hpp
[0.472s] -- Up-to-date: /home/megan/magic/ros2_ws/install/ros_ign_interfaces/include/ros_ign_interfaces/ros_ign_interfaces/srv/detail/spawn_entity__type_support.hpp
[0.472s] -- Up-to-date: /home/megan/magic/ros2_ws/install/ros_ign_interfaces/include/ros_ign_interfaces/ros_ign_interfaces/srv/detail/control_world__struct.hpp
[0.472s] -- Up-to-date: /home/megan/magic/ros2_ws/install/ros_ign_interfaces/include/ros_ign_interfaces/ros_ign_interfaces/srv/set_entity_pose.hpp
[0.472s] -- Up-to-date: /home/megan/magic/ros2_ws/install/ros_ign_interfaces/include/ros_ign_interfaces/ros_ign_interfaces/srv/spawn_entity.hpp
[0.472s] -- Up-to-date: /home/megan/magic/ros2_ws/install/ros_ign_interfaces/include/ros_ign_interfaces/ros_ign_interfaces
[0.472s] -- Up-to-date: /home/megan/magic/ros2_ws/install/ros_ign_interfaces/include/ros_ign_interfaces/ros_ign_interfaces/msg
[0.472s] -- Up-to-date: /home/megan/magic/ros2_ws/install/ros_ign_interfaces/include/ros_ign_interfaces/ros_ign_interfaces/msg/detail
[0.472s] -- Up-to-date: /home/megan/magic/ros2_ws/install/ros_ign_interfaces/include/ros_ign_interfaces/ros_ign_interfaces/msg/detail/gui_camera__rosidl_typesupport_fastrtps_cpp.hpp
[0.473s] -- Up-to-date: /home/megan/magic/ros2_ws/install/ros_ign_interfaces/include/ros_ign_interfaces/ros_ign_interfaces/msg/detail/contacts__rosidl_typesupport_fastrtps_cpp.hpp
[0.473s] -- Up-to-date: /home/megan/magic/ros2_ws/install/ros_ign_interfaces/include/ros_ign_interfaces/ros_ign_interfaces/msg/detail/world_control__rosidl_typesupport_fastrtps_cpp.hpp
[0.473s] -- Up-to-date: /home/megan/magic/ros2_ws/install/ros_ign_interfaces/include/ros_ign_interfaces/ros_ign_interfaces/msg/detail/joint_wrench__rosidl_typesupport_fastrtps_cpp.hpp
[0.473s] -- Up-to-date: /home/megan/magic/ros2_ws/install/ros_ign_interfaces/include/ros_ign_interfaces/ros_ign_interfaces/msg/detail/video_record__rosidl_typesupport_fastrtps_cpp.hpp
[0.473s] -- Up-to-date: /home/megan/magic/ros2_ws/install/ros_ign_interfaces/include/ros_ign_interfaces/ros_ign_interfaces/msg/detail/entity_factory__rosidl_typesupport_fastrtps_cpp.hpp
[0.473s] -- Up-to-date: /home/megan/magic/ros2_ws/install/ros_ign_interfaces/include/ros_ign_interfaces/ros_ign_interfaces/msg/detail/world_reset__rosidl_typesupport_fastrtps_cpp.hpp
[0.473s] -- Up-to-date: /home/megan/magic/ros2_ws/install/ros_ign_interfaces/include/ros_ign_interfaces/ros_ign_interfaces/msg/detail/string_vec__rosidl_typesupport_fastrtps_cpp.hpp
[0.473s] -- Up-to-date: /home/megan/magic/ros2_ws/install/ros_ign_interfaces/include/ros_ign_interfaces/ros_ign_interfaces/msg/detail/light__rosidl_typesupport_fastrtps_cpp.hpp
[0.473s] -- Up-to-date: /home/megan/magic/ros2_ws/install/ros_ign_interfaces/include/ros_ign_interfaces/ros_ign_interfaces/msg/detail/contact__rosidl_typesupport_fastrtps_cpp.hpp
[0.473s] -- Up-to-date: /home/megan/magic/ros2_ws/install/ros_ign_interfaces/include/ros_ign_interfaces/ros_ign_interfaces/msg/detail/dds_fastrtps
[0.473s] -- Up-to-date: /home/megan/magic/ros2_ws/install/ros_ign_interfaces/include/ros_ign_interfaces/ros_ign_interfaces/msg/detail/track_visual__rosidl_typesupport_fastrtps_cpp.hpp
[0.473s] -- Up-to-date: /home/megan/magic/ros2_ws/install/ros_ign_interfaces/include/ros_ign_interfaces/ros_ign_interfaces/msg/detail/entity__rosidl_typesupport_fastrtps_cpp.hpp
[0.474s] -- Up-to-date: /home/megan/magic/ros2_ws/install/ros_ign_interfaces/include/ros_ign_interfaces/ros_ign_interfaces/msg/rosidl_typesupport_fastrtps_cpp__visibility_control.h
[0.474s] -- Up-to-date: /home/megan/magic/ros2_ws/install/ros_ign_interfaces/include/ros_ign_interfaces/ros_ign_interfaces/srv
[0.474s] -- Up-to-date: /home/megan/magic/ros2_ws/install/ros_ign_interfaces/include/ros_ign_interfaces/ros_ign_interfaces/srv/detail
[0.474s] -- Up-to-date: /home/megan/magic/ros2_ws/install/ros_ign_interfaces/include/ros_ign_interfaces/ros_ign_interfaces/srv/detail/control_world__rosidl_typesupport_fastrtps_cpp.hpp
[0.474s] -- Up-to-date: /home/megan/magic/ros2_ws/install/ros_ign_interfaces/include/ros_ign_interfaces/ros_ign_interfaces/srv/detail/spawn_entity__rosidl_typesupport_fastrtps_cpp.hpp
[0.474s] -- Up-to-date: /home/megan/magic/ros2_ws/install/ros_ign_interfaces/include/ros_ign_interfaces/ros_ign_interfaces/srv/detail/set_entity_pose__rosidl_typesupport_fastrtps_cpp.hpp
[0.474s] -- Up-to-date: /home/megan/magic/ros2_ws/install/ros_ign_interfaces/include/ros_ign_interfaces/ros_ign_interfaces/srv/detail/dds_fastrtps
[0.474s] -- Up-to-date: /home/megan/magic/ros2_ws/install/ros_ign_interfaces/include/ros_ign_interfaces/ros_ign_interfaces/srv/detail/delete_entity__rosidl_typesupport_fastrtps_cpp.hpp
[0.474s] -- Up-to-date: /home/megan/magic/ros2_ws/install/ros_ign_interfaces/lib/libros_ign_interfaces__rosidl_typesupport_fastrtps_cpp.so
[0.474s] -- Up-to-date: /home/megan/magic/ros2_ws/install/ros_ign_interfaces/include/ros_ign_interfaces/ros_ign_interfaces
[0.474s] -- Up-to-date: /home/megan/magic/ros2_ws/install/ros_ign_interfaces/include/ros_ign_interfaces/ros_ign_interfaces/msg
[0.474s] -- Up-to-date: /home/megan/magic/ros2_ws/install/ros_ign_interfaces/include/ros_ign_interfaces/ros_ign_interfaces/msg/detail
[0.474s] -- Up-to-date: /home/megan/magic/ros2_ws/install/ros_ign_interfaces/include/ros_ign_interfaces/ros_ign_interfaces/msg/detail/contact__rosidl_typesupport_introspection_c.h
[0.475s] -- Up-to-date: /home/megan/magic/ros2_ws/install/ros_ign_interfaces/include/ros_ign_interfaces/ros_ign_interfaces/msg/detail/world_reset__rosidl_typesupport_introspection_c.h
[0.475s] -- Up-to-date: /home/megan/magic/ros2_ws/install/ros_ign_interfaces/include/ros_ign_interfaces/ros_ign_interfaces/msg/detail/track_visual__type_support.c
[0.475s] -- Up-to-date: /home/megan/magic/ros2_ws/install/ros_ign_interfaces/include/ros_ign_interfaces/ros_ign_interfaces/msg/detail/world_control__type_support.c
[0.475s] -- Up-to-date: /home/megan/magic/ros2_ws/install/ros_ign_interfaces/include/ros_ign_interfaces/ros_ign_interfaces/msg/detail/video_record__rosidl_typesupport_introspection_c.h
[0.475s] -- Up-to-date: /home/megan/magic/ros2_ws/install/ros_ign_interfaces/include/ros_ign_interfaces/ros_ign_interfaces/msg/detail/joint_wrench__rosidl_typesupport_introspection_c.h
[0.475s] -- Up-to-date: /home/megan/magic/ros2_ws/install/ros_ign_interfaces/include/ros_ign_interfaces/ros_ign_interfaces/msg/detail/joint_wrench__type_support.c
[0.475s] -- Up-to-date: /home/megan/magic/ros2_ws/install/ros_ign_interfaces/include/ros_ign_interfaces/ros_ign_interfaces/msg/detail/gui_camera__rosidl_typesupport_introspection_c.h
[0.475s] -- Up-to-date: /home/megan/magic/ros2_ws/install/ros_ign_interfaces/include/ros_ign_interfaces/ros_ign_interfaces/msg/detail/entity__type_support.c
[0.475s] -- Up-to-date: /home/megan/magic/ros2_ws/install/ros_ign_interfaces/include/ros_ign_interfaces/ros_ign_interfaces/msg/detail/string_vec__type_support.c
[0.475s] -- Up-to-date: /home/megan/magic/ros2_ws/install/ros_ign_interfaces/include/ros_ign_interfaces/ros_ign_interfaces/msg/detail/light__rosidl_typesupport_introspection_c.h
[0.475s] -- Up-to-date: /home/megan/magic/ros2_ws/install/ros_ign_interfaces/include/ros_ign_interfaces/ros_ign_interfaces/msg/detail/string_vec__rosidl_typesupport_introspection_c.h
[0.476s] -- Up-to-date: /home/megan/magic/ros2_ws/install/ros_ign_interfaces/include/ros_ign_interfaces/ros_ign_interfaces/msg/detail/gui_camera__type_support.c
[0.476s] -- Up-to-date: /home/megan/magic/ros2_ws/install/ros_ign_interfaces/include/ros_ign_interfaces/ros_ign_interfaces/msg/detail/contacts__rosidl_typesupport_introspection_c.h
[0.476s] -- Up-to-date: /home/megan/magic/ros2_ws/install/ros_ign_interfaces/include/ros_ign_interfaces/ros_ign_interfaces/msg/detail/light__type_support.c
[0.476s] -- Up-to-date: /home/megan/magic/ros2_ws/install/ros_ign_interfaces/include/ros_ign_interfaces/ros_ign_interfaces/msg/detail/entity__rosidl_typesupport_introspection_c.h
[0.476s] -- Up-to-date: /home/megan/magic/ros2_ws/install/ros_ign_interfaces/include/ros_ign_interfaces/ros_ign_interfaces/msg/detail/track_visual__rosidl_typesupport_introspection_c.h
[0.476s] -- Up-to-date: /home/megan/magic/ros2_ws/install/ros_ign_interfaces/include/ros_ign_interfaces/ros_ign_interfaces/msg/detail/world_reset__type_support.c
[0.476s] -- Up-to-date: /home/megan/magic/ros2_ws/install/ros_ign_interfaces/include/ros_ign_interfaces/ros_ign_interfaces/msg/detail/contact__type_support.c
[0.476s] -- Up-to-date: /home/megan/magic/ros2_ws/install/ros_ign_interfaces/include/ros_ign_interfaces/ros_ign_interfaces/msg/detail/contacts__type_support.c
[0.476s] -- Up-to-date: /home/megan/magic/ros2_ws/install/ros_ign_interfaces/include/ros_ign_interfaces/ros_ign_interfaces/msg/detail/video_record__type_support.c
[0.476s] -- Up-to-date: /home/megan/magic/ros2_ws/install/ros_ign_interfaces/include/ros_ign_interfaces/ros_ign_interfaces/msg/detail/world_control__rosidl_typesupport_introspection_c.h
[0.476s] -- Up-to-date: /home/megan/magic/ros2_ws/install/ros_ign_interfaces/include/ros_ign_interfaces/ros_ign_interfaces/msg/detail/entity_factory__type_support.c
[0.476s] -- Up-to-date: /home/megan/magic/ros2_ws/install/ros_ign_interfaces/include/ros_ign_interfaces/ros_ign_interfaces/msg/detail/entity_factory__rosidl_typesupport_introspection_c.h
[0.476s] -- Up-to-date: /home/megan/magic/ros2_ws/install/ros_ign_interfaces/include/ros_ign_interfaces/ros_ign_interfaces/msg/rosidl_typesupport_introspection_c__visibility_control.h
[0.476s] -- Up-to-date: /home/megan/magic/ros2_ws/install/ros_ign_interfaces/include/ros_ign_interfaces/ros_ign_interfaces/srv
[0.477s] -- Up-to-date: /home/megan/magic/ros2_ws/install/ros_ign_interfaces/include/ros_ign_interfaces/ros_ign_interfaces/srv/detail
[0.477s] -- Up-to-date: /home/megan/magic/ros2_ws/install/ros_ign_interfaces/include/ros_ign_interfaces/ros_ign_interfaces/srv/detail/control_world__type_support.c
[0.477s] -- Up-to-date: /home/megan/magic/ros2_ws/install/ros_ign_interfaces/include/ros_ign_interfaces/ros_ign_interfaces/srv/detail/delete_entity__type_support.c
[0.477s] -- Up-to-date: /home/megan/magic/ros2_ws/install/ros_ign_interfaces/include/ros_ign_interfaces/ros_ign_interfaces/srv/detail/delete_entity__rosidl_typesupport_introspection_c.h
[0.477s] -- Up-to-date: /home/megan/magic/ros2_ws/install/ros_ign_interfaces/include/ros_ign_interfaces/ros_ign_interfaces/srv/detail/spawn_entity__type_support.c
[0.477s] -- Up-to-date: /home/megan/magic/ros2_ws/install/ros_ign_interfaces/include/ros_ign_interfaces/ros_ign_interfaces/srv/detail/spawn_entity__rosidl_typesupport_introspection_c.h
[0.477s] -- Up-to-date: /home/megan/magic/ros2_ws/install/ros_ign_interfaces/include/ros_ign_interfaces/ros_ign_interfaces/srv/detail/control_world__rosidl_typesupport_introspection_c.h
[0.477s] -- Up-to-date: /home/megan/magic/ros2_ws/install/ros_ign_interfaces/include/ros_ign_interfaces/ros_ign_interfaces/srv/detail/set_entity_pose__type_support.c
[0.477s] -- Up-to-date: /home/megan/magic/ros2_ws/install/ros_ign_interfaces/include/ros_ign_interfaces/ros_ign_interfaces/srv/detail/set_entity_pose__rosidl_typesupport_introspection_c.h
[0.477s] -- Up-to-date: /home/megan/magic/ros2_ws/install/ros_ign_interfaces/lib/libros_ign_interfaces__rosidl_typesupport_introspection_c.so
[0.477s] -- Up-to-date: /home/megan/magic/ros2_ws/install/ros_ign_interfaces/lib/libros_ign_interfaces__rosidl_typesupport_c.so
[0.477s] -- Up-to-date: /home/megan/magic/ros2_ws/install/ros_ign_interfaces/include/ros_ign_interfaces/ros_ign_interfaces
[0.477s] -- Up-to-date: /home/megan/magic/ros2_ws/install/ros_ign_interfaces/include/ros_ign_interfaces/ros_ign_interfaces/msg
[0.478s] -- Up-to-date: /home/megan/magic/ros2_ws/install/ros_ign_interfaces/include/ros_ign_interfaces/ros_ign_interfaces/msg/detail
[0.478s] -- Up-to-date: /home/megan/magic/ros2_ws/install/ros_ign_interfaces/include/ros_ign_interfaces/ros_ign_interfaces/msg/detail/track_visual__type_support.cpp
[0.478s] -- Up-to-date: /home/megan/magic/ros2_ws/install/ros_ign_interfaces/include/ros_ign_interfaces/ros_ign_interfaces/msg/detail/world_reset__rosidl_typesupport_introspection_cpp.hpp
[0.478s] -- Up-to-date: /home/megan/magic/ros2_ws/install/ros_ign_interfaces/include/ros_ign_interfaces/ros_ign_interfaces/msg/detail/joint_wrench__rosidl_typesupport_introspection_cpp.hpp
[0.478s] -- Up-to-date: /home/megan/magic/ros2_ws/install/ros_ign_interfaces/include/ros_ign_interfaces/ros_ign_interfaces/msg/detail/gui_camera__rosidl_typesupport_introspection_cpp.hpp
[0.478s] -- Up-to-date: /home/megan/magic/ros2_ws/install/ros_ign_interfaces/include/ros_ign_interfaces/ros_ign_interfaces/msg/detail/track_visual__rosidl_typesupport_introspection_cpp.hpp
[0.478s] -- Up-to-date: /home/megan/magic/ros2_ws/install/ros_ign_interfaces/include/ros_ign_interfaces/ros_ign_interfaces/msg/detail/video_record__rosidl_typesupport_introspection_cpp.hpp
[0.478s] -- Up-to-date: /home/megan/magic/ros2_ws/install/ros_ign_interfaces/include/ros_ign_interfaces/ros_ign_interfaces/msg/detail/contact__type_support.cpp
[0.478s] -- Up-to-date: /home/megan/magic/ros2_ws/install/ros_ign_interfaces/include/ros_ign_interfaces/ros_ign_interfaces/msg/detail/video_record__type_support.cpp
[0.478s] -- Up-to-date: /home/megan/magic/ros2_ws/install/ros_ign_interfaces/include/ros_ign_interfaces/ros_ign_interfaces/msg/detail/entity__rosidl_typesupport_introspection_cpp.hpp
[0.478s] -- Up-to-date: /home/megan/magic/ros2_ws/install/ros_ign_interfaces/include/ros_ign_interfaces/ros_ign_interfaces/msg/detail/gui_camera__type_support.cpp
[0.478s] -- Up-to-date: /home/megan/magic/ros2_ws/install/ros_ign_interfaces/include/ros_ign_interfaces/ros_ign_interfaces/msg/detail/world_control__type_support.cpp
[0.478s] -- Up-to-date: /home/megan/magic/ros2_ws/install/ros_ign_interfaces/include/ros_ign_interfaces/ros_ign_interfaces/msg/detail/string_vec__rosidl_typesupport_introspection_cpp.hpp
[0.478s] -- Up-to-date: /home/megan/magic/ros2_ws/install/ros_ign_interfaces/include/ros_ign_interfaces/ros_ign_interfaces/msg/detail/world_reset__type_support.cpp
[0.479s] -- Up-to-date: /home/megan/magic/ros2_ws/install/ros_ign_interfaces/include/ros_ign_interfaces/ros_ign_interfaces/msg/detail/joint_wrench__type_support.cpp
[0.479s] -- Up-to-date: /home/megan/magic/ros2_ws/install/ros_ign_interfaces/include/ros_ign_interfaces/ros_ign_interfaces/msg/detail/string_vec__type_support.cpp
[0.479s] -- Up-to-date: /home/megan/magic/ros2_ws/install/ros_ign_interfaces/include/ros_ign_interfaces/ros_ign_interfaces/msg/detail/contact__rosidl_typesupport_introspection_cpp.hpp
[0.479s] -- Up-to-date: /home/megan/magic/ros2_ws/install/ros_ign_interfaces/include/ros_ign_interfaces/ros_ign_interfaces/msg/detail/entity_factory__type_support.cpp
[0.479s] -- Up-to-date: /home/megan/magic/ros2_ws/install/ros_ign_interfaces/include/ros_ign_interfaces/ros_ign_interfaces/msg/detail/light__type_support.cpp
[0.479s] -- Up-to-date: /home/megan/magic/ros2_ws/install/ros_ign_interfaces/include/ros_ign_interfaces/ros_ign_interfaces/msg/detail/contacts__rosidl_typesupport_introspection_cpp.hpp
[0.479s] -- Up-to-date: /home/megan/magic/ros2_ws/install/ros_ign_interfaces/include/ros_ign_interfaces/ros_ign_interfaces/msg/detail/entity_factory__rosidl_typesupport_introspection_cpp.hpp
[0.479s] -- Up-to-date: /home/megan/magic/ros2_ws/install/ros_ign_interfaces/include/ros_ign_interfaces/ros_ign_interfaces/msg/detail/light__rosidl_typesupport_introspection_cpp.hpp
[0.479s] -- Up-to-date: /home/megan/magic/ros2_ws/install/ros_ign_interfaces/include/ros_ign_interfaces/ros_ign_interfaces/msg/detail/entity__type_support.cpp
[0.479s] -- Up-to-date: /home/megan/magic/ros2_ws/install/ros_ign_interfaces/include/ros_ign_interfaces/ros_ign_interfaces/msg/detail/contacts__type_support.cpp
[0.479s] -- Up-to-date: /home/megan/magic/ros2_ws/install/ros_ign_interfaces/include/ros_ign_interfaces/ros_ign_interfaces/msg/detail/world_control__rosidl_typesupport_introspection_cpp.hpp
[0.479s] -- Up-to-date: /home/megan/magic/ros2_ws/install/ros_ign_interfaces/include/ros_ign_interfaces/ros_ign_interfaces/srv
[0.480s] -- Up-to-date: /home/megan/magic/ros2_ws/install/ros_ign_interfaces/include/ros_ign_interfaces/ros_ign_interfaces/srv/detail
[0.480s] -- Up-to-date: /home/megan/magic/ros2_ws/install/ros_ign_interfaces/include/ros_ign_interfaces/ros_ign_interfaces/srv/detail/spawn_entity__type_support.cpp
[0.480s] -- Up-to-date: /home/megan/magic/ros2_ws/install/ros_ign_interfaces/include/ros_ign_interfaces/ros_ign_interfaces/srv/detail/control_world__rosidl_typesupport_introspection_cpp.hpp
[0.480s] -- Up-to-date: /home/megan/magic/ros2_ws/install/ros_ign_interfaces/include/ros_ign_interfaces/ros_ign_interfaces/srv/detail/delete_entity__rosidl_typesupport_introspection_cpp.hpp
[0.480s] -- Up-to-date: /home/megan/magic/ros2_ws/install/ros_ign_interfaces/include/ros_ign_interfaces/ros_ign_interfaces/srv/detail/control_world__type_support.cpp
[0.480s] -- Up-to-date: /home/megan/magic/ros2_ws/install/ros_ign_interfaces/include/ros_ign_interfaces/ros_ign_interfaces/srv/detail/delete_entity__type_support.cpp
[0.480s] -- Up-to-date: /home/megan/magic/ros2_ws/install/ros_ign_interfaces/include/ros_ign_interfaces/ros_ign_interfaces/srv/detail/set_entity_pose__rosidl_typesupport_introspection_cpp.hpp
[0.480s] -- Up-to-date: /home/megan/magic/ros2_ws/install/ros_ign_interfaces/include/ros_ign_interfaces/ros_ign_interfaces/srv/detail/spawn_entity__rosidl_typesupport_introspection_cpp.hpp
[0.480s] -- Up-to-date: /home/megan/magic/ros2_ws/install/ros_ign_interfaces/include/ros_ign_interfaces/ros_ign_interfaces/srv/detail/set_entity_pose__type_support.cpp
[0.480s] -- Up-to-date: /home/megan/magic/ros2_ws/install/ros_ign_interfaces/lib/libros_ign_interfaces__rosidl_typesupport_introspection_cpp.so
[0.480s] -- Up-to-date: /home/megan/magic/ros2_ws/install/ros_ign_interfaces/lib/libros_ign_interfaces__rosidl_typesupport_cpp.so
[0.480s] -- Up-to-date: /home/megan/magic/ros2_ws/install/ros_ign_interfaces/share/ros_ign_interfaces/environment/pythonpath.sh
[0.480s] -- Up-to-date: /home/megan/magic/ros2_ws/install/ros_ign_interfaces/share/ros_ign_interfaces/environment/pythonpath.dsv
[0.480s] -- Up-to-date: /home/megan/magic/ros2_ws/install/ros_ign_interfaces/lib/python3.10/site-packages/ros_ign_interfaces-0.244.16-py3.10.egg-info
[0.481s] -- Installing: /home/megan/magic/ros2_ws/install/ros_ign_interfaces/lib/python3.10/site-packages/ros_ign_interfaces-0.244.16-py3.10.egg-info/dependency_links.txt
[0.481s] -- Installing: /home/megan/magic/ros2_ws/install/ros_ign_interfaces/lib/python3.10/site-packages/ros_ign_interfaces-0.244.16-py3.10.egg-info/PKG-INFO
[0.481s] -- Installing: /home/megan/magic/ros2_ws/install/ros_ign_interfaces/lib/python3.10/site-packages/ros_ign_interfaces-0.244.16-py3.10.egg-info/top_level.txt
[0.481s] -- Installing: /home/megan/magic/ros2_ws/install/ros_ign_interfaces/lib/python3.10/site-packages/ros_ign_interfaces-0.244.16-py3.10.egg-info/SOURCES.txt
[0.481s] -- Up-to-date: /home/megan/magic/ros2_ws/install/ros_ign_interfaces/lib/python3.10/site-packages/ros_ign_interfaces
[0.481s] -- Up-to-date: /home/megan/magic/ros2_ws/install/ros_ign_interfaces/lib/python3.10/site-packages/ros_ign_interfaces/__init__.py
[0.481s] -- Up-to-date: /home/megan/magic/ros2_ws/install/ros_ign_interfaces/lib/python3.10/site-packages/ros_ign_interfaces/ros_ign_interfaces_s__rosidl_typesupport_introspection_c.cpython-310-x86_64-linux-gnu.so
[0.481s] -- Up-to-date: /home/megan/magic/ros2_ws/install/ros_ign_interfaces/lib/python3.10/site-packages/ros_ign_interfaces/_ros_ign_interfaces_s.ep.rosidl_typesupport_c.c
[0.481s] -- Up-to-date: /home/megan/magic/ros2_ws/install/ros_ign_interfaces/lib/python3.10/site-packages/ros_ign_interfaces/_ros_ign_interfaces_s.ep.rosidl_typesupport_introspection_c.c
[0.481s] -- Up-to-date: /home/megan/magic/ros2_ws/install/ros_ign_interfaces/lib/python3.10/site-packages/ros_ign_interfaces/ros_ign_interfaces_s__rosidl_typesupport_fastrtps_c.cpython-310-x86_64-linux-gnu.so
[0.481s] -- Up-to-date: /home/megan/magic/ros2_ws/install/ros_ign_interfaces/lib/python3.10/site-packages/ros_ign_interfaces/libros_ign_interfaces__rosidl_generator_py.so
[0.481s] -- Up-to-date: /home/megan/magic/ros2_ws/install/ros_ign_interfaces/lib/python3.10/site-packages/ros_ign_interfaces/msg
[0.481s] -- Up-to-date: /home/megan/magic/ros2_ws/install/ros_ign_interfaces/lib/python3.10/site-packages/ros_ign_interfaces/msg/__init__.py
[0.481s] -- Up-to-date: /home/megan/magic/ros2_ws/install/ros_ign_interfaces/lib/python3.10/site-packages/ros_ign_interfaces/msg/_joint_wrench.py
[0.482s] -- Up-to-date: /home/megan/magic/ros2_ws/install/ros_ign_interfaces/lib/python3.10/site-packages/ros_ign_interfaces/msg/_world_control_s.c
[0.482s] -- Up-to-date: /home/megan/magic/ros2_ws/install/ros_ign_interfaces/lib/python3.10/site-packages/ros_ign_interfaces/msg/_light.py
[0.482s] -- Up-to-date: /home/megan/magic/ros2_ws/install/ros_ign_interfaces/lib/python3.10/site-packages/ros_ign_interfaces/msg/_world_control.py
[0.482s] -- Up-to-date: /home/megan/magic/ros2_ws/install/ros_ign_interfaces/lib/python3.10/site-packages/ros_ign_interfaces/msg/_contacts_s.c
[0.482s] -- Up-to-date: /home/megan/magic/ros2_ws/install/ros_ign_interfaces/lib/python3.10/site-packages/ros_ign_interfaces/msg/_video_record.py
[0.482s] -- Up-to-date: /home/megan/magic/ros2_ws/install/ros_ign_interfaces/lib/python3.10/site-packages/ros_ign_interfaces/msg/_joint_wrench_s.c
[0.482s] -- Up-to-date: /home/megan/magic/ros2_ws/install/ros_ign_interfaces/lib/python3.10/site-packages/ros_ign_interfaces/msg/_string_vec.py
[0.482s] -- Up-to-date: /home/megan/magic/ros2_ws/install/ros_ign_interfaces/lib/python3.10/site-packages/ros_ign_interfaces/msg/_world_reset.py
[0.482s] -- Up-to-date: /home/megan/magic/ros2_ws/install/ros_ign_interfaces/lib/python3.10/site-packages/ros_ign_interfaces/msg/_track_visual.py
[0.482s] -- Up-to-date: /home/megan/magic/ros2_ws/install/ros_ign_interfaces/lib/python3.10/site-packages/ros_ign_interfaces/msg/_entity_factory.py
[0.482s] -- Up-to-date: /home/megan/magic/ros2_ws/install/ros_ign_interfaces/lib/python3.10/site-packages/ros_ign_interfaces/msg/_light_s.c
[0.482s] -- Up-to-date: /home/megan/magic/ros2_ws/install/ros_ign_interfaces/lib/python3.10/site-packages/ros_ign_interfaces/msg/_entity.py
[0.482s] -- Up-to-date: /home/megan/magic/ros2_ws/install/ros_ign_interfaces/lib/python3.10/site-packages/ros_ign_interfaces/msg/_entity_factory_s.c
[0.482s] -- Up-to-date: /home/megan/magic/ros2_ws/install/ros_ign_interfaces/lib/python3.10/site-packages/ros_ign_interfaces/msg/_gui_camera.py
[0.483s] -- Up-to-date: /home/megan/magic/ros2_ws/install/ros_ign_interfaces/lib/python3.10/site-packages/ros_ign_interfaces/msg/_video_record_s.c
[0.483s] -- Up-to-date: /home/megan/magic/ros2_ws/install/ros_ign_interfaces/lib/python3.10/site-packages/ros_ign_interfaces/msg/_string_vec_s.c
[0.483s] -- Up-to-date: /home/megan/magic/ros2_ws/install/ros_ign_interfaces/lib/python3.10/site-packages/ros_ign_interfaces/msg/_track_visual_s.c
[0.483s] -- Up-to-date: /home/megan/magic/ros2_ws/install/ros_ign_interfaces/lib/python3.10/site-packages/ros_ign_interfaces/msg/_contacts.py
[0.483s] -- Up-to-date: /home/megan/magic/ros2_ws/install/ros_ign_interfaces/lib/python3.10/site-packages/ros_ign_interfaces/msg/_world_reset_s.c
[0.483s] -- Up-to-date: /home/megan/magic/ros2_ws/install/ros_ign_interfaces/lib/python3.10/site-packages/ros_ign_interfaces/msg/_entity_s.c
[0.483s] -- Up-to-date: /home/megan/magic/ros2_ws/install/ros_ign_interfaces/lib/python3.10/site-packages/ros_ign_interfaces/msg/_contact.py
[0.483s] -- Up-to-date: /home/megan/magic/ros2_ws/install/ros_ign_interfaces/lib/python3.10/site-packages/ros_ign_interfaces/msg/_gui_camera_s.c
[0.483s] -- Up-to-date: /home/megan/magic/ros2_ws/install/ros_ign_interfaces/lib/python3.10/site-packages/ros_ign_interfaces/msg/_contact_s.c
[0.483s] -- Up-to-date: /home/megan/magic/ros2_ws/install/ros_ign_interfaces/lib/python3.10/site-packages/ros_ign_interfaces/ros_ign_interfaces_s__rosidl_typesupport_c.cpython-310-x86_64-linux-gnu.so
[0.483s] -- Up-to-date: /home/megan/magic/ros2_ws/install/ros_ign_interfaces/lib/python3.10/site-packages/ros_ign_interfaces/_ros_ign_interfaces_s.ep.rosidl_typesupport_fastrtps_c.c
[0.483s] -- Up-to-date: /home/megan/magic/ros2_ws/install/ros_ign_interfaces/lib/python3.10/site-packages/ros_ign_interfaces/srv
[0.483s] -- Up-to-date: /home/megan/magic/ros2_ws/install/ros_ign_interfaces/lib/python3.10/site-packages/ros_ign_interfaces/srv/__init__.py
[0.483s] -- Up-to-date: /home/megan/magic/ros2_ws/install/ros_ign_interfaces/lib/python3.10/site-packages/ros_ign_interfaces/srv/_delete_entity_s.c
[0.484s] -- Up-to-date: /home/megan/magic/ros2_ws/install/ros_ign_interfaces/lib/python3.10/site-packages/ros_ign_interfaces/srv/_set_entity_pose_s.c
[0.484s] -- Up-to-date: /home/megan/magic/ros2_ws/install/ros_ign_interfaces/lib/python3.10/site-packages/ros_ign_interfaces/srv/_spawn_entity_s.c
[0.484s] -- Up-to-date: /home/megan/magic/ros2_ws/install/ros_ign_interfaces/lib/python3.10/site-packages/ros_ign_interfaces/srv/_control_world_s.c
[0.484s] -- Up-to-date: /home/megan/magic/ros2_ws/install/ros_ign_interfaces/lib/python3.10/site-packages/ros_ign_interfaces/srv/_delete_entity.py
[0.484s] -- Up-to-date: /home/megan/magic/ros2_ws/install/ros_ign_interfaces/lib/python3.10/site-packages/ros_ign_interfaces/srv/_spawn_entity.py
[0.484s] -- Up-to-date: /home/megan/magic/ros2_ws/install/ros_ign_interfaces/lib/python3.10/site-packages/ros_ign_interfaces/srv/_set_entity_pose.py
[0.484s] -- Up-to-date: /home/megan/magic/ros2_ws/install/ros_ign_interfaces/lib/python3.10/site-packages/ros_ign_interfaces/srv/_control_world.py
[0.502s] Listing '/home/megan/magic/ros2_ws/install/ros_ign_interfaces/lib/python3.10/site-packages/ros_ign_interfaces'...
[0.502s] Listing '/home/megan/magic/ros2_ws/install/ros_ign_interfaces/lib/python3.10/site-packages/ros_ign_interfaces/msg'...
[0.502s] Listing '/home/megan/magic/ros2_ws/install/ros_ign_interfaces/lib/python3.10/site-packages/ros_ign_interfaces/srv'...
[0.504s] -- Up-to-date: /home/megan/magic/ros2_ws/install/ros_ign_interfaces/lib/python3.10/site-packages/ros_ign_interfaces/ros_ign_interfaces_s__rosidl_typesupport_fastrtps_c.cpython-310-x86_64-linux-gnu.so
[0.504s] -- Up-to-date: /home/megan/magic/ros2_ws/install/ros_ign_interfaces/lib/python3.10/site-packages/ros_ign_interfaces/ros_ign_interfaces_s__rosidl_typesupport_introspection_c.cpython-310-x86_64-linux-gnu.so
[0.504s] -- Up-to-date: /home/megan/magic/ros2_ws/install/ros_ign_interfaces/lib/python3.10/site-packages/ros_ign_interfaces/ros_ign_interfaces_s__rosidl_typesupport_c.cpython-310-x86_64-linux-gnu.so
[0.504s] -- Up-to-date: /home/megan/magic/ros2_ws/install/ros_ign_interfaces/lib/libros_ign_interfaces__rosidl_generator_py.so
[0.505s] -- Up-to-date: /home/megan/magic/ros2_ws/install/ros_ign_interfaces/share/ros_ign_interfaces/msg/Contact.idl
[0.505s] -- Up-to-date: /home/megan/magic/ros2_ws/install/ros_ign_interfaces/share/ros_ign_interfaces/msg/Contacts.idl
[0.505s] -- Up-to-date: /home/megan/magic/ros2_ws/install/ros_ign_interfaces/share/ros_ign_interfaces/msg/Entity.idl
[0.505s] -- Up-to-date: /home/megan/magic/ros2_ws/install/ros_ign_interfaces/share/ros_ign_interfaces/msg/EntityFactory.idl
[0.505s] -- Up-to-date: /home/megan/magic/ros2_ws/install/ros_ign_interfaces/share/ros_ign_interfaces/msg/GuiCamera.idl
[0.505s] -- Up-to-date: /home/megan/magic/ros2_ws/install/ros_ign_interfaces/share/ros_ign_interfaces/msg/JointWrench.idl
[0.505s] -- Up-to-date: /home/megan/magic/ros2_ws/install/ros_ign_interfaces/share/ros_ign_interfaces/msg/Light.idl
[0.505s] -- Up-to-date: /home/megan/magic/ros2_ws/install/ros_ign_interfaces/share/ros_ign_interfaces/msg/StringVec.idl
[0.505s] -- Up-to-date: /home/megan/magic/ros2_ws/install/ros_ign_interfaces/share/ros_ign_interfaces/msg/TrackVisual.idl
[0.505s] -- Up-to-date: /home/megan/magic/ros2_ws/install/ros_ign_interfaces/share/ros_ign_interfaces/msg/VideoRecord.idl
[0.505s] -- Up-to-date: /home/megan/magic/ros2_ws/install/ros_ign_interfaces/share/ros_ign_interfaces/msg/WorldControl.idl
[0.505s] -- Up-to-date: /home/megan/magic/ros2_ws/install/ros_ign_interfaces/share/ros_ign_interfaces/msg/WorldReset.idl
[0.505s] -- Up-to-date: /home/megan/magic/ros2_ws/install/ros_ign_interfaces/share/ros_ign_interfaces/srv/ControlWorld.idl
[0.505s] -- Up-to-date: /home/megan/magic/ros2_ws/install/ros_ign_interfaces/share/ros_ign_interfaces/srv/DeleteEntity.idl
[0.505s] -- Up-to-date: /home/megan/magic/ros2_ws/install/ros_ign_interfaces/share/ros_ign_interfaces/srv/SetEntityPose.idl
[0.505s] -- Up-to-date: /home/megan/magic/ros2_ws/install/ros_ign_interfaces/share/ros_ign_interfaces/srv/SpawnEntity.idl
[0.505s] -- Up-to-date: /home/megan/magic/ros2_ws/install/ros_ign_interfaces/share/ros_ign_interfaces/msg/Contact.msg
[0.505s] -- Up-to-date: /home/megan/magic/ros2_ws/install/ros_ign_interfaces/share/ros_ign_interfaces/msg/Contacts.msg
[0.505s] -- Up-to-date: /home/megan/magic/ros2_ws/install/ros_ign_interfaces/share/ros_ign_interfaces/msg/Entity.msg
[0.505s] -- Up-to-date: /home/megan/magic/ros2_ws/install/ros_ign_interfaces/share/ros_ign_interfaces/msg/EntityFactory.msg
[0.505s] -- Up-to-date: /home/megan/magic/ros2_ws/install/ros_ign_interfaces/share/ros_ign_interfaces/msg/GuiCamera.msg
[0.505s] -- Up-to-date: /home/megan/magic/ros2_ws/install/ros_ign_interfaces/share/ros_ign_interfaces/msg/JointWrench.msg
[0.506s] -- Up-to-date: /home/megan/magic/ros2_ws/install/ros_ign_interfaces/share/ros_ign_interfaces/msg/Light.msg
[0.506s] -- Up-to-date: /home/megan/magic/ros2_ws/install/ros_ign_interfaces/share/ros_ign_interfaces/msg/StringVec.msg
[0.506s] -- Up-to-date: /home/megan/magic/ros2_ws/install/ros_ign_interfaces/share/ros_ign_interfaces/msg/TrackVisual.msg
[0.506s] -- Up-to-date: /home/megan/magic/ros2_ws/install/ros_ign_interfaces/share/ros_ign_interfaces/msg/VideoRecord.msg
[0.506s] -- Up-to-date: /home/megan/magic/ros2_ws/install/ros_ign_interfaces/share/ros_ign_interfaces/msg/WorldControl.msg
[0.506s] -- Up-to-date: /home/megan/magic/ros2_ws/install/ros_ign_interfaces/share/ros_ign_interfaces/msg/WorldReset.msg
[0.506s] -- Up-to-date: /home/megan/magic/ros2_ws/install/ros_ign_interfaces/share/ros_ign_interfaces/srv/ControlWorld.srv
[0.506s] -- Up-to-date: /home/megan/magic/ros2_ws/install/ros_ign_interfaces/share/ros_ign_interfaces/srv/ControlWorld_Request.msg
[0.506s] -- Up-to-date: /home/megan/magic/ros2_ws/install/ros_ign_interfaces/share/ros_ign_interfaces/srv/ControlWorld_Response.msg
[0.506s] -- Up-to-date: /home/megan/magic/ros2_ws/install/ros_ign_interfaces/share/ros_ign_interfaces/srv/DeleteEntity.srv
[0.506s] -- Up-to-date: /home/megan/magic/ros2_ws/install/ros_ign_interfaces/share/ros_ign_interfaces/srv/DeleteEntity_Request.msg
[0.506s] -- Up-to-date: /home/megan/magic/ros2_ws/install/ros_ign_interfaces/share/ros_ign_interfaces/srv/DeleteEntity_Response.msg
[0.506s] -- Up-to-date: /home/megan/magic/ros2_ws/install/ros_ign_interfaces/share/ros_ign_interfaces/srv/SetEntityPose.srv
[0.506s] -- Up-to-date: /home/megan/magic/ros2_ws/install/ros_ign_interfaces/share/ros_ign_interfaces/srv/SetEntityPose_Request.msg
[0.506s] -- Up-to-date: /home/megan/magic/ros2_ws/install/ros_ign_interfaces/share/ros_ign_interfaces/srv/SetEntityPose_Response.msg
[0.506s] -- Up-to-date: /home/megan/magic/ros2_ws/install/ros_ign_interfaces/share/ros_ign_interfaces/srv/SpawnEntity.srv
[0.506s] -- Up-to-date: /home/megan/magic/ros2_ws/install/ros_ign_interfaces/share/ros_ign_interfaces/srv/SpawnEntity_Request.msg
[0.506s] -- Up-to-date: /home/megan/magic/ros2_ws/install/ros_ign_interfaces/share/ros_ign_interfaces/srv/SpawnEntity_Response.msg
[0.506s] -- Up-to-date: /home/megan/magic/ros2_ws/install/ros_ign_interfaces/share/ament_index/resource_index/package_run_dependencies/ros_ign_interfaces
[0.506s] -- Up-to-date: /home/megan/magic/ros2_ws/install/ros_ign_interfaces/share/ament_index/resource_index/parent_prefix_path/ros_ign_interfaces
[0.506s] -- Up-to-date: /home/megan/magic/ros2_ws/install/ros_ign_interfaces/share/ros_ign_interfaces/environment/ament_prefix_path.sh
[0.506s] -- Up-to-date: /home/megan/magic/ros2_ws/install/ros_ign_interfaces/share/ros_ign_interfaces/environment/ament_prefix_path.dsv
[0.506s] -- Up-to-date: /home/megan/magic/ros2_ws/install/ros_ign_interfaces/share/ros_ign_interfaces/environment/path.sh
[0.506s] -- Up-to-date: /home/megan/magic/ros2_ws/install/ros_ign_interfaces/share/ros_ign_interfaces/environment/path.dsv
[0.506s] -- Up-to-date: /home/megan/magic/ros2_ws/install/ros_ign_interfaces/share/ros_ign_interfaces/local_setup.bash
[0.506s] -- Up-to-date: /home/megan/magic/ros2_ws/install/ros_ign_interfaces/share/ros_ign_interfaces/local_setup.sh
[0.506s] -- Up-to-date: /home/megan/magic/ros2_ws/install/ros_ign_interfaces/share/ros_ign_interfaces/local_setup.zsh
[0.506s] -- Up-to-date: /home/megan/magic/ros2_ws/install/ros_ign_interfaces/share/ros_ign_interfaces/local_setup.dsv
[0.507s] -- Installing: /home/megan/magic/ros2_ws/install/ros_ign_interfaces/share/ros_ign_interfaces/package.dsv
[0.507s] -- Up-to-date: /home/megan/magic/ros2_ws/install/ros_ign_interfaces/share/ament_index/resource_index/packages/ros_ign_interfaces
[0.507s] -- Up-to-date: /home/megan/magic/ros2_ws/install/ros_ign_interfaces/share/ros_ign_interfaces/cmake/export_ros_ign_interfaces__rosidl_generator_cExport.cmake
[0.507s] -- Up-to-date: /home/megan/magic/ros2_ws/install/ros_ign_interfaces/share/ros_ign_interfaces/cmake/export_ros_ign_interfaces__rosidl_generator_cExport-release.cmake
[0.507s] -- Up-to-date: /home/megan/magic/ros2_ws/install/ros_ign_interfaces/share/ros_ign_interfaces/cmake/export_ros_ign_interfaces__rosidl_typesupport_fastrtps_cExport.cmake
[0.507s] -- Up-to-date: /home/megan/magic/ros2_ws/install/ros_ign_interfaces/share/ros_ign_interfaces/cmake/export_ros_ign_interfaces__rosidl_typesupport_fastrtps_cExport-release.cmake
[0.507s] -- Up-to-date: /home/megan/magic/ros2_ws/install/ros_ign_interfaces/share/ros_ign_interfaces/cmake/export_ros_ign_interfaces__rosidl_generator_cppExport.cmake
[0.507s] -- Up-to-date: /home/megan/magic/ros2_ws/install/ros_ign_interfaces/share/ros_ign_interfaces/cmake/export_ros_ign_interfaces__rosidl_typesupport_fastrtps_cppExport.cmake
[0.507s] -- Up-to-date: /home/megan/magic/ros2_ws/install/ros_ign_interfaces/share/ros_ign_interfaces/cmake/export_ros_ign_interfaces__rosidl_typesupport_fastrtps_cppExport-release.cmake
[0.507s] -- Up-to-date: /home/megan/magic/ros2_ws/install/ros_ign_interfaces/share/ros_ign_interfaces/cmake/ros_ign_interfaces__rosidl_typesupport_introspection_cExport.cmake
[0.507s] -- Up-to-date: /home/megan/magic/ros2_ws/install/ros_ign_interfaces/share/ros_ign_interfaces/cmake/ros_ign_interfaces__rosidl_typesupport_introspection_cExport-release.cmake
[0.507s] -- Up-to-date: /home/megan/magic/ros2_ws/install/ros_ign_interfaces/share/ros_ign_interfaces/cmake/ros_ign_interfaces__rosidl_typesupport_cExport.cmake
[0.507s] -- Up-to-date: /home/megan/magic/ros2_ws/install/ros_ign_interfaces/share/ros_ign_interfaces/cmake/ros_ign_interfaces__rosidl_typesupport_cExport-release.cmake
[0.507s] -- Up-to-date: /home/megan/magic/ros2_ws/install/ros_ign_interfaces/share/ros_ign_interfaces/cmake/ros_ign_interfaces__rosidl_typesupport_introspection_cppExport.cmake
[0.507s] -- Up-to-date: /home/megan/magic/ros2_ws/install/ros_ign_interfaces/share/ros_ign_interfaces/cmake/ros_ign_interfaces__rosidl_typesupport_introspection_cppExport-release.cmake
[0.507s] -- Up-to-date: /home/megan/magic/ros2_ws/install/ros_ign_interfaces/share/ros_ign_interfaces/cmake/ros_ign_interfaces__rosidl_typesupport_cppExport.cmake
[0.507s] -- Up-to-date: /home/megan/magic/ros2_ws/install/ros_ign_interfaces/share/ros_ign_interfaces/cmake/ros_ign_interfaces__rosidl_typesupport_cppExport-release.cmake
[0.507s] -- Up-to-date: /home/megan/magic/ros2_ws/install/ros_ign_interfaces/share/ros_ign_interfaces/cmake/export_ros_ign_interfaces__rosidl_generator_pyExport.cmake
[0.507s] -- Up-to-date: /home/megan/magic/ros2_ws/install/ros_ign_interfaces/share/ros_ign_interfaces/cmake/export_ros_ign_interfaces__rosidl_generator_pyExport-release.cmake
[0.508s] -- Up-to-date: /home/megan/magic/ros2_ws/install/ros_ign_interfaces/share/ros_ign_interfaces/cmake/rosidl_cmake-extras.cmake
[0.508s] -- Up-to-date: /home/megan/magic/ros2_ws/install/ros_ign_interfaces/share/ros_ign_interfaces/cmake/ament_cmake_export_dependencies-extras.cmake
[0.508s] -- Up-to-date: /home/megan/magic/ros2_ws/install/ros_ign_interfaces/share/ros_ign_interfaces/cmake/ament_cmake_export_include_directories-extras.cmake
[0.508s] -- Up-to-date: /home/megan/magic/ros2_ws/install/ros_ign_interfaces/share/ros_ign_interfaces/cmake/ament_cmake_export_libraries-extras.cmake
[0.508s] -- Up-to-date: /home/megan/magic/ros2_ws/install/ros_ign_interfaces/share/ros_ign_interfaces/cmake/ament_cmake_export_targets-extras.cmake
[0.508s] -- Up-to-date: /home/megan/magic/ros2_ws/install/ros_ign_interfaces/share/ros_ign_interfaces/cmake/rosidl_cmake_export_typesupport_targets-extras.cmake
[0.508s] -- Up-to-date: /home/megan/magic/ros2_ws/install/ros_ign_interfaces/share/ros_ign_interfaces/cmake/rosidl_cmake_export_typesupport_libraries-extras.cmake
[0.508s] -- Up-to-date: /home/megan/magic/ros2_ws/install/ros_ign_interfaces/share/ros_ign_interfaces/cmake/ros_ign_interfacesConfig.cmake
[0.508s] -- Up-to-date: /home/megan/magic/ros2_ws/install/ros_ign_interfaces/share/ros_ign_interfaces/cmake/ros_ign_interfacesConfig-version.cmake
[0.508s] -- Up-to-date: /home/megan/magic/ros2_ws/install/ros_ign_interfaces/share/ros_ign_interfaces/package.xml
[0.510s] Invoked command in '/home/megan/magic/ros2_ws/build/ros_ign_interfaces' returned '0': AMENT_PREFIX_PATH=/home/megan/magic/ros2_ws/install/ros_gz_interfaces:${AMENT_PREFIX_PATH} CMAKE_PREFIX_PATH=/home/megan/magic/ros2_ws/install/ros_gz_interfaces:/opt/ros/humble LD_LIBRARY_PATH=/home/megan/magic/ros2_ws/install/ros_gz_interfaces/lib:${LD_LIBRARY_PATH} PYTHONPATH=/home/megan/magic/ros2_ws/install/ros_gz_interfaces/lib/python3.10/site-packages:${PYTHONPATH} VIRTUAL_ENV_PROMPT=(magic) /usr/bin/cmake --install /home/megan/magic/ros2_ws/build/ros_ign_interfaces
