[0.034s] Invoking command in '/home/megan/magic/ros2_ws/build/diff_drive_controller': AMENT_PREFIX_PATH=/home/megan/magic/ros2_ws/install/controller_manager:/home/megan/magic/ros2_ws/install/hardware_interface_testing:/home/megan/magic/ros2_ws/install/controller_interface:/home/megan/magic/ros2_ws/install/hardware_interface:/home/megan/magic/ros2_ws/install/ros2_control_test_assets:/home/megan/magic/ros2_ws/install/controller_manager_msgs:/home/megan/magic/ros2_ws/install/control_msgs:${AMENT_PREFIX_PATH} CMAKE_PREFIX_PATH=/home/megan/magic/ros2_ws/install/controller_manager:/home/megan/magic/ros2_ws/install/hardware_interface_testing:/home/megan/magic/ros2_ws/install/controller_interface:/home/megan/magic/ros2_ws/install/hardware_interface:/home/megan/magic/ros2_ws/install/ros2_control_test_assets:/home/megan/magic/ros2_ws/install/controller_manager_msgs:/home/megan/magic/ros2_ws/install/control_msgs:/opt/ros/humble LD_LIBRARY_PATH=/home/megan/magic/ros2_ws/install/controller_manager/lib:/home/megan/magic/ros2_ws/install/hardware_interface_testing/lib:/home/megan/magic/ros2_ws/install/controller_interface/lib:/home/megan/magic/ros2_ws/install/hardware_interface/lib:/home/megan/magic/ros2_ws/install/controller_manager_msgs/lib:/home/megan/magic/ros2_ws/install/control_msgs/lib:${LD_LIBRARY_PATH} PYTHONPATH=/home/megan/magic/ros2_ws/install/controller_manager/lib/python3.10/site-packages:/home/megan/magic/ros2_ws/install/controller_manager_msgs/lib/python3.10/site-packages:/home/megan/magic/ros2_ws/install/control_msgs/lib/python3.10/site-packages:${PYTHONPATH} VIRTUAL_ENV_PROMPT=(magic) /usr/bin/cmake --build /home/megan/magic/ros2_ws/build/diff_drive_controller -- -j20 -l20
[0.106s] [ 13%] Built target gmock_main
[0.108s] [ 26%] Built target diff_drive_controller_parameters
[0.112s] [ 46%] Built target gmock
[0.136s] [ 73%] Built target diff_drive_controller
[0.144s] [ 86%] Built target test_load_diff_drive_controller
[0.167s] [100%] Built target test_diff_drive_controller
[0.175s] Invoked command in '/home/megan/magic/ros2_ws/build/diff_drive_controller' returned '0': AMENT_PREFIX_PATH=/home/megan/magic/ros2_ws/install/controller_manager:/home/megan/magic/ros2_ws/install/hardware_interface_testing:/home/megan/magic/ros2_ws/install/controller_interface:/home/megan/magic/ros2_ws/install/hardware_interface:/home/megan/magic/ros2_ws/install/ros2_control_test_assets:/home/megan/magic/ros2_ws/install/controller_manager_msgs:/home/megan/magic/ros2_ws/install/control_msgs:${AMENT_PREFIX_PATH} CMAKE_PREFIX_PATH=/home/megan/magic/ros2_ws/install/controller_manager:/home/megan/magic/ros2_ws/install/hardware_interface_testing:/home/megan/magic/ros2_ws/install/controller_interface:/home/megan/magic/ros2_ws/install/hardware_interface:/home/megan/magic/ros2_ws/install/ros2_control_test_assets:/home/megan/magic/ros2_ws/install/controller_manager_msgs:/home/megan/magic/ros2_ws/install/control_msgs:/opt/ros/humble LD_LIBRARY_PATH=/home/megan/magic/ros2_ws/install/controller_manager/lib:/home/megan/magic/ros2_ws/install/hardware_interface_testing/lib:/home/megan/magic/ros2_ws/install/controller_interface/lib:/home/megan/magic/ros2_ws/install/hardware_interface/lib:/home/megan/magic/ros2_ws/install/controller_manager_msgs/lib:/home/megan/magic/ros2_ws/install/control_msgs/lib:${LD_LIBRARY_PATH} PYTHONPATH=/home/megan/magic/ros2_ws/install/controller_manager/lib/python3.10/site-packages:/home/megan/magic/ros2_ws/install/controller_manager_msgs/lib/python3.10/site-packages:/home/megan/magic/ros2_ws/install/control_msgs/lib/python3.10/site-packages:${PYTHONPATH} VIRTUAL_ENV_PROMPT=(magic) /usr/bin/cmake --build /home/megan/magic/ros2_ws/build/diff_drive_controller -- -j20 -l20
[0.177s] Invoking command in '/home/megan/magic/ros2_ws/build/diff_drive_controller': AMENT_PREFIX_PATH=/home/megan/magic/ros2_ws/install/controller_manager:/home/megan/magic/ros2_ws/install/hardware_interface_testing:/home/megan/magic/ros2_ws/install/controller_interface:/home/megan/magic/ros2_ws/install/hardware_interface:/home/megan/magic/ros2_ws/install/ros2_control_test_assets:/home/megan/magic/ros2_ws/install/controller_manager_msgs:/home/megan/magic/ros2_ws/install/control_msgs:${AMENT_PREFIX_PATH} CMAKE_PREFIX_PATH=/home/megan/magic/ros2_ws/install/controller_manager:/home/megan/magic/ros2_ws/install/hardware_interface_testing:/home/megan/magic/ros2_ws/install/controller_interface:/home/megan/magic/ros2_ws/install/hardware_interface:/home/megan/magic/ros2_ws/install/ros2_control_test_assets:/home/megan/magic/ros2_ws/install/controller_manager_msgs:/home/megan/magic/ros2_ws/install/control_msgs:/opt/ros/humble LD_LIBRARY_PATH=/home/megan/magic/ros2_ws/install/controller_manager/lib:/home/megan/magic/ros2_ws/install/hardware_interface_testing/lib:/home/megan/magic/ros2_ws/install/controller_interface/lib:/home/megan/magic/ros2_ws/install/hardware_interface/lib:/home/megan/magic/ros2_ws/install/controller_manager_msgs/lib:/home/megan/magic/ros2_ws/install/control_msgs/lib:${LD_LIBRARY_PATH} PYTHONPATH=/home/megan/magic/ros2_ws/install/controller_manager/lib/python3.10/site-packages:/home/megan/magic/ros2_ws/install/controller_manager_msgs/lib/python3.10/site-packages:/home/megan/magic/ros2_ws/install/control_msgs/lib/python3.10/site-packages:${PYTHONPATH} VIRTUAL_ENV_PROMPT=(magic) /usr/bin/cmake --install /home/megan/magic/ros2_ws/build/diff_drive_controller
[0.183s] -- Install configuration: "Release"
[0.183s] -- Up-to-date: /home/megan/magic/ros2_ws/install/diff_drive_controller/include/diff_drive_controller
[0.183s] -- Up-to-date: /home/megan/magic/ros2_ws/install/diff_drive_controller/include/diff_drive_controller/diff_drive_controller_parameters.hpp
[0.183s] -- Up-to-date: /home/megan/magic/ros2_ws/install/diff_drive_controller/share/diff_drive_controller/diff_drive_plugin.xml
[0.183s] -- Up-to-date: /home/megan/magic/ros2_ws/install/diff_drive_controller/include/diff_drive_controller
[0.184s] -- Up-to-date: /home/megan/magic/ros2_ws/install/diff_drive_controller/include/diff_drive_controller/diff_drive_controller
[0.184s] -- Up-to-date: /home/megan/magic/ros2_ws/install/diff_drive_controller/include/diff_drive_controller/diff_drive_controller/odometry.hpp
[0.184s] -- Up-to-date: /home/megan/magic/ros2_ws/install/diff_drive_controller/include/diff_drive_controller/diff_drive_controller/visibility_control.h
[0.184s] -- Up-to-date: /home/megan/magic/ros2_ws/install/diff_drive_controller/include/diff_drive_controller/diff_drive_controller/speed_limiter.hpp
[0.184s] -- Up-to-date: /home/megan/magic/ros2_ws/install/diff_drive_controller/include/diff_drive_controller/diff_drive_controller/diff_drive_controller.hpp
[0.184s] -- Up-to-date: /home/megan/magic/ros2_ws/install/diff_drive_controller/lib/libdiff_drive_controller.so
[0.184s] -- Up-to-date: /home/megan/magic/ros2_ws/install/diff_drive_controller/share/diff_drive_controller/environment/library_path.sh
[0.184s] -- Up-to-date: /home/megan/magic/ros2_ws/install/diff_drive_controller/share/diff_drive_controller/environment/library_path.dsv
[0.184s] -- Up-to-date: /home/megan/magic/ros2_ws/install/diff_drive_controller/share/ament_index/resource_index/package_run_dependencies/diff_drive_controller
[0.184s] -- Up-to-date: /home/megan/magic/ros2_ws/install/diff_drive_controller/share/ament_index/resource_index/parent_prefix_path/diff_drive_controller
[0.184s] -- Up-to-date: /home/megan/magic/ros2_ws/install/diff_drive_controller/share/diff_drive_controller/environment/ament_prefix_path.sh
[0.185s] -- Up-to-date: /home/megan/magic/ros2_ws/install/diff_drive_controller/share/diff_drive_controller/environment/ament_prefix_path.dsv
[0.185s] -- Up-to-date: /home/megan/magic/ros2_ws/install/diff_drive_controller/share/diff_drive_controller/environment/path.sh
[0.185s] -- Up-to-date: /home/megan/magic/ros2_ws/install/diff_drive_controller/share/diff_drive_controller/environment/path.dsv
[0.185s] -- Up-to-date: /home/megan/magic/ros2_ws/install/diff_drive_controller/share/diff_drive_controller/local_setup.bash
[0.185s] -- Up-to-date: /home/megan/magic/ros2_ws/install/diff_drive_controller/share/diff_drive_controller/local_setup.sh
[0.185s] -- Up-to-date: /home/megan/magic/ros2_ws/install/diff_drive_controller/share/diff_drive_controller/local_setup.zsh
[0.185s] -- Up-to-date: /home/megan/magic/ros2_ws/install/diff_drive_controller/share/diff_drive_controller/local_setup.dsv
[0.185s] -- Installing: /home/megan/magic/ros2_ws/install/diff_drive_controller/share/diff_drive_controller/package.dsv
[0.185s] -- Up-to-date: /home/megan/magic/ros2_ws/install/diff_drive_controller/share/ament_index/resource_index/packages/diff_drive_controller
[0.185s] -- Up-to-date: /home/megan/magic/ros2_ws/install/diff_drive_controller/share/ament_index/resource_index/controller_interface__pluginlib__plugin/diff_drive_controller
[0.186s] -- Up-to-date: /home/megan/magic/ros2_ws/install/diff_drive_controller/share/diff_drive_controller/cmake/export_diff_drive_controllerExport.cmake
[0.186s] -- Up-to-date: /home/megan/magic/ros2_ws/install/diff_drive_controller/share/diff_drive_controller/cmake/export_diff_drive_controllerExport-release.cmake
[0.186s] -- Up-to-date: /home/megan/magic/ros2_ws/install/diff_drive_controller/share/diff_drive_controller/cmake/ament_cmake_export_dependencies-extras.cmake
[0.186s] -- Up-to-date: /home/megan/magic/ros2_ws/install/diff_drive_controller/share/diff_drive_controller/cmake/ament_cmake_export_targets-extras.cmake
[0.186s] -- Up-to-date: /home/megan/magic/ros2_ws/install/diff_drive_controller/share/diff_drive_controller/cmake/diff_drive_controllerConfig.cmake
[0.186s] -- Up-to-date: /home/megan/magic/ros2_ws/install/diff_drive_controller/share/diff_drive_controller/cmake/diff_drive_controllerConfig-version.cmake
[0.186s] -- Up-to-date: /home/megan/magic/ros2_ws/install/diff_drive_controller/share/diff_drive_controller/package.xml
[0.187s] Invoked command in '/home/megan/magic/ros2_ws/build/diff_drive_controller' returned '0': AMENT_PREFIX_PATH=/home/megan/magic/ros2_ws/install/controller_manager:/home/megan/magic/ros2_ws/install/hardware_interface_testing:/home/megan/magic/ros2_ws/install/controller_interface:/home/megan/magic/ros2_ws/install/hardware_interface:/home/megan/magic/ros2_ws/install/ros2_control_test_assets:/home/megan/magic/ros2_ws/install/controller_manager_msgs:/home/megan/magic/ros2_ws/install/control_msgs:${AMENT_PREFIX_PATH} CMAKE_PREFIX_PATH=/home/megan/magic/ros2_ws/install/controller_manager:/home/megan/magic/ros2_ws/install/hardware_interface_testing:/home/megan/magic/ros2_ws/install/controller_interface:/home/megan/magic/ros2_ws/install/hardware_interface:/home/megan/magic/ros2_ws/install/ros2_control_test_assets:/home/megan/magic/ros2_ws/install/controller_manager_msgs:/home/megan/magic/ros2_ws/install/control_msgs:/opt/ros/humble LD_LIBRARY_PATH=/home/megan/magic/ros2_ws/install/controller_manager/lib:/home/megan/magic/ros2_ws/install/hardware_interface_testing/lib:/home/megan/magic/ros2_ws/install/controller_interface/lib:/home/megan/magic/ros2_ws/install/hardware_interface/lib:/home/megan/magic/ros2_ws/install/controller_manager_msgs/lib:/home/megan/magic/ros2_ws/install/control_msgs/lib:${LD_LIBRARY_PATH} PYTHONPATH=/home/megan/magic/ros2_ws/install/controller_manager/lib/python3.10/site-packages:/home/megan/magic/ros2_ws/install/controller_manager_msgs/lib/python3.10/site-packages:/home/megan/magic/ros2_ws/install/control_msgs/lib/python3.10/site-packages:${PYTHONPATH} VIRTUAL_ENV_PROMPT=(magic) /usr/bin/cmake --install /home/megan/magic/ros2_ws/build/diff_drive_controller
