/home/emma/Documents/GitHub/magic/install/control/lib/python3.10/site-packages/control/one_arm_pid_control.py
/home/emma/Documents/GitHub/magic/install/control/lib/python3.10/site-packages/control/__init__.py
/home/emma/Documents/GitHub/magic/install/control/lib/python3.10/site-packages/control/main.py
/home/emma/Documents/GitHub/magic/install/control/lib/python3.10/site-packages/control/utils.py
/home/emma/Documents/GitHub/magic/install/control/lib/python3.10/site-packages/control/impedance_control.py
/home/emma/Documents/GitHub/magic/install/control/lib/python3.10/site-packages/control/__pycache__/one_arm_pid_control.cpython-310.pyc
/home/emma/Documents/GitHub/magic/install/control/lib/python3.10/site-packages/control/__pycache__/__init__.cpython-310.pyc
/home/emma/Documents/GitHub/magic/install/control/lib/python3.10/site-packages/control/__pycache__/main.cpython-310.pyc
/home/emma/Documents/GitHub/magic/install/control/lib/python3.10/site-packages/control/__pycache__/utils.cpython-310.pyc
/home/emma/Documents/GitHub/magic/install/control/lib/python3.10/site-packages/control/__pycache__/impedance_control.cpython-310.pyc
/home/emma/Documents/GitHub/magic/install/control/share/ament_index/resource_index/packages/control
/home/emma/Documents/GitHub/magic/install/control/share/control/package.xml
/home/emma/Documents/GitHub/magic/install/control/share/control/kinova_gen3_mujoco/two_arm_table.xml
/home/emma/Documents/GitHub/magic/install/control/share/control/kinova_gen3_mujoco/scene.xml
/home/emma/Documents/GitHub/magic/install/control/share/control/kinova_gen3_mujoco/two_arm_vention_table.xml
/home/emma/Documents/GitHub/magic/install/control/share/control/kinova_gen3_mujoco/gen3_template.xml
/home/emma/Documents/GitHub/magic/install/control/share/control/kinova_gen3_mujoco/assets/half_arm_1_link.stl
/home/emma/Documents/GitHub/magic/install/control/share/control/kinova_gen3_mujoco/assets/bracelet_with_vision_link.stl
/home/emma/Documents/GitHub/magic/install/control/share/control/kinova_gen3_mujoco/assets/forearm_link.stl
/home/emma/Documents/GitHub/magic/install/control/share/control/kinova_gen3_mujoco/assets/outer_knuckle_coarse.stl
/home/emma/Documents/GitHub/magic/install/control/share/control/kinova_gen3_mujoco/assets/base_link.stl
/home/emma/Documents/GitHub/magic/install/control/share/control/kinova_gen3_mujoco/assets/inner_finger_coarse.stl
/home/emma/Documents/GitHub/magic/install/control/share/control/kinova_gen3_mujoco/assets/spherical_wrist_1_link.stl
/home/emma/Documents/GitHub/magic/install/control/share/control/kinova_gen3_mujoco/assets/half_arm_2_link.stl
/home/emma/Documents/GitHub/magic/install/control/share/control/kinova_gen3_mujoco/assets/robotiq_85_base_link_coarse.stl
/home/emma/Documents/GitHub/magic/install/control/share/control/kinova_gen3_mujoco/assets/outer_finger_coarse.stl
/home/emma/Documents/GitHub/magic/install/control/share/control/kinova_gen3_mujoco/assets/VentionAssembly.stl
/home/emma/Documents/GitHub/magic/install/control/share/control/kinova_gen3_mujoco/assets/spherical_wrist_2_link.stl
/home/emma/Documents/GitHub/magic/install/control/share/control/kinova_gen3_mujoco/assets/bin.stl
/home/emma/Documents/GitHub/magic/install/control/share/control/kinova_gen3_mujoco/assets/bracelet_no_vision_link.stl
/home/emma/Documents/GitHub/magic/install/control/share/control/kinova_gen3_mujoco/assets/shoulder_link.stl
/home/emma/Documents/GitHub/magic/install/control/share/control/kinova_gen3_mujoco/assets/inner_knuckle_coarse.stl
/home/emma/Documents/GitHub/magic/install/control/share/control/kinova_gen3_mujoco/assets/ball_pinchingpoint.STL
/home/emma/Documents/GitHub/magic/install/control/share/control/kinova_gen3_mujoco/gen3.png
/home/emma/Documents/GitHub/magic/install/control/lib/python3.10/site-packages/control-0.0.1-py3.10.egg-info/top_level.txt
/home/emma/Documents/GitHub/magic/install/control/lib/python3.10/site-packages/control-0.0.1-py3.10.egg-info/zip-safe
/home/emma/Documents/GitHub/magic/install/control/lib/python3.10/site-packages/control-0.0.1-py3.10.egg-info/requires.txt
/home/emma/Documents/GitHub/magic/install/control/lib/python3.10/site-packages/control-0.0.1-py3.10.egg-info/PKG-INFO
/home/emma/Documents/GitHub/magic/install/control/lib/python3.10/site-packages/control-0.0.1-py3.10.egg-info/SOURCES.txt
/home/emma/Documents/GitHub/magic/install/control/lib/python3.10/site-packages/control-0.0.1-py3.10.egg-info/dependency_links.txt
/home/emma/Documents/GitHub/magic/install/control/lib/python3.10/site-packages/control-0.0.1-py3.10.egg-info/entry_points.txt
/home/emma/Documents/GitHub/magic/install/control/lib/control/control_node
/home/emma/Documents/GitHub/magic/install/control/lib/control/kinova_gen3_mujoco
