[0.016s] Invoking command in '/home/emma/Documents/GitHub/magic/build/kortex_driver': AMENT_PREFIX_PATH=/home/emma/Documents/GitHub/magic/install/kortex_api:${AMENT_PREFIX_PATH} CMAKE_PREFIX_PATH=/home/emma/Documents/GitHub/magic/install/kortex_api:/home/emma/Documents/GitHub/magic/ros2_ws/install/two_arm_moveit2_config:/home/emma/Documents/GitHub/magic/ros2_ws/install/robotiq_hardware_tests:/home/emma/Documents/GitHub/magic/ros2_ws/install/robotiq_driver:/home/emma/Documents/GitHub/magic/ros2_ws/install/serial:/home/emma/Documents/GitHub/magic/ros2_ws/install/kortex_bringup:/home/emma/Documents/GitHub/magic/ros2_ws/install/kinova_gen3_lite_moveit_config:/home/emma/Documents/GitHub/magic/ros2_ws/install/kinova_gen3_7dof_robotiq_2f_85_moveit_config:/home/emma/Documents/GitHub/magic/ros2_ws/install/kinova_gen3_6dof_robotiq_2f_85_moveit_config:/home/emma/Documents/GitHub/magic/ros2_ws/install/kortex_description:/home/emma/Documents/GitHub/magic/ros2_ws/install/robotiq_description:/home/emma/Documents/GitHub/magic/ros2_ws/install/robotiq_controllers:/home/emma/Documents/GitHub/magic/ros2_ws/install/kortex_driver:/home/emma/Documents/GitHub/magic/ros2_ws/install/kortex_api:/home/emma/Documents/GitHub/magic/ros2_ws/install/mujoco_ros2:/home/emma/Documents/GitHub/magic/ros2_ws/install/control:/opt/ros/humble CONDA_PROMPT_MODIFIER=(base) /usr/bin/cmake --build /home/emma/Documents/GitHub/magic/build/kortex_driver -- -j20 -l20
[0.064s] [100%] Built target kortex_driver
[0.085s] Invoked command in '/home/emma/Documents/GitHub/magic/build/kortex_driver' returned '0': AMENT_PREFIX_PATH=/home/emma/Documents/GitHub/magic/install/kortex_api:${AMENT_PREFIX_PATH} CMAKE_PREFIX_PATH=/home/emma/Documents/GitHub/magic/install/kortex_api:/home/emma/Documents/GitHub/magic/ros2_ws/install/two_arm_moveit2_config:/home/emma/Documents/GitHub/magic/ros2_ws/install/robotiq_hardware_tests:/home/emma/Documents/GitHub/magic/ros2_ws/install/robotiq_driver:/home/emma/Documents/GitHub/magic/ros2_ws/install/serial:/home/emma/Documents/GitHub/magic/ros2_ws/install/kortex_bringup:/home/emma/Documents/GitHub/magic/ros2_ws/install/kinova_gen3_lite_moveit_config:/home/emma/Documents/GitHub/magic/ros2_ws/install/kinova_gen3_7dof_robotiq_2f_85_moveit_config:/home/emma/Documents/GitHub/magic/ros2_ws/install/kinova_gen3_6dof_robotiq_2f_85_moveit_config:/home/emma/Documents/GitHub/magic/ros2_ws/install/kortex_description:/home/emma/Documents/GitHub/magic/ros2_ws/install/robotiq_description:/home/emma/Documents/GitHub/magic/ros2_ws/install/robotiq_controllers:/home/emma/Documents/GitHub/magic/ros2_ws/install/kortex_driver:/home/emma/Documents/GitHub/magic/ros2_ws/install/kortex_api:/home/emma/Documents/GitHub/magic/ros2_ws/install/mujoco_ros2:/home/emma/Documents/GitHub/magic/ros2_ws/install/control:/opt/ros/humble CONDA_PROMPT_MODIFIER=(base) /usr/bin/cmake --build /home/emma/Documents/GitHub/magic/build/kortex_driver -- -j20 -l20
[0.086s] Invoking command in '/home/emma/Documents/GitHub/magic/build/kortex_driver': AMENT_PREFIX_PATH=/home/emma/Documents/GitHub/magic/install/kortex_api:${AMENT_PREFIX_PATH} CMAKE_PREFIX_PATH=/home/emma/Documents/GitHub/magic/install/kortex_api:/home/emma/Documents/GitHub/magic/ros2_ws/install/two_arm_moveit2_config:/home/emma/Documents/GitHub/magic/ros2_ws/install/robotiq_hardware_tests:/home/emma/Documents/GitHub/magic/ros2_ws/install/robotiq_driver:/home/emma/Documents/GitHub/magic/ros2_ws/install/serial:/home/emma/Documents/GitHub/magic/ros2_ws/install/kortex_bringup:/home/emma/Documents/GitHub/magic/ros2_ws/install/kinova_gen3_lite_moveit_config:/home/emma/Documents/GitHub/magic/ros2_ws/install/kinova_gen3_7dof_robotiq_2f_85_moveit_config:/home/emma/Documents/GitHub/magic/ros2_ws/install/kinova_gen3_6dof_robotiq_2f_85_moveit_config:/home/emma/Documents/GitHub/magic/ros2_ws/install/kortex_description:/home/emma/Documents/GitHub/magic/ros2_ws/install/robotiq_description:/home/emma/Documents/GitHub/magic/ros2_ws/install/robotiq_controllers:/home/emma/Documents/GitHub/magic/ros2_ws/install/kortex_driver:/home/emma/Documents/GitHub/magic/ros2_ws/install/kortex_api:/home/emma/Documents/GitHub/magic/ros2_ws/install/mujoco_ros2:/home/emma/Documents/GitHub/magic/ros2_ws/install/control:/opt/ros/humble CONDA_PROMPT_MODIFIER=(base) /usr/bin/cmake --install /home/emma/Documents/GitHub/magic/build/kortex_driver
[0.093s] -- Install configuration: ""
[0.093s] -- Up-to-date: /home/emma/Documents/GitHub/magic/install/kortex_driver/share/kortex_driver/hardware_interface_plugin.xml
[0.093s] -- Up-to-date: /home/emma/Documents/GitHub/magic/install/kortex_driver/lib/libkortex_driver.so
[0.093s] -- Up-to-date: /home/emma/Documents/GitHub/magic/install/kortex_driver/include
[0.093s] -- Up-to-date: /home/emma/Documents/GitHub/magic/install/kortex_driver/include/kortex_driver
[0.093s] -- Up-to-date: /home/emma/Documents/GitHub/magic/install/kortex_driver/include/kortex_driver/visibility_control.h
[0.093s] -- Up-to-date: /home/emma/Documents/GitHub/magic/install/kortex_driver/include/kortex_driver/kortex_math_util.hpp
[0.093s] -- Up-to-date: /home/emma/Documents/GitHub/magic/install/kortex_driver/include/kortex_driver/hardware_interface.hpp
[0.093s] -- Up-to-date: /home/emma/Documents/GitHub/magic/install/kortex_driver/share/kortex_driver/environment/library_path.sh
[0.093s] -- Up-to-date: /home/emma/Documents/GitHub/magic/install/kortex_driver/share/kortex_driver/environment/library_path.dsv
[0.093s] -- Up-to-date: /home/emma/Documents/GitHub/magic/install/kortex_driver/share/ament_index/resource_index/package_run_dependencies/kortex_driver
[0.093s] -- Up-to-date: /home/emma/Documents/GitHub/magic/install/kortex_driver/share/ament_index/resource_index/parent_prefix_path/kortex_driver
[0.093s] -- Up-to-date: /home/emma/Documents/GitHub/magic/install/kortex_driver/share/kortex_driver/environment/ament_prefix_path.sh
[0.093s] -- Up-to-date: /home/emma/Documents/GitHub/magic/install/kortex_driver/share/kortex_driver/environment/ament_prefix_path.dsv
[0.093s] -- Up-to-date: /home/emma/Documents/GitHub/magic/install/kortex_driver/share/kortex_driver/environment/path.sh
[0.093s] -- Up-to-date: /home/emma/Documents/GitHub/magic/install/kortex_driver/share/kortex_driver/environment/path.dsv
[0.093s] -- Up-to-date: /home/emma/Documents/GitHub/magic/install/kortex_driver/share/kortex_driver/local_setup.bash
[0.093s] -- Up-to-date: /home/emma/Documents/GitHub/magic/install/kortex_driver/share/kortex_driver/local_setup.sh
[0.093s] -- Up-to-date: /home/emma/Documents/GitHub/magic/install/kortex_driver/share/kortex_driver/local_setup.zsh
[0.093s] -- Up-to-date: /home/emma/Documents/GitHub/magic/install/kortex_driver/share/kortex_driver/local_setup.dsv
[0.093s] -- Installing: /home/emma/Documents/GitHub/magic/install/kortex_driver/share/kortex_driver/package.dsv
[0.093s] -- Up-to-date: /home/emma/Documents/GitHub/magic/install/kortex_driver/share/ament_index/resource_index/packages/kortex_driver
[0.093s] -- Up-to-date: /home/emma/Documents/GitHub/magic/install/kortex_driver/share/ament_index/resource_index/hardware_interface__pluginlib__plugin/kortex_driver
[0.093s] -- Up-to-date: /home/emma/Documents/GitHub/magic/install/kortex_driver/share/kortex_driver/cmake/ament_cmake_export_include_directories-extras.cmake
[0.094s] -- Up-to-date: /home/emma/Documents/GitHub/magic/install/kortex_driver/share/kortex_driver/cmake/ament_cmake_export_libraries-extras.cmake
[0.094s] -- Up-to-date: /home/emma/Documents/GitHub/magic/install/kortex_driver/share/kortex_driver/cmake/ament_cmake_export_dependencies-extras.cmake
[0.094s] -- Up-to-date: /home/emma/Documents/GitHub/magic/install/kortex_driver/share/kortex_driver/cmake/kortex_driverConfig.cmake
[0.094s] -- Up-to-date: /home/emma/Documents/GitHub/magic/install/kortex_driver/share/kortex_driver/cmake/kortex_driverConfig-version.cmake
[0.094s] -- Up-to-date: /home/emma/Documents/GitHub/magic/install/kortex_driver/share/kortex_driver/package.xml
[0.099s] Invoked command in '/home/emma/Documents/GitHub/magic/build/kortex_driver' returned '0': AMENT_PREFIX_PATH=/home/emma/Documents/GitHub/magic/install/kortex_api:${AMENT_PREFIX_PATH} CMAKE_PREFIX_PATH=/home/emma/Documents/GitHub/magic/install/kortex_api:/home/emma/Documents/GitHub/magic/ros2_ws/install/two_arm_moveit2_config:/home/emma/Documents/GitHub/magic/ros2_ws/install/robotiq_hardware_tests:/home/emma/Documents/GitHub/magic/ros2_ws/install/robotiq_driver:/home/emma/Documents/GitHub/magic/ros2_ws/install/serial:/home/emma/Documents/GitHub/magic/ros2_ws/install/kortex_bringup:/home/emma/Documents/GitHub/magic/ros2_ws/install/kinova_gen3_lite_moveit_config:/home/emma/Documents/GitHub/magic/ros2_ws/install/kinova_gen3_7dof_robotiq_2f_85_moveit_config:/home/emma/Documents/GitHub/magic/ros2_ws/install/kinova_gen3_6dof_robotiq_2f_85_moveit_config:/home/emma/Documents/GitHub/magic/ros2_ws/install/kortex_description:/home/emma/Documents/GitHub/magic/ros2_ws/install/robotiq_description:/home/emma/Documents/GitHub/magic/ros2_ws/install/robotiq_controllers:/home/emma/Documents/GitHub/magic/ros2_ws/install/kortex_driver:/home/emma/Documents/GitHub/magic/ros2_ws/install/kortex_api:/home/emma/Documents/GitHub/magic/ros2_ws/install/mujoco_ros2:/home/emma/Documents/GitHub/magic/ros2_ws/install/control:/opt/ros/humble CONDA_PROMPT_MODIFIER=(base) /usr/bin/cmake --install /home/emma/Documents/GitHub/magic/build/kortex_driver
