[1.318s] Invoking command in '/home/emma/Documents/GitHub/magic/ros2_ws/src/ros2_control/rqt_controller_manager': AMENT_PREFIX_PATH=/home/emma/Documents/GitHub/magic/install/controller_manager:/home/emma/Documents/GitHub/magic/install/hardware_interface_testing:/home/emma/Documents/GitHub/magic/install/controller_interface:/home/emma/Documents/GitHub/magic/install/hardware_interface:/home/emma/Documents/GitHub/magic/install/ros2_control_test_assets:/home/emma/Documents/GitHub/magic/install/realtime_tools:/home/emma/Documents/GitHub/magic/install/controller_manager_msgs:/home/emma/Documents/GitHub/magic/install/control_msgs:${AMENT_PREFIX_PATH} CMAKE_PREFIX_PATH=/home/emma/Documents/GitHub/magic/install/controller_manager:/home/emma/Documents/GitHub/magic/install/hardware_interface_testing:/home/emma/Documents/GitHub/magic/install/controller_interface:/home/emma/Documents/GitHub/magic/install/hardware_interface:/home/emma/Documents/GitHub/magic/install/ros2_control_test_assets:/home/emma/Documents/GitHub/magic/install/realtime_tools:/home/emma/Documents/GitHub/magic/install/controller_manager_msgs:/home/emma/Documents/GitHub/magic/install/control_msgs:${CMAKE_PREFIX_PATH} CONDA_PROMPT_MODIFIER=(base) LD_LIBRARY_PATH=/home/emma/Documents/GitHub/magic/install/controller_manager/lib:/home/emma/Documents/GitHub/magic/install/hardware_interface_testing/lib:/home/emma/Documents/GitHub/magic/install/controller_interface/lib:/home/emma/Documents/GitHub/magic/install/hardware_interface/lib:/home/emma/Documents/GitHub/magic/install/realtime_tools/lib:/home/emma/Documents/GitHub/magic/install/controller_manager_msgs/lib:/home/emma/Documents/GitHub/magic/install/control_msgs/lib:${LD_LIBRARY_PATH} PYTHONPATH=/home/emma/Documents/GitHub/magic/build/rqt_controller_manager/prefix_override:/usr/lib/python3/dist-packages/colcon_core/task/python/colcon_distutils_commands:/home/emma/Documents/GitHub/magic/install/rqt_controller_manager/lib/python3.10/site-packages:/home/emma/Documents/GitHub/magic/install/controller_manager/local/lib/python3.10/dist-packages:/home/emma/Documents/GitHub/magic/install/controller_manager_msgs/local/lib/python3.10/dist-packages:/home/emma/Documents/GitHub/magic/install/control_msgs/local/lib/python3.10/dist-packages:${PYTHONPATH} /usr/bin/python3 -W ignore:setup.py install is deprecated -W ignore:easy_install command is deprecated setup.py egg_info --egg-base ../../../../build/rqt_controller_manager build --build-base /home/emma/Documents/GitHub/magic/build/rqt_controller_manager/build install --record /home/emma/Documents/GitHub/magic/build/rqt_controller_manager/install.log --single-version-externally-managed install_data
[2.810s] running egg_info
[2.810s] creating ../../../../build/rqt_controller_manager/rqt_controller_manager.egg-info
[2.810s] writing ../../../../build/rqt_controller_manager/rqt_controller_manager.egg-info/PKG-INFO
[2.810s] writing dependency_links to ../../../../build/rqt_controller_manager/rqt_controller_manager.egg-info/dependency_links.txt
[2.810s] writing entry points to ../../../../build/rqt_controller_manager/rqt_controller_manager.egg-info/entry_points.txt
[2.810s] writing requirements to ../../../../build/rqt_controller_manager/rqt_controller_manager.egg-info/requires.txt
[2.810s] writing top-level names to ../../../../build/rqt_controller_manager/rqt_controller_manager.egg-info/top_level.txt
[2.810s] writing manifest file '../../../../build/rqt_controller_manager/rqt_controller_manager.egg-info/SOURCES.txt'
[2.810s] reading manifest file '../../../../build/rqt_controller_manager/rqt_controller_manager.egg-info/SOURCES.txt'
[2.810s] writing manifest file '../../../../build/rqt_controller_manager/rqt_controller_manager.egg-info/SOURCES.txt'
[2.810s] running build
[2.810s] running build_py
[2.810s] creating /home/emma/Documents/GitHub/magic/build/rqt_controller_manager/build
[2.810s] creating /home/emma/Documents/GitHub/magic/build/rqt_controller_manager/build/lib
[2.811s] creating /home/emma/Documents/GitHub/magic/build/rqt_controller_manager/build/lib/rqt_controller_manager
[2.812s] copying rqt_controller_manager/controller_manager.py -> /home/emma/Documents/GitHub/magic/build/rqt_controller_manager/build/lib/rqt_controller_manager
[2.812s] copying rqt_controller_manager/update_combo.py -> /home/emma/Documents/GitHub/magic/build/rqt_controller_manager/build/lib/rqt_controller_manager
[2.812s] copying rqt_controller_manager/__init__.py -> /home/emma/Documents/GitHub/magic/build/rqt_controller_manager/build/lib/rqt_controller_manager
[2.812s] copying rqt_controller_manager/main.py -> /home/emma/Documents/GitHub/magic/build/rqt_controller_manager/build/lib/rqt_controller_manager
[2.812s] running install
[2.812s] running install_lib
[2.812s] creating /home/emma/Documents/GitHub/magic/install/rqt_controller_manager/lib/python3.10/site-packages/rqt_controller_manager
[2.812s] copying /home/emma/Documents/GitHub/magic/build/rqt_controller_manager/build/lib/rqt_controller_manager/controller_manager.py -> /home/emma/Documents/GitHub/magic/install/rqt_controller_manager/lib/python3.10/site-packages/rqt_controller_manager
[2.812s] copying /home/emma/Documents/GitHub/magic/build/rqt_controller_manager/build/lib/rqt_controller_manager/update_combo.py -> /home/emma/Documents/GitHub/magic/install/rqt_controller_manager/lib/python3.10/site-packages/rqt_controller_manager
[2.812s] copying /home/emma/Documents/GitHub/magic/build/rqt_controller_manager/build/lib/rqt_controller_manager/__init__.py -> /home/emma/Documents/GitHub/magic/install/rqt_controller_manager/lib/python3.10/site-packages/rqt_controller_manager
[2.812s] copying /home/emma/Documents/GitHub/magic/build/rqt_controller_manager/build/lib/rqt_controller_manager/main.py -> /home/emma/Documents/GitHub/magic/install/rqt_controller_manager/lib/python3.10/site-packages/rqt_controller_manager
[2.812s] byte-compiling /home/emma/Documents/GitHub/magic/install/rqt_controller_manager/lib/python3.10/site-packages/rqt_controller_manager/controller_manager.py to controller_manager.cpython-310.pyc
[2.812s] byte-compiling /home/emma/Documents/GitHub/magic/install/rqt_controller_manager/lib/python3.10/site-packages/rqt_controller_manager/update_combo.py to update_combo.cpython-310.pyc
[2.812s] byte-compiling /home/emma/Documents/GitHub/magic/install/rqt_controller_manager/lib/python3.10/site-packages/rqt_controller_manager/__init__.py to __init__.cpython-310.pyc
[2.812s] byte-compiling /home/emma/Documents/GitHub/magic/install/rqt_controller_manager/lib/python3.10/site-packages/rqt_controller_manager/main.py to main.cpython-310.pyc
[2.812s] running install_data
[2.812s] creating /home/emma/Documents/GitHub/magic/install/rqt_controller_manager/share/ament_index
[2.812s] creating /home/emma/Documents/GitHub/magic/install/rqt_controller_manager/share/ament_index/resource_index
[2.812s] creating /home/emma/Documents/GitHub/magic/install/rqt_controller_manager/share/ament_index/resource_index/packages
[2.812s] copying resource/rqt_controller_manager -> /home/emma/Documents/GitHub/magic/install/rqt_controller_manager/share/ament_index/resource_index/packages
[2.813s] copying package.xml -> /home/emma/Documents/GitHub/magic/install/rqt_controller_manager/share/rqt_controller_manager
[2.813s] creating /home/emma/Documents/GitHub/magic/install/rqt_controller_manager/share/rqt_controller_manager/resource
[2.813s] copying resource/led_off.png -> /home/emma/Documents/GitHub/magic/install/rqt_controller_manager/share/rqt_controller_manager/resource
[2.813s] copying resource/led_green.png -> /home/emma/Documents/GitHub/magic/install/rqt_controller_manager/share/rqt_controller_manager/resource
[2.813s] copying resource/led_red.png -> /home/emma/Documents/GitHub/magic/install/rqt_controller_manager/share/rqt_controller_manager/resource
[2.813s] copying resource/popup_info.ui -> /home/emma/Documents/GitHub/magic/install/rqt_controller_manager/share/rqt_controller_manager/resource
[2.813s] copying resource/controller_manager.ui -> /home/emma/Documents/GitHub/magic/install/rqt_controller_manager/share/rqt_controller_manager/resource
[2.813s] copying resource/cm_icon.png -> /home/emma/Documents/GitHub/magic/install/rqt_controller_manager/share/rqt_controller_manager/resource
[2.813s] copying plugin.xml -> /home/emma/Documents/GitHub/magic/install/rqt_controller_manager/share/rqt_controller_manager
[2.813s] running install_egg_info
[2.813s] Copying ../../../../build/rqt_controller_manager/rqt_controller_manager.egg-info to /home/emma/Documents/GitHub/magic/install/rqt_controller_manager/lib/python3.10/site-packages/rqt_controller_manager-2.49.0-py3.10.egg-info
[2.813s] running install_scripts
[2.813s] Installing rqt_controller_manager script to /home/emma/Documents/GitHub/magic/install/rqt_controller_manager/lib/rqt_controller_manager
[2.813s] writing list of installed files to '/home/emma/Documents/GitHub/magic/build/rqt_controller_manager/install.log'
[2.825s] Invoked command in '/home/emma/Documents/GitHub/magic/ros2_ws/src/ros2_control/rqt_controller_manager' returned '0': AMENT_PREFIX_PATH=/home/emma/Documents/GitHub/magic/install/controller_manager:/home/emma/Documents/GitHub/magic/install/hardware_interface_testing:/home/emma/Documents/GitHub/magic/install/controller_interface:/home/emma/Documents/GitHub/magic/install/hardware_interface:/home/emma/Documents/GitHub/magic/install/ros2_control_test_assets:/home/emma/Documents/GitHub/magic/install/realtime_tools:/home/emma/Documents/GitHub/magic/install/controller_manager_msgs:/home/emma/Documents/GitHub/magic/install/control_msgs:${AMENT_PREFIX_PATH} CMAKE_PREFIX_PATH=/home/emma/Documents/GitHub/magic/install/controller_manager:/home/emma/Documents/GitHub/magic/install/hardware_interface_testing:/home/emma/Documents/GitHub/magic/install/controller_interface:/home/emma/Documents/GitHub/magic/install/hardware_interface:/home/emma/Documents/GitHub/magic/install/ros2_control_test_assets:/home/emma/Documents/GitHub/magic/install/realtime_tools:/home/emma/Documents/GitHub/magic/install/controller_manager_msgs:/home/emma/Documents/GitHub/magic/install/control_msgs:${CMAKE_PREFIX_PATH} CONDA_PROMPT_MODIFIER=(base) LD_LIBRARY_PATH=/home/emma/Documents/GitHub/magic/install/controller_manager/lib:/home/emma/Documents/GitHub/magic/install/hardware_interface_testing/lib:/home/emma/Documents/GitHub/magic/install/controller_interface/lib:/home/emma/Documents/GitHub/magic/install/hardware_interface/lib:/home/emma/Documents/GitHub/magic/install/realtime_tools/lib:/home/emma/Documents/GitHub/magic/install/controller_manager_msgs/lib:/home/emma/Documents/GitHub/magic/install/control_msgs/lib:${LD_LIBRARY_PATH} PYTHONPATH=/home/emma/Documents/GitHub/magic/build/rqt_controller_manager/prefix_override:/usr/lib/python3/dist-packages/colcon_core/task/python/colcon_distutils_commands:/home/emma/Documents/GitHub/magic/install/rqt_controller_manager/lib/python3.10/site-packages:/home/emma/Documents/GitHub/magic/install/controller_manager/local/lib/python3.10/dist-packages:/home/emma/Documents/GitHub/magic/install/controller_manager_msgs/local/lib/python3.10/dist-packages:/home/emma/Documents/GitHub/magic/install/control_msgs/local/lib/python3.10/dist-packages:${PYTHONPATH} /usr/bin/python3 -W ignore:setup.py install is deprecated -W ignore:easy_install command is deprecated setup.py egg_info --egg-base ../../../../build/rqt_controller_manager build --build-base /home/emma/Documents/GitHub/magic/build/rqt_controller_manager/build install --record /home/emma/Documents/GitHub/magic/build/rqt_controller_manager/install.log --single-version-externally-managed install_data
