[0.023s] Invoking command in '/home/megan/magic/ros2_ws/build/forward_command_controller': AMENT_PREFIX_PATH=/home/megan/magic/ros2_ws/install/controller_manager:/home/megan/magic/ros2_ws/install/hardware_interface_testing:/home/megan/magic/ros2_ws/install/controller_interface:/home/megan/magic/ros2_ws/install/hardware_interface:/home/megan/magic/ros2_ws/install/ros2_control_test_assets:/home/megan/magic/ros2_ws/install/controller_manager_msgs:/home/megan/magic/ros2_ws/install/control_msgs:${AMENT_PREFIX_PATH} CMAKE_PREFIX_PATH=/home/megan/magic/ros2_ws/install/controller_manager:/home/megan/magic/ros2_ws/install/hardware_interface_testing:/home/megan/magic/ros2_ws/install/controller_interface:/home/megan/magic/ros2_ws/install/hardware_interface:/home/megan/magic/ros2_ws/install/ros2_control_test_assets:/home/megan/magic/ros2_ws/install/controller_manager_msgs:/home/megan/magic/ros2_ws/install/control_msgs:/opt/ros/humble LD_LIBRARY_PATH=/home/megan/magic/ros2_ws/install/controller_manager/lib:/home/megan/magic/ros2_ws/install/hardware_interface_testing/lib:/home/megan/magic/ros2_ws/install/controller_interface/lib:/home/megan/magic/ros2_ws/install/hardware_interface/lib:/home/megan/magic/ros2_ws/install/controller_manager_msgs/lib:/home/megan/magic/ros2_ws/install/control_msgs/lib:${LD_LIBRARY_PATH} PYTHONPATH=/home/megan/magic/ros2_ws/install/controller_manager/lib/python3.10/site-packages:/home/megan/magic/ros2_ws/install/controller_manager_msgs/lib/python3.10/site-packages:/home/megan/magic/ros2_ws/install/control_msgs/lib/python3.10/site-packages:${PYTHONPATH} VIRTUAL_ENV_PROMPT=(magic) /usr/bin/cmake --build /home/megan/magic/ros2_ws/build/forward_command_controller -- -j20 -l20
[0.068s] [  9%] Built target multi_interface_forward_command_controller_parameters
[0.069s] [ 19%] Built target gmock_main
[0.070s] [ 28%] Built target forward_command_controller_parameters
[0.071s] [ 42%] Built target gmock
[0.096s] [ 61%] Built target forward_command_controller
[0.122s] [ 71%] Built target test_multi_interface_forward_command_controller
[0.127s] [ 80%] Built target test_forward_command_controller
[0.127s] [ 90%] Built target test_load_multi_interface_forward_command_controller
[0.128s] [100%] Built target test_load_forward_command_controller
[0.137s] Invoked command in '/home/megan/magic/ros2_ws/build/forward_command_controller' returned '0': AMENT_PREFIX_PATH=/home/megan/magic/ros2_ws/install/controller_manager:/home/megan/magic/ros2_ws/install/hardware_interface_testing:/home/megan/magic/ros2_ws/install/controller_interface:/home/megan/magic/ros2_ws/install/hardware_interface:/home/megan/magic/ros2_ws/install/ros2_control_test_assets:/home/megan/magic/ros2_ws/install/controller_manager_msgs:/home/megan/magic/ros2_ws/install/control_msgs:${AMENT_PREFIX_PATH} CMAKE_PREFIX_PATH=/home/megan/magic/ros2_ws/install/controller_manager:/home/megan/magic/ros2_ws/install/hardware_interface_testing:/home/megan/magic/ros2_ws/install/controller_interface:/home/megan/magic/ros2_ws/install/hardware_interface:/home/megan/magic/ros2_ws/install/ros2_control_test_assets:/home/megan/magic/ros2_ws/install/controller_manager_msgs:/home/megan/magic/ros2_ws/install/control_msgs:/opt/ros/humble LD_LIBRARY_PATH=/home/megan/magic/ros2_ws/install/controller_manager/lib:/home/megan/magic/ros2_ws/install/hardware_interface_testing/lib:/home/megan/magic/ros2_ws/install/controller_interface/lib:/home/megan/magic/ros2_ws/install/hardware_interface/lib:/home/megan/magic/ros2_ws/install/controller_manager_msgs/lib:/home/megan/magic/ros2_ws/install/control_msgs/lib:${LD_LIBRARY_PATH} PYTHONPATH=/home/megan/magic/ros2_ws/install/controller_manager/lib/python3.10/site-packages:/home/megan/magic/ros2_ws/install/controller_manager_msgs/lib/python3.10/site-packages:/home/megan/magic/ros2_ws/install/control_msgs/lib/python3.10/site-packages:${PYTHONPATH} VIRTUAL_ENV_PROMPT=(magic) /usr/bin/cmake --build /home/megan/magic/ros2_ws/build/forward_command_controller -- -j20 -l20
[0.138s] Invoking command in '/home/megan/magic/ros2_ws/build/forward_command_controller': AMENT_PREFIX_PATH=/home/megan/magic/ros2_ws/install/controller_manager:/home/megan/magic/ros2_ws/install/hardware_interface_testing:/home/megan/magic/ros2_ws/install/controller_interface:/home/megan/magic/ros2_ws/install/hardware_interface:/home/megan/magic/ros2_ws/install/ros2_control_test_assets:/home/megan/magic/ros2_ws/install/controller_manager_msgs:/home/megan/magic/ros2_ws/install/control_msgs:${AMENT_PREFIX_PATH} CMAKE_PREFIX_PATH=/home/megan/magic/ros2_ws/install/controller_manager:/home/megan/magic/ros2_ws/install/hardware_interface_testing:/home/megan/magic/ros2_ws/install/controller_interface:/home/megan/magic/ros2_ws/install/hardware_interface:/home/megan/magic/ros2_ws/install/ros2_control_test_assets:/home/megan/magic/ros2_ws/install/controller_manager_msgs:/home/megan/magic/ros2_ws/install/control_msgs:/opt/ros/humble LD_LIBRARY_PATH=/home/megan/magic/ros2_ws/install/controller_manager/lib:/home/megan/magic/ros2_ws/install/hardware_interface_testing/lib:/home/megan/magic/ros2_ws/install/controller_interface/lib:/home/megan/magic/ros2_ws/install/hardware_interface/lib:/home/megan/magic/ros2_ws/install/controller_manager_msgs/lib:/home/megan/magic/ros2_ws/install/control_msgs/lib:${LD_LIBRARY_PATH} PYTHONPATH=/home/megan/magic/ros2_ws/install/controller_manager/lib/python3.10/site-packages:/home/megan/magic/ros2_ws/install/controller_manager_msgs/lib/python3.10/site-packages:/home/megan/magic/ros2_ws/install/control_msgs/lib/python3.10/site-packages:${PYTHONPATH} VIRTUAL_ENV_PROMPT=(magic) /usr/bin/cmake --install /home/megan/magic/ros2_ws/build/forward_command_controller
[0.144s] -- Install configuration: "Release"
[0.144s] -- Up-to-date: /home/megan/magic/ros2_ws/install/forward_command_controller/include/forward_command_controller
[0.144s] -- Up-to-date: /home/megan/magic/ros2_ws/install/forward_command_controller/include/forward_command_controller/multi_interface_forward_command_controller_parameters.hpp
[0.144s] -- Up-to-date: /home/megan/magic/ros2_ws/install/forward_command_controller/include/forward_command_controller/forward_command_controller_parameters.hpp
[0.144s] -- Up-to-date: /home/megan/magic/ros2_ws/install/forward_command_controller/include/forward_command_controller
[0.144s] -- Up-to-date: /home/megan/magic/ros2_ws/install/forward_command_controller/include/forward_command_controller/multi_interface_forward_command_controller_parameters.hpp
[0.144s] -- Up-to-date: /home/megan/magic/ros2_ws/install/forward_command_controller/include/forward_command_controller/forward_command_controller_parameters.hpp
[0.145s] -- Up-to-date: /home/megan/magic/ros2_ws/install/forward_command_controller/share/forward_command_controller/forward_command_plugin.xml
[0.145s] -- Up-to-date: /home/megan/magic/ros2_ws/install/forward_command_controller/include/forward_command_controller
[0.145s] -- Up-to-date: /home/megan/magic/ros2_ws/install/forward_command_controller/include/forward_command_controller/forward_command_controller
[0.145s] -- Up-to-date: /home/megan/magic/ros2_ws/install/forward_command_controller/include/forward_command_controller/forward_command_controller/visibility_control.h
[0.146s] -- Up-to-date: /home/megan/magic/ros2_ws/install/forward_command_controller/include/forward_command_controller/forward_command_controller/forward_controllers_base.hpp
[0.146s] -- Up-to-date: /home/megan/magic/ros2_ws/install/forward_command_controller/include/forward_command_controller/forward_command_controller/forward_command_controller.hpp
[0.146s] -- Up-to-date: /home/megan/magic/ros2_ws/install/forward_command_controller/include/forward_command_controller/forward_command_controller/multi_interface_forward_command_controller.hpp
[0.146s] -- Up-to-date: /home/megan/magic/ros2_ws/install/forward_command_controller/lib/libforward_command_controller.so
[0.146s] -- Up-to-date: /home/megan/magic/ros2_ws/install/forward_command_controller/share/forward_command_controller/environment/library_path.sh
[0.146s] -- Up-to-date: /home/megan/magic/ros2_ws/install/forward_command_controller/share/forward_command_controller/environment/library_path.dsv
[0.146s] -- Up-to-date: /home/megan/magic/ros2_ws/install/forward_command_controller/share/ament_index/resource_index/package_run_dependencies/forward_command_controller
[0.146s] -- Up-to-date: /home/megan/magic/ros2_ws/install/forward_command_controller/share/ament_index/resource_index/parent_prefix_path/forward_command_controller
[0.147s] -- Up-to-date: /home/megan/magic/ros2_ws/install/forward_command_controller/share/forward_command_controller/environment/ament_prefix_path.sh
[0.147s] -- Up-to-date: /home/megan/magic/ros2_ws/install/forward_command_controller/share/forward_command_controller/environment/ament_prefix_path.dsv
[0.147s] -- Up-to-date: /home/megan/magic/ros2_ws/install/forward_command_controller/share/forward_command_controller/environment/path.sh
[0.147s] -- Up-to-date: /home/megan/magic/ros2_ws/install/forward_command_controller/share/forward_command_controller/environment/path.dsv
[0.147s] -- Up-to-date: /home/megan/magic/ros2_ws/install/forward_command_controller/share/forward_command_controller/local_setup.bash
[0.147s] -- Up-to-date: /home/megan/magic/ros2_ws/install/forward_command_controller/share/forward_command_controller/local_setup.sh
[0.147s] -- Up-to-date: /home/megan/magic/ros2_ws/install/forward_command_controller/share/forward_command_controller/local_setup.zsh
[0.147s] -- Up-to-date: /home/megan/magic/ros2_ws/install/forward_command_controller/share/forward_command_controller/local_setup.dsv
[0.147s] -- Installing: /home/megan/magic/ros2_ws/install/forward_command_controller/share/forward_command_controller/package.dsv
[0.148s] -- Up-to-date: /home/megan/magic/ros2_ws/install/forward_command_controller/share/ament_index/resource_index/packages/forward_command_controller
[0.148s] -- Up-to-date: /home/megan/magic/ros2_ws/install/forward_command_controller/share/ament_index/resource_index/controller_interface__pluginlib__plugin/forward_command_controller
[0.148s] -- Up-to-date: /home/megan/magic/ros2_ws/install/forward_command_controller/share/forward_command_controller/cmake/export_forward_command_controllerExport.cmake
[0.148s] -- Up-to-date: /home/megan/magic/ros2_ws/install/forward_command_controller/share/forward_command_controller/cmake/export_forward_command_controllerExport-release.cmake
[0.148s] -- Up-to-date: /home/megan/magic/ros2_ws/install/forward_command_controller/share/forward_command_controller/cmake/ament_cmake_export_dependencies-extras.cmake
[0.148s] -- Up-to-date: /home/megan/magic/ros2_ws/install/forward_command_controller/share/forward_command_controller/cmake/ament_cmake_export_targets-extras.cmake
[0.148s] -- Up-to-date: /home/megan/magic/ros2_ws/install/forward_command_controller/share/forward_command_controller/cmake/forward_command_controllerConfig.cmake
[0.148s] -- Up-to-date: /home/megan/magic/ros2_ws/install/forward_command_controller/share/forward_command_controller/cmake/forward_command_controllerConfig-version.cmake
[0.148s] -- Up-to-date: /home/megan/magic/ros2_ws/install/forward_command_controller/share/forward_command_controller/package.xml
[0.151s] Invoked command in '/home/megan/magic/ros2_ws/build/forward_command_controller' returned '0': AMENT_PREFIX_PATH=/home/megan/magic/ros2_ws/install/controller_manager:/home/megan/magic/ros2_ws/install/hardware_interface_testing:/home/megan/magic/ros2_ws/install/controller_interface:/home/megan/magic/ros2_ws/install/hardware_interface:/home/megan/magic/ros2_ws/install/ros2_control_test_assets:/home/megan/magic/ros2_ws/install/controller_manager_msgs:/home/megan/magic/ros2_ws/install/control_msgs:${AMENT_PREFIX_PATH} CMAKE_PREFIX_PATH=/home/megan/magic/ros2_ws/install/controller_manager:/home/megan/magic/ros2_ws/install/hardware_interface_testing:/home/megan/magic/ros2_ws/install/controller_interface:/home/megan/magic/ros2_ws/install/hardware_interface:/home/megan/magic/ros2_ws/install/ros2_control_test_assets:/home/megan/magic/ros2_ws/install/controller_manager_msgs:/home/megan/magic/ros2_ws/install/control_msgs:/opt/ros/humble LD_LIBRARY_PATH=/home/megan/magic/ros2_ws/install/controller_manager/lib:/home/megan/magic/ros2_ws/install/hardware_interface_testing/lib:/home/megan/magic/ros2_ws/install/controller_interface/lib:/home/megan/magic/ros2_ws/install/hardware_interface/lib:/home/megan/magic/ros2_ws/install/controller_manager_msgs/lib:/home/megan/magic/ros2_ws/install/control_msgs/lib:${LD_LIBRARY_PATH} PYTHONPATH=/home/megan/magic/ros2_ws/install/controller_manager/lib/python3.10/site-packages:/home/megan/magic/ros2_ws/install/controller_manager_msgs/lib/python3.10/site-packages:/home/megan/magic/ros2_ws/install/control_msgs/lib/python3.10/site-packages:${PYTHONPATH} VIRTUAL_ENV_PROMPT=(magic) /usr/bin/cmake --install /home/megan/magic/ros2_ws/build/forward_command_controller
