[0.019s] Invoking command in '/home/emma/Documents/GitHub/magic/build/transmission_interface': AMENT_PREFIX_PATH=/home/emma/Documents/GitHub/magic/install/hardware_interface:/home/emma/Documents/GitHub/magic/install/ros2_control_test_assets:/home/emma/Documents/GitHub/magic/install/control_msgs:${AMENT_PREFIX_PATH} CMAKE_PREFIX_PATH=/home/emma/Documents/GitHub/magic/install/hardware_interface:/home/emma/Documents/GitHub/magic/install/ros2_control_test_assets:/home/emma/Documents/GitHub/magic/install/control_msgs:/home/emma/Documents/GitHub/install/two_arm_moveit2_config:/home/emma/Documents/GitHub/install/kortex_bringup:/home/emma/Documents/GitHub/install/kinova_gen3_lite_moveit_config:/home/emma/Documents/GitHub/install/kinova_gen3_7dof_robotiq_2f_85_moveit_config:/home/emma/Documents/GitHub/install/kinova_gen3_6dof_robotiq_2f_85_moveit_config:/home/emma/Documents/GitHub/install/kortex_description:/home/emma/Documents/GitHub/install/robotiq_description:/home/emma/Documents/GitHub/install/ros2_controllers:/home/emma/Documents/GitHub/install/velocity_controllers:/home/emma/Documents/GitHub/install/tricycle_steering_controller:/home/emma/Documents/GitHub/install/tricycle_controller:/home/emma/Documents/GitHub/install/ros2_control:/home/emma/Documents/GitHub/install/transmission_interface:/home/emma/Documents/GitHub/install/bicycle_steering_controller:/home/emma/Documents/GitHub/install/ackermann_steering_controller:/home/emma/Documents/GitHub/install/steering_controllers_library:/home/emma/Documents/GitHub/install/robotiq_hardware_tests:/home/emma/Documents/GitHub/install/robotiq_driver:/home/emma/Documents/GitHub/install/serial:/home/emma/Documents/GitHub/install/hardware_interface_testing:/home/emma/Documents/GitHub/install/controller_manager:/home/emma/Documents/GitHub/install/ros2_control_test_assets:/home/emma/Documents/GitHub/install/robotiq_controllers:/home/emma/Documents/GitHub/install/range_sensor_broadcaster:/home/emma/Documents/GitHub/install/position_controllers:/home/emma/Documents/GitHub/install/pose_broadcaster:/home/emma/Documents/GitHub/install/pid_controller:/home/emma/Documents/GitHub/install/picknik_twist_controller:/home/emma/Documents/GitHub/install/picknik_reset_fault_controller:/home/emma/Documents/GitHub/install/mecanum_drive_controller:/home/emma/Documents/GitHub/install/joint_trajectory_controller:/home/emma/Documents/GitHub/install/joint_state_broadcaster:/home/emma/Documents/GitHub/install/imu_sensor_broadcaster:/home/emma/Documents/GitHub/install/gripper_controllers:/home/emma/Documents/GitHub/install/gpio_controllers:/home/emma/Documents/GitHub/install/effort_controllers:/home/emma/Documents/GitHub/install/forward_command_controller:/home/emma/Documents/GitHub/install/force_torque_sensor_broadcaster:/home/emma/Documents/GitHub/install/diff_drive_controller:/home/emma/Documents/GitHub/install/admittance_controller:/home/emma/Documents/GitHub/install/realtime_tools:/home/emma/Documents/GitHub/install/moveit_go:/home/emma/Documents/GitHub/install/kortex_driver:/home/emma/Documents/GitHub/install/kortex_api:/home/emma/Documents/GitHub/install/joint_limits:/home/emma/Documents/GitHub/install/controller_interface:/home/emma/Documents/GitHub/install/hardware_interface:/home/emma/Documents/GitHub/install/controller_manager_msgs:/home/emma/Documents/GitHub/install/control_msgs:/home/emma/Documents/GitHub/install/rqt_joint_trajectory_controller:/home/emma/Documents/GitHub/install/rqt_controller_manager:/home/emma/Documents/GitHub/install/ros2controlcli:/home/emma/Documents/GitHub/install/ros2_controllers_test_nodes:/home/emma/Documents/GitHub/install/mujoco_ros2:/home/emma/Documents/GitHub/install/control:/opt/ros/humble CONDA_PROMPT_MODIFIER=(base) LD_LIBRARY_PATH=/home/emma/Documents/GitHub/magic/install/hardware_interface/lib:/home/emma/Documents/GitHub/magic/install/control_msgs/lib:${LD_LIBRARY_PATH} PYTHONPATH=/home/emma/Documents/GitHub/magic/install/control_msgs/local/lib/python3.10/dist-packages:${PYTHONPATH} /usr/bin/cmake /home/emma/Documents/GitHub/magic/ros2_ws/src/ros2_control/transmission_interface -DCMAKE_INSTALL_PREFIX=/home/emma/Documents/GitHub/magic/install/transmission_interface
[0.075s] -- The C compiler identification is GNU 11.4.0
[0.124s] -- The CXX compiler identification is GNU 11.4.0
[0.133s] -- Detecting C compiler ABI info
[0.203s] -- Detecting C compiler ABI info - done
[0.209s] -- Check for working C compiler: /usr/bin/cc - skipped
[0.209s] -- Detecting C compile features
[0.209s] -- Detecting C compile features - done
[0.212s] -- Detecting CXX compiler ABI info
[0.290s] -- Detecting CXX compiler ABI info - done
[0.297s] -- Check for working CXX compiler: /usr/bin/c++ - skipped
[0.297s] -- Detecting CXX compile features
[0.297s] -- Detecting CXX compile features - done
[0.301s] -- Found ament_cmake: 1.3.12 (/opt/ros/humble/share/ament_cmake/cmake)
[0.431s] -- Found Python3: /usr/bin/python3 (found version "3.10.12") found components: Interpreter 
[0.543s] -- Found hardware_interface: 2.49.0 (/home/emma/Documents/GitHub/magic/install/hardware_interface/share/hardware_interface/cmake)
[0.622s] -- Found rosidl_generator_c: 3.1.6 (/opt/ros/humble/share/rosidl_generator_c/cmake)
[0.631s] -- Found rosidl_adapter: 3.1.6 (/opt/ros/humble/share/rosidl_adapter/cmake)
[0.640s] -- Found rosidl_generator_cpp: 3.1.6 (/opt/ros/humble/share/rosidl_generator_cpp/cmake)
[0.655s] -- Using all available rosidl_typesupport_c: rosidl_typesupport_fastrtps_c;rosidl_typesupport_introspection_c
[0.674s] -- Using all available rosidl_typesupport_cpp: rosidl_typesupport_fastrtps_cpp;rosidl_typesupport_introspection_cpp
[0.878s] -- Found rmw_implementation_cmake: 6.1.2 (/opt/ros/humble/share/rmw_implementation_cmake/cmake)
[0.884s] -- Found rmw_fastrtps_cpp: 6.2.7 (/opt/ros/humble/share/rmw_fastrtps_cpp/cmake)
[0.915s] -- Found TinyXML2 via Config file: TinyXML2_DIR-NOTFOUND
[0.983s] -- Found OpenSSL: /usr/lib/x86_64-linux-gnu/libcrypto.so (found version "3.0.2")  
[0.985s] -- Found TinyXML2 via Config file: TinyXML2_DIR-NOTFOUND
[1.003s] -- Found FastRTPS: /opt/ros/humble/include  
[1.004s] -- Found TinyXML2 via Config file: TinyXML2_DIR-NOTFOUND
[1.013s] -- Found TinyXML2 via Config file: TinyXML2_DIR-NOTFOUND
[1.027s] -- Using RMW implementation 'rmw_fastrtps_cpp' as default
[1.041s] -- Looking for pthread.h
[1.117s] -- Looking for pthread.h - found
[1.117s] -- Performing Test CMAKE_HAVE_LIBC_PTHREAD
[1.187s] -- Performing Test CMAKE_HAVE_LIBC_PTHREAD - Success
[1.188s] -- Found Threads: TRUE  
[1.251s] -- Found ament_cmake_gmock: 1.3.11 (/opt/ros/humble/share/ament_cmake_gmock/cmake)
[1.255s] -- Found gmock sources under '/opt/ros/humble/src/gmock_vendor': C++ tests using 'Google Mock' will be built
[1.265s] -- Found ament_cmake_gtest: 1.3.11 (/opt/ros/humble/share/ament_cmake_gtest/cmake)
[1.265s] -- Found gtest sources under '/opt/ros/humble/src/gtest_vendor': C++ tests using 'Google Test' will be built
[1.382s] -- Configuring done
[1.488s] -- Generating done
[1.513s] -- Build files have been written to: /home/emma/Documents/GitHub/magic/build/transmission_interface
[1.527s] Invoked command in '/home/emma/Documents/GitHub/magic/build/transmission_interface' returned '0': AMENT_PREFIX_PATH=/home/emma/Documents/GitHub/magic/install/hardware_interface:/home/emma/Documents/GitHub/magic/install/ros2_control_test_assets:/home/emma/Documents/GitHub/magic/install/control_msgs:${AMENT_PREFIX_PATH} CMAKE_PREFIX_PATH=/home/emma/Documents/GitHub/magic/install/hardware_interface:/home/emma/Documents/GitHub/magic/install/ros2_control_test_assets:/home/emma/Documents/GitHub/magic/install/control_msgs:/home/emma/Documents/GitHub/install/two_arm_moveit2_config:/home/emma/Documents/GitHub/install/kortex_bringup:/home/emma/Documents/GitHub/install/kinova_gen3_lite_moveit_config:/home/emma/Documents/GitHub/install/kinova_gen3_7dof_robotiq_2f_85_moveit_config:/home/emma/Documents/GitHub/install/kinova_gen3_6dof_robotiq_2f_85_moveit_config:/home/emma/Documents/GitHub/install/kortex_description:/home/emma/Documents/GitHub/install/robotiq_description:/home/emma/Documents/GitHub/install/ros2_controllers:/home/emma/Documents/GitHub/install/velocity_controllers:/home/emma/Documents/GitHub/install/tricycle_steering_controller:/home/emma/Documents/GitHub/install/tricycle_controller:/home/emma/Documents/GitHub/install/ros2_control:/home/emma/Documents/GitHub/install/transmission_interface:/home/emma/Documents/GitHub/install/bicycle_steering_controller:/home/emma/Documents/GitHub/install/ackermann_steering_controller:/home/emma/Documents/GitHub/install/steering_controllers_library:/home/emma/Documents/GitHub/install/robotiq_hardware_tests:/home/emma/Documents/GitHub/install/robotiq_driver:/home/emma/Documents/GitHub/install/serial:/home/emma/Documents/GitHub/install/hardware_interface_testing:/home/emma/Documents/GitHub/install/controller_manager:/home/emma/Documents/GitHub/install/ros2_control_test_assets:/home/emma/Documents/GitHub/install/robotiq_controllers:/home/emma/Documents/GitHub/install/range_sensor_broadcaster:/home/emma/Documents/GitHub/install/position_controllers:/home/emma/Documents/GitHub/install/pose_broadcaster:/home/emma/Documents/GitHub/install/pid_controller:/home/emma/Documents/GitHub/install/picknik_twist_controller:/home/emma/Documents/GitHub/install/picknik_reset_fault_controller:/home/emma/Documents/GitHub/install/mecanum_drive_controller:/home/emma/Documents/GitHub/install/joint_trajectory_controller:/home/emma/Documents/GitHub/install/joint_state_broadcaster:/home/emma/Documents/GitHub/install/imu_sensor_broadcaster:/home/emma/Documents/GitHub/install/gripper_controllers:/home/emma/Documents/GitHub/install/gpio_controllers:/home/emma/Documents/GitHub/install/effort_controllers:/home/emma/Documents/GitHub/install/forward_command_controller:/home/emma/Documents/GitHub/install/force_torque_sensor_broadcaster:/home/emma/Documents/GitHub/install/diff_drive_controller:/home/emma/Documents/GitHub/install/admittance_controller:/home/emma/Documents/GitHub/install/realtime_tools:/home/emma/Documents/GitHub/install/moveit_go:/home/emma/Documents/GitHub/install/kortex_driver:/home/emma/Documents/GitHub/install/kortex_api:/home/emma/Documents/GitHub/install/joint_limits:/home/emma/Documents/GitHub/install/controller_interface:/home/emma/Documents/GitHub/install/hardware_interface:/home/emma/Documents/GitHub/install/controller_manager_msgs:/home/emma/Documents/GitHub/install/control_msgs:/home/emma/Documents/GitHub/install/rqt_joint_trajectory_controller:/home/emma/Documents/GitHub/install/rqt_controller_manager:/home/emma/Documents/GitHub/install/ros2controlcli:/home/emma/Documents/GitHub/install/ros2_controllers_test_nodes:/home/emma/Documents/GitHub/install/mujoco_ros2:/home/emma/Documents/GitHub/install/control:/opt/ros/humble CONDA_PROMPT_MODIFIER=(base) LD_LIBRARY_PATH=/home/emma/Documents/GitHub/magic/install/hardware_interface/lib:/home/emma/Documents/GitHub/magic/install/control_msgs/lib:${LD_LIBRARY_PATH} PYTHONPATH=/home/emma/Documents/GitHub/magic/install/control_msgs/local/lib/python3.10/dist-packages:${PYTHONPATH} /usr/bin/cmake /home/emma/Documents/GitHub/magic/ros2_ws/src/ros2_control/transmission_interface -DCMAKE_INSTALL_PREFIX=/home/emma/Documents/GitHub/magic/install/transmission_interface
[1.529s] Invoking command in '/home/emma/Documents/GitHub/magic/build/transmission_interface': AMENT_PREFIX_PATH=/home/emma/Documents/GitHub/magic/install/hardware_interface:/home/emma/Documents/GitHub/magic/install/ros2_control_test_assets:/home/emma/Documents/GitHub/magic/install/control_msgs:${AMENT_PREFIX_PATH} CMAKE_PREFIX_PATH=/home/emma/Documents/GitHub/magic/install/hardware_interface:/home/emma/Documents/GitHub/magic/install/ros2_control_test_assets:/home/emma/Documents/GitHub/magic/install/control_msgs:/home/emma/Documents/GitHub/install/two_arm_moveit2_config:/home/emma/Documents/GitHub/install/kortex_bringup:/home/emma/Documents/GitHub/install/kinova_gen3_lite_moveit_config:/home/emma/Documents/GitHub/install/kinova_gen3_7dof_robotiq_2f_85_moveit_config:/home/emma/Documents/GitHub/install/kinova_gen3_6dof_robotiq_2f_85_moveit_config:/home/emma/Documents/GitHub/install/kortex_description:/home/emma/Documents/GitHub/install/robotiq_description:/home/emma/Documents/GitHub/install/ros2_controllers:/home/emma/Documents/GitHub/install/velocity_controllers:/home/emma/Documents/GitHub/install/tricycle_steering_controller:/home/emma/Documents/GitHub/install/tricycle_controller:/home/emma/Documents/GitHub/install/ros2_control:/home/emma/Documents/GitHub/install/transmission_interface:/home/emma/Documents/GitHub/install/bicycle_steering_controller:/home/emma/Documents/GitHub/install/ackermann_steering_controller:/home/emma/Documents/GitHub/install/steering_controllers_library:/home/emma/Documents/GitHub/install/robotiq_hardware_tests:/home/emma/Documents/GitHub/install/robotiq_driver:/home/emma/Documents/GitHub/install/serial:/home/emma/Documents/GitHub/install/hardware_interface_testing:/home/emma/Documents/GitHub/install/controller_manager:/home/emma/Documents/GitHub/install/ros2_control_test_assets:/home/emma/Documents/GitHub/install/robotiq_controllers:/home/emma/Documents/GitHub/install/range_sensor_broadcaster:/home/emma/Documents/GitHub/install/position_controllers:/home/emma/Documents/GitHub/install/pose_broadcaster:/home/emma/Documents/GitHub/install/pid_controller:/home/emma/Documents/GitHub/install/picknik_twist_controller:/home/emma/Documents/GitHub/install/picknik_reset_fault_controller:/home/emma/Documents/GitHub/install/mecanum_drive_controller:/home/emma/Documents/GitHub/install/joint_trajectory_controller:/home/emma/Documents/GitHub/install/joint_state_broadcaster:/home/emma/Documents/GitHub/install/imu_sensor_broadcaster:/home/emma/Documents/GitHub/install/gripper_controllers:/home/emma/Documents/GitHub/install/gpio_controllers:/home/emma/Documents/GitHub/install/effort_controllers:/home/emma/Documents/GitHub/install/forward_command_controller:/home/emma/Documents/GitHub/install/force_torque_sensor_broadcaster:/home/emma/Documents/GitHub/install/diff_drive_controller:/home/emma/Documents/GitHub/install/admittance_controller:/home/emma/Documents/GitHub/install/realtime_tools:/home/emma/Documents/GitHub/install/moveit_go:/home/emma/Documents/GitHub/install/kortex_driver:/home/emma/Documents/GitHub/install/kortex_api:/home/emma/Documents/GitHub/install/joint_limits:/home/emma/Documents/GitHub/install/controller_interface:/home/emma/Documents/GitHub/install/hardware_interface:/home/emma/Documents/GitHub/install/controller_manager_msgs:/home/emma/Documents/GitHub/install/control_msgs:/home/emma/Documents/GitHub/install/rqt_joint_trajectory_controller:/home/emma/Documents/GitHub/install/rqt_controller_manager:/home/emma/Documents/GitHub/install/ros2controlcli:/home/emma/Documents/GitHub/install/ros2_controllers_test_nodes:/home/emma/Documents/GitHub/install/mujoco_ros2:/home/emma/Documents/GitHub/install/control:/opt/ros/humble CONDA_PROMPT_MODIFIER=(base) LD_LIBRARY_PATH=/home/emma/Documents/GitHub/magic/install/hardware_interface/lib:/home/emma/Documents/GitHub/magic/install/control_msgs/lib:${LD_LIBRARY_PATH} PYTHONPATH=/home/emma/Documents/GitHub/magic/install/control_msgs/local/lib/python3.10/dist-packages:${PYTHONPATH} /usr/bin/cmake --build /home/emma/Documents/GitHub/magic/build/transmission_interface -- -j20 -l20
[1.590s] [  4%] [34m[1mGenerating transmission_interface/version.h[0m
[1.592s] [  8%] [32mBuilding CXX object gmock/CMakeFiles/gmock.dir/opt/ros/humble/src/gtest_vendor/src/gtest-all.cc.o[0m
[1.598s] [ 16%] [32mBuilding CXX object gmock/CMakeFiles/gmock_main.dir/src/gmock_main.cc.o[0m
[1.598s] [ 16%] [32mBuilding CXX object gmock/CMakeFiles/gmock.dir/src/gmock-all.cc.o[0m
[1.620s] [ 16%] Built target ament_generate_version_header__transmission_interface
[1.659s] [ 29%] [32mBuilding CXX object CMakeFiles/transmission_interface.dir/src/four_bar_linkage_transmission_loader.cpp.o[0m
[1.659s] [ 29%] [32mBuilding CXX object CMakeFiles/transmission_interface.dir/src/simple_transmission_loader.cpp.o[0m
[1.659s] [ 29%] [32mBuilding CXX object CMakeFiles/transmission_interface.dir/src/differential_transmission_loader.cpp.o[0m
[4.254s] [ 33%] [32m[1mLinking CXX static library libgmock_main.a[0m
[4.410s] [ 33%] Built target gmock_main
[6.475s] [ 37%] [32m[1mLinking CXX static library libgmock.a[0m
[6.596s] [ 37%] Built target gmock
[6.642s] [ 41%] [32mBuilding CXX object CMakeFiles/test_four_bar_linkage_transmission.dir/test/four_bar_linkage_transmission_test.cpp.o[0m
[6.642s] [ 50%] [32mBuilding CXX object CMakeFiles/test_differential_transmission_loader.dir/test/differential_transmission_loader_test.cpp.o[0m
[6.642s] [ 54%] [32mBuilding CXX object CMakeFiles/test_simple_transmission_loader.dir/test/simple_transmission_loader_test.cpp.o[0m
[6.642s] [ 50%] [32mBuilding CXX object CMakeFiles/test_differential_transmission.dir/test/differential_transmission_test.cpp.o[0m
[6.651s] [ 58%] [32mBuilding CXX object CMakeFiles/test_utils.dir/test/utils_test.cpp.o[0m
[6.652s] [ 62%] [32mBuilding CXX object CMakeFiles/test_simple_transmission.dir/test/simple_transmission_test.cpp.o[0m
[6.656s] [ 66%] [32mBuilding CXX object CMakeFiles/test_four_bar_linkage_transmission_loader.dir/test/four_bar_linkage_transmission_loader_test.cpp.o[0m
[7.298s] [ 70%] [32m[1mLinking CXX shared library libtransmission_interface.so[0m
[7.624s] [ 70%] Built target transmission_interface
[9.089s] [ 75%] [32m[1mLinking CXX executable test_utils[0m
[9.938s] [ 75%] Built target test_utils
[10.194s] [ 79%] [32m[1mLinking CXX executable test_differential_transmission[0m
[10.200s] [ 83%] [32m[1mLinking CXX executable test_simple_transmission[0m
[10.291s] [ 87%] [32m[1mLinking CXX executable test_four_bar_linkage_transmission[0m
[10.627s] [ 87%] Built target test_differential_transmission
[10.639s] [ 87%] Built target test_simple_transmission
[10.755s] [ 87%] Built target test_four_bar_linkage_transmission
[12.603s] [ 91%] [32m[1mLinking CXX executable test_four_bar_linkage_transmission_loader[0m
[12.662s] [ 95%] [32m[1mLinking CXX executable test_simple_transmission_loader[0m
[13.026s] [ 95%] Built target test_four_bar_linkage_transmission_loader
[13.057s] [ 95%] Built target test_simple_transmission_loader
[13.225s] [100%] [32m[1mLinking CXX executable test_differential_transmission_loader[0m
[13.533s] [100%] Built target test_differential_transmission_loader
[13.546s] Invoked command in '/home/emma/Documents/GitHub/magic/build/transmission_interface' returned '0': AMENT_PREFIX_PATH=/home/emma/Documents/GitHub/magic/install/hardware_interface:/home/emma/Documents/GitHub/magic/install/ros2_control_test_assets:/home/emma/Documents/GitHub/magic/install/control_msgs:${AMENT_PREFIX_PATH} CMAKE_PREFIX_PATH=/home/emma/Documents/GitHub/magic/install/hardware_interface:/home/emma/Documents/GitHub/magic/install/ros2_control_test_assets:/home/emma/Documents/GitHub/magic/install/control_msgs:/home/emma/Documents/GitHub/install/two_arm_moveit2_config:/home/emma/Documents/GitHub/install/kortex_bringup:/home/emma/Documents/GitHub/install/kinova_gen3_lite_moveit_config:/home/emma/Documents/GitHub/install/kinova_gen3_7dof_robotiq_2f_85_moveit_config:/home/emma/Documents/GitHub/install/kinova_gen3_6dof_robotiq_2f_85_moveit_config:/home/emma/Documents/GitHub/install/kortex_description:/home/emma/Documents/GitHub/install/robotiq_description:/home/emma/Documents/GitHub/install/ros2_controllers:/home/emma/Documents/GitHub/install/velocity_controllers:/home/emma/Documents/GitHub/install/tricycle_steering_controller:/home/emma/Documents/GitHub/install/tricycle_controller:/home/emma/Documents/GitHub/install/ros2_control:/home/emma/Documents/GitHub/install/transmission_interface:/home/emma/Documents/GitHub/install/bicycle_steering_controller:/home/emma/Documents/GitHub/install/ackermann_steering_controller:/home/emma/Documents/GitHub/install/steering_controllers_library:/home/emma/Documents/GitHub/install/robotiq_hardware_tests:/home/emma/Documents/GitHub/install/robotiq_driver:/home/emma/Documents/GitHub/install/serial:/home/emma/Documents/GitHub/install/hardware_interface_testing:/home/emma/Documents/GitHub/install/controller_manager:/home/emma/Documents/GitHub/install/ros2_control_test_assets:/home/emma/Documents/GitHub/install/robotiq_controllers:/home/emma/Documents/GitHub/install/range_sensor_broadcaster:/home/emma/Documents/GitHub/install/position_controllers:/home/emma/Documents/GitHub/install/pose_broadcaster:/home/emma/Documents/GitHub/install/pid_controller:/home/emma/Documents/GitHub/install/picknik_twist_controller:/home/emma/Documents/GitHub/install/picknik_reset_fault_controller:/home/emma/Documents/GitHub/install/mecanum_drive_controller:/home/emma/Documents/GitHub/install/joint_trajectory_controller:/home/emma/Documents/GitHub/install/joint_state_broadcaster:/home/emma/Documents/GitHub/install/imu_sensor_broadcaster:/home/emma/Documents/GitHub/install/gripper_controllers:/home/emma/Documents/GitHub/install/gpio_controllers:/home/emma/Documents/GitHub/install/effort_controllers:/home/emma/Documents/GitHub/install/forward_command_controller:/home/emma/Documents/GitHub/install/force_torque_sensor_broadcaster:/home/emma/Documents/GitHub/install/diff_drive_controller:/home/emma/Documents/GitHub/install/admittance_controller:/home/emma/Documents/GitHub/install/realtime_tools:/home/emma/Documents/GitHub/install/moveit_go:/home/emma/Documents/GitHub/install/kortex_driver:/home/emma/Documents/GitHub/install/kortex_api:/home/emma/Documents/GitHub/install/joint_limits:/home/emma/Documents/GitHub/install/controller_interface:/home/emma/Documents/GitHub/install/hardware_interface:/home/emma/Documents/GitHub/install/controller_manager_msgs:/home/emma/Documents/GitHub/install/control_msgs:/home/emma/Documents/GitHub/install/rqt_joint_trajectory_controller:/home/emma/Documents/GitHub/install/rqt_controller_manager:/home/emma/Documents/GitHub/install/ros2controlcli:/home/emma/Documents/GitHub/install/ros2_controllers_test_nodes:/home/emma/Documents/GitHub/install/mujoco_ros2:/home/emma/Documents/GitHub/install/control:/opt/ros/humble CONDA_PROMPT_MODIFIER=(base) LD_LIBRARY_PATH=/home/emma/Documents/GitHub/magic/install/hardware_interface/lib:/home/emma/Documents/GitHub/magic/install/control_msgs/lib:${LD_LIBRARY_PATH} PYTHONPATH=/home/emma/Documents/GitHub/magic/install/control_msgs/local/lib/python3.10/dist-packages:${PYTHONPATH} /usr/bin/cmake --build /home/emma/Documents/GitHub/magic/build/transmission_interface -- -j20 -l20
[13.548s] Invoking command in '/home/emma/Documents/GitHub/magic/build/transmission_interface': AMENT_PREFIX_PATH=/home/emma/Documents/GitHub/magic/install/hardware_interface:/home/emma/Documents/GitHub/magic/install/ros2_control_test_assets:/home/emma/Documents/GitHub/magic/install/control_msgs:${AMENT_PREFIX_PATH} CMAKE_PREFIX_PATH=/home/emma/Documents/GitHub/magic/install/hardware_interface:/home/emma/Documents/GitHub/magic/install/ros2_control_test_assets:/home/emma/Documents/GitHub/magic/install/control_msgs:/home/emma/Documents/GitHub/install/two_arm_moveit2_config:/home/emma/Documents/GitHub/install/kortex_bringup:/home/emma/Documents/GitHub/install/kinova_gen3_lite_moveit_config:/home/emma/Documents/GitHub/install/kinova_gen3_7dof_robotiq_2f_85_moveit_config:/home/emma/Documents/GitHub/install/kinova_gen3_6dof_robotiq_2f_85_moveit_config:/home/emma/Documents/GitHub/install/kortex_description:/home/emma/Documents/GitHub/install/robotiq_description:/home/emma/Documents/GitHub/install/ros2_controllers:/home/emma/Documents/GitHub/install/velocity_controllers:/home/emma/Documents/GitHub/install/tricycle_steering_controller:/home/emma/Documents/GitHub/install/tricycle_controller:/home/emma/Documents/GitHub/install/ros2_control:/home/emma/Documents/GitHub/install/transmission_interface:/home/emma/Documents/GitHub/install/bicycle_steering_controller:/home/emma/Documents/GitHub/install/ackermann_steering_controller:/home/emma/Documents/GitHub/install/steering_controllers_library:/home/emma/Documents/GitHub/install/robotiq_hardware_tests:/home/emma/Documents/GitHub/install/robotiq_driver:/home/emma/Documents/GitHub/install/serial:/home/emma/Documents/GitHub/install/hardware_interface_testing:/home/emma/Documents/GitHub/install/controller_manager:/home/emma/Documents/GitHub/install/ros2_control_test_assets:/home/emma/Documents/GitHub/install/robotiq_controllers:/home/emma/Documents/GitHub/install/range_sensor_broadcaster:/home/emma/Documents/GitHub/install/position_controllers:/home/emma/Documents/GitHub/install/pose_broadcaster:/home/emma/Documents/GitHub/install/pid_controller:/home/emma/Documents/GitHub/install/picknik_twist_controller:/home/emma/Documents/GitHub/install/picknik_reset_fault_controller:/home/emma/Documents/GitHub/install/mecanum_drive_controller:/home/emma/Documents/GitHub/install/joint_trajectory_controller:/home/emma/Documents/GitHub/install/joint_state_broadcaster:/home/emma/Documents/GitHub/install/imu_sensor_broadcaster:/home/emma/Documents/GitHub/install/gripper_controllers:/home/emma/Documents/GitHub/install/gpio_controllers:/home/emma/Documents/GitHub/install/effort_controllers:/home/emma/Documents/GitHub/install/forward_command_controller:/home/emma/Documents/GitHub/install/force_torque_sensor_broadcaster:/home/emma/Documents/GitHub/install/diff_drive_controller:/home/emma/Documents/GitHub/install/admittance_controller:/home/emma/Documents/GitHub/install/realtime_tools:/home/emma/Documents/GitHub/install/moveit_go:/home/emma/Documents/GitHub/install/kortex_driver:/home/emma/Documents/GitHub/install/kortex_api:/home/emma/Documents/GitHub/install/joint_limits:/home/emma/Documents/GitHub/install/controller_interface:/home/emma/Documents/GitHub/install/hardware_interface:/home/emma/Documents/GitHub/install/controller_manager_msgs:/home/emma/Documents/GitHub/install/control_msgs:/home/emma/Documents/GitHub/install/rqt_joint_trajectory_controller:/home/emma/Documents/GitHub/install/rqt_controller_manager:/home/emma/Documents/GitHub/install/ros2controlcli:/home/emma/Documents/GitHub/install/ros2_controllers_test_nodes:/home/emma/Documents/GitHub/install/mujoco_ros2:/home/emma/Documents/GitHub/install/control:/opt/ros/humble CONDA_PROMPT_MODIFIER=(base) LD_LIBRARY_PATH=/home/emma/Documents/GitHub/magic/install/hardware_interface/lib:/home/emma/Documents/GitHub/magic/install/control_msgs/lib:${LD_LIBRARY_PATH} PYTHONPATH=/home/emma/Documents/GitHub/magic/install/control_msgs/local/lib/python3.10/dist-packages:${PYTHONPATH} /usr/bin/cmake --install /home/emma/Documents/GitHub/magic/build/transmission_interface
[13.556s] -- Install configuration: ""
[13.556s] -- Installing: /home/emma/Documents/GitHub/magic/install/transmission_interface/include
[13.557s] -- Installing: /home/emma/Documents/GitHub/magic/install/transmission_interface/include/transmission_interface
[13.557s] -- Installing: /home/emma/Documents/GitHub/magic/install/transmission_interface/include/transmission_interface/exception.hpp
[13.557s] -- Installing: /home/emma/Documents/GitHub/magic/install/transmission_interface/include/transmission_interface/visibility_control.h
[13.557s] -- Installing: /home/emma/Documents/GitHub/magic/install/transmission_interface/include/transmission_interface/differential_transmission_loader.hpp
[13.557s] -- Installing: /home/emma/Documents/GitHub/magic/install/transmission_interface/include/transmission_interface/transmission_interface_exception.hpp
[13.557s] -- Installing: /home/emma/Documents/GitHub/magic/install/transmission_interface/include/transmission_interface/accessor.hpp
[13.557s] -- Installing: /home/emma/Documents/GitHub/magic/install/transmission_interface/include/transmission_interface/transmission.hpp
[13.557s] -- Installing: /home/emma/Documents/GitHub/magic/install/transmission_interface/include/transmission_interface/transmission_loader.hpp
[13.557s] -- Installing: /home/emma/Documents/GitHub/magic/install/transmission_interface/include/transmission_interface/simple_transmission.hpp
[13.558s] -- Installing: /home/emma/Documents/GitHub/magic/install/transmission_interface/include/transmission_interface/four_bar_linkage_transmission.hpp
[13.558s] -- Installing: /home/emma/Documents/GitHub/magic/install/transmission_interface/include/transmission_interface/differential_transmission.hpp
[13.558s] -- Installing: /home/emma/Documents/GitHub/magic/install/transmission_interface/include/transmission_interface/handle.hpp
[13.558s] -- Installing: /home/emma/Documents/GitHub/magic/install/transmission_interface/include/transmission_interface/simple_transmission_loader.hpp
[13.558s] -- Installing: /home/emma/Documents/GitHub/magic/install/transmission_interface/include/transmission_interface/four_bar_linkage_transmission_loader.hpp
[13.558s] -- Installing: /home/emma/Documents/GitHub/magic/install/transmission_interface/share/transmission_interface/ros2_control_plugins.xml
[13.558s] -- Installing: /home/emma/Documents/GitHub/magic/install/transmission_interface/lib/libtransmission_interface.so
[13.558s] -- Set runtime path of "/home/emma/Documents/GitHub/magic/install/transmission_interface/lib/libtransmission_interface.so" to ""
[13.558s] -- Installing: /home/emma/Documents/GitHub/magic/install/transmission_interface/share/transmission_interface/environment/library_path.sh
[13.559s] -- Installing: /home/emma/Documents/GitHub/magic/install/transmission_interface/share/transmission_interface/environment/library_path.dsv
[13.559s] -- Installing: /home/emma/Documents/GitHub/magic/install/transmission_interface/share/ament_index/resource_index/package_run_dependencies/transmission_interface
[13.559s] -- Installing: /home/emma/Documents/GitHub/magic/install/transmission_interface/share/ament_index/resource_index/parent_prefix_path/transmission_interface
[13.559s] -- Installing: /home/emma/Documents/GitHub/magic/install/transmission_interface/share/transmission_interface/environment/ament_prefix_path.sh
[13.559s] -- Installing: /home/emma/Documents/GitHub/magic/install/transmission_interface/share/transmission_interface/environment/ament_prefix_path.dsv
[13.559s] -- Installing: /home/emma/Documents/GitHub/magic/install/transmission_interface/share/transmission_interface/environment/path.sh
[13.559s] -- Installing: /home/emma/Documents/GitHub/magic/install/transmission_interface/share/transmission_interface/environment/path.dsv
[13.559s] -- Installing: /home/emma/Documents/GitHub/magic/install/transmission_interface/share/transmission_interface/local_setup.bash
[13.559s] -- Installing: /home/emma/Documents/GitHub/magic/install/transmission_interface/share/transmission_interface/local_setup.sh
[13.559s] -- Installing: /home/emma/Documents/GitHub/magic/install/transmission_interface/share/transmission_interface/local_setup.zsh
[13.559s] -- Installing: /home/emma/Documents/GitHub/magic/install/transmission_interface/share/transmission_interface/local_setup.dsv
[13.559s] -- Installing: /home/emma/Documents/GitHub/magic/install/transmission_interface/share/transmission_interface/package.dsv
[13.560s] -- Installing: /home/emma/Documents/GitHub/magic/install/transmission_interface/share/ament_index/resource_index/packages/transmission_interface
[13.560s] -- Installing: /home/emma/Documents/GitHub/magic/install/transmission_interface/share/ament_index/resource_index/transmission_interface__pluginlib__plugin/transmission_interface
[13.560s] -- Installing: /home/emma/Documents/GitHub/magic/install/transmission_interface/share/transmission_interface/cmake/ament_cmake_export_include_directories-extras.cmake
[13.560s] -- Installing: /home/emma/Documents/GitHub/magic/install/transmission_interface/share/transmission_interface/cmake/ament_cmake_export_dependencies-extras.cmake
[13.560s] -- Installing: /home/emma/Documents/GitHub/magic/install/transmission_interface/share/transmission_interface/cmake/ament_cmake_export_libraries-extras.cmake
[13.560s] -- Installing: /home/emma/Documents/GitHub/magic/install/transmission_interface/share/transmission_interface/cmake/transmission_interfaceConfig.cmake
[13.560s] -- Installing: /home/emma/Documents/GitHub/magic/install/transmission_interface/share/transmission_interface/cmake/transmission_interfaceConfig-version.cmake
[13.560s] -- Installing: /home/emma/Documents/GitHub/magic/install/transmission_interface/share/transmission_interface/package.xml
[13.560s] -- Installing: /home/emma/Documents/GitHub/magic/install/transmission_interface/include/transmission_interface/transmission_interface/version.h
[13.562s] Invoked command in '/home/emma/Documents/GitHub/magic/build/transmission_interface' returned '0': AMENT_PREFIX_PATH=/home/emma/Documents/GitHub/magic/install/hardware_interface:/home/emma/Documents/GitHub/magic/install/ros2_control_test_assets:/home/emma/Documents/GitHub/magic/install/control_msgs:${AMENT_PREFIX_PATH} CMAKE_PREFIX_PATH=/home/emma/Documents/GitHub/magic/install/hardware_interface:/home/emma/Documents/GitHub/magic/install/ros2_control_test_assets:/home/emma/Documents/GitHub/magic/install/control_msgs:/home/emma/Documents/GitHub/install/two_arm_moveit2_config:/home/emma/Documents/GitHub/install/kortex_bringup:/home/emma/Documents/GitHub/install/kinova_gen3_lite_moveit_config:/home/emma/Documents/GitHub/install/kinova_gen3_7dof_robotiq_2f_85_moveit_config:/home/emma/Documents/GitHub/install/kinova_gen3_6dof_robotiq_2f_85_moveit_config:/home/emma/Documents/GitHub/install/kortex_description:/home/emma/Documents/GitHub/install/robotiq_description:/home/emma/Documents/GitHub/install/ros2_controllers:/home/emma/Documents/GitHub/install/velocity_controllers:/home/emma/Documents/GitHub/install/tricycle_steering_controller:/home/emma/Documents/GitHub/install/tricycle_controller:/home/emma/Documents/GitHub/install/ros2_control:/home/emma/Documents/GitHub/install/transmission_interface:/home/emma/Documents/GitHub/install/bicycle_steering_controller:/home/emma/Documents/GitHub/install/ackermann_steering_controller:/home/emma/Documents/GitHub/install/steering_controllers_library:/home/emma/Documents/GitHub/install/robotiq_hardware_tests:/home/emma/Documents/GitHub/install/robotiq_driver:/home/emma/Documents/GitHub/install/serial:/home/emma/Documents/GitHub/install/hardware_interface_testing:/home/emma/Documents/GitHub/install/controller_manager:/home/emma/Documents/GitHub/install/ros2_control_test_assets:/home/emma/Documents/GitHub/install/robotiq_controllers:/home/emma/Documents/GitHub/install/range_sensor_broadcaster:/home/emma/Documents/GitHub/install/position_controllers:/home/emma/Documents/GitHub/install/pose_broadcaster:/home/emma/Documents/GitHub/install/pid_controller:/home/emma/Documents/GitHub/install/picknik_twist_controller:/home/emma/Documents/GitHub/install/picknik_reset_fault_controller:/home/emma/Documents/GitHub/install/mecanum_drive_controller:/home/emma/Documents/GitHub/install/joint_trajectory_controller:/home/emma/Documents/GitHub/install/joint_state_broadcaster:/home/emma/Documents/GitHub/install/imu_sensor_broadcaster:/home/emma/Documents/GitHub/install/gripper_controllers:/home/emma/Documents/GitHub/install/gpio_controllers:/home/emma/Documents/GitHub/install/effort_controllers:/home/emma/Documents/GitHub/install/forward_command_controller:/home/emma/Documents/GitHub/install/force_torque_sensor_broadcaster:/home/emma/Documents/GitHub/install/diff_drive_controller:/home/emma/Documents/GitHub/install/admittance_controller:/home/emma/Documents/GitHub/install/realtime_tools:/home/emma/Documents/GitHub/install/moveit_go:/home/emma/Documents/GitHub/install/kortex_driver:/home/emma/Documents/GitHub/install/kortex_api:/home/emma/Documents/GitHub/install/joint_limits:/home/emma/Documents/GitHub/install/controller_interface:/home/emma/Documents/GitHub/install/hardware_interface:/home/emma/Documents/GitHub/install/controller_manager_msgs:/home/emma/Documents/GitHub/install/control_msgs:/home/emma/Documents/GitHub/install/rqt_joint_trajectory_controller:/home/emma/Documents/GitHub/install/rqt_controller_manager:/home/emma/Documents/GitHub/install/ros2controlcli:/home/emma/Documents/GitHub/install/ros2_controllers_test_nodes:/home/emma/Documents/GitHub/install/mujoco_ros2:/home/emma/Documents/GitHub/install/control:/opt/ros/humble CONDA_PROMPT_MODIFIER=(base) LD_LIBRARY_PATH=/home/emma/Documents/GitHub/magic/install/hardware_interface/lib:/home/emma/Documents/GitHub/magic/install/control_msgs/lib:${LD_LIBRARY_PATH} PYTHONPATH=/home/emma/Documents/GitHub/magic/install/control_msgs/local/lib/python3.10/dist-packages:${PYTHONPATH} /usr/bin/cmake --install /home/emma/Documents/GitHub/magic/build/transmission_interface
