[0.024s] Invoking command in '/home/megan/magic/ros2_ws/build/gazebo_ros2_control': AMENT_PREFIX_PATH=/home/megan/magic/ros2_ws/install/controller_manager:/home/megan/magic/ros2_ws/install/hardware_interface_testing:/home/megan/magic/ros2_ws/install/controller_interface:/home/megan/magic/ros2_ws/install/hardware_interface:/home/megan/magic/ros2_ws/install/ros2_control_test_assets:/home/megan/magic/ros2_ws/install/controller_manager_msgs:/home/megan/magic/ros2_ws/install/control_msgs:${AMENT_PREFIX_PATH} CMAKE_PREFIX_PATH=/home/megan/magic/ros2_ws/install/controller_manager:/home/megan/magic/ros2_ws/install/hardware_interface_testing:/home/megan/magic/ros2_ws/install/controller_interface:/home/megan/magic/ros2_ws/install/hardware_interface:/home/megan/magic/ros2_ws/install/ros2_control_test_assets:/home/megan/magic/ros2_ws/install/controller_manager_msgs:/home/megan/magic/ros2_ws/install/control_msgs:/opt/ros/humble LD_LIBRARY_PATH=/home/megan/magic/ros2_ws/install/controller_manager/lib:/home/megan/magic/ros2_ws/install/hardware_interface_testing/lib:/home/megan/magic/ros2_ws/install/controller_interface/lib:/home/megan/magic/ros2_ws/install/hardware_interface/lib:/home/megan/magic/ros2_ws/install/controller_manager_msgs/lib:/home/megan/magic/ros2_ws/install/control_msgs/lib:${LD_LIBRARY_PATH} PYTHONPATH=/home/megan/magic/ros2_ws/install/controller_manager/lib/python3.10/site-packages:/home/megan/magic/ros2_ws/install/controller_manager_msgs/lib/python3.10/site-packages:/home/megan/magic/ros2_ws/install/control_msgs/lib/python3.10/site-packages:${PYTHONPATH} VIRTUAL_ENV_PROMPT=(magic) /usr/bin/cmake /home/megan/magic/ros2_ws/src/gazebo_ros2_control/gazebo_ros2_control -DCMAKE_BUILD_TYPE=Release -DCMAKE_INSTALL_PREFIX=/home/megan/magic/ros2_ws/install/gazebo_ros2_control
[0.070s] -- The C compiler identification is GNU 11.4.0
[0.118s] -- The CXX compiler identification is GNU 11.4.0
[0.127s] -- Detecting C compiler ABI info
[0.195s] -- Detecting C compiler ABI info - done
[0.200s] -- Check for working C compiler: /usr/bin/cc - skipped
[0.200s] -- Detecting C compile features
[0.200s] -- Detecting C compile features - done
[0.202s] -- Detecting CXX compiler ABI info
[0.263s] -- Detecting CXX compiler ABI info - done
[0.272s] -- Check for working CXX compiler: /usr/bin/c++ - skipped
[0.273s] -- Detecting CXX compile features
[0.273s] -- Detecting CXX compile features - done
[0.277s] -- Found ament_cmake: 1.3.11 (/opt/ros/humble/share/ament_cmake/cmake)
[0.751s] -- Found Python3: /home/megan/.pyenv/versions/3.10.15/envs/magic/bin/python3 (found version "3.10.15") found components: Interpreter 
[0.850s] -- Found angles: 1.15.0 (/opt/ros/humble/share/angles/cmake)
[0.852s] -- Found controller_manager: 2.48.0 (/home/megan/magic/ros2_ws/install/controller_manager/share/controller_manager/cmake)
[0.891s] -- Found rosidl_generator_c: 3.1.6 (/opt/ros/humble/share/rosidl_generator_c/cmake)
[0.895s] -- Found rosidl_adapter: 3.1.6 (/opt/ros/humble/share/rosidl_adapter/cmake)
[0.901s] -- Found rosidl_generator_cpp: 3.1.6 (/opt/ros/humble/share/rosidl_generator_cpp/cmake)
[0.910s] -- Using all available rosidl_typesupport_c: rosidl_typesupport_fastrtps_c;rosidl_typesupport_introspection_c
[0.922s] -- Using all available rosidl_typesupport_cpp: rosidl_typesupport_fastrtps_cpp;rosidl_typesupport_introspection_cpp
[1.077s] -- Found rmw_implementation_cmake: 6.1.2 (/opt/ros/humble/share/rmw_implementation_cmake/cmake)
[1.079s] -- Found rmw_cyclonedds_cpp: 1.3.4 (/opt/ros/humble/share/rmw_cyclonedds_cpp/cmake)
[1.097s] -- Using RMW implementation 'rmw_cyclonedds_cpp' as default
[1.104s] -- Looking for pthread.h
[1.205s] -- Looking for pthread.h - found
[1.205s] -- Performing Test CMAKE_HAVE_LIBC_PTHREAD
[1.293s] -- Performing Test CMAKE_HAVE_LIBC_PTHREAD - Success
[1.296s] -- Found Threads: TRUE  
[1.370s] -- Found control_toolbox: 3.6.0 (/opt/ros/humble/share/control_toolbox/cmake)
[1.414s] -- Found gazebo_dev: 3.9.0 (/opt/ros/humble/share/gazebo_dev/cmake)
[1.421s] -- Found PkgConfig: /usr/bin/pkg-config (found version "0.29.2") 
[1.422s] -- Checking for module 'bullet>=2.82'
[1.433s] --   Found bullet, version 3.05
[1.541s] -- Found fcl: /usr/include (found suitable version "0.7.0", minimum required is "0.5.0") 
[1.588s] -- Found assimp: /usr/include (found version "5.2.0") 
[1.610s] -- Found DART: /usr/include (Required is at least version "6.6") found components: dart 
[1.635s] -- Found Boost: /usr/lib/x86_64-linux-gnu/cmake/Boost-1.74.0/BoostConfig.cmake (found suitable version "1.74.0", minimum required is "1.40.0") found components: thread system filesystem program_options regex iostreams date_time 
[1.647s] -- Found Protobuf: /usr/lib/x86_64-linux-gnu/libprotobuf.so (found version "3.12.4") 
[1.653s] -- Looking for ignition-math6 -- found version 6.15.1
[1.658s] -- Searching for dependencies of ignition-math6
[1.659s] -- Looking for OGRE...
[1.660s] -- OGRE_PREFIX_WATCH changed.
[1.665s] -- Checking for module 'OGRE'
[1.676s] --   Found OGRE, version 1.9.0
[1.705s] -- Found Ogre Ghadamon (1.9.0)
[1.713s] -- Found OGRE: optimized;/usr/lib/x86_64-linux-gnu/libOgreMain.so;debug;/usr/lib/x86_64-linux-gnu/libOgreMain.so
[1.720s] -- Looking for OGRE_Paging...
[1.724s] -- Found OGRE_Paging: optimized;/usr/lib/x86_64-linux-gnu/libOgrePaging.so;debug;/usr/lib/x86_64-linux-gnu/libOgrePaging.so
[1.724s] -- Looking for OGRE_Terrain...
[1.728s] -- Found OGRE_Terrain: optimized;/usr/lib/x86_64-linux-gnu/libOgreTerrain.so;debug;/usr/lib/x86_64-linux-gnu/libOgreTerrain.so
[1.728s] -- Looking for OGRE_Property...
[1.732s] -- Found OGRE_Property: optimized;/usr/lib/x86_64-linux-gnu/libOgreProperty.so;debug;/usr/lib/x86_64-linux-gnu/libOgreProperty.so
[1.732s] -- Looking for OGRE_RTShaderSystem...
[1.736s] -- Found OGRE_RTShaderSystem: optimized;/usr/lib/x86_64-linux-gnu/libOgreRTShaderSystem.so;debug;/usr/lib/x86_64-linux-gnu/libOgreRTShaderSystem.so
[1.736s] -- Looking for OGRE_Volume...
[1.740s] -- Found OGRE_Volume: optimized;/usr/lib/x86_64-linux-gnu/libOgreVolume.so;debug;/usr/lib/x86_64-linux-gnu/libOgreVolume.so
[1.740s] -- Looking for OGRE_Overlay...
[1.744s] -- Found OGRE_Overlay: optimized;/usr/lib/x86_64-linux-gnu/libOgreOverlay.so;debug;/usr/lib/x86_64-linux-gnu/libOgreOverlay.so
[1.831s] -- Looking for ignition-math6 -- found version 6.15.1
[1.833s] -- Looking for ignition-transport8 -- found version 8.2.1
[1.833s] -- Searching for dependencies of ignition-transport8
[1.848s] -- Found Protobuf: /usr/lib/x86_64-linux-gnu/libprotobuf.so (found suitable version "3.12.4", minimum required is "3") 
[1.856s] -- Config-file not installed for ZeroMQ -- checking for pkg-config
[1.862s] -- Checking for module 'libzmq >= 4'
[1.874s] --   Found libzmq , version 4.3.4
[1.911s] -- Found ZeroMQ: TRUE (Required is at least version "4") 
[1.917s] -- Checking for module 'uuid'
[1.930s] --   Found uuid, version 2.37.2
[1.962s] -- Found UUID: TRUE  
[1.967s] -- Looking for ignition-msgs5 -- found version 5.8.1
[1.968s] -- Searching for dependencies of ignition-msgs5
[1.985s] -- Looking for ignition-math6 -- found version 6.15.1
[1.991s] -- Checking for module 'tinyxml2'
[2.002s] --   Found tinyxml2, version 9.0.0
[2.038s] -- Looking for ignition-msgs5 -- found version 5.8.1
[2.043s] -- Looking for ignition-common3 -- found version 3.14.0
[2.043s] -- Searching for dependencies of ignition-common3
[2.043s] -- Looking for dlfcn.h - found
[2.044s] -- Looking for libdl - found
[2.045s] -- Found DL: TRUE  
[2.055s] -- Found tinyobjloader: /usr/lib/x86_64-linux-gnu/cmake/tinyobjloader/tinyobjloader-config.cmake (found version "2.0.0") 
[2.056s] -- Searching for <ignition-common3> component [graphics]
[2.058s] -- Looking for ignition-common3-graphics -- found version 3.14.0
[2.058s] -- Searching for dependencies of ignition-common3-graphics
[2.059s] -- Looking for ignition-math6 -- found version 6.15.1
[2.062s] -- Looking for ignition-fuel_tools4 -- found version 4.4.0
[2.062s] -- Searching for dependencies of ignition-fuel_tools4
[2.135s] -- Found CURL: /usr/lib/x86_64-linux-gnu/libcurl.so (found version "7.81.0")  
[2.141s] -- Checking for module 'jsoncpp'
[2.152s] --   Found jsoncpp, version 1.9.5
[2.184s] -- Found JSONCPP: TRUE  
[2.189s] -- Checking for module 'libzip'
[2.201s] --   Found libzip, version 1.7.3
[2.235s] -- Found ZIP: TRUE  
[2.235s] -- Looking for ignition-common3 -- found version 3.14.0
[2.235s] -- Looking for ignition-math6 -- found version 6.15.1
[2.235s] -- Looking for ignition-msgs5 -- found version 5.8.1
[2.240s] -- Gazebo version: 11.10
[2.241s] -- Checking for module 'tbb'
[2.254s] --   Found tbb, version 2021.5.0
[2.287s] -- Found gazebo_ros: 3.9.0 (/opt/ros/humble/share/gazebo_ros/cmake)
[2.292s] -- Found yaml_cpp_vendor: 8.0.2 (/opt/ros/humble/share/yaml_cpp_vendor/cmake)
[2.320s] -- Found ament_cmake_gtest: 1.3.11 (/opt/ros/humble/share/ament_cmake_gtest/cmake)
[2.322s] -- Found ament_lint_auto: 0.12.11 (/opt/ros/humble/share/ament_lint_auto/cmake)
[2.417s] -- Added test 'copyright' to check source files copyright and LICENSE
[2.418s] -- Added test 'cppcheck' to perform static code analysis on C / C++ code
[2.418s] -- Configured cppcheck include dirs: /home/megan/magic/ros2_ws/src/gazebo_ros2_control/gazebo_ros2_control/include
[2.418s] -- Configured cppcheck exclude dirs and/or files: 
[2.419s] -- Added test 'cpplint' to check C / C++ code against the Google style
[2.419s] -- Configured cpplint exclude dirs and/or files: 
[2.419s] -- Added test 'lint_cmake' to check CMake code style
[2.420s] -- Added test 'uncrustify' to check C / C++ code style
[2.420s] -- Configured uncrustify additional arguments: 
[2.420s] -- Added test 'xmllint' to check XML markup files
[2.422s] -- Configuring done
[2.470s] -- Generating done
[2.480s] -- Build files have been written to: /home/megan/magic/ros2_ws/build/gazebo_ros2_control
[2.492s] Invoked command in '/home/megan/magic/ros2_ws/build/gazebo_ros2_control' returned '0': AMENT_PREFIX_PATH=/home/megan/magic/ros2_ws/install/controller_manager:/home/megan/magic/ros2_ws/install/hardware_interface_testing:/home/megan/magic/ros2_ws/install/controller_interface:/home/megan/magic/ros2_ws/install/hardware_interface:/home/megan/magic/ros2_ws/install/ros2_control_test_assets:/home/megan/magic/ros2_ws/install/controller_manager_msgs:/home/megan/magic/ros2_ws/install/control_msgs:${AMENT_PREFIX_PATH} CMAKE_PREFIX_PATH=/home/megan/magic/ros2_ws/install/controller_manager:/home/megan/magic/ros2_ws/install/hardware_interface_testing:/home/megan/magic/ros2_ws/install/controller_interface:/home/megan/magic/ros2_ws/install/hardware_interface:/home/megan/magic/ros2_ws/install/ros2_control_test_assets:/home/megan/magic/ros2_ws/install/controller_manager_msgs:/home/megan/magic/ros2_ws/install/control_msgs:/opt/ros/humble LD_LIBRARY_PATH=/home/megan/magic/ros2_ws/install/controller_manager/lib:/home/megan/magic/ros2_ws/install/hardware_interface_testing/lib:/home/megan/magic/ros2_ws/install/controller_interface/lib:/home/megan/magic/ros2_ws/install/hardware_interface/lib:/home/megan/magic/ros2_ws/install/controller_manager_msgs/lib:/home/megan/magic/ros2_ws/install/control_msgs/lib:${LD_LIBRARY_PATH} PYTHONPATH=/home/megan/magic/ros2_ws/install/controller_manager/lib/python3.10/site-packages:/home/megan/magic/ros2_ws/install/controller_manager_msgs/lib/python3.10/site-packages:/home/megan/magic/ros2_ws/install/control_msgs/lib/python3.10/site-packages:${PYTHONPATH} VIRTUAL_ENV_PROMPT=(magic) /usr/bin/cmake /home/megan/magic/ros2_ws/src/gazebo_ros2_control/gazebo_ros2_control -DCMAKE_BUILD_TYPE=Release -DCMAKE_INSTALL_PREFIX=/home/megan/magic/ros2_ws/install/gazebo_ros2_control
[2.494s] Invoking command in '/home/megan/magic/ros2_ws/build/gazebo_ros2_control': AMENT_PREFIX_PATH=/home/megan/magic/ros2_ws/install/controller_manager:/home/megan/magic/ros2_ws/install/hardware_interface_testing:/home/megan/magic/ros2_ws/install/controller_interface:/home/megan/magic/ros2_ws/install/hardware_interface:/home/megan/magic/ros2_ws/install/ros2_control_test_assets:/home/megan/magic/ros2_ws/install/controller_manager_msgs:/home/megan/magic/ros2_ws/install/control_msgs:${AMENT_PREFIX_PATH} CMAKE_PREFIX_PATH=/home/megan/magic/ros2_ws/install/controller_manager:/home/megan/magic/ros2_ws/install/hardware_interface_testing:/home/megan/magic/ros2_ws/install/controller_interface:/home/megan/magic/ros2_ws/install/hardware_interface:/home/megan/magic/ros2_ws/install/ros2_control_test_assets:/home/megan/magic/ros2_ws/install/controller_manager_msgs:/home/megan/magic/ros2_ws/install/control_msgs:/opt/ros/humble LD_LIBRARY_PATH=/home/megan/magic/ros2_ws/install/controller_manager/lib:/home/megan/magic/ros2_ws/install/hardware_interface_testing/lib:/home/megan/magic/ros2_ws/install/controller_interface/lib:/home/megan/magic/ros2_ws/install/hardware_interface/lib:/home/megan/magic/ros2_ws/install/controller_manager_msgs/lib:/home/megan/magic/ros2_ws/install/control_msgs/lib:${LD_LIBRARY_PATH} PYTHONPATH=/home/megan/magic/ros2_ws/install/controller_manager/lib/python3.10/site-packages:/home/megan/magic/ros2_ws/install/controller_manager_msgs/lib/python3.10/site-packages:/home/megan/magic/ros2_ws/install/control_msgs/lib/python3.10/site-packages:${PYTHONPATH} VIRTUAL_ENV_PROMPT=(magic) /usr/bin/cmake --build /home/megan/magic/ros2_ws/build/gazebo_ros2_control -- -j20 -l20
[2.543s] [ 25%] [32mBuilding CXX object CMakeFiles/gazebo_hardware_plugins.dir/src/gazebo_system.cpp.o[0m
[2.545s] [ 50%] [32mBuilding CXX object CMakeFiles/gazebo_ros2_control.dir/src/gazebo_ros2_control_plugin.cpp.o[0m
[11.935s] [01m[K/home/megan/magic/ros2_ws/src/gazebo_ros2_control/gazebo_ros2_control/src/gazebo_system.cpp:[m[K In member function ‘[01m[Kbool gazebo_ros2_control::GazeboSystem::extractPIDFromParameters(const string&, const string&, control_toolbox::Pid&)[m[K’:
[11.935s] [01m[K/home/megan/magic/ros2_ws/src/gazebo_ros2_control/gazebo_ros2_control/src/gazebo_system.cpp:317:62:[m[K [01;35m[Kwarning: [m[K‘[01m[Kantiwindup[m[K’ may be used uninitialized in this function [[01;35m[K]8;;https://gcc.gnu.org/onlinedocs/gcc/Warning-Options.html#index-Wmaybe-uninitialized-Wmaybe-uninitialized]8;;[m[K]
[11.935s]   317 |                       << "antiwindup =" << std::boolalpha << [01;35m[Kantiwindup[m[K << " from node parameters");
[11.935s]       |                                                              [01;35m[K^~~~~~~~~~[m[K
[14.507s] [ 75%] [32m[1mLinking CXX shared library libgazebo_hardware_plugins.so[0m
[14.813s] [ 75%] Built target gazebo_hardware_plugins
[16.018s] [100%] [32m[1mLinking CXX shared library libgazebo_ros2_control.so[0m
[16.380s] [100%] Built target gazebo_ros2_control
[16.395s] Invoked command in '/home/megan/magic/ros2_ws/build/gazebo_ros2_control' returned '0': AMENT_PREFIX_PATH=/home/megan/magic/ros2_ws/install/controller_manager:/home/megan/magic/ros2_ws/install/hardware_interface_testing:/home/megan/magic/ros2_ws/install/controller_interface:/home/megan/magic/ros2_ws/install/hardware_interface:/home/megan/magic/ros2_ws/install/ros2_control_test_assets:/home/megan/magic/ros2_ws/install/controller_manager_msgs:/home/megan/magic/ros2_ws/install/control_msgs:${AMENT_PREFIX_PATH} CMAKE_PREFIX_PATH=/home/megan/magic/ros2_ws/install/controller_manager:/home/megan/magic/ros2_ws/install/hardware_interface_testing:/home/megan/magic/ros2_ws/install/controller_interface:/home/megan/magic/ros2_ws/install/hardware_interface:/home/megan/magic/ros2_ws/install/ros2_control_test_assets:/home/megan/magic/ros2_ws/install/controller_manager_msgs:/home/megan/magic/ros2_ws/install/control_msgs:/opt/ros/humble LD_LIBRARY_PATH=/home/megan/magic/ros2_ws/install/controller_manager/lib:/home/megan/magic/ros2_ws/install/hardware_interface_testing/lib:/home/megan/magic/ros2_ws/install/controller_interface/lib:/home/megan/magic/ros2_ws/install/hardware_interface/lib:/home/megan/magic/ros2_ws/install/controller_manager_msgs/lib:/home/megan/magic/ros2_ws/install/control_msgs/lib:${LD_LIBRARY_PATH} PYTHONPATH=/home/megan/magic/ros2_ws/install/controller_manager/lib/python3.10/site-packages:/home/megan/magic/ros2_ws/install/controller_manager_msgs/lib/python3.10/site-packages:/home/megan/magic/ros2_ws/install/control_msgs/lib/python3.10/site-packages:${PYTHONPATH} VIRTUAL_ENV_PROMPT=(magic) /usr/bin/cmake --build /home/megan/magic/ros2_ws/build/gazebo_ros2_control -- -j20 -l20
[16.398s] Invoking command in '/home/megan/magic/ros2_ws/build/gazebo_ros2_control': AMENT_PREFIX_PATH=/home/megan/magic/ros2_ws/install/controller_manager:/home/megan/magic/ros2_ws/install/hardware_interface_testing:/home/megan/magic/ros2_ws/install/controller_interface:/home/megan/magic/ros2_ws/install/hardware_interface:/home/megan/magic/ros2_ws/install/ros2_control_test_assets:/home/megan/magic/ros2_ws/install/controller_manager_msgs:/home/megan/magic/ros2_ws/install/control_msgs:${AMENT_PREFIX_PATH} CMAKE_PREFIX_PATH=/home/megan/magic/ros2_ws/install/controller_manager:/home/megan/magic/ros2_ws/install/hardware_interface_testing:/home/megan/magic/ros2_ws/install/controller_interface:/home/megan/magic/ros2_ws/install/hardware_interface:/home/megan/magic/ros2_ws/install/ros2_control_test_assets:/home/megan/magic/ros2_ws/install/controller_manager_msgs:/home/megan/magic/ros2_ws/install/control_msgs:/opt/ros/humble LD_LIBRARY_PATH=/home/megan/magic/ros2_ws/install/controller_manager/lib:/home/megan/magic/ros2_ws/install/hardware_interface_testing/lib:/home/megan/magic/ros2_ws/install/controller_interface/lib:/home/megan/magic/ros2_ws/install/hardware_interface/lib:/home/megan/magic/ros2_ws/install/controller_manager_msgs/lib:/home/megan/magic/ros2_ws/install/control_msgs/lib:${LD_LIBRARY_PATH} PYTHONPATH=/home/megan/magic/ros2_ws/install/controller_manager/lib/python3.10/site-packages:/home/megan/magic/ros2_ws/install/controller_manager_msgs/lib/python3.10/site-packages:/home/megan/magic/ros2_ws/install/control_msgs/lib/python3.10/site-packages:${PYTHONPATH} VIRTUAL_ENV_PROMPT=(magic) /usr/bin/cmake --install /home/megan/magic/ros2_ws/build/gazebo_ros2_control
[16.409s] -- Install configuration: "Release"
[16.409s] -- Installing: /home/megan/magic/ros2_ws/install/gazebo_ros2_control/lib/libgazebo_ros2_control.so
[16.411s] -- Set runtime path of "/home/megan/magic/ros2_ws/install/gazebo_ros2_control/lib/libgazebo_ros2_control.so" to ""
[16.411s] -- Installing: /home/megan/magic/ros2_ws/install/gazebo_ros2_control/lib/libgazebo_hardware_plugins.so
[16.412s] -- Set runtime path of "/home/megan/magic/ros2_ws/install/gazebo_ros2_control/lib/libgazebo_hardware_plugins.so" to ""
[16.412s] -- Installing: /home/megan/magic/ros2_ws/install/gazebo_ros2_control/share/gazebo_ros2_control/environment/library_path.sh
[16.413s] -- Installing: /home/megan/magic/ros2_ws/install/gazebo_ros2_control/share/gazebo_ros2_control/environment/library_path.dsv
[16.413s] -- Installing: /home/megan/magic/ros2_ws/install/gazebo_ros2_control/include/gazebo_ros2_control
[16.413s] -- Installing: /home/megan/magic/ros2_ws/install/gazebo_ros2_control/include/gazebo_ros2_control/gazebo_system_interface.hpp
[16.414s] -- Installing: /home/megan/magic/ros2_ws/install/gazebo_ros2_control/include/gazebo_ros2_control/gazebo_ros2_control_plugin.hpp
[16.414s] -- Installing: /home/megan/magic/ros2_ws/install/gazebo_ros2_control/include/gazebo_ros2_control/gazebo_system.hpp
[16.414s] -- Installing: /home/megan/magic/ros2_ws/install/gazebo_ros2_control/share/gazebo_ros2_control/gazebo_hardware_plugins.xml
[16.414s] -- Installing: /home/megan/magic/ros2_ws/install/gazebo_ros2_control/share/ament_index/resource_index/package_run_dependencies/gazebo_ros2_control
[16.414s] -- Installing: /home/megan/magic/ros2_ws/install/gazebo_ros2_control/share/ament_index/resource_index/parent_prefix_path/gazebo_ros2_control
[16.415s] -- Installing: /home/megan/magic/ros2_ws/install/gazebo_ros2_control/share/gazebo_ros2_control/environment/ament_prefix_path.sh
[16.415s] -- Installing: /home/megan/magic/ros2_ws/install/gazebo_ros2_control/share/gazebo_ros2_control/environment/ament_prefix_path.dsv
[16.415s] -- Installing: /home/megan/magic/ros2_ws/install/gazebo_ros2_control/share/gazebo_ros2_control/environment/path.sh
[16.415s] -- Installing: /home/megan/magic/ros2_ws/install/gazebo_ros2_control/share/gazebo_ros2_control/environment/path.dsv
[16.416s] -- Installing: /home/megan/magic/ros2_ws/install/gazebo_ros2_control/share/gazebo_ros2_control/local_setup.bash
[16.416s] -- Installing: /home/megan/magic/ros2_ws/install/gazebo_ros2_control/share/gazebo_ros2_control/local_setup.sh
[16.416s] -- Installing: /home/megan/magic/ros2_ws/install/gazebo_ros2_control/share/gazebo_ros2_control/local_setup.zsh
[16.416s] -- Installing: /home/megan/magic/ros2_ws/install/gazebo_ros2_control/share/gazebo_ros2_control/local_setup.dsv
[16.416s] -- Installing: /home/megan/magic/ros2_ws/install/gazebo_ros2_control/share/gazebo_ros2_control/package.dsv
[16.416s] -- Installing: /home/megan/magic/ros2_ws/install/gazebo_ros2_control/share/ament_index/resource_index/packages/gazebo_ros2_control
[16.416s] -- Installing: /home/megan/magic/ros2_ws/install/gazebo_ros2_control/share/ament_index/resource_index/gazebo_ros2_control__pluginlib__plugin/gazebo_ros2_control
[16.416s] -- Installing: /home/megan/magic/ros2_ws/install/gazebo_ros2_control/share/gazebo_ros2_control/cmake/ament_cmake_export_include_directories-extras.cmake
[16.417s] -- Installing: /home/megan/magic/ros2_ws/install/gazebo_ros2_control/share/gazebo_ros2_control/cmake/ament_cmake_export_dependencies-extras.cmake
[16.417s] -- Installing: /home/megan/magic/ros2_ws/install/gazebo_ros2_control/share/gazebo_ros2_control/cmake/ament_cmake_export_libraries-extras.cmake
[16.418s] -- Installing: /home/megan/magic/ros2_ws/install/gazebo_ros2_control/share/gazebo_ros2_control/cmake/gazebo_ros2_controlConfig.cmake
[16.418s] -- Installing: /home/megan/magic/ros2_ws/install/gazebo_ros2_control/share/gazebo_ros2_control/cmake/gazebo_ros2_controlConfig-version.cmake
[16.418s] -- Installing: /home/megan/magic/ros2_ws/install/gazebo_ros2_control/share/gazebo_ros2_control/package.xml
[16.422s] Invoked command in '/home/megan/magic/ros2_ws/build/gazebo_ros2_control' returned '0': AMENT_PREFIX_PATH=/home/megan/magic/ros2_ws/install/controller_manager:/home/megan/magic/ros2_ws/install/hardware_interface_testing:/home/megan/magic/ros2_ws/install/controller_interface:/home/megan/magic/ros2_ws/install/hardware_interface:/home/megan/magic/ros2_ws/install/ros2_control_test_assets:/home/megan/magic/ros2_ws/install/controller_manager_msgs:/home/megan/magic/ros2_ws/install/control_msgs:${AMENT_PREFIX_PATH} CMAKE_PREFIX_PATH=/home/megan/magic/ros2_ws/install/controller_manager:/home/megan/magic/ros2_ws/install/hardware_interface_testing:/home/megan/magic/ros2_ws/install/controller_interface:/home/megan/magic/ros2_ws/install/hardware_interface:/home/megan/magic/ros2_ws/install/ros2_control_test_assets:/home/megan/magic/ros2_ws/install/controller_manager_msgs:/home/megan/magic/ros2_ws/install/control_msgs:/opt/ros/humble LD_LIBRARY_PATH=/home/megan/magic/ros2_ws/install/controller_manager/lib:/home/megan/magic/ros2_ws/install/hardware_interface_testing/lib:/home/megan/magic/ros2_ws/install/controller_interface/lib:/home/megan/magic/ros2_ws/install/hardware_interface/lib:/home/megan/magic/ros2_ws/install/controller_manager_msgs/lib:/home/megan/magic/ros2_ws/install/control_msgs/lib:${LD_LIBRARY_PATH} PYTHONPATH=/home/megan/magic/ros2_ws/install/controller_manager/lib/python3.10/site-packages:/home/megan/magic/ros2_ws/install/controller_manager_msgs/lib/python3.10/site-packages:/home/megan/magic/ros2_ws/install/control_msgs/lib/python3.10/site-packages:${PYTHONPATH} VIRTUAL_ENV_PROMPT=(magic) /usr/bin/cmake --install /home/megan/magic/ros2_ws/build/gazebo_ros2_control
