[0.052s] Invoking command in '/home/megan/magic/ros2_ws/build/gazebo_ros2_control_demos': AMENT_PREFIX_PATH=/home/megan/magic/ros2_ws/install/velocity_controllers:/home/megan/magic/ros2_ws/install/ros2_control:/home/megan/magic/ros2_ws/install/effort_controllers:/home/megan/magic/ros2_ws/install/tricycle_controller:/home/megan/magic/ros2_ws/install/ros2controlcli:/home/megan/magic/ros2_ws/install/joint_trajectory_controller:/home/megan/magic/ros2_ws/install/joint_state_broadcaster:/home/megan/magic/ros2_ws/install/imu_sensor_broadcaster:/home/megan/magic/ros2_ws/install/gazebo_ros2_control:/home/megan/magic/ros2_ws/install/forward_command_controller:/home/megan/magic/ros2_ws/install/diff_drive_controller:/home/megan/magic/ros2_ws/install/controller_manager:/home/megan/magic/ros2_ws/install/transmission_interface:/home/megan/magic/ros2_ws/install/hardware_interface_testing:/home/megan/magic/ros2_ws/install/controller_interface:/home/megan/magic/ros2_ws/install/hardware_interface:/home/megan/magic/ros2_ws/install/ros2_control_test_assets:/home/megan/magic/ros2_ws/install/joint_limits:/home/megan/magic/ros2_ws/install/controller_manager_msgs:/home/megan/magic/ros2_ws/install/control_msgs:${AMENT_PREFIX_PATH} CMAKE_PREFIX_PATH=/home/megan/magic/ros2_ws/install/velocity_controllers:/home/megan/magic/ros2_ws/install/ros2_control:/home/megan/magic/ros2_ws/install/effort_controllers:/home/megan/magic/ros2_ws/install/tricycle_controller:/home/megan/magic/ros2_ws/install/joint_trajectory_controller:/home/megan/magic/ros2_ws/install/joint_state_broadcaster:/home/megan/magic/ros2_ws/install/imu_sensor_broadcaster:/home/megan/magic/ros2_ws/install/gazebo_ros2_control:/home/megan/magic/ros2_ws/install/forward_command_controller:/home/megan/magic/ros2_ws/install/diff_drive_controller:/home/megan/magic/ros2_ws/install/controller_manager:/home/megan/magic/ros2_ws/install/transmission_interface:/home/megan/magic/ros2_ws/install/hardware_interface_testing:/home/megan/magic/ros2_ws/install/controller_interface:/home/megan/magic/ros2_ws/install/hardware_interface:/home/megan/magic/ros2_ws/install/ros2_control_test_assets:/home/megan/magic/ros2_ws/install/joint_limits:/home/megan/magic/ros2_ws/install/controller_manager_msgs:/home/megan/magic/ros2_ws/install/control_msgs:/opt/ros/humble LD_LIBRARY_PATH=/home/megan/magic/ros2_ws/install/velocity_controllers/lib:/home/megan/magic/ros2_ws/install/effort_controllers/lib:/home/megan/magic/ros2_ws/install/tricycle_controller/lib:/home/megan/magic/ros2_ws/install/joint_trajectory_controller/lib:/home/megan/magic/ros2_ws/install/joint_state_broadcaster/lib:/home/megan/magic/ros2_ws/install/imu_sensor_broadcaster/lib:/home/megan/magic/ros2_ws/install/gazebo_ros2_control/lib:/home/megan/magic/ros2_ws/install/forward_command_controller/lib:/home/megan/magic/ros2_ws/install/diff_drive_controller/lib:/home/megan/magic/ros2_ws/install/controller_manager/lib:/home/megan/magic/ros2_ws/install/transmission_interface/lib:/home/megan/magic/ros2_ws/install/hardware_interface_testing/lib:/home/megan/magic/ros2_ws/install/controller_interface/lib:/home/megan/magic/ros2_ws/install/hardware_interface/lib:/home/megan/magic/ros2_ws/install/joint_limits/lib:/home/megan/magic/ros2_ws/install/controller_manager_msgs/lib:/home/megan/magic/ros2_ws/install/control_msgs/lib:${LD_LIBRARY_PATH} PYTHONPATH=/home/megan/magic/ros2_ws/install/ros2controlcli/lib/python3.10/site-packages:/home/megan/magic/ros2_ws/install/controller_manager/lib/python3.10/site-packages:/home/megan/magic/ros2_ws/install/controller_manager_msgs/lib/python3.10/site-packages:/home/megan/magic/ros2_ws/install/control_msgs/lib/python3.10/site-packages:${PYTHONPATH} VIRTUAL_ENV_PROMPT=(magic) /usr/bin/cmake /home/megan/magic/ros2_ws/src/gazebo_ros2_control/gazebo_ros2_control_demos -DCMAKE_BUILD_TYPE=Release -DCMAKE_INSTALL_PREFIX=/home/megan/magic/ros2_ws/install/gazebo_ros2_control_demos
[0.102s] -- The C compiler identification is GNU 11.4.0
[0.150s] -- The CXX compiler identification is GNU 11.4.0
[0.156s] -- Detecting C compiler ABI info
[0.212s] -- Detecting C compiler ABI info - done
[0.218s] -- Check for working C compiler: /usr/bin/cc - skipped
[0.218s] -- Detecting C compile features
[0.218s] -- Detecting C compile features - done
[0.220s] -- Detecting CXX compiler ABI info
[0.298s] -- Detecting CXX compiler ABI info - done
[0.304s] -- Check for working CXX compiler: /usr/bin/c++ - skipped
[0.304s] -- Detecting CXX compile features
[0.304s] -- Detecting CXX compile features - done
[0.307s] -- Found ament_cmake: 1.3.11 (/opt/ros/humble/share/ament_cmake/cmake)
[0.818s] -- Found Python3: /home/megan/.pyenv/versions/3.10.15/envs/magic/bin/python3 (found version "3.10.15") found components: Interpreter 
[0.924s] -- Found control_msgs: 4.7.0 (/home/megan/magic/ros2_ws/install/control_msgs/share/control_msgs/cmake)
[0.960s] -- Found rosidl_generator_c: 3.1.6 (/opt/ros/humble/share/rosidl_generator_c/cmake)
[0.965s] -- Found rosidl_adapter: 3.1.6 (/opt/ros/humble/share/rosidl_adapter/cmake)
[0.973s] -- Found rosidl_generator_cpp: 3.1.6 (/opt/ros/humble/share/rosidl_generator_cpp/cmake)
[0.985s] -- Using all available rosidl_typesupport_c: rosidl_typesupport_fastrtps_c;rosidl_typesupport_introspection_c
[1.000s] -- Using all available rosidl_typesupport_cpp: rosidl_typesupport_fastrtps_cpp;rosidl_typesupport_introspection_cpp
[1.102s] -- Found rclcpp: 16.0.11 (/opt/ros/humble/share/rclcpp/cmake)
[1.138s] -- Found rmw_implementation_cmake: 6.1.2 (/opt/ros/humble/share/rmw_implementation_cmake/cmake)
[1.141s] -- Found rmw_cyclonedds_cpp: 1.3.4 (/opt/ros/humble/share/rmw_cyclonedds_cpp/cmake)
[1.163s] -- Using RMW implementation 'rmw_cyclonedds_cpp' as default
[1.172s] -- Looking for pthread.h
[1.245s] -- Looking for pthread.h - found
[1.245s] -- Performing Test CMAKE_HAVE_LIBC_PTHREAD
[1.312s] -- Performing Test CMAKE_HAVE_LIBC_PTHREAD - Success
[1.312s] -- Found Threads: TRUE  
[1.343s] -- Found rclcpp_action: 16.0.11 (/opt/ros/humble/share/rclcpp_action/cmake)
[1.359s] -- Found ament_cmake_gtest: 1.3.11 (/opt/ros/humble/share/ament_cmake_gtest/cmake)
[1.362s] -- Found ament_lint_auto: 0.12.11 (/opt/ros/humble/share/ament_lint_auto/cmake)
[1.460s] -- Added test 'copyright' to check source files copyright and LICENSE
[1.462s] -- Added test 'cppcheck' to perform static code analysis on C / C++ code
[1.462s] -- Configured cppcheck include dirs: 
[1.462s] -- Configured cppcheck exclude dirs and/or files: 
[1.464s] -- Added test 'cpplint' to check C / C++ code against the Google style
[1.464s] -- Configured cpplint exclude dirs and/or files: 
[1.464s] -- Added test 'flake8' to check Python code syntax and style conventions
[1.465s] -- Added test 'lint_cmake' to check CMake code style
[1.466s] -- Added test 'pep257' to check Python code against some of the docstring style conventions in PEP 257
[1.467s] -- Added test 'uncrustify' to check C / C++ code style
[1.467s] -- Configured uncrustify additional arguments: 
[1.468s] -- Added test 'xmllint' to check XML markup files
[1.469s] -- Configuring done
[1.494s] -- Generating done
[1.507s] -- Build files have been written to: /home/megan/magic/ros2_ws/build/gazebo_ros2_control_demos
[1.514s] Invoked command in '/home/megan/magic/ros2_ws/build/gazebo_ros2_control_demos' returned '0': AMENT_PREFIX_PATH=/home/megan/magic/ros2_ws/install/velocity_controllers:/home/megan/magic/ros2_ws/install/ros2_control:/home/megan/magic/ros2_ws/install/effort_controllers:/home/megan/magic/ros2_ws/install/tricycle_controller:/home/megan/magic/ros2_ws/install/ros2controlcli:/home/megan/magic/ros2_ws/install/joint_trajectory_controller:/home/megan/magic/ros2_ws/install/joint_state_broadcaster:/home/megan/magic/ros2_ws/install/imu_sensor_broadcaster:/home/megan/magic/ros2_ws/install/gazebo_ros2_control:/home/megan/magic/ros2_ws/install/forward_command_controller:/home/megan/magic/ros2_ws/install/diff_drive_controller:/home/megan/magic/ros2_ws/install/controller_manager:/home/megan/magic/ros2_ws/install/transmission_interface:/home/megan/magic/ros2_ws/install/hardware_interface_testing:/home/megan/magic/ros2_ws/install/controller_interface:/home/megan/magic/ros2_ws/install/hardware_interface:/home/megan/magic/ros2_ws/install/ros2_control_test_assets:/home/megan/magic/ros2_ws/install/joint_limits:/home/megan/magic/ros2_ws/install/controller_manager_msgs:/home/megan/magic/ros2_ws/install/control_msgs:${AMENT_PREFIX_PATH} CMAKE_PREFIX_PATH=/home/megan/magic/ros2_ws/install/velocity_controllers:/home/megan/magic/ros2_ws/install/ros2_control:/home/megan/magic/ros2_ws/install/effort_controllers:/home/megan/magic/ros2_ws/install/tricycle_controller:/home/megan/magic/ros2_ws/install/joint_trajectory_controller:/home/megan/magic/ros2_ws/install/joint_state_broadcaster:/home/megan/magic/ros2_ws/install/imu_sensor_broadcaster:/home/megan/magic/ros2_ws/install/gazebo_ros2_control:/home/megan/magic/ros2_ws/install/forward_command_controller:/home/megan/magic/ros2_ws/install/diff_drive_controller:/home/megan/magic/ros2_ws/install/controller_manager:/home/megan/magic/ros2_ws/install/transmission_interface:/home/megan/magic/ros2_ws/install/hardware_interface_testing:/home/megan/magic/ros2_ws/install/controller_interface:/home/megan/magic/ros2_ws/install/hardware_interface:/home/megan/magic/ros2_ws/install/ros2_control_test_assets:/home/megan/magic/ros2_ws/install/joint_limits:/home/megan/magic/ros2_ws/install/controller_manager_msgs:/home/megan/magic/ros2_ws/install/control_msgs:/opt/ros/humble LD_LIBRARY_PATH=/home/megan/magic/ros2_ws/install/velocity_controllers/lib:/home/megan/magic/ros2_ws/install/effort_controllers/lib:/home/megan/magic/ros2_ws/install/tricycle_controller/lib:/home/megan/magic/ros2_ws/install/joint_trajectory_controller/lib:/home/megan/magic/ros2_ws/install/joint_state_broadcaster/lib:/home/megan/magic/ros2_ws/install/imu_sensor_broadcaster/lib:/home/megan/magic/ros2_ws/install/gazebo_ros2_control/lib:/home/megan/magic/ros2_ws/install/forward_command_controller/lib:/home/megan/magic/ros2_ws/install/diff_drive_controller/lib:/home/megan/magic/ros2_ws/install/controller_manager/lib:/home/megan/magic/ros2_ws/install/transmission_interface/lib:/home/megan/magic/ros2_ws/install/hardware_interface_testing/lib:/home/megan/magic/ros2_ws/install/controller_interface/lib:/home/megan/magic/ros2_ws/install/hardware_interface/lib:/home/megan/magic/ros2_ws/install/joint_limits/lib:/home/megan/magic/ros2_ws/install/controller_manager_msgs/lib:/home/megan/magic/ros2_ws/install/control_msgs/lib:${LD_LIBRARY_PATH} PYTHONPATH=/home/megan/magic/ros2_ws/install/ros2controlcli/lib/python3.10/site-packages:/home/megan/magic/ros2_ws/install/controller_manager/lib/python3.10/site-packages:/home/megan/magic/ros2_ws/install/controller_manager_msgs/lib/python3.10/site-packages:/home/megan/magic/ros2_ws/install/control_msgs/lib/python3.10/site-packages:${PYTHONPATH} VIRTUAL_ENV_PROMPT=(magic) /usr/bin/cmake /home/megan/magic/ros2_ws/src/gazebo_ros2_control/gazebo_ros2_control_demos -DCMAKE_BUILD_TYPE=Release -DCMAKE_INSTALL_PREFIX=/home/megan/magic/ros2_ws/install/gazebo_ros2_control_demos
[1.516s] Invoking command in '/home/megan/magic/ros2_ws/build/gazebo_ros2_control_demos': AMENT_PREFIX_PATH=/home/megan/magic/ros2_ws/install/velocity_controllers:/home/megan/magic/ros2_ws/install/ros2_control:/home/megan/magic/ros2_ws/install/effort_controllers:/home/megan/magic/ros2_ws/install/tricycle_controller:/home/megan/magic/ros2_ws/install/ros2controlcli:/home/megan/magic/ros2_ws/install/joint_trajectory_controller:/home/megan/magic/ros2_ws/install/joint_state_broadcaster:/home/megan/magic/ros2_ws/install/imu_sensor_broadcaster:/home/megan/magic/ros2_ws/install/gazebo_ros2_control:/home/megan/magic/ros2_ws/install/forward_command_controller:/home/megan/magic/ros2_ws/install/diff_drive_controller:/home/megan/magic/ros2_ws/install/controller_manager:/home/megan/magic/ros2_ws/install/transmission_interface:/home/megan/magic/ros2_ws/install/hardware_interface_testing:/home/megan/magic/ros2_ws/install/controller_interface:/home/megan/magic/ros2_ws/install/hardware_interface:/home/megan/magic/ros2_ws/install/ros2_control_test_assets:/home/megan/magic/ros2_ws/install/joint_limits:/home/megan/magic/ros2_ws/install/controller_manager_msgs:/home/megan/magic/ros2_ws/install/control_msgs:${AMENT_PREFIX_PATH} CMAKE_PREFIX_PATH=/home/megan/magic/ros2_ws/install/velocity_controllers:/home/megan/magic/ros2_ws/install/ros2_control:/home/megan/magic/ros2_ws/install/effort_controllers:/home/megan/magic/ros2_ws/install/tricycle_controller:/home/megan/magic/ros2_ws/install/joint_trajectory_controller:/home/megan/magic/ros2_ws/install/joint_state_broadcaster:/home/megan/magic/ros2_ws/install/imu_sensor_broadcaster:/home/megan/magic/ros2_ws/install/gazebo_ros2_control:/home/megan/magic/ros2_ws/install/forward_command_controller:/home/megan/magic/ros2_ws/install/diff_drive_controller:/home/megan/magic/ros2_ws/install/controller_manager:/home/megan/magic/ros2_ws/install/transmission_interface:/home/megan/magic/ros2_ws/install/hardware_interface_testing:/home/megan/magic/ros2_ws/install/controller_interface:/home/megan/magic/ros2_ws/install/hardware_interface:/home/megan/magic/ros2_ws/install/ros2_control_test_assets:/home/megan/magic/ros2_ws/install/joint_limits:/home/megan/magic/ros2_ws/install/controller_manager_msgs:/home/megan/magic/ros2_ws/install/control_msgs:/opt/ros/humble LD_LIBRARY_PATH=/home/megan/magic/ros2_ws/install/velocity_controllers/lib:/home/megan/magic/ros2_ws/install/effort_controllers/lib:/home/megan/magic/ros2_ws/install/tricycle_controller/lib:/home/megan/magic/ros2_ws/install/joint_trajectory_controller/lib:/home/megan/magic/ros2_ws/install/joint_state_broadcaster/lib:/home/megan/magic/ros2_ws/install/imu_sensor_broadcaster/lib:/home/megan/magic/ros2_ws/install/gazebo_ros2_control/lib:/home/megan/magic/ros2_ws/install/forward_command_controller/lib:/home/megan/magic/ros2_ws/install/diff_drive_controller/lib:/home/megan/magic/ros2_ws/install/controller_manager/lib:/home/megan/magic/ros2_ws/install/transmission_interface/lib:/home/megan/magic/ros2_ws/install/hardware_interface_testing/lib:/home/megan/magic/ros2_ws/install/controller_interface/lib:/home/megan/magic/ros2_ws/install/hardware_interface/lib:/home/megan/magic/ros2_ws/install/joint_limits/lib:/home/megan/magic/ros2_ws/install/controller_manager_msgs/lib:/home/megan/magic/ros2_ws/install/control_msgs/lib:${LD_LIBRARY_PATH} PYTHONPATH=/home/megan/magic/ros2_ws/install/ros2controlcli/lib/python3.10/site-packages:/home/megan/magic/ros2_ws/install/controller_manager/lib/python3.10/site-packages:/home/megan/magic/ros2_ws/install/controller_manager_msgs/lib/python3.10/site-packages:/home/megan/magic/ros2_ws/install/control_msgs/lib/python3.10/site-packages:${PYTHONPATH} VIRTUAL_ENV_PROMPT=(magic) /usr/bin/cmake --build /home/megan/magic/ros2_ws/build/gazebo_ros2_control_demos -- -j20 -l20
[1.567s] [  7%] [32mBuilding CXX object CMakeFiles/example_position_pid.dir/examples/example_position_pid.cpp.o[0m
[1.567s] [ 14%] [32mBuilding CXX object CMakeFiles/example_position.dir/examples/example_position.cpp.o[0m
[1.567s] [ 21%] [32mBuilding CXX object CMakeFiles/example_tricycle_drive.dir/examples/example_tricycle_drive.cpp.o[0m
[1.573s] [ 42%] [32mBuilding CXX object CMakeFiles/example_effort.dir/examples/example_effort.cpp.o[0m
[1.573s] [ 42%] [32mBuilding CXX object CMakeFiles/example_gripper.dir/examples/example_gripper.cpp.o[0m
[1.573s] [ 42%] [32mBuilding CXX object CMakeFiles/example_velocity.dir/examples/example_velocity.cpp.o[0m
[1.573s] [ 50%] [32mBuilding CXX object CMakeFiles/example_diff_drive.dir/examples/example_diff_drive.cpp.o[0m
[5.288s] [ 57%] [32m[1mLinking CXX executable example_diff_drive[0m
[5.398s] [ 57%] Built target example_diff_drive
[5.451s] [ 64%] [32m[1mLinking CXX executable example_position_pid[0m
[5.485s] [ 71%] [32m[1mLinking CXX executable example_gripper[0m
[5.557s] [ 71%] Built target example_position_pid
[5.594s] [ 71%] Built target example_gripper
[5.629s] [ 78%] [32m[1mLinking CXX executable example_tricycle_drive[0m
[5.725s] [ 78%] Built target example_tricycle_drive
[5.744s] [ 85%] [32m[1mLinking CXX executable example_position[0m
[5.857s] [ 85%] Built target example_position
[6.369s] [ 92%] [32m[1mLinking CXX executable example_effort[0m
[6.458s] [ 92%] Built target example_effort
[6.921s] [100%] [32m[1mLinking CXX executable example_velocity[0m
[7.002s] [100%] Built target example_velocity
