[0.035s] Invoking command in '/home/emma/Documents/GitHub/magic/build/controller_manager': AMENT_PREFIX_PATH=/home/emma/Documents/GitHub/magic/install/hardware_interface_testing:/home/emma/Documents/GitHub/magic/install/controller_interface:/home/emma/Documents/GitHub/magic/install/hardware_interface:/home/emma/Documents/GitHub/magic/install/ros2_control_test_assets:/home/emma/Documents/GitHub/magic/install/realtime_tools:/home/emma/Documents/GitHub/magic/install/controller_manager_msgs:/home/emma/Documents/GitHub/magic/install/control_msgs:${AMENT_PREFIX_PATH} CMAKE_PREFIX_PATH=/home/emma/Documents/GitHub/magic/install/hardware_interface_testing:/home/emma/Documents/GitHub/magic/install/controller_interface:/home/emma/Documents/GitHub/magic/install/hardware_interface:/home/emma/Documents/GitHub/magic/install/ros2_control_test_assets:/home/emma/Documents/GitHub/magic/install/realtime_tools:/home/emma/Documents/GitHub/magic/install/controller_manager_msgs:/home/emma/Documents/GitHub/magic/install/control_msgs:/home/emma/Documents/GitHub/install/two_arm_moveit2_config:/home/emma/Documents/GitHub/install/kortex_bringup:/home/emma/Documents/GitHub/install/kinova_gen3_lite_moveit_config:/home/emma/Documents/GitHub/install/kinova_gen3_7dof_robotiq_2f_85_moveit_config:/home/emma/Documents/GitHub/install/kinova_gen3_6dof_robotiq_2f_85_moveit_config:/home/emma/Documents/GitHub/install/kortex_description:/home/emma/Documents/GitHub/install/robotiq_description:/home/emma/Documents/GitHub/install/ros2_controllers:/home/emma/Documents/GitHub/install/velocity_controllers:/home/emma/Documents/GitHub/install/tricycle_steering_controller:/home/emma/Documents/GitHub/install/tricycle_controller:/home/emma/Documents/GitHub/install/ros2_control:/home/emma/Documents/GitHub/install/transmission_interface:/home/emma/Documents/GitHub/install/bicycle_steering_controller:/home/emma/Documents/GitHub/install/ackermann_steering_controller:/home/emma/Documents/GitHub/install/steering_controllers_library:/home/emma/Documents/GitHub/install/robotiq_hardware_tests:/home/emma/Documents/GitHub/install/robotiq_driver:/home/emma/Documents/GitHub/install/serial:/home/emma/Documents/GitHub/install/hardware_interface_testing:/home/emma/Documents/GitHub/install/controller_manager:/home/emma/Documents/GitHub/install/ros2_control_test_assets:/home/emma/Documents/GitHub/install/robotiq_controllers:/home/emma/Documents/GitHub/install/range_sensor_broadcaster:/home/emma/Documents/GitHub/install/position_controllers:/home/emma/Documents/GitHub/install/pose_broadcaster:/home/emma/Documents/GitHub/install/pid_controller:/home/emma/Documents/GitHub/install/picknik_twist_controller:/home/emma/Documents/GitHub/install/picknik_reset_fault_controller:/home/emma/Documents/GitHub/install/mecanum_drive_controller:/home/emma/Documents/GitHub/install/joint_trajectory_controller:/home/emma/Documents/GitHub/install/joint_state_broadcaster:/home/emma/Documents/GitHub/install/imu_sensor_broadcaster:/home/emma/Documents/GitHub/install/gripper_controllers:/home/emma/Documents/GitHub/install/gpio_controllers:/home/emma/Documents/GitHub/install/effort_controllers:/home/emma/Documents/GitHub/install/forward_command_controller:/home/emma/Documents/GitHub/install/force_torque_sensor_broadcaster:/home/emma/Documents/GitHub/install/diff_drive_controller:/home/emma/Documents/GitHub/install/admittance_controller:/home/emma/Documents/GitHub/install/realtime_tools:/home/emma/Documents/GitHub/install/moveit_go:/home/emma/Documents/GitHub/install/kortex_driver:/home/emma/Documents/GitHub/install/kortex_api:/home/emma/Documents/GitHub/install/joint_limits:/home/emma/Documents/GitHub/install/controller_interface:/home/emma/Documents/GitHub/install/hardware_interface:/home/emma/Documents/GitHub/install/controller_manager_msgs:/home/emma/Documents/GitHub/install/control_msgs:/home/emma/Documents/GitHub/install/rqt_joint_trajectory_controller:/home/emma/Documents/GitHub/install/rqt_controller_manager:/home/emma/Documents/GitHub/install/ros2controlcli:/home/emma/Documents/GitHub/install/ros2_controllers_test_nodes:/home/emma/Documents/GitHub/install/mujoco_ros2:/home/emma/Documents/GitHub/install/control:/opt/ros/humble CONDA_PROMPT_MODIFIER=(base) LD_LIBRARY_PATH=/home/emma/Documents/GitHub/magic/install/hardware_interface_testing/lib:/home/emma/Documents/GitHub/magic/install/controller_interface/lib:/home/emma/Documents/GitHub/magic/install/hardware_interface/lib:/home/emma/Documents/GitHub/magic/install/realtime_tools/lib:/home/emma/Documents/GitHub/magic/install/controller_manager_msgs/lib:/home/emma/Documents/GitHub/magic/install/control_msgs/lib:${LD_LIBRARY_PATH} PYTHONPATH=/home/emma/Documents/GitHub/magic/install/controller_manager_msgs/local/lib/python3.10/dist-packages:/home/emma/Documents/GitHub/magic/install/control_msgs/local/lib/python3.10/dist-packages:${PYTHONPATH} /usr/bin/cmake /home/emma/Documents/GitHub/magic/ros2_ws/src/ros2_control/controller_manager -DCMAKE_INSTALL_PREFIX=/home/emma/Documents/GitHub/magic/install/controller_manager
[0.092s] -- The C compiler identification is GNU 11.4.0
[0.143s] -- The CXX compiler identification is GNU 11.4.0
[0.152s] -- Detecting C compiler ABI info
[0.224s] -- Detecting C compiler ABI info - done
[0.228s] -- Check for working C compiler: /usr/bin/cc - skipped
[0.229s] -- Detecting C compile features
[0.229s] -- Detecting C compile features - done
[0.232s] -- Detecting CXX compiler ABI info
[0.318s] -- Detecting CXX compiler ABI info - done
[0.325s] -- Check for working CXX compiler: /usr/bin/c++ - skipped
[0.325s] -- Detecting CXX compile features
[0.325s] -- Detecting CXX compile features - done
[0.330s] -- Found ament_cmake: 1.3.12 (/opt/ros/humble/share/ament_cmake/cmake)
[0.494s] -- Found Python3: /usr/bin/python3 (found version "3.10.12") found components: Interpreter 
[0.613s] -- Found ament_index_cpp: 1.4.0 (/opt/ros/humble/share/ament_index_cpp/cmake)
[0.614s] -- Found controller_interface: 2.49.0 (/home/emma/Documents/GitHub/magic/install/controller_interface/share/controller_interface/cmake)
[0.673s] -- Found rosidl_generator_c: 3.1.6 (/opt/ros/humble/share/rosidl_generator_c/cmake)
[0.683s] -- Found rosidl_adapter: 3.1.6 (/opt/ros/humble/share/rosidl_adapter/cmake)
[0.694s] -- Found rosidl_generator_cpp: 3.1.6 (/opt/ros/humble/share/rosidl_generator_cpp/cmake)
[0.709s] -- Using all available rosidl_typesupport_c: rosidl_typesupport_fastrtps_c;rosidl_typesupport_introspection_c
[0.729s] -- Using all available rosidl_typesupport_cpp: rosidl_typesupport_fastrtps_cpp;rosidl_typesupport_introspection_cpp
[0.938s] -- Found rmw_implementation_cmake: 6.1.2 (/opt/ros/humble/share/rmw_implementation_cmake/cmake)
[0.943s] -- Found rmw_fastrtps_cpp: 6.2.7 (/opt/ros/humble/share/rmw_fastrtps_cpp/cmake)
[0.974s] -- Found TinyXML2 via Config file: TinyXML2_DIR-NOTFOUND
[1.042s] -- Found OpenSSL: /usr/lib/x86_64-linux-gnu/libcrypto.so (found version "3.0.2")  
[1.044s] -- Found TinyXML2 via Config file: TinyXML2_DIR-NOTFOUND
[1.063s] -- Found FastRTPS: /opt/ros/humble/include  
[1.067s] -- Found TinyXML2 via Config file: TinyXML2_DIR-NOTFOUND
[1.076s] -- Found TinyXML2 via Config file: TinyXML2_DIR-NOTFOUND
[1.089s] -- Using RMW implementation 'rmw_fastrtps_cpp' as default
[1.104s] -- Looking for pthread.h
[1.205s] -- Looking for pthread.h - found
[1.205s] -- Performing Test CMAKE_HAVE_LIBC_PTHREAD
[1.307s] -- Performing Test CMAKE_HAVE_LIBC_PTHREAD - Success
[1.308s] -- Found Threads: TRUE  
[1.362s] -- Found controller_manager_msgs: 2.49.0 (/home/emma/Documents/GitHub/magic/install/controller_manager_msgs/share/controller_manager_msgs/cmake)
[1.372s] -- Found realtime_tools: 2.12.0 (/home/emma/Documents/GitHub/magic/install/realtime_tools/share/realtime_tools/cmake)
[1.432s] -- Found ament_cmake_gmock: 1.3.11 (/opt/ros/humble/share/ament_cmake_gmock/cmake)
[1.433s] -- Found ros2_control_test_assets: 2.49.0 (/home/emma/Documents/GitHub/magic/install/ros2_control_test_assets/share/ros2_control_test_assets/cmake)
[1.440s] -- Found gmock sources under '/opt/ros/humble/src/gmock_vendor': C++ tests using 'Google Mock' will be built
[1.451s] -- Found ament_cmake_gtest: 1.3.11 (/opt/ros/humble/share/ament_cmake_gtest/cmake)
[1.451s] -- Found gtest sources under '/opt/ros/humble/src/gtest_vendor': C++ tests using 'Google Test' will be built
[1.467s] -- Found ament_cmake_pytest: 1.3.11 (/opt/ros/humble/share/ament_cmake_pytest/cmake)
[1.935s] -- Configuring done
[2.143s] -- Generating done
[2.175s] -- Build files have been written to: /home/emma/Documents/GitHub/magic/build/controller_manager
[2.189s] Invoked command in '/home/emma/Documents/GitHub/magic/build/controller_manager' returned '0': AMENT_PREFIX_PATH=/home/emma/Documents/GitHub/magic/install/hardware_interface_testing:/home/emma/Documents/GitHub/magic/install/controller_interface:/home/emma/Documents/GitHub/magic/install/hardware_interface:/home/emma/Documents/GitHub/magic/install/ros2_control_test_assets:/home/emma/Documents/GitHub/magic/install/realtime_tools:/home/emma/Documents/GitHub/magic/install/controller_manager_msgs:/home/emma/Documents/GitHub/magic/install/control_msgs:${AMENT_PREFIX_PATH} CMAKE_PREFIX_PATH=/home/emma/Documents/GitHub/magic/install/hardware_interface_testing:/home/emma/Documents/GitHub/magic/install/controller_interface:/home/emma/Documents/GitHub/magic/install/hardware_interface:/home/emma/Documents/GitHub/magic/install/ros2_control_test_assets:/home/emma/Documents/GitHub/magic/install/realtime_tools:/home/emma/Documents/GitHub/magic/install/controller_manager_msgs:/home/emma/Documents/GitHub/magic/install/control_msgs:/home/emma/Documents/GitHub/install/two_arm_moveit2_config:/home/emma/Documents/GitHub/install/kortex_bringup:/home/emma/Documents/GitHub/install/kinova_gen3_lite_moveit_config:/home/emma/Documents/GitHub/install/kinova_gen3_7dof_robotiq_2f_85_moveit_config:/home/emma/Documents/GitHub/install/kinova_gen3_6dof_robotiq_2f_85_moveit_config:/home/emma/Documents/GitHub/install/kortex_description:/home/emma/Documents/GitHub/install/robotiq_description:/home/emma/Documents/GitHub/install/ros2_controllers:/home/emma/Documents/GitHub/install/velocity_controllers:/home/emma/Documents/GitHub/install/tricycle_steering_controller:/home/emma/Documents/GitHub/install/tricycle_controller:/home/emma/Documents/GitHub/install/ros2_control:/home/emma/Documents/GitHub/install/transmission_interface:/home/emma/Documents/GitHub/install/bicycle_steering_controller:/home/emma/Documents/GitHub/install/ackermann_steering_controller:/home/emma/Documents/GitHub/install/steering_controllers_library:/home/emma/Documents/GitHub/install/robotiq_hardware_tests:/home/emma/Documents/GitHub/install/robotiq_driver:/home/emma/Documents/GitHub/install/serial:/home/emma/Documents/GitHub/install/hardware_interface_testing:/home/emma/Documents/GitHub/install/controller_manager:/home/emma/Documents/GitHub/install/ros2_control_test_assets:/home/emma/Documents/GitHub/install/robotiq_controllers:/home/emma/Documents/GitHub/install/range_sensor_broadcaster:/home/emma/Documents/GitHub/install/position_controllers:/home/emma/Documents/GitHub/install/pose_broadcaster:/home/emma/Documents/GitHub/install/pid_controller:/home/emma/Documents/GitHub/install/picknik_twist_controller:/home/emma/Documents/GitHub/install/picknik_reset_fault_controller:/home/emma/Documents/GitHub/install/mecanum_drive_controller:/home/emma/Documents/GitHub/install/joint_trajectory_controller:/home/emma/Documents/GitHub/install/joint_state_broadcaster:/home/emma/Documents/GitHub/install/imu_sensor_broadcaster:/home/emma/Documents/GitHub/install/gripper_controllers:/home/emma/Documents/GitHub/install/gpio_controllers:/home/emma/Documents/GitHub/install/effort_controllers:/home/emma/Documents/GitHub/install/forward_command_controller:/home/emma/Documents/GitHub/install/force_torque_sensor_broadcaster:/home/emma/Documents/GitHub/install/diff_drive_controller:/home/emma/Documents/GitHub/install/admittance_controller:/home/emma/Documents/GitHub/install/realtime_tools:/home/emma/Documents/GitHub/install/moveit_go:/home/emma/Documents/GitHub/install/kortex_driver:/home/emma/Documents/GitHub/install/kortex_api:/home/emma/Documents/GitHub/install/joint_limits:/home/emma/Documents/GitHub/install/controller_interface:/home/emma/Documents/GitHub/install/hardware_interface:/home/emma/Documents/GitHub/install/controller_manager_msgs:/home/emma/Documents/GitHub/install/control_msgs:/home/emma/Documents/GitHub/install/rqt_joint_trajectory_controller:/home/emma/Documents/GitHub/install/rqt_controller_manager:/home/emma/Documents/GitHub/install/ros2controlcli:/home/emma/Documents/GitHub/install/ros2_controllers_test_nodes:/home/emma/Documents/GitHub/install/mujoco_ros2:/home/emma/Documents/GitHub/install/control:/opt/ros/humble CONDA_PROMPT_MODIFIER=(base) LD_LIBRARY_PATH=/home/emma/Documents/GitHub/magic/install/hardware_interface_testing/lib:/home/emma/Documents/GitHub/magic/install/controller_interface/lib:/home/emma/Documents/GitHub/magic/install/hardware_interface/lib:/home/emma/Documents/GitHub/magic/install/realtime_tools/lib:/home/emma/Documents/GitHub/magic/install/controller_manager_msgs/lib:/home/emma/Documents/GitHub/magic/install/control_msgs/lib:${LD_LIBRARY_PATH} PYTHONPATH=/home/emma/Documents/GitHub/magic/install/controller_manager_msgs/local/lib/python3.10/dist-packages:/home/emma/Documents/GitHub/magic/install/control_msgs/local/lib/python3.10/dist-packages:${PYTHONPATH} /usr/bin/cmake /home/emma/Documents/GitHub/magic/ros2_ws/src/ros2_control/controller_manager -DCMAKE_INSTALL_PREFIX=/home/emma/Documents/GitHub/magic/install/controller_manager
[2.191s] Invoking command in '/home/emma/Documents/GitHub/magic/build/controller_manager': AMENT_PREFIX_PATH=/home/emma/Documents/GitHub/magic/install/hardware_interface_testing:/home/emma/Documents/GitHub/magic/install/controller_interface:/home/emma/Documents/GitHub/magic/install/hardware_interface:/home/emma/Documents/GitHub/magic/install/ros2_control_test_assets:/home/emma/Documents/GitHub/magic/install/realtime_tools:/home/emma/Documents/GitHub/magic/install/controller_manager_msgs:/home/emma/Documents/GitHub/magic/install/control_msgs:${AMENT_PREFIX_PATH} CMAKE_PREFIX_PATH=/home/emma/Documents/GitHub/magic/install/hardware_interface_testing:/home/emma/Documents/GitHub/magic/install/controller_interface:/home/emma/Documents/GitHub/magic/install/hardware_interface:/home/emma/Documents/GitHub/magic/install/ros2_control_test_assets:/home/emma/Documents/GitHub/magic/install/realtime_tools:/home/emma/Documents/GitHub/magic/install/controller_manager_msgs:/home/emma/Documents/GitHub/magic/install/control_msgs:/home/emma/Documents/GitHub/install/two_arm_moveit2_config:/home/emma/Documents/GitHub/install/kortex_bringup:/home/emma/Documents/GitHub/install/kinova_gen3_lite_moveit_config:/home/emma/Documents/GitHub/install/kinova_gen3_7dof_robotiq_2f_85_moveit_config:/home/emma/Documents/GitHub/install/kinova_gen3_6dof_robotiq_2f_85_moveit_config:/home/emma/Documents/GitHub/install/kortex_description:/home/emma/Documents/GitHub/install/robotiq_description:/home/emma/Documents/GitHub/install/ros2_controllers:/home/emma/Documents/GitHub/install/velocity_controllers:/home/emma/Documents/GitHub/install/tricycle_steering_controller:/home/emma/Documents/GitHub/install/tricycle_controller:/home/emma/Documents/GitHub/install/ros2_control:/home/emma/Documents/GitHub/install/transmission_interface:/home/emma/Documents/GitHub/install/bicycle_steering_controller:/home/emma/Documents/GitHub/install/ackermann_steering_controller:/home/emma/Documents/GitHub/install/steering_controllers_library:/home/emma/Documents/GitHub/install/robotiq_hardware_tests:/home/emma/Documents/GitHub/install/robotiq_driver:/home/emma/Documents/GitHub/install/serial:/home/emma/Documents/GitHub/install/hardware_interface_testing:/home/emma/Documents/GitHub/install/controller_manager:/home/emma/Documents/GitHub/install/ros2_control_test_assets:/home/emma/Documents/GitHub/install/robotiq_controllers:/home/emma/Documents/GitHub/install/range_sensor_broadcaster:/home/emma/Documents/GitHub/install/position_controllers:/home/emma/Documents/GitHub/install/pose_broadcaster:/home/emma/Documents/GitHub/install/pid_controller:/home/emma/Documents/GitHub/install/picknik_twist_controller:/home/emma/Documents/GitHub/install/picknik_reset_fault_controller:/home/emma/Documents/GitHub/install/mecanum_drive_controller:/home/emma/Documents/GitHub/install/joint_trajectory_controller:/home/emma/Documents/GitHub/install/joint_state_broadcaster:/home/emma/Documents/GitHub/install/imu_sensor_broadcaster:/home/emma/Documents/GitHub/install/gripper_controllers:/home/emma/Documents/GitHub/install/gpio_controllers:/home/emma/Documents/GitHub/install/effort_controllers:/home/emma/Documents/GitHub/install/forward_command_controller:/home/emma/Documents/GitHub/install/force_torque_sensor_broadcaster:/home/emma/Documents/GitHub/install/diff_drive_controller:/home/emma/Documents/GitHub/install/admittance_controller:/home/emma/Documents/GitHub/install/realtime_tools:/home/emma/Documents/GitHub/install/moveit_go:/home/emma/Documents/GitHub/install/kortex_driver:/home/emma/Documents/GitHub/install/kortex_api:/home/emma/Documents/GitHub/install/joint_limits:/home/emma/Documents/GitHub/install/controller_interface:/home/emma/Documents/GitHub/install/hardware_interface:/home/emma/Documents/GitHub/install/controller_manager_msgs:/home/emma/Documents/GitHub/install/control_msgs:/home/emma/Documents/GitHub/install/rqt_joint_trajectory_controller:/home/emma/Documents/GitHub/install/rqt_controller_manager:/home/emma/Documents/GitHub/install/ros2controlcli:/home/emma/Documents/GitHub/install/ros2_controllers_test_nodes:/home/emma/Documents/GitHub/install/mujoco_ros2:/home/emma/Documents/GitHub/install/control:/opt/ros/humble CONDA_PROMPT_MODIFIER=(base) LD_LIBRARY_PATH=/home/emma/Documents/GitHub/magic/install/hardware_interface_testing/lib:/home/emma/Documents/GitHub/magic/install/controller_interface/lib:/home/emma/Documents/GitHub/magic/install/hardware_interface/lib:/home/emma/Documents/GitHub/magic/install/realtime_tools/lib:/home/emma/Documents/GitHub/magic/install/controller_manager_msgs/lib:/home/emma/Documents/GitHub/magic/install/control_msgs/lib:${LD_LIBRARY_PATH} PYTHONPATH=/home/emma/Documents/GitHub/magic/install/controller_manager_msgs/local/lib/python3.10/dist-packages:/home/emma/Documents/GitHub/magic/install/control_msgs/local/lib/python3.10/dist-packages:${PYTHONPATH} /usr/bin/cmake --build /home/emma/Documents/GitHub/magic/build/controller_manager -- -j20 -l20
[2.259s] [  2%] [34m[1mGenerating controller_manager/version.h[0m
[2.259s] [  5%] [32mBuilding CXX object gmock/CMakeFiles/gmock_main.dir/src/gmock_main.cc.o[0m
[2.260s] [  7%] [32mBuilding CXX object gmock/CMakeFiles/gmock.dir/opt/ros/humble/src/gtest_vendor/src/gtest-all.cc.o[0m
[2.265s] [ 10%] [32mBuilding CXX object gmock/CMakeFiles/gmock.dir/src/gmock-all.cc.o[0m
[2.267s] [ 10%] Built target ament_cmake_python_copy_controller_manager_setup
[2.269s] [ 10%] Built target ament_cmake_python_copy_controller_manager
[2.289s] [ 10%] Built target ament_generate_version_header__controller_manager
[2.325s] [ 13%] [32mBuilding CXX object CMakeFiles/controller_manager.dir/src/controller_manager.cpp.o[0m
[2.501s] running egg_info
[2.502s] creating controller_manager.egg-info
[2.502s] writing controller_manager.egg-info/PKG-INFO
[2.502s] writing dependency_links to controller_manager.egg-info/dependency_links.txt
[2.503s] writing entry points to controller_manager.egg-info/entry_points.txt
[2.503s] writing top-level names to controller_manager.egg-info/top_level.txt
[2.503s] writing manifest file 'controller_manager.egg-info/SOURCES.txt'
[2.504s] reading manifest file 'controller_manager.egg-info/SOURCES.txt'
[2.505s] writing manifest file 'controller_manager.egg-info/SOURCES.txt'
[2.536s] [ 13%] Built target ament_cmake_python_build_controller_manager_egg
[2.539s] running install_scripts
[2.541s] /usr/lib/python3/dist-packages/setuptools/command/install.py:34: SetuptoolsDeprecationWarning: setup.py install is deprecated. Use build and pip and other standards-based tools.
[2.541s]   warnings.warn(
[2.559s] running egg_info
[2.560s] writing controller_manager.egg-info/PKG-INFO
[2.560s] writing dependency_links to controller_manager.egg-info/dependency_links.txt
[2.560s] writing entry points to controller_manager.egg-info/entry_points.txt
[2.561s] writing top-level names to controller_manager.egg-info/top_level.txt
[2.562s] reading manifest file 'controller_manager.egg-info/SOURCES.txt'
[2.563s] writing manifest file 'controller_manager.egg-info/SOURCES.txt'
[2.565s] Installing hardware_spawner script to scripts
[2.565s] Installing spawner script to scripts
[2.565s] Installing unspawner script to scripts
[2.601s] [ 13%] Built target ament_cmake_python_build_controller_manager_scripts
[3.244s] [ 15%] [32m[1mLinking CXX static library libgmock_main.a[0m
[3.323s] [ 15%] Built target gmock_main
[4.721s] [ 18%] [32m[1mLinking CXX static library libgmock.a[0m
[4.811s] [ 18%] Built target gmock
[13.782s] [ 21%] [32m[1mLinking CXX shared library libcontroller_manager.so[0m
[14.588s] [ 21%] Built target controller_manager
[14.615s] [ 23%] [32mBuilding CXX object CMakeFiles/test_controller_manager_urdf_passing.dir/test/test_controller_manager_urdf_passing.cpp.o[0m
[14.615s] [ 26%] [32mBuilding CXX object CMakeFiles/test_hardware_spawner.dir/test/test_hardware_spawner.cpp.o[0m
[14.615s] [ 28%] [32mBuilding CXX object CMakeFiles/test_chainable_controller.dir/test/test_chainable_controller/test_chainable_controller.cpp.o[0m
[14.617s] [ 31%] [32mBuilding CXX object CMakeFiles/test_controller.dir/test/test_controller/test_controller.cpp.o[0m
[14.619s] [ 34%] [32mBuilding CXX object CMakeFiles/test_controller_with_interfaces.dir/test/test_controller_with_interfaces/test_controller_with_interfaces.cpp.o[0m
[14.622s] [ 36%] [32mBuilding CXX object CMakeFiles/ros2_control_node.dir/src/ros2_control_node.cpp.o[0m
[14.626s] [ 39%] [32mBuilding CXX object CMakeFiles/test_controller_failed_init.dir/test/test_controller_failed_init/test_controller_failed_init.cpp.o[0m
[17.415s] [ 42%] [32m[1mLinking CXX shared library libtest_controller_failed_init.so[0m
[17.430s] [ 44%] [32m[1mLinking CXX shared library libtest_controller_with_interfaces.so[0m
[17.538s] [ 44%] Built target test_controller_failed_init
[17.587s] [ 44%] Built target test_controller_with_interfaces
[17.615s] [ 47%] [32mBuilding CXX object CMakeFiles/test_release_interfaces.dir/test/test_release_interfaces.cpp.o[0m
[17.682s] [ 50%] [32m[1mLinking CXX shared library libtest_controller.so[0m
[17.853s] [ 50%] Built target test_controller
[17.881s] [ 52%] [32mBuilding CXX object CMakeFiles/test_controller_manager.dir/test/test_controller_manager.cpp.o[0m
[17.881s] [ 55%] [32mBuilding CXX object CMakeFiles/test_controller_manager_with_namespace.cpp.dir/test/test_controller_manager_with_namespace.cpp.o[0m
[17.887s] [ 57%] [32mBuilding CXX object CMakeFiles/test_load_controller.dir/test/test_load_controller.cpp.o[0m
[17.887s] [ 60%] [32mBuilding CXX object CMakeFiles/test_spawner_unspawner.dir/test/test_spawner_unspawner.cpp.o[0m
[17.887s] [ 63%] [32mBuilding CXX object CMakeFiles/test_hardware_management_srvs.dir/test/test_hardware_management_srvs.cpp.o[0m
[17.923s] [ 65%] [32m[1mLinking CXX executable ros2_control_node[0m
[18.534s] [ 65%] Built target ros2_control_node
[19.025s] [ 68%] [32m[1mLinking CXX executable test_controller_manager_urdf_passing[0m
[19.909s] [ 68%] Built target test_controller_manager_urdf_passing
[21.310s] [ 71%] [32m[1mLinking CXX shared library libtest_chainable_controller.so[0m
[21.488s] [ 73%] [32m[1mLinking CXX executable test_hardware_spawner[0m
[21.838s] [ 73%] Built target test_chainable_controller
[21.874s] [ 78%] [32mBuilding CXX object CMakeFiles/test_controllers_chaining_with_controller_manager.dir/test/test_controllers_chaining_with_controller_manager.cpp.o[0m
[21.874s] [ 78%] [32mBuilding CXX object CMakeFiles/test_controller_manager_srvs.dir/test/test_controller_manager_srvs.cpp.o[0m
[22.413s] [ 81%] [32m[1mLinking CXX executable test_release_interfaces[0m
[22.515s] [ 81%] Built target test_hardware_spawner
[23.089s] [ 84%] [32m[1mLinking CXX executable test_controller_manager_with_namespace.cpp[0m
[23.336s] [ 84%] Built target test_release_interfaces
[23.956s] [ 84%] Built target test_controller_manager_with_namespace.cpp
[24.291s] [ 86%] [32m[1mLinking CXX executable test_controller_manager[0m
[24.503s] [ 89%] [32m[1mLinking CXX executable test_spawner_unspawner[0m
[25.283s] [ 89%] Built target test_controller_manager
[25.440s] [ 89%] Built target test_spawner_unspawner
[25.476s] [ 92%] [32m[1mLinking CXX executable test_hardware_management_srvs[0m
[25.654s] [ 94%] [32m[1mLinking CXX executable test_load_controller[0m
[26.294s] [ 94%] Built target test_hardware_management_srvs
[26.476s] [ 94%] Built target test_load_controller
[27.311s] [ 97%] [32m[1mLinking CXX executable test_controllers_chaining_with_controller_manager[0m
[28.087s] [ 97%] Built target test_controllers_chaining_with_controller_manager
[30.088s] [100%] [32m[1mLinking CXX executable test_controller_manager_srvs[0m
[30.846s] [100%] Built target test_controller_manager_srvs
[30.857s] Invoked command in '/home/emma/Documents/GitHub/magic/build/controller_manager' returned '0': AMENT_PREFIX_PATH=/home/emma/Documents/GitHub/magic/install/hardware_interface_testing:/home/emma/Documents/GitHub/magic/install/controller_interface:/home/emma/Documents/GitHub/magic/install/hardware_interface:/home/emma/Documents/GitHub/magic/install/ros2_control_test_assets:/home/emma/Documents/GitHub/magic/install/realtime_tools:/home/emma/Documents/GitHub/magic/install/controller_manager_msgs:/home/emma/Documents/GitHub/magic/install/control_msgs:${AMENT_PREFIX_PATH} CMAKE_PREFIX_PATH=/home/emma/Documents/GitHub/magic/install/hardware_interface_testing:/home/emma/Documents/GitHub/magic/install/controller_interface:/home/emma/Documents/GitHub/magic/install/hardware_interface:/home/emma/Documents/GitHub/magic/install/ros2_control_test_assets:/home/emma/Documents/GitHub/magic/install/realtime_tools:/home/emma/Documents/GitHub/magic/install/controller_manager_msgs:/home/emma/Documents/GitHub/magic/install/control_msgs:/home/emma/Documents/GitHub/install/two_arm_moveit2_config:/home/emma/Documents/GitHub/install/kortex_bringup:/home/emma/Documents/GitHub/install/kinova_gen3_lite_moveit_config:/home/emma/Documents/GitHub/install/kinova_gen3_7dof_robotiq_2f_85_moveit_config:/home/emma/Documents/GitHub/install/kinova_gen3_6dof_robotiq_2f_85_moveit_config:/home/emma/Documents/GitHub/install/kortex_description:/home/emma/Documents/GitHub/install/robotiq_description:/home/emma/Documents/GitHub/install/ros2_controllers:/home/emma/Documents/GitHub/install/velocity_controllers:/home/emma/Documents/GitHub/install/tricycle_steering_controller:/home/emma/Documents/GitHub/install/tricycle_controller:/home/emma/Documents/GitHub/install/ros2_control:/home/emma/Documents/GitHub/install/transmission_interface:/home/emma/Documents/GitHub/install/bicycle_steering_controller:/home/emma/Documents/GitHub/install/ackermann_steering_controller:/home/emma/Documents/GitHub/install/steering_controllers_library:/home/emma/Documents/GitHub/install/robotiq_hardware_tests:/home/emma/Documents/GitHub/install/robotiq_driver:/home/emma/Documents/GitHub/install/serial:/home/emma/Documents/GitHub/install/hardware_interface_testing:/home/emma/Documents/GitHub/install/controller_manager:/home/emma/Documents/GitHub/install/ros2_control_test_assets:/home/emma/Documents/GitHub/install/robotiq_controllers:/home/emma/Documents/GitHub/install/range_sensor_broadcaster:/home/emma/Documents/GitHub/install/position_controllers:/home/emma/Documents/GitHub/install/pose_broadcaster:/home/emma/Documents/GitHub/install/pid_controller:/home/emma/Documents/GitHub/install/picknik_twist_controller:/home/emma/Documents/GitHub/install/picknik_reset_fault_controller:/home/emma/Documents/GitHub/install/mecanum_drive_controller:/home/emma/Documents/GitHub/install/joint_trajectory_controller:/home/emma/Documents/GitHub/install/joint_state_broadcaster:/home/emma/Documents/GitHub/install/imu_sensor_broadcaster:/home/emma/Documents/GitHub/install/gripper_controllers:/home/emma/Documents/GitHub/install/gpio_controllers:/home/emma/Documents/GitHub/install/effort_controllers:/home/emma/Documents/GitHub/install/forward_command_controller:/home/emma/Documents/GitHub/install/force_torque_sensor_broadcaster:/home/emma/Documents/GitHub/install/diff_drive_controller:/home/emma/Documents/GitHub/install/admittance_controller:/home/emma/Documents/GitHub/install/realtime_tools:/home/emma/Documents/GitHub/install/moveit_go:/home/emma/Documents/GitHub/install/kortex_driver:/home/emma/Documents/GitHub/install/kortex_api:/home/emma/Documents/GitHub/install/joint_limits:/home/emma/Documents/GitHub/install/controller_interface:/home/emma/Documents/GitHub/install/hardware_interface:/home/emma/Documents/GitHub/install/controller_manager_msgs:/home/emma/Documents/GitHub/install/control_msgs:/home/emma/Documents/GitHub/install/rqt_joint_trajectory_controller:/home/emma/Documents/GitHub/install/rqt_controller_manager:/home/emma/Documents/GitHub/install/ros2controlcli:/home/emma/Documents/GitHub/install/ros2_controllers_test_nodes:/home/emma/Documents/GitHub/install/mujoco_ros2:/home/emma/Documents/GitHub/install/control:/opt/ros/humble CONDA_PROMPT_MODIFIER=(base) LD_LIBRARY_PATH=/home/emma/Documents/GitHub/magic/install/hardware_interface_testing/lib:/home/emma/Documents/GitHub/magic/install/controller_interface/lib:/home/emma/Documents/GitHub/magic/install/hardware_interface/lib:/home/emma/Documents/GitHub/magic/install/realtime_tools/lib:/home/emma/Documents/GitHub/magic/install/controller_manager_msgs/lib:/home/emma/Documents/GitHub/magic/install/control_msgs/lib:${LD_LIBRARY_PATH} PYTHONPATH=/home/emma/Documents/GitHub/magic/install/controller_manager_msgs/local/lib/python3.10/dist-packages:/home/emma/Documents/GitHub/magic/install/control_msgs/local/lib/python3.10/dist-packages:${PYTHONPATH} /usr/bin/cmake --build /home/emma/Documents/GitHub/magic/build/controller_manager -- -j20 -l20
[30.858s] Invoking command in '/home/emma/Documents/GitHub/magic/build/controller_manager': AMENT_PREFIX_PATH=/home/emma/Documents/GitHub/magic/install/hardware_interface_testing:/home/emma/Documents/GitHub/magic/install/controller_interface:/home/emma/Documents/GitHub/magic/install/hardware_interface:/home/emma/Documents/GitHub/magic/install/ros2_control_test_assets:/home/emma/Documents/GitHub/magic/install/realtime_tools:/home/emma/Documents/GitHub/magic/install/controller_manager_msgs:/home/emma/Documents/GitHub/magic/install/control_msgs:${AMENT_PREFIX_PATH} CMAKE_PREFIX_PATH=/home/emma/Documents/GitHub/magic/install/hardware_interface_testing:/home/emma/Documents/GitHub/magic/install/controller_interface:/home/emma/Documents/GitHub/magic/install/hardware_interface:/home/emma/Documents/GitHub/magic/install/ros2_control_test_assets:/home/emma/Documents/GitHub/magic/install/realtime_tools:/home/emma/Documents/GitHub/magic/install/controller_manager_msgs:/home/emma/Documents/GitHub/magic/install/control_msgs:/home/emma/Documents/GitHub/install/two_arm_moveit2_config:/home/emma/Documents/GitHub/install/kortex_bringup:/home/emma/Documents/GitHub/install/kinova_gen3_lite_moveit_config:/home/emma/Documents/GitHub/install/kinova_gen3_7dof_robotiq_2f_85_moveit_config:/home/emma/Documents/GitHub/install/kinova_gen3_6dof_robotiq_2f_85_moveit_config:/home/emma/Documents/GitHub/install/kortex_description:/home/emma/Documents/GitHub/install/robotiq_description:/home/emma/Documents/GitHub/install/ros2_controllers:/home/emma/Documents/GitHub/install/velocity_controllers:/home/emma/Documents/GitHub/install/tricycle_steering_controller:/home/emma/Documents/GitHub/install/tricycle_controller:/home/emma/Documents/GitHub/install/ros2_control:/home/emma/Documents/GitHub/install/transmission_interface:/home/emma/Documents/GitHub/install/bicycle_steering_controller:/home/emma/Documents/GitHub/install/ackermann_steering_controller:/home/emma/Documents/GitHub/install/steering_controllers_library:/home/emma/Documents/GitHub/install/robotiq_hardware_tests:/home/emma/Documents/GitHub/install/robotiq_driver:/home/emma/Documents/GitHub/install/serial:/home/emma/Documents/GitHub/install/hardware_interface_testing:/home/emma/Documents/GitHub/install/controller_manager:/home/emma/Documents/GitHub/install/ros2_control_test_assets:/home/emma/Documents/GitHub/install/robotiq_controllers:/home/emma/Documents/GitHub/install/range_sensor_broadcaster:/home/emma/Documents/GitHub/install/position_controllers:/home/emma/Documents/GitHub/install/pose_broadcaster:/home/emma/Documents/GitHub/install/pid_controller:/home/emma/Documents/GitHub/install/picknik_twist_controller:/home/emma/Documents/GitHub/install/picknik_reset_fault_controller:/home/emma/Documents/GitHub/install/mecanum_drive_controller:/home/emma/Documents/GitHub/install/joint_trajectory_controller:/home/emma/Documents/GitHub/install/joint_state_broadcaster:/home/emma/Documents/GitHub/install/imu_sensor_broadcaster:/home/emma/Documents/GitHub/install/gripper_controllers:/home/emma/Documents/GitHub/install/gpio_controllers:/home/emma/Documents/GitHub/install/effort_controllers:/home/emma/Documents/GitHub/install/forward_command_controller:/home/emma/Documents/GitHub/install/force_torque_sensor_broadcaster:/home/emma/Documents/GitHub/install/diff_drive_controller:/home/emma/Documents/GitHub/install/admittance_controller:/home/emma/Documents/GitHub/install/realtime_tools:/home/emma/Documents/GitHub/install/moveit_go:/home/emma/Documents/GitHub/install/kortex_driver:/home/emma/Documents/GitHub/install/kortex_api:/home/emma/Documents/GitHub/install/joint_limits:/home/emma/Documents/GitHub/install/controller_interface:/home/emma/Documents/GitHub/install/hardware_interface:/home/emma/Documents/GitHub/install/controller_manager_msgs:/home/emma/Documents/GitHub/install/control_msgs:/home/emma/Documents/GitHub/install/rqt_joint_trajectory_controller:/home/emma/Documents/GitHub/install/rqt_controller_manager:/home/emma/Documents/GitHub/install/ros2controlcli:/home/emma/Documents/GitHub/install/ros2_controllers_test_nodes:/home/emma/Documents/GitHub/install/mujoco_ros2:/home/emma/Documents/GitHub/install/control:/opt/ros/humble CONDA_PROMPT_MODIFIER=(base) LD_LIBRARY_PATH=/home/emma/Documents/GitHub/magic/install/hardware_interface_testing/lib:/home/emma/Documents/GitHub/magic/install/controller_interface/lib:/home/emma/Documents/GitHub/magic/install/hardware_interface/lib:/home/emma/Documents/GitHub/magic/install/realtime_tools/lib:/home/emma/Documents/GitHub/magic/install/controller_manager_msgs/lib:/home/emma/Documents/GitHub/magic/install/control_msgs/lib:${LD_LIBRARY_PATH} PYTHONPATH=/home/emma/Documents/GitHub/magic/install/controller_manager_msgs/local/lib/python3.10/dist-packages:/home/emma/Documents/GitHub/magic/install/control_msgs/local/lib/python3.10/dist-packages:${PYTHONPATH} /usr/bin/cmake --install /home/emma/Documents/GitHub/magic/build/controller_manager
[30.867s] -- Install configuration: ""
[30.867s] -- Installing: /home/emma/Documents/GitHub/magic/install/controller_manager/lib/libcontroller_manager.so
[30.875s] -- Set runtime path of "/home/emma/Documents/GitHub/magic/install/controller_manager/lib/libcontroller_manager.so" to ""
[30.875s] -- Installing: /home/emma/Documents/GitHub/magic/install/controller_manager/lib/controller_manager/ros2_control_node
[30.876s] -- Set runtime path of "/home/emma/Documents/GitHub/magic/install/controller_manager/lib/controller_manager/ros2_control_node" to ""
[30.876s] -- Installing: /home/emma/Documents/GitHub/magic/install/controller_manager/include
[30.876s] -- Installing: /home/emma/Documents/GitHub/magic/install/controller_manager/include/controller_manager
[30.876s] -- Installing: /home/emma/Documents/GitHub/magic/install/controller_manager/include/controller_manager/visibility_control.h
[30.876s] -- Installing: /home/emma/Documents/GitHub/magic/install/controller_manager/include/controller_manager/controller_spec.hpp
[30.876s] -- Installing: /home/emma/Documents/GitHub/magic/install/controller_manager/include/controller_manager/controller_manager.hpp
[30.876s] -- Installing: /home/emma/Documents/GitHub/magic/install/controller_manager/share/controller_manager/test/test_controller/test_controller.xml
[30.876s] -- Installing: /home/emma/Documents/GitHub/magic/install/controller_manager/lib/libtest_controller.so
[30.876s] -- Set runtime path of "/home/emma/Documents/GitHub/magic/install/controller_manager/lib/libtest_controller.so" to ""
[30.876s] -- Installing: /home/emma/Documents/GitHub/magic/install/controller_manager/share/controller_manager/test/test_controller_failed_init/test_controller_failed_init.xml
[30.876s] -- Installing: /home/emma/Documents/GitHub/magic/install/controller_manager/lib/libtest_controller_failed_init.so
[30.876s] -- Set runtime path of "/home/emma/Documents/GitHub/magic/install/controller_manager/lib/libtest_controller_failed_init.so" to ""
[30.876s] -- Installing: /home/emma/Documents/GitHub/magic/install/controller_manager/share/controller_manager/test/test_chainable_controller/test_chainable_controller.xml
[30.876s] -- Installing: /home/emma/Documents/GitHub/magic/install/controller_manager/lib/libtest_chainable_controller.so
[30.880s] -- Set runtime path of "/home/emma/Documents/GitHub/magic/install/controller_manager/lib/libtest_chainable_controller.so" to ""
[30.880s] -- Installing: /home/emma/Documents/GitHub/magic/install/controller_manager/share/controller_manager/test/test_controller_with_interfaces/test_controller_with_interfaces.xml
[30.880s] -- Installing: /home/emma/Documents/GitHub/magic/install/controller_manager/lib/libtest_controller_with_interfaces.so
[30.880s] -- Set runtime path of "/home/emma/Documents/GitHub/magic/install/controller_manager/lib/libtest_controller_with_interfaces.so" to ""
[30.880s] -- Installing: /home/emma/Documents/GitHub/magic/install/controller_manager/test/test_controller_spawner_with_type.yaml
[30.880s] -- Installing: /home/emma/Documents/GitHub/magic/install/controller_manager/test/test_controller_spawner_with_basic_controllers.yaml
[30.880s] -- Installing: /home/emma/Documents/GitHub/magic/install/controller_manager/test/test_controller_overriding_parameters.yaml
[30.880s] -- Installing: /home/emma/Documents/GitHub/magic/install/controller_manager/test/test_controller_spawner_wildcard_entries.yaml
[30.880s] -- Installing: /home/emma/Documents/GitHub/magic/install/controller_manager/test/test_controller_spawner_with_interfaces.yaml
[30.880s] -- Installing: /home/emma/Documents/GitHub/magic/install/controller_manager/test/test_ros2_control_node.yaml
[30.880s] -- Installing: /home/emma/Documents/GitHub/magic/install/controller_manager/share/controller_manager/environment/pythonpath.sh
[30.880s] -- Installing: /home/emma/Documents/GitHub/magic/install/controller_manager/share/controller_manager/environment/pythonpath.dsv
[30.881s] -- Installing: /home/emma/Documents/GitHub/magic/install/controller_manager/local/lib/python3.10/dist-packages/controller_manager-2.49.0-py3.10.egg-info
[30.881s] -- Installing: /home/emma/Documents/GitHub/magic/install/controller_manager/local/lib/python3.10/dist-packages/controller_manager-2.49.0-py3.10.egg-info/top_level.txt
[30.881s] -- Installing: /home/emma/Documents/GitHub/magic/install/controller_manager/local/lib/python3.10/dist-packages/controller_manager-2.49.0-py3.10.egg-info/PKG-INFO
[30.881s] -- Installing: /home/emma/Documents/GitHub/magic/install/controller_manager/local/lib/python3.10/dist-packages/controller_manager-2.49.0-py3.10.egg-info/SOURCES.txt
[30.881s] -- Installing: /home/emma/Documents/GitHub/magic/install/controller_manager/local/lib/python3.10/dist-packages/controller_manager-2.49.0-py3.10.egg-info/dependency_links.txt
[30.881s] -- Installing: /home/emma/Documents/GitHub/magic/install/controller_manager/local/lib/python3.10/dist-packages/controller_manager-2.49.0-py3.10.egg-info/entry_points.txt
[30.881s] -- Up-to-date: /home/emma/Documents/GitHub/magic/install/controller_manager/lib/controller_manager/
[30.881s] -- Installing: /home/emma/Documents/GitHub/magic/install/controller_manager/lib/controller_manager//unspawner
[30.881s] -- Installing: /home/emma/Documents/GitHub/magic/install/controller_manager/lib/controller_manager//spawner
[30.881s] -- Installing: /home/emma/Documents/GitHub/magic/install/controller_manager/lib/controller_manager//hardware_spawner
[30.881s] -- Installing: /home/emma/Documents/GitHub/magic/install/controller_manager/local/lib/python3.10/dist-packages/controller_manager
[30.881s] -- Installing: /home/emma/Documents/GitHub/magic/install/controller_manager/local/lib/python3.10/dist-packages/controller_manager/spawner.py
[30.881s] -- Installing: /home/emma/Documents/GitHub/magic/install/controller_manager/local/lib/python3.10/dist-packages/controller_manager/controller_manager_services.py
[30.881s] -- Installing: /home/emma/Documents/GitHub/magic/install/controller_manager/local/lib/python3.10/dist-packages/controller_manager/hardware_spawner.py
[30.881s] -- Installing: /home/emma/Documents/GitHub/magic/install/controller_manager/local/lib/python3.10/dist-packages/controller_manager/test_utils.py
[30.882s] -- Installing: /home/emma/Documents/GitHub/magic/install/controller_manager/local/lib/python3.10/dist-packages/controller_manager/unspawner.py
[30.882s] -- Installing: /home/emma/Documents/GitHub/magic/install/controller_manager/local/lib/python3.10/dist-packages/controller_manager/launch_utils.py
[30.882s] -- Installing: /home/emma/Documents/GitHub/magic/install/controller_manager/local/lib/python3.10/dist-packages/controller_manager/__init__.py
[30.909s] Listing '/home/emma/Documents/GitHub/magic/install/controller_manager/local/lib/python3.10/dist-packages/controller_manager'...
[30.909s] Compiling '/home/emma/Documents/GitHub/magic/install/controller_manager/local/lib/python3.10/dist-packages/controller_manager/__init__.py'...
[30.909s] Compiling '/home/emma/Documents/GitHub/magic/install/controller_manager/local/lib/python3.10/dist-packages/controller_manager/controller_manager_services.py'...
[30.909s] Compiling '/home/emma/Documents/GitHub/magic/install/controller_manager/local/lib/python3.10/dist-packages/controller_manager/hardware_spawner.py'...
[30.909s] Compiling '/home/emma/Documents/GitHub/magic/install/controller_manager/local/lib/python3.10/dist-packages/controller_manager/launch_utils.py'...
[30.909s] Compiling '/home/emma/Documents/GitHub/magic/install/controller_manager/local/lib/python3.10/dist-packages/controller_manager/spawner.py'...
[30.909s] Compiling '/home/emma/Documents/GitHub/magic/install/controller_manager/local/lib/python3.10/dist-packages/controller_manager/test_utils.py'...
[30.909s] Compiling '/home/emma/Documents/GitHub/magic/install/controller_manager/local/lib/python3.10/dist-packages/controller_manager/unspawner.py'...
[30.911s] -- Installing: /home/emma/Documents/GitHub/magic/install/controller_manager/share/controller_manager/environment/library_path.sh
[30.912s] -- Installing: /home/emma/Documents/GitHub/magic/install/controller_manager/share/controller_manager/environment/library_path.dsv
[30.912s] -- Installing: /home/emma/Documents/GitHub/magic/install/controller_manager/share/ament_index/resource_index/package_run_dependencies/controller_manager
[30.912s] -- Installing: /home/emma/Documents/GitHub/magic/install/controller_manager/share/ament_index/resource_index/parent_prefix_path/controller_manager
[30.912s] -- Installing: /home/emma/Documents/GitHub/magic/install/controller_manager/share/controller_manager/environment/ament_prefix_path.sh
[30.912s] -- Installing: /home/emma/Documents/GitHub/magic/install/controller_manager/share/controller_manager/environment/ament_prefix_path.dsv
[30.912s] -- Installing: /home/emma/Documents/GitHub/magic/install/controller_manager/share/controller_manager/environment/path.sh
[30.912s] -- Installing: /home/emma/Documents/GitHub/magic/install/controller_manager/share/controller_manager/environment/path.dsv
[30.912s] -- Installing: /home/emma/Documents/GitHub/magic/install/controller_manager/share/controller_manager/local_setup.bash
[30.912s] -- Installing: /home/emma/Documents/GitHub/magic/install/controller_manager/share/controller_manager/local_setup.sh
[30.912s] -- Installing: /home/emma/Documents/GitHub/magic/install/controller_manager/share/controller_manager/local_setup.zsh
[30.912s] -- Installing: /home/emma/Documents/GitHub/magic/install/controller_manager/share/controller_manager/local_setup.dsv
[30.912s] -- Installing: /home/emma/Documents/GitHub/magic/install/controller_manager/share/controller_manager/package.dsv
[30.912s] -- Installing: /home/emma/Documents/GitHub/magic/install/controller_manager/share/ament_index/resource_index/packages/controller_manager
[30.912s] -- Installing: /home/emma/Documents/GitHub/magic/install/controller_manager/share/ament_index/resource_index/controller_interface__pluginlib__plugin/controller_manager
[30.912s] -- Installing: /home/emma/Documents/GitHub/magic/install/controller_manager/share/controller_manager/cmake/ament_cmake_export_libraries-extras.cmake
[30.912s] -- Installing: /home/emma/Documents/GitHub/magic/install/controller_manager/share/controller_manager/cmake/ament_cmake_export_include_directories-extras.cmake
[30.912s] -- Installing: /home/emma/Documents/GitHub/magic/install/controller_manager/share/controller_manager/cmake/ament_cmake_export_dependencies-extras.cmake
[30.912s] -- Installing: /home/emma/Documents/GitHub/magic/install/controller_manager/share/controller_manager/cmake/controller_managerConfig.cmake
[30.912s] -- Installing: /home/emma/Documents/GitHub/magic/install/controller_manager/share/controller_manager/cmake/controller_managerConfig-version.cmake
[30.913s] -- Installing: /home/emma/Documents/GitHub/magic/install/controller_manager/share/controller_manager/package.xml
[30.913s] -- Installing: /home/emma/Documents/GitHub/magic/install/controller_manager/include/controller_manager/controller_manager/version.h
[30.915s] Invoked command in '/home/emma/Documents/GitHub/magic/build/controller_manager' returned '0': AMENT_PREFIX_PATH=/home/emma/Documents/GitHub/magic/install/hardware_interface_testing:/home/emma/Documents/GitHub/magic/install/controller_interface:/home/emma/Documents/GitHub/magic/install/hardware_interface:/home/emma/Documents/GitHub/magic/install/ros2_control_test_assets:/home/emma/Documents/GitHub/magic/install/realtime_tools:/home/emma/Documents/GitHub/magic/install/controller_manager_msgs:/home/emma/Documents/GitHub/magic/install/control_msgs:${AMENT_PREFIX_PATH} CMAKE_PREFIX_PATH=/home/emma/Documents/GitHub/magic/install/hardware_interface_testing:/home/emma/Documents/GitHub/magic/install/controller_interface:/home/emma/Documents/GitHub/magic/install/hardware_interface:/home/emma/Documents/GitHub/magic/install/ros2_control_test_assets:/home/emma/Documents/GitHub/magic/install/realtime_tools:/home/emma/Documents/GitHub/magic/install/controller_manager_msgs:/home/emma/Documents/GitHub/magic/install/control_msgs:/home/emma/Documents/GitHub/install/two_arm_moveit2_config:/home/emma/Documents/GitHub/install/kortex_bringup:/home/emma/Documents/GitHub/install/kinova_gen3_lite_moveit_config:/home/emma/Documents/GitHub/install/kinova_gen3_7dof_robotiq_2f_85_moveit_config:/home/emma/Documents/GitHub/install/kinova_gen3_6dof_robotiq_2f_85_moveit_config:/home/emma/Documents/GitHub/install/kortex_description:/home/emma/Documents/GitHub/install/robotiq_description:/home/emma/Documents/GitHub/install/ros2_controllers:/home/emma/Documents/GitHub/install/velocity_controllers:/home/emma/Documents/GitHub/install/tricycle_steering_controller:/home/emma/Documents/GitHub/install/tricycle_controller:/home/emma/Documents/GitHub/install/ros2_control:/home/emma/Documents/GitHub/install/transmission_interface:/home/emma/Documents/GitHub/install/bicycle_steering_controller:/home/emma/Documents/GitHub/install/ackermann_steering_controller:/home/emma/Documents/GitHub/install/steering_controllers_library:/home/emma/Documents/GitHub/install/robotiq_hardware_tests:/home/emma/Documents/GitHub/install/robotiq_driver:/home/emma/Documents/GitHub/install/serial:/home/emma/Documents/GitHub/install/hardware_interface_testing:/home/emma/Documents/GitHub/install/controller_manager:/home/emma/Documents/GitHub/install/ros2_control_test_assets:/home/emma/Documents/GitHub/install/robotiq_controllers:/home/emma/Documents/GitHub/install/range_sensor_broadcaster:/home/emma/Documents/GitHub/install/position_controllers:/home/emma/Documents/GitHub/install/pose_broadcaster:/home/emma/Documents/GitHub/install/pid_controller:/home/emma/Documents/GitHub/install/picknik_twist_controller:/home/emma/Documents/GitHub/install/picknik_reset_fault_controller:/home/emma/Documents/GitHub/install/mecanum_drive_controller:/home/emma/Documents/GitHub/install/joint_trajectory_controller:/home/emma/Documents/GitHub/install/joint_state_broadcaster:/home/emma/Documents/GitHub/install/imu_sensor_broadcaster:/home/emma/Documents/GitHub/install/gripper_controllers:/home/emma/Documents/GitHub/install/gpio_controllers:/home/emma/Documents/GitHub/install/effort_controllers:/home/emma/Documents/GitHub/install/forward_command_controller:/home/emma/Documents/GitHub/install/force_torque_sensor_broadcaster:/home/emma/Documents/GitHub/install/diff_drive_controller:/home/emma/Documents/GitHub/install/admittance_controller:/home/emma/Documents/GitHub/install/realtime_tools:/home/emma/Documents/GitHub/install/moveit_go:/home/emma/Documents/GitHub/install/kortex_driver:/home/emma/Documents/GitHub/install/kortex_api:/home/emma/Documents/GitHub/install/joint_limits:/home/emma/Documents/GitHub/install/controller_interface:/home/emma/Documents/GitHub/install/hardware_interface:/home/emma/Documents/GitHub/install/controller_manager_msgs:/home/emma/Documents/GitHub/install/control_msgs:/home/emma/Documents/GitHub/install/rqt_joint_trajectory_controller:/home/emma/Documents/GitHub/install/rqt_controller_manager:/home/emma/Documents/GitHub/install/ros2controlcli:/home/emma/Documents/GitHub/install/ros2_controllers_test_nodes:/home/emma/Documents/GitHub/install/mujoco_ros2:/home/emma/Documents/GitHub/install/control:/opt/ros/humble CONDA_PROMPT_MODIFIER=(base) LD_LIBRARY_PATH=/home/emma/Documents/GitHub/magic/install/hardware_interface_testing/lib:/home/emma/Documents/GitHub/magic/install/controller_interface/lib:/home/emma/Documents/GitHub/magic/install/hardware_interface/lib:/home/emma/Documents/GitHub/magic/install/realtime_tools/lib:/home/emma/Documents/GitHub/magic/install/controller_manager_msgs/lib:/home/emma/Documents/GitHub/magic/install/control_msgs/lib:${LD_LIBRARY_PATH} PYTHONPATH=/home/emma/Documents/GitHub/magic/install/controller_manager_msgs/local/lib/python3.10/dist-packages:/home/emma/Documents/GitHub/magic/install/control_msgs/local/lib/python3.10/dist-packages:${PYTHONPATH} /usr/bin/cmake --install /home/emma/Documents/GitHub/magic/build/controller_manager
