/home/emma/Documents/GitHub/magic/install/mujoco_ros2/lib/python3.10/site-packages/mujoco_ros2/moveit_pose.py
/home/emma/Documents/GitHub/magic/install/mujoco_ros2/lib/python3.10/site-packages/mujoco_ros2/mujoco_node_moveit.py
/home/emma/Documents/GitHub/magic/install/mujoco_ros2/lib/python3.10/site-packages/mujoco_ros2/temp2.py
/home/emma/Documents/GitHub/magic/install/mujoco_ros2/lib/python3.10/site-packages/mujoco_ros2/mujoco_node.py
/home/emma/Documents/GitHub/magic/install/mujoco_ros2/lib/python3.10/site-packages/mujoco_ros2/__init__.py
/home/emma/Documents/GitHub/magic/install/mujoco_ros2/lib/python3.10/site-packages/mujoco_ros2/temp.py
/home/emma/Documents/GitHub/magic/install/mujoco_ros2/lib/python3.10/site-packages/mujoco_ros2/__pycache__/moveit_pose.cpython-310.pyc
/home/emma/Documents/GitHub/magic/install/mujoco_ros2/lib/python3.10/site-packages/mujoco_ros2/__pycache__/mujoco_node_moveit.cpython-310.pyc
/home/emma/Documents/GitHub/magic/install/mujoco_ros2/lib/python3.10/site-packages/mujoco_ros2/__pycache__/temp2.cpython-310.pyc
/home/emma/Documents/GitHub/magic/install/mujoco_ros2/lib/python3.10/site-packages/mujoco_ros2/__pycache__/mujoco_node.cpython-310.pyc
/home/emma/Documents/GitHub/magic/install/mujoco_ros2/lib/python3.10/site-packages/mujoco_ros2/__pycache__/__init__.cpython-310.pyc
/home/emma/Documents/GitHub/magic/install/mujoco_ros2/lib/python3.10/site-packages/mujoco_ros2/__pycache__/temp.cpython-310.pyc
/home/emma/Documents/GitHub/magic/install/mujoco_ros2/share/mujoco_ros2/package.xml
/home/emma/Documents/GitHub/magic/install/mujoco_ros2/share/mujoco_ros2/launch/mujoco_launch.py
/home/emma/Documents/GitHub/magic/install/mujoco_ros2/lib/python3.10/site-packages/mujoco_ros2-0.0.0-py3.10.egg-info/top_level.txt
/home/emma/Documents/GitHub/magic/install/mujoco_ros2/lib/python3.10/site-packages/mujoco_ros2-0.0.0-py3.10.egg-info/zip-safe
/home/emma/Documents/GitHub/magic/install/mujoco_ros2/lib/python3.10/site-packages/mujoco_ros2-0.0.0-py3.10.egg-info/requires.txt
/home/emma/Documents/GitHub/magic/install/mujoco_ros2/lib/python3.10/site-packages/mujoco_ros2-0.0.0-py3.10.egg-info/PKG-INFO
/home/emma/Documents/GitHub/magic/install/mujoco_ros2/lib/python3.10/site-packages/mujoco_ros2-0.0.0-py3.10.egg-info/SOURCES.txt
/home/emma/Documents/GitHub/magic/install/mujoco_ros2/lib/python3.10/site-packages/mujoco_ros2-0.0.0-py3.10.egg-info/dependency_links.txt
/home/emma/Documents/GitHub/magic/install/mujoco_ros2/lib/python3.10/site-packages/mujoco_ros2-0.0.0-py3.10.egg-info/entry_points.txt
/home/emma/Documents/GitHub/magic/install/mujoco_ros2/lib/mujoco_ros2/moveit_pose
/home/emma/Documents/GitHub/magic/install/mujoco_ros2/lib/mujoco_ros2/mujoco_node
