[0.068s] Invoking command in '/home/emma/Documents/GitHub/magic/build/serial': CMAKE_PREFIX_PATH=${CMAKE_PREFIX_PATH}:/home/emma/Documents/GitHub/magic/install/rqt_joint_trajectory_controller:/home/emma/Documents/GitHub/magic/install/rqt_controller_manager:/home/emma/Documents/GitHub/magic/install/ros2controlcli:/home/emma/Documents/GitHub/magic/install/ros2_controllers_test_nodes:/home/emma/Documents/GitHub/magic/install/control:/home/emma/Documents/GitHub/install/rqt_joint_trajectory_controller:/home/emma/Documents/GitHub/install/rqt_controller_manager:/home/emma/Documents/GitHub/install/ros2controlcli:/home/emma/Documents/GitHub/install/ros2_controllers_test_nodes:/home/emma/Documents/GitHub/install/mujoco_ros2:/home/emma/Documents/GitHub/install/control:/opt/ros/humble CONDA_PROMPT_MODIFIER=(base) /usr/bin/cmake --build /home/emma/Documents/GitHub/magic/build/serial -- -j20 -l20
[0.446s] [35m[1mConsolidate compiler generated dependencies of target serial[0m
[0.446s] [100%] Built target serial
[0.467s] Invoked command in '/home/emma/Documents/GitHub/magic/build/serial' returned '0': CMAKE_PREFIX_PATH=${CMAKE_PREFIX_PATH}:/home/emma/Documents/GitHub/magic/install/rqt_joint_trajectory_controller:/home/emma/Documents/GitHub/magic/install/rqt_controller_manager:/home/emma/Documents/GitHub/magic/install/ros2controlcli:/home/emma/Documents/GitHub/magic/install/ros2_controllers_test_nodes:/home/emma/Documents/GitHub/magic/install/control:/home/emma/Documents/GitHub/install/rqt_joint_trajectory_controller:/home/emma/Documents/GitHub/install/rqt_controller_manager:/home/emma/Documents/GitHub/install/ros2controlcli:/home/emma/Documents/GitHub/install/ros2_controllers_test_nodes:/home/emma/Documents/GitHub/install/mujoco_ros2:/home/emma/Documents/GitHub/install/control:/opt/ros/humble CONDA_PROMPT_MODIFIER=(base) /usr/bin/cmake --build /home/emma/Documents/GitHub/magic/build/serial -- -j20 -l20
[0.469s] Invoking command in '/home/emma/Documents/GitHub/magic/build/serial': CMAKE_PREFIX_PATH=${CMAKE_PREFIX_PATH}:/home/emma/Documents/GitHub/magic/install/rqt_joint_trajectory_controller:/home/emma/Documents/GitHub/magic/install/rqt_controller_manager:/home/emma/Documents/GitHub/magic/install/ros2controlcli:/home/emma/Documents/GitHub/magic/install/ros2_controllers_test_nodes:/home/emma/Documents/GitHub/magic/install/control:/home/emma/Documents/GitHub/install/rqt_joint_trajectory_controller:/home/emma/Documents/GitHub/install/rqt_controller_manager:/home/emma/Documents/GitHub/install/ros2controlcli:/home/emma/Documents/GitHub/install/ros2_controllers_test_nodes:/home/emma/Documents/GitHub/install/mujoco_ros2:/home/emma/Documents/GitHub/install/control:/opt/ros/humble CONDA_PROMPT_MODIFIER=(base) /usr/bin/cmake --install /home/emma/Documents/GitHub/magic/build/serial
[0.749s] -- Install configuration: ""
[0.749s] -- Up-to-date: /home/emma/Documents/GitHub/magic/install/serial/lib/libserial.a
[0.749s] -- Up-to-date: /home/emma/Documents/GitHub/magic/install/serial/include
[0.749s] -- Up-to-date: /home/emma/Documents/GitHub/magic/install/serial/include/serial
[0.749s] -- Up-to-date: /home/emma/Documents/GitHub/magic/install/serial/include/serial/serial.h
[0.749s] -- Up-to-date: /home/emma/Documents/GitHub/magic/install/serial/include/serial/v8stdint.h
[0.749s] -- Up-to-date: /home/emma/Documents/GitHub/magic/install/serial/include/serial/impl
[0.749s] -- Up-to-date: /home/emma/Documents/GitHub/magic/install/serial/include/serial/impl/win.h
[0.749s] -- Up-to-date: /home/emma/Documents/GitHub/magic/install/serial/include/serial/impl/unix.h
[0.749s] -- Up-to-date: /home/emma/Documents/GitHub/magic/install/serial/share/serial/environment/library_path.sh
[0.749s] -- Up-to-date: /home/emma/Documents/GitHub/magic/install/serial/share/serial/environment/library_path.dsv
[0.749s] -- Up-to-date: /home/emma/Documents/GitHub/magic/install/serial/share/ament_index/resource_index/package_run_dependencies/serial
[0.749s] -- Up-to-date: /home/emma/Documents/GitHub/magic/install/serial/share/ament_index/resource_index/parent_prefix_path/serial
[0.750s] -- Up-to-date: /home/emma/Documents/GitHub/magic/install/serial/share/serial/environment/ament_prefix_path.sh
[0.750s] -- Up-to-date: /home/emma/Documents/GitHub/magic/install/serial/share/serial/environment/ament_prefix_path.dsv
[0.750s] -- Up-to-date: /home/emma/Documents/GitHub/magic/install/serial/share/serial/environment/path.sh
[0.750s] -- Up-to-date: /home/emma/Documents/GitHub/magic/install/serial/share/serial/environment/path.dsv
[0.750s] -- Up-to-date: /home/emma/Documents/GitHub/magic/install/serial/share/serial/local_setup.bash
[0.750s] -- Up-to-date: /home/emma/Documents/GitHub/magic/install/serial/share/serial/local_setup.sh
[0.750s] -- Up-to-date: /home/emma/Documents/GitHub/magic/install/serial/share/serial/local_setup.zsh
[0.750s] -- Up-to-date: /home/emma/Documents/GitHub/magic/install/serial/share/serial/local_setup.dsv
[0.750s] -- Up-to-date: /home/emma/Documents/GitHub/magic/install/serial/share/serial/package.dsv
[0.750s] -- Up-to-date: /home/emma/Documents/GitHub/magic/install/serial/share/ament_index/resource_index/packages/serial
[0.750s] -- Up-to-date: /home/emma/Documents/GitHub/magic/install/serial/share/serial/cmake/export_serialExport.cmake
[0.750s] -- Up-to-date: /home/emma/Documents/GitHub/magic/install/serial/share/serial/cmake/export_serialExport-noconfig.cmake
[0.750s] -- Up-to-date: /home/emma/Documents/GitHub/magic/install/serial/share/serial/cmake/ament_cmake_export_include_directories-extras.cmake
[0.750s] -- Up-to-date: /home/emma/Documents/GitHub/magic/install/serial/share/serial/cmake/ament_cmake_export_libraries-extras.cmake
[0.750s] -- Up-to-date: /home/emma/Documents/GitHub/magic/install/serial/share/serial/cmake/ament_cmake_export_targets-extras.cmake
[0.750s] -- Up-to-date: /home/emma/Documents/GitHub/magic/install/serial/share/serial/cmake/serialConfig.cmake
[0.750s] -- Up-to-date: /home/emma/Documents/GitHub/magic/install/serial/share/serial/cmake/serialConfig-version.cmake
[0.750s] -- Up-to-date: /home/emma/Documents/GitHub/magic/install/serial/share/serial/package.xml
[0.761s] Invoked command in '/home/emma/Documents/GitHub/magic/build/serial' returned '0': CMAKE_PREFIX_PATH=${CMAKE_PREFIX_PATH}:/home/emma/Documents/GitHub/magic/install/rqt_joint_trajectory_controller:/home/emma/Documents/GitHub/magic/install/rqt_controller_manager:/home/emma/Documents/GitHub/magic/install/ros2controlcli:/home/emma/Documents/GitHub/magic/install/ros2_controllers_test_nodes:/home/emma/Documents/GitHub/magic/install/control:/home/emma/Documents/GitHub/install/rqt_joint_trajectory_controller:/home/emma/Documents/GitHub/install/rqt_controller_manager:/home/emma/Documents/GitHub/install/ros2controlcli:/home/emma/Documents/GitHub/install/ros2_controllers_test_nodes:/home/emma/Documents/GitHub/install/mujoco_ros2:/home/emma/Documents/GitHub/install/control:/opt/ros/humble CONDA_PROMPT_MODIFIER=(base) /usr/bin/cmake --install /home/emma/Documents/GitHub/magic/build/serial
