[0.536s] Invoking command in '/home/megan/magic/ros2_ws/src/ros2_control/ros2controlcli': AMENT_PREFIX_PATH=/home/megan/magic/ros2_ws/install/controller_manager:/home/megan/magic/ros2_ws/install/hardware_interface_testing:/home/megan/magic/ros2_ws/install/controller_interface:/home/megan/magic/ros2_ws/install/hardware_interface:/home/megan/magic/ros2_ws/install/ros2_control_test_assets:/home/megan/magic/ros2_ws/install/controller_manager_msgs:/home/megan/magic/ros2_ws/install/control_msgs:${AMENT_PREFIX_PATH} CMAKE_PREFIX_PATH=/home/megan/magic/ros2_ws/install/controller_manager:/home/megan/magic/ros2_ws/install/hardware_interface_testing:/home/megan/magic/ros2_ws/install/controller_interface:/home/megan/magic/ros2_ws/install/hardware_interface:/home/megan/magic/ros2_ws/install/ros2_control_test_assets:/home/megan/magic/ros2_ws/install/controller_manager_msgs:/home/megan/magic/ros2_ws/install/control_msgs LD_LIBRARY_PATH=/home/megan/magic/ros2_ws/install/controller_manager/lib:/home/megan/magic/ros2_ws/install/hardware_interface_testing/lib:/home/megan/magic/ros2_ws/install/controller_interface/lib:/home/megan/magic/ros2_ws/install/hardware_interface/lib:/home/megan/magic/ros2_ws/install/controller_manager_msgs/lib:/home/megan/magic/ros2_ws/install/control_msgs/lib:${LD_LIBRARY_PATH} PYTHONPATH=/home/megan/magic/ros2_ws/build/ros2controlcli/prefix_override:/usr/lib/python3/dist-packages/colcon_core/task/python/colcon_distutils_commands:/home/megan/magic/ros2_ws/install/ros2controlcli/lib/python3.10/site-packages:/home/megan/magic/ros2_ws/install/controller_manager/lib/python3.10/site-packages:/home/megan/magic/ros2_ws/install/controller_manager_msgs/lib/python3.10/site-packages:/home/megan/magic/ros2_ws/install/control_msgs/lib/python3.10/site-packages:${PYTHONPATH} VIRTUAL_ENV_PROMPT=(magic) /usr/bin/python3 -W ignore:setup.py install is deprecated -W ignore:easy_install command is deprecated setup.py egg_info --egg-base ../../../build/ros2controlcli build --build-base /home/megan/magic/ros2_ws/build/ros2controlcli/build install --record /home/megan/magic/ros2_ws/build/ros2controlcli/install.log --single-version-externally-managed install_data
[0.704s] running egg_info
[0.704s] creating ../../../build/ros2controlcli/ros2controlcli.egg-info
[0.704s] writing ../../../build/ros2controlcli/ros2controlcli.egg-info/PKG-INFO
[0.704s] writing dependency_links to ../../../build/ros2controlcli/ros2controlcli.egg-info/dependency_links.txt
[0.704s] writing entry points to ../../../build/ros2controlcli/ros2controlcli.egg-info/entry_points.txt
[0.704s] writing requirements to ../../../build/ros2controlcli/ros2controlcli.egg-info/requires.txt
[0.705s] writing top-level names to ../../../build/ros2controlcli/ros2controlcli.egg-info/top_level.txt
[0.705s] writing manifest file '../../../build/ros2controlcli/ros2controlcli.egg-info/SOURCES.txt'
[0.706s] reading manifest file '../../../build/ros2controlcli/ros2controlcli.egg-info/SOURCES.txt'
[0.707s] writing manifest file '../../../build/ros2controlcli/ros2controlcli.egg-info/SOURCES.txt'
[0.707s] running build
[0.707s] running build_py
[0.707s] creating /home/megan/magic/ros2_ws/build/ros2controlcli/build
[0.707s] creating /home/megan/magic/ros2_ws/build/ros2controlcli/build/lib
[0.707s] creating /home/megan/magic/ros2_ws/build/ros2controlcli/build/lib/ros2controlcli
[0.707s] copying ros2controlcli/__init__.py -> /home/megan/magic/ros2_ws/build/ros2controlcli/build/lib/ros2controlcli
[0.707s] creating /home/megan/magic/ros2_ws/build/ros2controlcli/build/lib/ros2controlcli/api
[0.707s] copying ros2controlcli/api/__init__.py -> /home/megan/magic/ros2_ws/build/ros2controlcli/build/lib/ros2controlcli/api
[0.707s] creating /home/megan/magic/ros2_ws/build/ros2controlcli/build/lib/ros2controlcli/command
[0.707s] copying ros2controlcli/command/__init__.py -> /home/megan/magic/ros2_ws/build/ros2controlcli/build/lib/ros2controlcli/command
[0.707s] copying ros2controlcli/command/control.py -> /home/megan/magic/ros2_ws/build/ros2controlcli/build/lib/ros2controlcli/command
[0.707s] creating /home/megan/magic/ros2_ws/build/ros2controlcli/build/lib/ros2controlcli/verb
[0.707s] copying ros2controlcli/verb/__init__.py -> /home/megan/magic/ros2_ws/build/ros2controlcli/build/lib/ros2controlcli/verb
[0.707s] copying ros2controlcli/verb/load_controller.py -> /home/megan/magic/ros2_ws/build/ros2controlcli/build/lib/ros2controlcli/verb
[0.707s] copying ros2controlcli/verb/list_hardware_components.py -> /home/megan/magic/ros2_ws/build/ros2controlcli/build/lib/ros2controlcli/verb
[0.707s] copying ros2controlcli/verb/list_hardware_interfaces.py -> /home/megan/magic/ros2_ws/build/ros2controlcli/build/lib/ros2controlcli/verb
[0.707s] copying ros2controlcli/verb/set_hardware_component_state.py -> /home/megan/magic/ros2_ws/build/ros2controlcli/build/lib/ros2controlcli/verb
[0.707s] copying ros2controlcli/verb/unload_controller.py -> /home/megan/magic/ros2_ws/build/ros2controlcli/build/lib/ros2controlcli/verb
[0.707s] copying ros2controlcli/verb/reload_controller_libraries.py -> /home/megan/magic/ros2_ws/build/ros2controlcli/build/lib/ros2controlcli/verb
[0.707s] copying ros2controlcli/verb/switch_controllers.py -> /home/megan/magic/ros2_ws/build/ros2controlcli/build/lib/ros2controlcli/verb
[0.707s] copying ros2controlcli/verb/view_controller_chains.py -> /home/megan/magic/ros2_ws/build/ros2controlcli/build/lib/ros2controlcli/verb
[0.707s] copying ros2controlcli/verb/set_controller_state.py -> /home/megan/magic/ros2_ws/build/ros2controlcli/build/lib/ros2controlcli/verb
[0.708s] copying ros2controlcli/verb/list_controller_types.py -> /home/megan/magic/ros2_ws/build/ros2controlcli/build/lib/ros2controlcli/verb
[0.708s] copying ros2controlcli/verb/list_controllers.py -> /home/megan/magic/ros2_ws/build/ros2controlcli/build/lib/ros2controlcli/verb
[0.708s] running install
[0.708s] running install_lib
[0.709s] creating /home/megan/magic/ros2_ws/install/ros2controlcli/lib/python3.10/site-packages/ros2controlcli
[0.709s] copying /home/megan/magic/ros2_ws/build/ros2controlcli/build/lib/ros2controlcli/__init__.py -> /home/megan/magic/ros2_ws/install/ros2controlcli/lib/python3.10/site-packages/ros2controlcli
[0.709s] creating /home/megan/magic/ros2_ws/install/ros2controlcli/lib/python3.10/site-packages/ros2controlcli/api
[0.709s] copying /home/megan/magic/ros2_ws/build/ros2controlcli/build/lib/ros2controlcli/api/__init__.py -> /home/megan/magic/ros2_ws/install/ros2controlcli/lib/python3.10/site-packages/ros2controlcli/api
[0.709s] creating /home/megan/magic/ros2_ws/install/ros2controlcli/lib/python3.10/site-packages/ros2controlcli/command
[0.709s] copying /home/megan/magic/ros2_ws/build/ros2controlcli/build/lib/ros2controlcli/command/__init__.py -> /home/megan/magic/ros2_ws/install/ros2controlcli/lib/python3.10/site-packages/ros2controlcli/command
[0.709s] copying /home/megan/magic/ros2_ws/build/ros2controlcli/build/lib/ros2controlcli/command/control.py -> /home/megan/magic/ros2_ws/install/ros2controlcli/lib/python3.10/site-packages/ros2controlcli/command
[0.709s] creating /home/megan/magic/ros2_ws/install/ros2controlcli/lib/python3.10/site-packages/ros2controlcli/verb
[0.709s] copying /home/megan/magic/ros2_ws/build/ros2controlcli/build/lib/ros2controlcli/verb/__init__.py -> /home/megan/magic/ros2_ws/install/ros2controlcli/lib/python3.10/site-packages/ros2controlcli/verb
[0.709s] copying /home/megan/magic/ros2_ws/build/ros2controlcli/build/lib/ros2controlcli/verb/load_controller.py -> /home/megan/magic/ros2_ws/install/ros2controlcli/lib/python3.10/site-packages/ros2controlcli/verb
[0.709s] copying /home/megan/magic/ros2_ws/build/ros2controlcli/build/lib/ros2controlcli/verb/list_hardware_components.py -> /home/megan/magic/ros2_ws/install/ros2controlcli/lib/python3.10/site-packages/ros2controlcli/verb
[0.709s] copying /home/megan/magic/ros2_ws/build/ros2controlcli/build/lib/ros2controlcli/verb/list_hardware_interfaces.py -> /home/megan/magic/ros2_ws/install/ros2controlcli/lib/python3.10/site-packages/ros2controlcli/verb
[0.709s] copying /home/megan/magic/ros2_ws/build/ros2controlcli/build/lib/ros2controlcli/verb/set_hardware_component_state.py -> /home/megan/magic/ros2_ws/install/ros2controlcli/lib/python3.10/site-packages/ros2controlcli/verb
[0.709s] copying /home/megan/magic/ros2_ws/build/ros2controlcli/build/lib/ros2controlcli/verb/unload_controller.py -> /home/megan/magic/ros2_ws/install/ros2controlcli/lib/python3.10/site-packages/ros2controlcli/verb
[0.709s] copying /home/megan/magic/ros2_ws/build/ros2controlcli/build/lib/ros2controlcli/verb/reload_controller_libraries.py -> /home/megan/magic/ros2_ws/install/ros2controlcli/lib/python3.10/site-packages/ros2controlcli/verb
[0.709s] copying /home/megan/magic/ros2_ws/build/ros2controlcli/build/lib/ros2controlcli/verb/switch_controllers.py -> /home/megan/magic/ros2_ws/install/ros2controlcli/lib/python3.10/site-packages/ros2controlcli/verb
[0.709s] copying /home/megan/magic/ros2_ws/build/ros2controlcli/build/lib/ros2controlcli/verb/view_controller_chains.py -> /home/megan/magic/ros2_ws/install/ros2controlcli/lib/python3.10/site-packages/ros2controlcli/verb
[0.709s] copying /home/megan/magic/ros2_ws/build/ros2controlcli/build/lib/ros2controlcli/verb/set_controller_state.py -> /home/megan/magic/ros2_ws/install/ros2controlcli/lib/python3.10/site-packages/ros2controlcli/verb
[0.709s] copying /home/megan/magic/ros2_ws/build/ros2controlcli/build/lib/ros2controlcli/verb/list_controller_types.py -> /home/megan/magic/ros2_ws/install/ros2controlcli/lib/python3.10/site-packages/ros2controlcli/verb
[0.709s] copying /home/megan/magic/ros2_ws/build/ros2controlcli/build/lib/ros2controlcli/verb/list_controllers.py -> /home/megan/magic/ros2_ws/install/ros2controlcli/lib/python3.10/site-packages/ros2controlcli/verb
[0.710s] byte-compiling /home/megan/magic/ros2_ws/install/ros2controlcli/lib/python3.10/site-packages/ros2controlcli/__init__.py to __init__.cpython-310.pyc
[0.710s] byte-compiling /home/megan/magic/ros2_ws/install/ros2controlcli/lib/python3.10/site-packages/ros2controlcli/api/__init__.py to __init__.cpython-310.pyc
[0.710s] byte-compiling /home/megan/magic/ros2_ws/install/ros2controlcli/lib/python3.10/site-packages/ros2controlcli/command/__init__.py to __init__.cpython-310.pyc
[0.710s] byte-compiling /home/megan/magic/ros2_ws/install/ros2controlcli/lib/python3.10/site-packages/ros2controlcli/command/control.py to control.cpython-310.pyc
[0.711s] byte-compiling /home/megan/magic/ros2_ws/install/ros2controlcli/lib/python3.10/site-packages/ros2controlcli/verb/__init__.py to __init__.cpython-310.pyc
[0.711s] byte-compiling /home/megan/magic/ros2_ws/install/ros2controlcli/lib/python3.10/site-packages/ros2controlcli/verb/load_controller.py to load_controller.cpython-310.pyc
[0.711s] byte-compiling /home/megan/magic/ros2_ws/install/ros2controlcli/lib/python3.10/site-packages/ros2controlcli/verb/list_hardware_components.py to list_hardware_components.cpython-310.pyc
[0.712s] byte-compiling /home/megan/magic/ros2_ws/install/ros2controlcli/lib/python3.10/site-packages/ros2controlcli/verb/list_hardware_interfaces.py to list_hardware_interfaces.cpython-310.pyc
[0.712s] byte-compiling /home/megan/magic/ros2_ws/install/ros2controlcli/lib/python3.10/site-packages/ros2controlcli/verb/set_hardware_component_state.py to set_hardware_component_state.cpython-310.pyc
[0.712s] byte-compiling /home/megan/magic/ros2_ws/install/ros2controlcli/lib/python3.10/site-packages/ros2controlcli/verb/unload_controller.py to unload_controller.cpython-310.pyc
[0.712s] byte-compiling /home/megan/magic/ros2_ws/install/ros2controlcli/lib/python3.10/site-packages/ros2controlcli/verb/reload_controller_libraries.py to reload_controller_libraries.cpython-310.pyc
[0.712s] byte-compiling /home/megan/magic/ros2_ws/install/ros2controlcli/lib/python3.10/site-packages/ros2controlcli/verb/switch_controllers.py to switch_controllers.cpython-310.pyc
[0.713s] byte-compiling /home/megan/magic/ros2_ws/install/ros2controlcli/lib/python3.10/site-packages/ros2controlcli/verb/view_controller_chains.py to view_controller_chains.cpython-310.pyc
[0.714s] byte-compiling /home/megan/magic/ros2_ws/install/ros2controlcli/lib/python3.10/site-packages/ros2controlcli/verb/set_controller_state.py to set_controller_state.cpython-310.pyc
[0.714s] byte-compiling /home/megan/magic/ros2_ws/install/ros2controlcli/lib/python3.10/site-packages/ros2controlcli/verb/list_controller_types.py to list_controller_types.cpython-310.pyc
[0.714s] byte-compiling /home/megan/magic/ros2_ws/install/ros2controlcli/lib/python3.10/site-packages/ros2controlcli/verb/list_controllers.py to list_controllers.cpython-310.pyc
[0.715s] running install_data
[0.715s] copying package.xml -> /home/megan/magic/ros2_ws/install/ros2controlcli/share/ros2controlcli
[0.715s] creating /home/megan/magic/ros2_ws/install/ros2controlcli/share/ament_index
[0.715s] creating /home/megan/magic/ros2_ws/install/ros2controlcli/share/ament_index/resource_index
[0.715s] creating /home/megan/magic/ros2_ws/install/ros2controlcli/share/ament_index/resource_index/packages
[0.715s] copying resource/ros2controlcli -> /home/megan/magic/ros2_ws/install/ros2controlcli/share/ament_index/resource_index/packages
[0.715s] running install_egg_info
[0.716s] Copying ../../../build/ros2controlcli/ros2controlcli.egg-info to /home/megan/magic/ros2_ws/install/ros2controlcli/lib/python3.10/site-packages/ros2controlcli-2.48.0-py3.10.egg-info
[0.717s] running install_scripts
[0.731s] writing list of installed files to '/home/megan/magic/ros2_ws/build/ros2controlcli/install.log'
[0.746s] Invoked command in '/home/megan/magic/ros2_ws/src/ros2_control/ros2controlcli' returned '0': AMENT_PREFIX_PATH=/home/megan/magic/ros2_ws/install/controller_manager:/home/megan/magic/ros2_ws/install/hardware_interface_testing:/home/megan/magic/ros2_ws/install/controller_interface:/home/megan/magic/ros2_ws/install/hardware_interface:/home/megan/magic/ros2_ws/install/ros2_control_test_assets:/home/megan/magic/ros2_ws/install/controller_manager_msgs:/home/megan/magic/ros2_ws/install/control_msgs:${AMENT_PREFIX_PATH} CMAKE_PREFIX_PATH=/home/megan/magic/ros2_ws/install/controller_manager:/home/megan/magic/ros2_ws/install/hardware_interface_testing:/home/megan/magic/ros2_ws/install/controller_interface:/home/megan/magic/ros2_ws/install/hardware_interface:/home/megan/magic/ros2_ws/install/ros2_control_test_assets:/home/megan/magic/ros2_ws/install/controller_manager_msgs:/home/megan/magic/ros2_ws/install/control_msgs LD_LIBRARY_PATH=/home/megan/magic/ros2_ws/install/controller_manager/lib:/home/megan/magic/ros2_ws/install/hardware_interface_testing/lib:/home/megan/magic/ros2_ws/install/controller_interface/lib:/home/megan/magic/ros2_ws/install/hardware_interface/lib:/home/megan/magic/ros2_ws/install/controller_manager_msgs/lib:/home/megan/magic/ros2_ws/install/control_msgs/lib:${LD_LIBRARY_PATH} PYTHONPATH=/home/megan/magic/ros2_ws/build/ros2controlcli/prefix_override:/usr/lib/python3/dist-packages/colcon_core/task/python/colcon_distutils_commands:/home/megan/magic/ros2_ws/install/ros2controlcli/lib/python3.10/site-packages:/home/megan/magic/ros2_ws/install/controller_manager/lib/python3.10/site-packages:/home/megan/magic/ros2_ws/install/controller_manager_msgs/lib/python3.10/site-packages:/home/megan/magic/ros2_ws/install/control_msgs/lib/python3.10/site-packages:${PYTHONPATH} VIRTUAL_ENV_PROMPT=(magic) /usr/bin/python3 -W ignore:setup.py install is deprecated -W ignore:easy_install command is deprecated setup.py egg_info --egg-base ../../../build/ros2controlcli build --build-base /home/megan/magic/ros2_ws/build/ros2controlcli/build install --record /home/megan/magic/ros2_ws/build/ros2controlcli/install.log --single-version-externally-managed install_data
